/home/rtos/dev_ws/install/lkas4/lib/python3.8/site-packages/lkas4/__init__.py
/home/rtos/dev_ws/install/lkas4/lib/python3.8/site-packages/lkas4/default_build_unit_exec.py
/home/rtos/dev_ws/install/lkas4/lib/python3.8/site-packages/lkas4/splash/__init__.py
/home/rtos/dev_ws/install/lkas4/lib/python3.8/site-packages/lkas4/splash/component/source_angle_z.py
/home/rtos/dev_ws/install/lkas4/lib/python3.8/site-packages/lkas4/splash/component/processing_accel.py
/home/rtos/dev_ws/install/lkas4/lib/python3.8/site-packages/lkas4/splash/component/__init__.py
/home/rtos/dev_ws/install/lkas4/lib/python3.8/site-packages/lkas4/splash/component/source_linear_x.py
/home/rtos/dev_ws/install/lkas4/lib/python3.8/site-packages/lkas4/splash/component/sink_steering.py
/home/rtos/dev_ws/install/lkas4/lib/python3.8/site-packages/lkas4/splash/component/source_distance_mid.py
/home/rtos/dev_ws/install/lkas4/lib/python3.8/site-packages/lkas4/splash/component/fusion_operator_1.py
/home/rtos/dev_ws/install/lkas4/lib/python3.8/site-packages/lkas4/splash/component/processing_steering.py
/home/rtos/dev_ws/install/lkas4/lib/python3.8/site-packages/lkas4/splash/component/sink_accel.py
/home/rtos/dev_ws/install/lkas4/lib/python3.8/site-packages/lkas4/splash/stream_port/__init__.py
/home/rtos/dev_ws/install/lkas4/lib/python3.8/site-packages/lkas4/splash/factory/__init__.py
/home/rtos/dev_ws/install/lkas4/lib/python3.8/site-packages/lkas4/splash/build_unit/default_build_unit.py
/home/rtos/dev_ws/install/lkas4/lib/python3.8/site-packages/lkas4/splash/build_unit/__init__.py
/home/rtos/dev_ws/install/lkas4/lib/python3.8/site-packages/lkas4/__pycache__/__init__.cpython-38.pyc
/home/rtos/dev_ws/install/lkas4/lib/python3.8/site-packages/lkas4/__pycache__/default_build_unit_exec.cpython-38.pyc
/home/rtos/dev_ws/install/lkas4/lib/python3.8/site-packages/lkas4/splash/__pycache__/__init__.cpython-38.pyc
/home/rtos/dev_ws/install/lkas4/lib/python3.8/site-packages/lkas4/splash/component/__pycache__/source_angle_z.cpython-38.pyc
/home/rtos/dev_ws/install/lkas4/lib/python3.8/site-packages/lkas4/splash/component/__pycache__/processing_accel.cpython-38.pyc
/home/rtos/dev_ws/install/lkas4/lib/python3.8/site-packages/lkas4/splash/component/__pycache__/__init__.cpython-38.pyc
/home/rtos/dev_ws/install/lkas4/lib/python3.8/site-packages/lkas4/splash/component/__pycache__/source_linear_x.cpython-38.pyc
/home/rtos/dev_ws/install/lkas4/lib/python3.8/site-packages/lkas4/splash/component/__pycache__/sink_steering.cpython-38.pyc
/home/rtos/dev_ws/install/lkas4/lib/python3.8/site-packages/lkas4/splash/component/__pycache__/source_distance_mid.cpython-38.pyc
/home/rtos/dev_ws/install/lkas4/lib/python3.8/site-packages/lkas4/splash/component/__pycache__/fusion_operator_1.cpython-38.pyc
/home/rtos/dev_ws/install/lkas4/lib/python3.8/site-packages/lkas4/splash/component/__pycache__/processing_steering.cpython-38.pyc
/home/rtos/dev_ws/install/lkas4/lib/python3.8/site-packages/lkas4/splash/component/__pycache__/sink_accel.cpython-38.pyc
/home/rtos/dev_ws/install/lkas4/lib/python3.8/site-packages/lkas4/splash/stream_port/__pycache__/__init__.cpython-38.pyc
/home/rtos/dev_ws/install/lkas4/lib/python3.8/site-packages/lkas4/splash/factory/__pycache__/__init__.cpython-38.pyc
/home/rtos/dev_ws/install/lkas4/lib/python3.8/site-packages/lkas4/splash/build_unit/__pycache__/default_build_unit.cpython-38.pyc
/home/rtos/dev_ws/install/lkas4/lib/python3.8/site-packages/lkas4/splash/build_unit/__pycache__/__init__.cpython-38.pyc
/home/rtos/dev_ws/install/lkas4/share/ament_index/resource_index/packages/lkas4
/home/rtos/dev_ws/install/lkas4/share/lkas4/package.xml
/home/rtos/dev_ws/install/lkas4/share/lkas4/splash.launch.py
/home/rtos/dev_ws/install/lkas4/lib/python3.8/site-packages/lkas4-0.0.0-py3.8.egg-info/requires.txt
/home/rtos/dev_ws/install/lkas4/lib/python3.8/site-packages/lkas4-0.0.0-py3.8.egg-info/top_level.txt
/home/rtos/dev_ws/install/lkas4/lib/python3.8/site-packages/lkas4-0.0.0-py3.8.egg-info/entry_points.txt
/home/rtos/dev_ws/install/lkas4/lib/python3.8/site-packages/lkas4-0.0.0-py3.8.egg-info/zip-safe
/home/rtos/dev_ws/install/lkas4/lib/python3.8/site-packages/lkas4-0.0.0-py3.8.egg-info/dependency_links.txt
/home/rtos/dev_ws/install/lkas4/lib/python3.8/site-packages/lkas4-0.0.0-py3.8.egg-info/SOURCES.txt
/home/rtos/dev_ws/install/lkas4/lib/python3.8/site-packages/lkas4-0.0.0-py3.8.egg-info/PKG-INFO
/home/rtos/dev_ws/install/lkas4/lib/lkas4/default_build_unit
/home/rtos/dev_ws/install/lkas4/lib/lkas4/splash_server
