[0.147s] DEBUG:colcon:Command line arguments: ['/usr/bin/colcon', 'build']
[0.148s] DEBUG:colcon:Parsed command line arguments: Namespace(ament_cmake_args=None, base_paths=['.'], build_base='build', catkin_cmake_args=None, catkin_skip_building_tests=False, cmake_args=None, cmake_clean_cache=False, cmake_clean_first=False, cmake_force_configure=False, cmake_target=None, cmake_target_skip_unavailable=False, continue_on_error=False, event_handlers=None, executor='parallel', ignore_user_meta=False, install_base='install', log_base=None, log_level=None, main=<bound method BuildVerb.main of <colcon_core.verb.build.BuildVerb object at 0x7f0a218aaaf0>>, merge_install=False, metas=['./colcon.meta'], packages_above=None, packages_above_and_dependencies=None, packages_above_depth=None, packages_end=None, packages_ignore=None, packages_ignore_regex=None, packages_select=None, packages_select_build_failed=False, packages_select_by_dep=None, packages_select_regex=None, packages_select_test_failures=False, packages_skip=None, packages_skip_build_finished=False, packages_skip_by_dep=None, packages_skip_regex=None, packages_skip_test_passed=False, packages_skip_up_to=None, packages_start=None, packages_up_to=None, packages_up_to_regex=None, parallel_workers=8, paths=None, symlink_install=False, test_result_base=None, verb_extension=<colcon_core.verb.build.BuildVerb object at 0x7f0a218aaaf0>, verb_name='build', verb_parser=<colcon_defaults.argument_parser.defaults.DefaultArgumentsDecorator object at 0x7f0a218b40a0>)
[0.153s] Level 1:colcon.colcon_core.package_discovery:discover_packages(colcon_meta) check parameters
[0.153s] Level 1:colcon.colcon_core.package_discovery:discover_packages(recursive) check parameters
[0.153s] Level 1:colcon.colcon_core.package_discovery:discover_packages(ignore) check parameters
[0.153s] Level 1:colcon.colcon_core.package_discovery:discover_packages(path) check parameters
[0.153s] Level 1:colcon.colcon_core.package_discovery:discover_packages(colcon_meta) discover
[0.153s] Level 1:colcon.colcon_core.package_discovery:discover_packages(recursive) discover
[0.153s] INFO:colcon.colcon_core.package_discovery:Crawling recursively for packages in '/home/rtos/dev_ws'
[0.153s] Level 1:colcon.colcon_core.package_identification:_identify(.) by extensions ['ignore', 'ignore_ament_install']
[0.153s] Level 1:colcon.colcon_core.package_identification:_identify(.) by extension 'ignore'
[0.153s] Level 1:colcon.colcon_core.package_identification:_identify(.) by extension 'ignore_ament_install'
[0.153s] Level 1:colcon.colcon_core.package_identification:_identify(.) by extensions ['colcon_pkg']
[0.153s] Level 1:colcon.colcon_core.package_identification:_identify(.) by extension 'colcon_pkg'
[0.153s] Level 1:colcon.colcon_core.package_identification:_identify(.) by extensions ['colcon_meta']
[0.154s] Level 1:colcon.colcon_core.package_identification:_identify(.) by extension 'colcon_meta'
[0.154s] Level 1:colcon.colcon_core.package_identification:_identify(.) by extensions ['ros']
[0.154s] Level 1:colcon.colcon_core.package_identification:_identify(.) by extension 'ros'
[0.164s] Level 1:colcon.colcon_core.package_identification:_identify(.) by extensions ['cmake', 'python']
[0.164s] Level 1:colcon.colcon_core.package_identification:_identify(.) by extension 'cmake'
[0.164s] Level 1:colcon.colcon_core.package_identification:_identify(.) by extension 'python'
[0.164s] Level 1:colcon.colcon_core.package_identification:_identify(.) by extensions ['python_setup_py']
[0.164s] Level 1:colcon.colcon_core.package_identification:_identify(.) by extension 'python_setup_py'
[0.165s] Level 1:colcon.colcon_core.package_identification:_identify(build) by extensions ['ignore', 'ignore_ament_install']
[0.165s] Level 1:colcon.colcon_core.package_identification:_identify(build) by extension 'ignore'
[0.165s] Level 1:colcon.colcon_core.package_identification:_identify(build) ignored
[0.165s] Level 1:colcon.colcon_core.package_identification:_identify(install) by extensions ['ignore', 'ignore_ament_install']
[0.165s] Level 1:colcon.colcon_core.package_identification:_identify(install) by extension 'ignore'
[0.165s] Level 1:colcon.colcon_core.package_identification:_identify(install) ignored
[0.165s] Level 1:colcon.colcon_core.package_identification:_identify(log) by extensions ['ignore', 'ignore_ament_install']
[0.165s] Level 1:colcon.colcon_core.package_identification:_identify(log) by extension 'ignore'
[0.165s] Level 1:colcon.colcon_core.package_identification:_identify(log) ignored
[0.165s] Level 1:colcon.colcon_core.package_identification:_identify(src) by extensions ['ignore', 'ignore_ament_install']
[0.166s] Level 1:colcon.colcon_core.package_identification:_identify(src) by extension 'ignore'
[0.166s] Level 1:colcon.colcon_core.package_identification:_identify(src) by extension 'ignore_ament_install'
[0.166s] Level 1:colcon.colcon_core.package_identification:_identify(src) by extensions ['colcon_pkg']
[0.166s] Level 1:colcon.colcon_core.package_identification:_identify(src) by extension 'colcon_pkg'
[0.166s] Level 1:colcon.colcon_core.package_identification:_identify(src) by extensions ['colcon_meta']
[0.166s] Level 1:colcon.colcon_core.package_identification:_identify(src) by extension 'colcon_meta'
[0.166s] Level 1:colcon.colcon_core.package_identification:_identify(src) by extensions ['ros']
[0.166s] Level 1:colcon.colcon_core.package_identification:_identify(src) by extension 'ros'
[0.166s] Level 1:colcon.colcon_core.package_identification:_identify(src) by extensions ['cmake', 'python']
[0.166s] Level 1:colcon.colcon_core.package_identification:_identify(src) by extension 'cmake'
[0.166s] Level 1:colcon.colcon_core.package_identification:_identify(src) by extension 'python'
[0.166s] Level 1:colcon.colcon_core.package_identification:_identify(src) by extensions ['python_setup_py']
[0.166s] Level 1:colcon.colcon_core.package_identification:_identify(src) by extension 'python_setup_py'
[0.166s] Level 1:colcon.colcon_core.package_identification:_identify(src/Torcs_5) by extensions ['ignore', 'ignore_ament_install']
[0.166s] Level 1:colcon.colcon_core.package_identification:_identify(src/Torcs_5) by extension 'ignore'
[0.166s] Level 1:colcon.colcon_core.package_identification:_identify(src/Torcs_5) by extension 'ignore_ament_install'
[0.166s] Level 1:colcon.colcon_core.package_identification:_identify(src/Torcs_5) by extensions ['colcon_pkg']
[0.167s] Level 1:colcon.colcon_core.package_identification:_identify(src/Torcs_5) by extension 'colcon_pkg'
[0.167s] Level 1:colcon.colcon_core.package_identification:_identify(src/Torcs_5) by extensions ['colcon_meta']
[0.167s] Level 1:colcon.colcon_core.package_identification:_identify(src/Torcs_5) by extension 'colcon_meta'
[0.167s] Level 1:colcon.colcon_core.package_identification:_identify(src/Torcs_5) by extensions ['ros']
[0.167s] Level 1:colcon.colcon_core.package_identification:_identify(src/Torcs_5) by extension 'ros'
[0.169s] DEBUG:colcon.colcon_core.package_identification:Package 'src/Torcs_5' with type 'ros.ament_python' and name 'Torcs_5'
[0.169s] Level 1:colcon.colcon_core.package_identification:_identify(src/lkas5) by extensions ['ignore', 'ignore_ament_install']
[0.169s] Level 1:colcon.colcon_core.package_identification:_identify(src/lkas5) by extension 'ignore'
[0.170s] Level 1:colcon.colcon_core.package_identification:_identify(src/lkas5) by extension 'ignore_ament_install'
[0.170s] Level 1:colcon.colcon_core.package_identification:_identify(src/lkas5) by extensions ['colcon_pkg']
[0.170s] Level 1:colcon.colcon_core.package_identification:_identify(src/lkas5) by extension 'colcon_pkg'
[0.170s] Level 1:colcon.colcon_core.package_identification:_identify(src/lkas5) by extensions ['colcon_meta']
[0.170s] Level 1:colcon.colcon_core.package_identification:_identify(src/lkas5) by extension 'colcon_meta'
[0.170s] Level 1:colcon.colcon_core.package_identification:_identify(src/lkas5) by extensions ['ros']
[0.170s] Level 1:colcon.colcon_core.package_identification:_identify(src/lkas5) by extension 'ros'
[0.172s] DEBUG:colcon.colcon_core.package_identification:Package 'src/lkas5' with type 'ros.ament_python' and name 'lkas5'
[0.172s] Level 1:colcon.colcon_core.package_identification:_identify(src/ros2-torcs-client) by extensions ['ignore', 'ignore_ament_install']
[0.172s] Level 1:colcon.colcon_core.package_identification:_identify(src/ros2-torcs-client) by extension 'ignore'
[0.172s] Level 1:colcon.colcon_core.package_identification:_identify(src/ros2-torcs-client) by extension 'ignore_ament_install'
[0.172s] Level 1:colcon.colcon_core.package_identification:_identify(src/ros2-torcs-client) by extensions ['colcon_pkg']
[0.172s] Level 1:colcon.colcon_core.package_identification:_identify(src/ros2-torcs-client) by extension 'colcon_pkg'
[0.172s] Level 1:colcon.colcon_core.package_identification:_identify(src/ros2-torcs-client) by extensions ['colcon_meta']
[0.172s] Level 1:colcon.colcon_core.package_identification:_identify(src/ros2-torcs-client) by extension 'colcon_meta'
[0.172s] Level 1:colcon.colcon_core.package_identification:_identify(src/ros2-torcs-client) by extensions ['ros']
[0.172s] Level 1:colcon.colcon_core.package_identification:_identify(src/ros2-torcs-client) by extension 'ros'
[0.173s] DEBUG:colcon.colcon_core.package_identification:Package 'src/ros2-torcs-client' with type 'ros.ament_python' and name 'torcs_client'
[0.173s] Level 1:colcon.colcon_core.package_identification:_identify(src/scl) by extensions ['ignore', 'ignore_ament_install']
[0.173s] Level 1:colcon.colcon_core.package_identification:_identify(src/scl) by extension 'ignore'
[0.173s] Level 1:colcon.colcon_core.package_identification:_identify(src/scl) by extension 'ignore_ament_install'
[0.173s] Level 1:colcon.colcon_core.package_identification:_identify(src/scl) by extensions ['colcon_pkg']
[0.173s] Level 1:colcon.colcon_core.package_identification:_identify(src/scl) by extension 'colcon_pkg'
[0.173s] Level 1:colcon.colcon_core.package_identification:_identify(src/scl) by extensions ['colcon_meta']
[0.173s] Level 1:colcon.colcon_core.package_identification:_identify(src/scl) by extension 'colcon_meta'
[0.173s] Level 1:colcon.colcon_core.package_identification:_identify(src/scl) by extensions ['ros']
[0.173s] Level 1:colcon.colcon_core.package_identification:_identify(src/scl) by extension 'ros'
[0.174s] DEBUG:colcon.colcon_core.package_identification:Package 'src/scl' with type 'ros.ament_python' and name 'scl'
[0.174s] Level 1:colcon.colcon_core.package_identification:_identify(src/splash_interfaces) by extensions ['ignore', 'ignore_ament_install']
[0.174s] Level 1:colcon.colcon_core.package_identification:_identify(src/splash_interfaces) by extension 'ignore'
[0.174s] Level 1:colcon.colcon_core.package_identification:_identify(src/splash_interfaces) by extension 'ignore_ament_install'
[0.174s] Level 1:colcon.colcon_core.package_identification:_identify(src/splash_interfaces) by extensions ['colcon_pkg']
[0.174s] Level 1:colcon.colcon_core.package_identification:_identify(src/splash_interfaces) by extension 'colcon_pkg'
[0.174s] Level 1:colcon.colcon_core.package_identification:_identify(src/splash_interfaces) by extensions ['colcon_meta']
[0.175s] Level 1:colcon.colcon_core.package_identification:_identify(src/splash_interfaces) by extension 'colcon_meta'
[0.175s] Level 1:colcon.colcon_core.package_identification:_identify(src/splash_interfaces) by extensions ['ros']
[0.175s] Level 1:colcon.colcon_core.package_identification:_identify(src/splash_interfaces) by extension 'ros'
[0.175s] DEBUG:colcon.colcon_core.package_identification:Package 'src/splash_interfaces' with type 'ros.ament_cmake' and name 'splash_interfaces'
[0.175s] Level 1:colcon.colcon_core.package_identification:_identify(src/srl) by extensions ['ignore', 'ignore_ament_install']
[0.175s] Level 1:colcon.colcon_core.package_identification:_identify(src/srl) by extension 'ignore'
[0.175s] Level 1:colcon.colcon_core.package_identification:_identify(src/srl) by extension 'ignore_ament_install'
[0.175s] Level 1:colcon.colcon_core.package_identification:_identify(src/srl) by extensions ['colcon_pkg']
[0.175s] Level 1:colcon.colcon_core.package_identification:_identify(src/srl) by extension 'colcon_pkg'
[0.176s] Level 1:colcon.colcon_core.package_identification:_identify(src/srl) by extensions ['colcon_meta']
[0.176s] Level 1:colcon.colcon_core.package_identification:_identify(src/srl) by extension 'colcon_meta'
[0.176s] Level 1:colcon.colcon_core.package_identification:_identify(src/srl) by extensions ['ros']
[0.176s] Level 1:colcon.colcon_core.package_identification:_identify(src/srl) by extension 'ros'
[0.176s] DEBUG:colcon.colcon_core.package_identification:Package 'src/srl' with type 'ros.ament_python' and name 'srl'
[0.176s] Level 1:colcon.colcon_core.package_identification:_identify(src/torcs_interfaces) by extensions ['ignore', 'ignore_ament_install']
[0.176s] Level 1:colcon.colcon_core.package_identification:_identify(src/torcs_interfaces) by extension 'ignore'
[0.177s] Level 1:colcon.colcon_core.package_identification:_identify(src/torcs_interfaces) by extension 'ignore_ament_install'
[0.177s] Level 1:colcon.colcon_core.package_identification:_identify(src/torcs_interfaces) by extensions ['colcon_pkg']
[0.177s] Level 1:colcon.colcon_core.package_identification:_identify(src/torcs_interfaces) by extension 'colcon_pkg'
[0.177s] Level 1:colcon.colcon_core.package_identification:_identify(src/torcs_interfaces) by extensions ['colcon_meta']
[0.177s] Level 1:colcon.colcon_core.package_identification:_identify(src/torcs_interfaces) by extension 'colcon_meta'
[0.177s] Level 1:colcon.colcon_core.package_identification:_identify(src/torcs_interfaces) by extensions ['ros']
[0.177s] Level 1:colcon.colcon_core.package_identification:_identify(src/torcs_interfaces) by extension 'ros'
[0.177s] DEBUG:colcon.colcon_core.package_identification:Package 'src/torcs_interfaces' with type 'ros.ament_cmake' and name 'torcs_interfaces'
[0.177s] Level 1:colcon.colcon_core.package_discovery:discover_packages(recursive) using defaults
[0.178s] Level 1:colcon.colcon_core.package_discovery:discover_packages(ignore) discover
[0.178s] Level 1:colcon.colcon_core.package_discovery:discover_packages(ignore) using defaults
[0.178s] Level 1:colcon.colcon_core.package_discovery:discover_packages(path) discover
[0.178s] Level 1:colcon.colcon_core.package_discovery:discover_packages(path) using defaults
[0.199s] Level 5:colcon.colcon_core.verb:set package 'splash_interfaces' build argument 'cmake_args' from command line to 'None'
[0.199s] Level 5:colcon.colcon_core.verb:set package 'splash_interfaces' build argument 'cmake_target' from command line to 'None'
[0.199s] Level 5:colcon.colcon_core.verb:set package 'splash_interfaces' build argument 'cmake_target_skip_unavailable' from command line to 'False'
[0.199s] Level 5:colcon.colcon_core.verb:set package 'splash_interfaces' build argument 'cmake_clean_cache' from command line to 'False'
[0.199s] Level 5:colcon.colcon_core.verb:set package 'splash_interfaces' build argument 'cmake_clean_first' from command line to 'False'
[0.199s] Level 5:colcon.colcon_core.verb:set package 'splash_interfaces' build argument 'cmake_force_configure' from command line to 'False'
[0.199s] Level 5:colcon.colcon_core.verb:set package 'splash_interfaces' build argument 'ament_cmake_args' from command line to 'None'
[0.199s] Level 5:colcon.colcon_core.verb:set package 'splash_interfaces' build argument 'catkin_cmake_args' from command line to 'None'
[0.199s] Level 5:colcon.colcon_core.verb:set package 'splash_interfaces' build argument 'catkin_skip_building_tests' from command line to 'False'
[0.199s] DEBUG:colcon.colcon_core.verb:Building package 'splash_interfaces' with the following arguments: {'ament_cmake_args': None, 'build_base': '/home/rtos/dev_ws/build/splash_interfaces', 'catkin_cmake_args': None, 'catkin_skip_building_tests': False, 'cmake_args': None, 'cmake_clean_cache': False, 'cmake_clean_first': False, 'cmake_force_configure': False, 'cmake_target': None, 'cmake_target_skip_unavailable': False, 'install_base': '/home/rtos/dev_ws/install/splash_interfaces', 'merge_install': False, 'path': '/home/rtos/dev_ws/src/splash_interfaces', 'symlink_install': False, 'test_result_base': None}
[0.202s] Level 5:colcon.colcon_core.verb:set package 'torcs_interfaces' build argument 'cmake_args' from command line to 'None'
[0.202s] Level 5:colcon.colcon_core.verb:set package 'torcs_interfaces' build argument 'cmake_target' from command line to 'None'
[0.202s] Level 5:colcon.colcon_core.verb:set package 'torcs_interfaces' build argument 'cmake_target_skip_unavailable' from command line to 'False'
[0.202s] Level 5:colcon.colcon_core.verb:set package 'torcs_interfaces' build argument 'cmake_clean_cache' from command line to 'False'
[0.202s] Level 5:colcon.colcon_core.verb:set package 'torcs_interfaces' build argument 'cmake_clean_first' from command line to 'False'
[0.202s] Level 5:colcon.colcon_core.verb:set package 'torcs_interfaces' build argument 'cmake_force_configure' from command line to 'False'
[0.202s] Level 5:colcon.colcon_core.verb:set package 'torcs_interfaces' build argument 'ament_cmake_args' from command line to 'None'
[0.202s] Level 5:colcon.colcon_core.verb:set package 'torcs_interfaces' build argument 'catkin_cmake_args' from command line to 'None'
[0.202s] Level 5:colcon.colcon_core.verb:set package 'torcs_interfaces' build argument 'catkin_skip_building_tests' from command line to 'False'
[0.202s] DEBUG:colcon.colcon_core.verb:Building package 'torcs_interfaces' with the following arguments: {'ament_cmake_args': None, 'build_base': '/home/rtos/dev_ws/build/torcs_interfaces', 'catkin_cmake_args': None, 'catkin_skip_building_tests': False, 'cmake_args': None, 'cmake_clean_cache': False, 'cmake_clean_first': False, 'cmake_force_configure': False, 'cmake_target': None, 'cmake_target_skip_unavailable': False, 'install_base': '/home/rtos/dev_ws/install/torcs_interfaces', 'merge_install': False, 'path': '/home/rtos/dev_ws/src/torcs_interfaces', 'symlink_install': False, 'test_result_base': None}
[0.204s] Level 5:colcon.colcon_core.verb:set package 'srl' build argument 'cmake_args' from command line to 'None'
[0.204s] Level 5:colcon.colcon_core.verb:set package 'srl' build argument 'cmake_target' from command line to 'None'
[0.204s] Level 5:colcon.colcon_core.verb:set package 'srl' build argument 'cmake_target_skip_unavailable' from command line to 'False'
[0.204s] Level 5:colcon.colcon_core.verb:set package 'srl' build argument 'cmake_clean_cache' from command line to 'False'
[0.204s] Level 5:colcon.colcon_core.verb:set package 'srl' build argument 'cmake_clean_first' from command line to 'False'
[0.204s] Level 5:colcon.colcon_core.verb:set package 'srl' build argument 'cmake_force_configure' from command line to 'False'
[0.204s] Level 5:colcon.colcon_core.verb:set package 'srl' build argument 'ament_cmake_args' from command line to 'None'
[0.204s] Level 5:colcon.colcon_core.verb:set package 'srl' build argument 'catkin_cmake_args' from command line to 'None'
[0.204s] Level 5:colcon.colcon_core.verb:set package 'srl' build argument 'catkin_skip_building_tests' from command line to 'False'
[0.204s] DEBUG:colcon.colcon_core.verb:Building package 'srl' with the following arguments: {'ament_cmake_args': None, 'build_base': '/home/rtos/dev_ws/build/srl', 'catkin_cmake_args': None, 'catkin_skip_building_tests': False, 'cmake_args': None, 'cmake_clean_cache': False, 'cmake_clean_first': False, 'cmake_force_configure': False, 'cmake_target': None, 'cmake_target_skip_unavailable': False, 'install_base': '/home/rtos/dev_ws/install/srl', 'merge_install': False, 'path': '/home/rtos/dev_ws/src/srl', 'symlink_install': False, 'test_result_base': None}
[0.206s] Level 5:colcon.colcon_core.verb:set package 'torcs_client' build argument 'cmake_args' from command line to 'None'
[0.206s] Level 5:colcon.colcon_core.verb:set package 'torcs_client' build argument 'cmake_target' from command line to 'None'
[0.207s] Level 5:colcon.colcon_core.verb:set package 'torcs_client' build argument 'cmake_target_skip_unavailable' from command line to 'False'
[0.207s] Level 5:colcon.colcon_core.verb:set package 'torcs_client' build argument 'cmake_clean_cache' from command line to 'False'
[0.207s] Level 5:colcon.colcon_core.verb:set package 'torcs_client' build argument 'cmake_clean_first' from command line to 'False'
[0.207s] Level 5:colcon.colcon_core.verb:set package 'torcs_client' build argument 'cmake_force_configure' from command line to 'False'
[0.207s] Level 5:colcon.colcon_core.verb:set package 'torcs_client' build argument 'ament_cmake_args' from command line to 'None'
[0.207s] Level 5:colcon.colcon_core.verb:set package 'torcs_client' build argument 'catkin_cmake_args' from command line to 'None'
[0.207s] Level 5:colcon.colcon_core.verb:set package 'torcs_client' build argument 'catkin_skip_building_tests' from command line to 'False'
[0.207s] DEBUG:colcon.colcon_core.verb:Building package 'torcs_client' with the following arguments: {'ament_cmake_args': None, 'build_base': '/home/rtos/dev_ws/build/torcs_client', 'catkin_cmake_args': None, 'catkin_skip_building_tests': False, 'cmake_args': None, 'cmake_clean_cache': False, 'cmake_clean_first': False, 'cmake_force_configure': False, 'cmake_target': None, 'cmake_target_skip_unavailable': False, 'install_base': '/home/rtos/dev_ws/install/torcs_client', 'merge_install': False, 'path': '/home/rtos/dev_ws/src/ros2-torcs-client', 'symlink_install': False, 'test_result_base': None}
[0.209s] Level 5:colcon.colcon_core.verb:set package 'scl' build argument 'cmake_args' from command line to 'None'
[0.209s] Level 5:colcon.colcon_core.verb:set package 'scl' build argument 'cmake_target' from command line to 'None'
[0.209s] Level 5:colcon.colcon_core.verb:set package 'scl' build argument 'cmake_target_skip_unavailable' from command line to 'False'
[0.209s] Level 5:colcon.colcon_core.verb:set package 'scl' build argument 'cmake_clean_cache' from command line to 'False'
[0.209s] Level 5:colcon.colcon_core.verb:set package 'scl' build argument 'cmake_clean_first' from command line to 'False'
[0.209s] Level 5:colcon.colcon_core.verb:set package 'scl' build argument 'cmake_force_configure' from command line to 'False'
[0.209s] Level 5:colcon.colcon_core.verb:set package 'scl' build argument 'ament_cmake_args' from command line to 'None'
[0.209s] Level 5:colcon.colcon_core.verb:set package 'scl' build argument 'catkin_cmake_args' from command line to 'None'
[0.209s] Level 5:colcon.colcon_core.verb:set package 'scl' build argument 'catkin_skip_building_tests' from command line to 'False'
[0.209s] DEBUG:colcon.colcon_core.verb:Building package 'scl' with the following arguments: {'ament_cmake_args': None, 'build_base': '/home/rtos/dev_ws/build/scl', 'catkin_cmake_args': None, 'catkin_skip_building_tests': False, 'cmake_args': None, 'cmake_clean_cache': False, 'cmake_clean_first': False, 'cmake_force_configure': False, 'cmake_target': None, 'cmake_target_skip_unavailable': False, 'install_base': '/home/rtos/dev_ws/install/scl', 'merge_install': False, 'path': '/home/rtos/dev_ws/src/scl', 'symlink_install': False, 'test_result_base': None}
[0.211s] Level 5:colcon.colcon_core.verb:set package 'Torcs_5' build argument 'cmake_args' from command line to 'None'
[0.211s] Level 5:colcon.colcon_core.verb:set package 'Torcs_5' build argument 'cmake_target' from command line to 'None'
[0.211s] Level 5:colcon.colcon_core.verb:set package 'Torcs_5' build argument 'cmake_target_skip_unavailable' from command line to 'False'
[0.211s] Level 5:colcon.colcon_core.verb:set package 'Torcs_5' build argument 'cmake_clean_cache' from command line to 'False'
[0.211s] Level 5:colcon.colcon_core.verb:set package 'Torcs_5' build argument 'cmake_clean_first' from command line to 'False'
[0.211s] Level 5:colcon.colcon_core.verb:set package 'Torcs_5' build argument 'cmake_force_configure' from command line to 'False'
[0.211s] Level 5:colcon.colcon_core.verb:set package 'Torcs_5' build argument 'ament_cmake_args' from command line to 'None'
[0.211s] Level 5:colcon.colcon_core.verb:set package 'Torcs_5' build argument 'catkin_cmake_args' from command line to 'None'
[0.212s] Level 5:colcon.colcon_core.verb:set package 'Torcs_5' build argument 'catkin_skip_building_tests' from command line to 'False'
[0.212s] DEBUG:colcon.colcon_core.verb:Building package 'Torcs_5' with the following arguments: {'ament_cmake_args': None, 'build_base': '/home/rtos/dev_ws/build/Torcs_5', 'catkin_cmake_args': None, 'catkin_skip_building_tests': False, 'cmake_args': None, 'cmake_clean_cache': False, 'cmake_clean_first': False, 'cmake_force_configure': False, 'cmake_target': None, 'cmake_target_skip_unavailable': False, 'install_base': '/home/rtos/dev_ws/install/Torcs_5', 'merge_install': False, 'path': '/home/rtos/dev_ws/src/Torcs_5', 'symlink_install': False, 'test_result_base': None}
[0.214s] Level 5:colcon.colcon_core.verb:set package 'lkas5' build argument 'cmake_args' from command line to 'None'
[0.214s] Level 5:colcon.colcon_core.verb:set package 'lkas5' build argument 'cmake_target' from command line to 'None'
[0.214s] Level 5:colcon.colcon_core.verb:set package 'lkas5' build argument 'cmake_target_skip_unavailable' from command line to 'False'
[0.214s] Level 5:colcon.colcon_core.verb:set package 'lkas5' build argument 'cmake_clean_cache' from command line to 'False'
[0.214s] Level 5:colcon.colcon_core.verb:set package 'lkas5' build argument 'cmake_clean_first' from command line to 'False'
[0.214s] Level 5:colcon.colcon_core.verb:set package 'lkas5' build argument 'cmake_force_configure' from command line to 'False'
[0.214s] Level 5:colcon.colcon_core.verb:set package 'lkas5' build argument 'ament_cmake_args' from command line to 'None'
[0.214s] Level 5:colcon.colcon_core.verb:set package 'lkas5' build argument 'catkin_cmake_args' from command line to 'None'
[0.214s] Level 5:colcon.colcon_core.verb:set package 'lkas5' build argument 'catkin_skip_building_tests' from command line to 'False'
[0.214s] DEBUG:colcon.colcon_core.verb:Building package 'lkas5' with the following arguments: {'ament_cmake_args': None, 'build_base': '/home/rtos/dev_ws/build/lkas5', 'catkin_cmake_args': None, 'catkin_skip_building_tests': False, 'cmake_args': None, 'cmake_clean_cache': False, 'cmake_clean_first': False, 'cmake_force_configure': False, 'cmake_target': None, 'cmake_target_skip_unavailable': False, 'install_base': '/home/rtos/dev_ws/install/lkas5', 'merge_install': False, 'path': '/home/rtos/dev_ws/src/lkas5', 'symlink_install': False, 'test_result_base': None}
[0.214s] INFO:colcon.colcon_core.executor:Executing jobs using 'parallel' executor
[0.216s] DEBUG:colcon.colcon_parallel_executor.executor.parallel:run_until_complete
[0.216s] INFO:colcon.colcon_ros.task.ament_cmake.build:Building ROS package in '/home/rtos/dev_ws/src/splash_interfaces' with build type 'ament_cmake'
[0.217s] INFO:colcon.colcon_cmake.task.cmake.build:Building CMake package in '/home/rtos/dev_ws/src/splash_interfaces'
[0.220s] INFO:colcon.colcon_core.plugin_system:Skipping extension 'colcon_core.shell.bat': Not used on non-Windows systems
[0.220s] INFO:colcon.colcon_core.shell:Skip shell extension 'powershell' for command environment: Not usable outside of PowerShell
[0.220s] DEBUG:colcon.colcon_core.shell:Skip shell extension 'dsv' for command environment
[0.223s] DEBUG:colcon.colcon_core.shell:Ignoring prefix path '/opt/ros/foxy'
[0.225s] INFO:colcon.colcon_ros.task.ament_cmake.build:Building ROS package in '/home/rtos/dev_ws/src/torcs_interfaces' with build type 'ament_cmake'
[0.225s] INFO:colcon.colcon_cmake.task.cmake.build:Building CMake package in '/home/rtos/dev_ws/src/torcs_interfaces'
[0.226s] INFO:colcon.colcon_core.shell:Skip shell extension 'powershell' for command environment: Not usable outside of PowerShell
[0.226s] DEBUG:colcon.colcon_core.shell:Skip shell extension 'dsv' for command environment
[0.228s] DEBUG:colcon.colcon_core.shell:Ignoring prefix path '/opt/ros/foxy'
[0.236s] DEBUG:colcon.colcon_core.event_handler.log_command:Invoking command in '/home/rtos/dev_ws/build/splash_interfaces': CMAKE_PREFIX_PATH=${CMAKE_PREFIX_PATH}:/home/rtos/dev_ws/install/Torcs_5:/home/rtos/dev_ws/install/torcs_client:/home/rtos/dev_ws/install/lkas5:/home/rtos/dev_ws/install/scl:/home/rtos/dev_ws/install/srl:/opt/ros/foxy /usr/bin/cmake --build /home/rtos/dev_ws/build/splash_interfaces -- -j8 -l8
[0.245s] DEBUG:colcon.colcon_core.event_handler.log_command:Invoking command in '/home/rtos/dev_ws/build/torcs_interfaces': CMAKE_PREFIX_PATH=${CMAKE_PREFIX_PATH}:/home/rtos/dev_ws/install/Torcs_5:/home/rtos/dev_ws/install/torcs_client:/home/rtos/dev_ws/install/lkas5:/home/rtos/dev_ws/install/scl:/home/rtos/dev_ws/install/srl:/opt/ros/foxy /usr/bin/cmake --build /home/rtos/dev_ws/build/torcs_interfaces -- -j8 -l8
[0.508s] DEBUG:colcon.colcon_core.event_handler.log_command:Invoked command in '/home/rtos/dev_ws/build/torcs_interfaces' returned '0': CMAKE_PREFIX_PATH=${CMAKE_PREFIX_PATH}:/home/rtos/dev_ws/install/Torcs_5:/home/rtos/dev_ws/install/torcs_client:/home/rtos/dev_ws/install/lkas5:/home/rtos/dev_ws/install/scl:/home/rtos/dev_ws/install/srl:/opt/ros/foxy /usr/bin/cmake --build /home/rtos/dev_ws/build/torcs_interfaces -- -j8 -l8
[0.519s] DEBUG:colcon.colcon_core.event_handler.log_command:Invoked command in '/home/rtos/dev_ws/build/splash_interfaces' returned '0': CMAKE_PREFIX_PATH=${CMAKE_PREFIX_PATH}:/home/rtos/dev_ws/install/Torcs_5:/home/rtos/dev_ws/install/torcs_client:/home/rtos/dev_ws/install/lkas5:/home/rtos/dev_ws/install/scl:/home/rtos/dev_ws/install/srl:/opt/ros/foxy /usr/bin/cmake --build /home/rtos/dev_ws/build/splash_interfaces -- -j8 -l8
[0.575s] DEBUG:colcon.colcon_core.event_handler.log_command:Invoking command in '/home/rtos/dev_ws/build/torcs_interfaces': CMAKE_PREFIX_PATH=${CMAKE_PREFIX_PATH}:/home/rtos/dev_ws/install/Torcs_5:/home/rtos/dev_ws/install/torcs_client:/home/rtos/dev_ws/install/lkas5:/home/rtos/dev_ws/install/scl:/home/rtos/dev_ws/install/srl:/opt/ros/foxy /usr/bin/cmake --install /home/rtos/dev_ws/build/torcs_interfaces
[0.600s] DEBUG:colcon.colcon_core.event_handler.log_command:Invoking command in '/home/rtos/dev_ws/build/splash_interfaces': CMAKE_PREFIX_PATH=${CMAKE_PREFIX_PATH}:/home/rtos/dev_ws/install/Torcs_5:/home/rtos/dev_ws/install/torcs_client:/home/rtos/dev_ws/install/lkas5:/home/rtos/dev_ws/install/scl:/home/rtos/dev_ws/install/srl:/opt/ros/foxy /usr/bin/cmake --install /home/rtos/dev_ws/build/splash_interfaces
[0.646s] Level 1:colcon.colcon_core.environment:create_environment_scripts_only(torcs_interfaces)
[0.647s] DEBUG:colcon.colcon_core.event_handler.log_command:Invoked command in '/home/rtos/dev_ws/build/torcs_interfaces' returned '0': CMAKE_PREFIX_PATH=${CMAKE_PREFIX_PATH}:/home/rtos/dev_ws/install/Torcs_5:/home/rtos/dev_ws/install/torcs_client:/home/rtos/dev_ws/install/lkas5:/home/rtos/dev_ws/install/scl:/home/rtos/dev_ws/install/srl:/opt/ros/foxy /usr/bin/cmake --install /home/rtos/dev_ws/build/torcs_interfaces
[0.652s] Level 1:colcon.colcon_core.environment:checking '/home/rtos/dev_ws/install/torcs_interfaces' for CMake module files
[0.654s] Level 1:colcon.colcon_core.environment:checking '/home/rtos/dev_ws/install/torcs_interfaces' for CMake config files
[0.659s] Level 1:colcon.colcon_core.shell:create_environment_hook('torcs_interfaces', 'cmake_prefix_path')
[0.660s] INFO:colcon.colcon_core.shell:Creating environment hook '/home/rtos/dev_ws/install/torcs_interfaces/share/torcs_interfaces/hook/cmake_prefix_path.ps1'
[0.662s] INFO:colcon.colcon_core.shell:Creating environment descriptor '/home/rtos/dev_ws/install/torcs_interfaces/share/torcs_interfaces/hook/cmake_prefix_path.dsv'
[0.663s] INFO:colcon.colcon_core.shell:Creating environment hook '/home/rtos/dev_ws/install/torcs_interfaces/share/torcs_interfaces/hook/cmake_prefix_path.sh'
[0.664s] Level 1:colcon.colcon_core.environment:checking '/home/rtos/dev_ws/install/torcs_interfaces/lib'
[0.665s] Level 1:colcon.colcon_core.shell:create_environment_hook('torcs_interfaces', 'ld_library_path_lib')
[0.666s] INFO:colcon.colcon_core.shell:Creating environment hook '/home/rtos/dev_ws/install/torcs_interfaces/share/torcs_interfaces/hook/ld_library_path_lib.ps1'
[0.667s] INFO:colcon.colcon_core.shell:Creating environment descriptor '/home/rtos/dev_ws/install/torcs_interfaces/share/torcs_interfaces/hook/ld_library_path_lib.dsv'
[0.668s] INFO:colcon.colcon_core.shell:Creating environment hook '/home/rtos/dev_ws/install/torcs_interfaces/share/torcs_interfaces/hook/ld_library_path_lib.sh'
[0.669s] Level 1:colcon.colcon_core.environment:checking '/home/rtos/dev_ws/install/torcs_interfaces/bin'
[0.669s] Level 1:colcon.colcon_core.environment:checking '/home/rtos/dev_ws/install/torcs_interfaces/lib/pkgconfig/torcs_interfaces.pc'
[0.669s] Level 1:colcon.colcon_core.environment:checking '/home/rtos/dev_ws/install/torcs_interfaces/lib/python3.8/site-packages'
[0.669s] Level 1:colcon.colcon_core.shell:create_environment_hook('torcs_interfaces', 'pythonpath')
[0.670s] INFO:colcon.colcon_core.shell:Creating environment hook '/home/rtos/dev_ws/install/torcs_interfaces/share/torcs_interfaces/hook/pythonpath.ps1'
[0.670s] INFO:colcon.colcon_core.shell:Creating environment descriptor '/home/rtos/dev_ws/install/torcs_interfaces/share/torcs_interfaces/hook/pythonpath.dsv'
[0.670s] INFO:colcon.colcon_core.shell:Creating environment hook '/home/rtos/dev_ws/install/torcs_interfaces/share/torcs_interfaces/hook/pythonpath.sh'
[0.671s] INFO:colcon.colcon_core.shell:Creating package script '/home/rtos/dev_ws/install/torcs_interfaces/share/torcs_interfaces/package.ps1'
[0.672s] INFO:colcon.colcon_core.shell:Creating package descriptor '/home/rtos/dev_ws/install/torcs_interfaces/share/torcs_interfaces/package.dsv'
[0.672s] INFO:colcon.colcon_core.shell:Creating package script '/home/rtos/dev_ws/install/torcs_interfaces/share/torcs_interfaces/package.sh'
[0.673s] INFO:colcon.colcon_core.shell:Creating package script '/home/rtos/dev_ws/install/torcs_interfaces/share/torcs_interfaces/package.bash'
[0.674s] INFO:colcon.colcon_core.shell:Creating package script '/home/rtos/dev_ws/install/torcs_interfaces/share/torcs_interfaces/package.zsh'
[0.674s] Level 1:colcon.colcon_core.environment:create_file_with_runtime_dependencies(/home/rtos/dev_ws/install/torcs_interfaces/share/colcon-core/packages/torcs_interfaces)
[0.677s] Level 1:colcon.colcon_core.environment:create_environment_scripts_only(splash_interfaces)
[0.679s] Level 1:colcon.colcon_core.environment:checking '/home/rtos/dev_ws/install/splash_interfaces' for CMake module files
[0.679s] DEBUG:colcon.colcon_core.event_handler.log_command:Invoked command in '/home/rtos/dev_ws/build/splash_interfaces' returned '0': CMAKE_PREFIX_PATH=${CMAKE_PREFIX_PATH}:/home/rtos/dev_ws/install/Torcs_5:/home/rtos/dev_ws/install/torcs_client:/home/rtos/dev_ws/install/lkas5:/home/rtos/dev_ws/install/scl:/home/rtos/dev_ws/install/srl:/opt/ros/foxy /usr/bin/cmake --install /home/rtos/dev_ws/build/splash_interfaces
[0.680s] Level 1:colcon.colcon_core.environment:checking '/home/rtos/dev_ws/install/splash_interfaces' for CMake config files
[0.681s] Level 1:colcon.colcon_core.shell:create_environment_hook('splash_interfaces', 'cmake_prefix_path')
[0.681s] INFO:colcon.colcon_core.shell:Creating environment hook '/home/rtos/dev_ws/install/splash_interfaces/share/splash_interfaces/hook/cmake_prefix_path.ps1'
[0.682s] INFO:colcon.colcon_core.shell:Creating environment descriptor '/home/rtos/dev_ws/install/splash_interfaces/share/splash_interfaces/hook/cmake_prefix_path.dsv'
[0.683s] INFO:colcon.colcon_core.shell:Creating environment hook '/home/rtos/dev_ws/install/splash_interfaces/share/splash_interfaces/hook/cmake_prefix_path.sh'
[0.683s] Level 1:colcon.colcon_core.environment:checking '/home/rtos/dev_ws/install/splash_interfaces/lib'
[0.683s] Level 1:colcon.colcon_core.shell:create_environment_hook('splash_interfaces', 'ld_library_path_lib')
[0.684s] INFO:colcon.colcon_core.shell:Creating environment hook '/home/rtos/dev_ws/install/splash_interfaces/share/splash_interfaces/hook/ld_library_path_lib.ps1'
[0.684s] INFO:colcon.colcon_core.shell:Creating environment descriptor '/home/rtos/dev_ws/install/splash_interfaces/share/splash_interfaces/hook/ld_library_path_lib.dsv'
[0.684s] INFO:colcon.colcon_core.shell:Creating environment hook '/home/rtos/dev_ws/install/splash_interfaces/share/splash_interfaces/hook/ld_library_path_lib.sh'
[0.685s] Level 1:colcon.colcon_core.environment:checking '/home/rtos/dev_ws/install/splash_interfaces/bin'
[0.685s] Level 1:colcon.colcon_core.environment:checking '/home/rtos/dev_ws/install/splash_interfaces/lib/pkgconfig/splash_interfaces.pc'
[0.685s] Level 1:colcon.colcon_core.environment:checking '/home/rtos/dev_ws/install/splash_interfaces/lib/python3.8/site-packages'
[0.685s] Level 1:colcon.colcon_core.shell:create_environment_hook('splash_interfaces', 'pythonpath')
[0.686s] INFO:colcon.colcon_core.shell:Creating environment hook '/home/rtos/dev_ws/install/splash_interfaces/share/splash_interfaces/hook/pythonpath.ps1'
[0.686s] INFO:colcon.colcon_core.shell:Creating environment descriptor '/home/rtos/dev_ws/install/splash_interfaces/share/splash_interfaces/hook/pythonpath.dsv'
[0.686s] INFO:colcon.colcon_core.shell:Creating environment hook '/home/rtos/dev_ws/install/splash_interfaces/share/splash_interfaces/hook/pythonpath.sh'
[0.687s] INFO:colcon.colcon_core.shell:Creating package script '/home/rtos/dev_ws/install/splash_interfaces/share/splash_interfaces/package.ps1'
[0.688s] INFO:colcon.colcon_core.shell:Creating package descriptor '/home/rtos/dev_ws/install/splash_interfaces/share/splash_interfaces/package.dsv'
[0.688s] INFO:colcon.colcon_core.shell:Creating package script '/home/rtos/dev_ws/install/splash_interfaces/share/splash_interfaces/package.sh'
[0.688s] INFO:colcon.colcon_core.shell:Creating package script '/home/rtos/dev_ws/install/splash_interfaces/share/splash_interfaces/package.bash'
[0.689s] INFO:colcon.colcon_core.shell:Creating package script '/home/rtos/dev_ws/install/splash_interfaces/share/splash_interfaces/package.zsh'
[0.689s] Level 1:colcon.colcon_core.environment:create_file_with_runtime_dependencies(/home/rtos/dev_ws/install/splash_interfaces/share/colcon-core/packages/splash_interfaces)
[0.735s] Level 1:colcon.colcon_core.environment:create_environment_scripts_only(torcs_interfaces)
[0.736s] Level 1:colcon.colcon_core.environment:checking '/home/rtos/dev_ws/install/torcs_interfaces' for CMake module files
[0.736s] Level 1:colcon.colcon_core.environment:checking '/home/rtos/dev_ws/install/torcs_interfaces' for CMake config files
[0.737s] Level 1:colcon.colcon_core.shell:create_environment_hook('torcs_interfaces', 'cmake_prefix_path')
[0.737s] INFO:colcon.colcon_core.shell:Creating environment hook '/home/rtos/dev_ws/install/torcs_interfaces/share/torcs_interfaces/hook/cmake_prefix_path.ps1'
[0.738s] INFO:colcon.colcon_core.shell:Creating environment descriptor '/home/rtos/dev_ws/install/torcs_interfaces/share/torcs_interfaces/hook/cmake_prefix_path.dsv'
[0.738s] INFO:colcon.colcon_core.shell:Creating environment hook '/home/rtos/dev_ws/install/torcs_interfaces/share/torcs_interfaces/hook/cmake_prefix_path.sh'
[0.739s] Level 1:colcon.colcon_core.environment:checking '/home/rtos/dev_ws/install/torcs_interfaces/lib'
[0.739s] Level 1:colcon.colcon_core.shell:create_environment_hook('torcs_interfaces', 'ld_library_path_lib')
[0.739s] INFO:colcon.colcon_core.shell:Creating environment hook '/home/rtos/dev_ws/install/torcs_interfaces/share/torcs_interfaces/hook/ld_library_path_lib.ps1'
[0.740s] INFO:colcon.colcon_core.shell:Creating environment descriptor '/home/rtos/dev_ws/install/torcs_interfaces/share/torcs_interfaces/hook/ld_library_path_lib.dsv'
[0.740s] INFO:colcon.colcon_core.shell:Creating environment hook '/home/rtos/dev_ws/install/torcs_interfaces/share/torcs_interfaces/hook/ld_library_path_lib.sh'
[0.740s] Level 1:colcon.colcon_core.environment:checking '/home/rtos/dev_ws/install/torcs_interfaces/bin'
[0.740s] Level 1:colcon.colcon_core.environment:checking '/home/rtos/dev_ws/install/torcs_interfaces/lib/pkgconfig/torcs_interfaces.pc'
[0.741s] Level 1:colcon.colcon_core.environment:checking '/home/rtos/dev_ws/install/torcs_interfaces/lib/python3.8/site-packages'
[0.741s] Level 1:colcon.colcon_core.shell:create_environment_hook('torcs_interfaces', 'pythonpath')
[0.741s] INFO:colcon.colcon_core.shell:Creating environment hook '/home/rtos/dev_ws/install/torcs_interfaces/share/torcs_interfaces/hook/pythonpath.ps1'
[0.741s] INFO:colcon.colcon_core.shell:Creating environment descriptor '/home/rtos/dev_ws/install/torcs_interfaces/share/torcs_interfaces/hook/pythonpath.dsv'
[0.742s] INFO:colcon.colcon_core.shell:Creating environment hook '/home/rtos/dev_ws/install/torcs_interfaces/share/torcs_interfaces/hook/pythonpath.sh'
[0.742s] INFO:colcon.colcon_core.shell:Creating package script '/home/rtos/dev_ws/install/torcs_interfaces/share/torcs_interfaces/package.ps1'
[0.743s] INFO:colcon.colcon_core.shell:Creating package descriptor '/home/rtos/dev_ws/install/torcs_interfaces/share/torcs_interfaces/package.dsv'
[0.743s] INFO:colcon.colcon_core.shell:Creating package script '/home/rtos/dev_ws/install/torcs_interfaces/share/torcs_interfaces/package.sh'
[0.744s] INFO:colcon.colcon_core.shell:Creating package script '/home/rtos/dev_ws/install/torcs_interfaces/share/torcs_interfaces/package.bash'
[0.744s] INFO:colcon.colcon_core.shell:Creating package script '/home/rtos/dev_ws/install/torcs_interfaces/share/torcs_interfaces/package.zsh'
[0.745s] Level 1:colcon.colcon_core.environment:create_file_with_runtime_dependencies(/home/rtos/dev_ws/install/torcs_interfaces/share/colcon-core/packages/torcs_interfaces)
[0.746s] INFO:colcon.colcon_ros.task.ament_python.build:Building ROS package in '/home/rtos/dev_ws/src/ros2-torcs-client' with build type 'ament_python'
[0.746s] Level 1:colcon.colcon_core.shell:create_environment_hook('torcs_client', 'ament_prefix_path')
[0.747s] INFO:colcon.colcon_core.shell:Creating environment hook '/home/rtos/dev_ws/install/torcs_client/share/torcs_client/hook/ament_prefix_path.ps1'
[0.748s] INFO:colcon.colcon_core.shell:Creating environment descriptor '/home/rtos/dev_ws/install/torcs_client/share/torcs_client/hook/ament_prefix_path.dsv'
[0.748s] INFO:colcon.colcon_core.shell:Creating environment hook '/home/rtos/dev_ws/install/torcs_client/share/torcs_client/hook/ament_prefix_path.sh'
[0.749s] INFO:colcon.colcon_core.shell:Skip shell extension 'powershell' for command environment: Not usable outside of PowerShell
[0.750s] DEBUG:colcon.colcon_core.shell:Skip shell extension 'dsv' for command environment
[0.752s] DEBUG:colcon.colcon_core.shell:Ignoring prefix path '/opt/ros/foxy'
[0.960s] INFO:colcon.colcon_core.task.python.build:Building Python package in '/home/rtos/dev_ws/src/ros2-torcs-client'
[0.961s] INFO:colcon.colcon_core.shell:Skip shell extension 'powershell' for command environment: Not usable outside of PowerShell
[0.962s] DEBUG:colcon.colcon_core.shell:Skip shell extension 'dsv' for command environment
[0.964s] DEBUG:colcon.colcon_core.shell:Ignoring prefix path '/opt/ros/foxy'
[0.968s] Level 1:colcon.colcon_core.environment:create_environment_scripts_only(splash_interfaces)
[0.969s] Level 1:colcon.colcon_core.environment:checking '/home/rtos/dev_ws/install/splash_interfaces' for CMake module files
[0.970s] Level 1:colcon.colcon_core.environment:checking '/home/rtos/dev_ws/install/splash_interfaces' for CMake config files
[0.971s] Level 1:colcon.colcon_core.shell:create_environment_hook('splash_interfaces', 'cmake_prefix_path')
[0.971s] INFO:colcon.colcon_core.shell:Creating environment hook '/home/rtos/dev_ws/install/splash_interfaces/share/splash_interfaces/hook/cmake_prefix_path.ps1'
[0.972s] INFO:colcon.colcon_core.shell:Creating environment descriptor '/home/rtos/dev_ws/install/splash_interfaces/share/splash_interfaces/hook/cmake_prefix_path.dsv'
[0.972s] INFO:colcon.colcon_core.shell:Creating environment hook '/home/rtos/dev_ws/install/splash_interfaces/share/splash_interfaces/hook/cmake_prefix_path.sh'
[0.973s] Level 1:colcon.colcon_core.environment:checking '/home/rtos/dev_ws/install/splash_interfaces/lib'
[0.973s] Level 1:colcon.colcon_core.shell:create_environment_hook('splash_interfaces', 'ld_library_path_lib')
[0.973s] INFO:colcon.colcon_core.shell:Creating environment hook '/home/rtos/dev_ws/install/splash_interfaces/share/splash_interfaces/hook/ld_library_path_lib.ps1'
[0.974s] INFO:colcon.colcon_core.shell:Creating environment descriptor '/home/rtos/dev_ws/install/splash_interfaces/share/splash_interfaces/hook/ld_library_path_lib.dsv'
[0.974s] INFO:colcon.colcon_core.shell:Creating environment hook '/home/rtos/dev_ws/install/splash_interfaces/share/splash_interfaces/hook/ld_library_path_lib.sh'
[0.974s] Level 1:colcon.colcon_core.environment:checking '/home/rtos/dev_ws/install/splash_interfaces/bin'
[0.974s] Level 1:colcon.colcon_core.environment:checking '/home/rtos/dev_ws/install/splash_interfaces/lib/pkgconfig/splash_interfaces.pc'
[0.974s] Level 1:colcon.colcon_core.environment:checking '/home/rtos/dev_ws/install/splash_interfaces/lib/python3.8/site-packages'
[0.975s] Level 1:colcon.colcon_core.shell:create_environment_hook('splash_interfaces', 'pythonpath')
[0.975s] INFO:colcon.colcon_core.shell:Creating environment hook '/home/rtos/dev_ws/install/splash_interfaces/share/splash_interfaces/hook/pythonpath.ps1'
[0.975s] INFO:colcon.colcon_core.shell:Creating environment descriptor '/home/rtos/dev_ws/install/splash_interfaces/share/splash_interfaces/hook/pythonpath.dsv'
[0.976s] INFO:colcon.colcon_core.shell:Creating environment hook '/home/rtos/dev_ws/install/splash_interfaces/share/splash_interfaces/hook/pythonpath.sh'
[0.976s] INFO:colcon.colcon_core.shell:Creating package script '/home/rtos/dev_ws/install/splash_interfaces/share/splash_interfaces/package.ps1'
[0.977s] INFO:colcon.colcon_core.shell:Creating package descriptor '/home/rtos/dev_ws/install/splash_interfaces/share/splash_interfaces/package.dsv'
[0.977s] INFO:colcon.colcon_core.shell:Creating package script '/home/rtos/dev_ws/install/splash_interfaces/share/splash_interfaces/package.sh'
[0.978s] INFO:colcon.colcon_core.shell:Creating package script '/home/rtos/dev_ws/install/splash_interfaces/share/splash_interfaces/package.bash'
[0.978s] INFO:colcon.colcon_core.shell:Creating package script '/home/rtos/dev_ws/install/splash_interfaces/share/splash_interfaces/package.zsh'
[0.979s] Level 1:colcon.colcon_core.environment:create_file_with_runtime_dependencies(/home/rtos/dev_ws/install/splash_interfaces/share/colcon-core/packages/splash_interfaces)
[0.980s] INFO:colcon.colcon_ros.task.ament_python.build:Building ROS package in '/home/rtos/dev_ws/src/srl' with build type 'ament_python'
[0.980s] Level 1:colcon.colcon_core.shell:create_environment_hook('srl', 'ament_prefix_path')
[0.980s] INFO:colcon.colcon_core.shell:Creating environment hook '/home/rtos/dev_ws/install/srl/share/srl/hook/ament_prefix_path.ps1'
[0.981s] INFO:colcon.colcon_core.shell:Creating environment descriptor '/home/rtos/dev_ws/install/srl/share/srl/hook/ament_prefix_path.dsv'
[0.981s] INFO:colcon.colcon_core.shell:Creating environment hook '/home/rtos/dev_ws/install/srl/share/srl/hook/ament_prefix_path.sh'
[0.982s] INFO:colcon.colcon_core.shell:Skip shell extension 'powershell' for command environment: Not usable outside of PowerShell
[0.982s] DEBUG:colcon.colcon_core.shell:Skip shell extension 'dsv' for command environment
[0.984s] DEBUG:colcon.colcon_core.shell:Ignoring prefix path '/opt/ros/foxy'
[0.992s] DEBUG:colcon.colcon_core.event_handler.log_command:Invoking command in '/home/rtos/dev_ws/src/ros2-torcs-client': PYTHONPATH=/home/rtos/dev_ws/install/torcs_client/lib/python3.8/site-packages:/home/rtos/dev_ws/install/torcs_interfaces/lib/python3.8/site-packages:/home/rtos/dev_ws/install/Torcs_5/lib/python3.8/site-packages:/home/rtos/dev_ws/install/torcs_client/lib/python3.8/site-packages:/home/rtos/dev_ws/install/lkas5/lib/python3.8/site-packages:/home/rtos/dev_ws/install/scl/lib/python3.8/site-packages:/home/rtos/dev_ws/install/srl/lib/python3.8/site-packages:/home/rtos/dev_ws/install/splash_interfaces/lib/python3.8/site-packages:/opt/ros/foxy/lib/python3.8/site-packages /usr/bin/python3 setup.py egg_info --egg-base ../../build/torcs_client build --build-base /home/rtos/dev_ws/build/torcs_client/build install --prefix /home/rtos/dev_ws/install/torcs_client --record /home/rtos/dev_ws/build/torcs_client/install.log --single-version-externally-managed
[1.206s] INFO:colcon.colcon_core.task.python.build:Building Python package in '/home/rtos/dev_ws/src/srl'
[1.207s] INFO:colcon.colcon_core.shell:Skip shell extension 'powershell' for command environment: Not usable outside of PowerShell
[1.207s] DEBUG:colcon.colcon_core.shell:Skip shell extension 'dsv' for command environment
[1.209s] DEBUG:colcon.colcon_core.shell:Ignoring prefix path '/opt/ros/foxy'
[1.218s] DEBUG:colcon.colcon_core.event_handler.log_command:Invoking command in '/home/rtos/dev_ws/src/srl': CMAKE_PREFIX_PATH=/home/rtos/dev_ws/install/splash_interfaces:/home/rtos/dev_ws/install/torcs_interfaces LD_LIBRARY_PATH=/home/rtos/dev_ws/install/splash_interfaces/lib:/home/rtos/dev_ws/install/torcs_interfaces/lib:/opt/ros/foxy/opt/yaml_cpp_vendor/lib:/opt/ros/foxy/opt/rviz_ogre_vendor/lib:/opt/ros/foxy/lib/x86_64-linux-gnu:/opt/ros/foxy/lib PYTHONPATH=/home/rtos/dev_ws/install/srl/lib/python3.8/site-packages:/home/rtos/dev_ws/install/splash_interfaces/lib/python3.8/site-packages:/home/rtos/dev_ws/install/Torcs_5/lib/python3.8/site-packages:/home/rtos/dev_ws/install/torcs_client/lib/python3.8/site-packages:/home/rtos/dev_ws/install/torcs_interfaces/lib/python3.8/site-packages:/home/rtos/dev_ws/install/lkas5/lib/python3.8/site-packages:/home/rtos/dev_ws/install/scl/lib/python3.8/site-packages:/home/rtos/dev_ws/install/srl/lib/python3.8/site-packages:/opt/ros/foxy/lib/python3.8/site-packages /usr/bin/python3 setup.py egg_info --egg-base ../../build/srl build --build-base /home/rtos/dev_ws/build/srl/build install --prefix /home/rtos/dev_ws/install/srl --record /home/rtos/dev_ws/build/srl/install.log --single-version-externally-managed
[1.279s] Level 1:colcon.colcon_core.environment:checking '/home/rtos/dev_ws/install/torcs_client' for CMake module files
[1.280s] DEBUG:colcon.colcon_core.event_handler.log_command:Invoked command in '/home/rtos/dev_ws/src/ros2-torcs-client' returned '0': PYTHONPATH=/home/rtos/dev_ws/install/torcs_client/lib/python3.8/site-packages:/home/rtos/dev_ws/install/torcs_interfaces/lib/python3.8/site-packages:/home/rtos/dev_ws/install/Torcs_5/lib/python3.8/site-packages:/home/rtos/dev_ws/install/torcs_client/lib/python3.8/site-packages:/home/rtos/dev_ws/install/lkas5/lib/python3.8/site-packages:/home/rtos/dev_ws/install/scl/lib/python3.8/site-packages:/home/rtos/dev_ws/install/srl/lib/python3.8/site-packages:/home/rtos/dev_ws/install/splash_interfaces/lib/python3.8/site-packages:/opt/ros/foxy/lib/python3.8/site-packages /usr/bin/python3 setup.py egg_info --egg-base ../../build/torcs_client build --build-base /home/rtos/dev_ws/build/torcs_client/build install --prefix /home/rtos/dev_ws/install/torcs_client --record /home/rtos/dev_ws/build/torcs_client/install.log --single-version-externally-managed
[1.281s] Level 1:colcon.colcon_core.environment:checking '/home/rtos/dev_ws/install/torcs_client' for CMake config files
[1.281s] Level 1:colcon.colcon_core.environment:checking '/home/rtos/dev_ws/install/torcs_client/lib'
[1.282s] Level 1:colcon.colcon_core.environment:checking '/home/rtos/dev_ws/install/torcs_client/bin'
[1.282s] Level 1:colcon.colcon_core.environment:checking '/home/rtos/dev_ws/install/torcs_client/lib/pkgconfig/torcs_client.pc'
[1.282s] Level 1:colcon.colcon_core.environment:checking '/home/rtos/dev_ws/install/torcs_client/lib/python3.8/site-packages'
[1.282s] Level 1:colcon.colcon_core.shell:create_environment_hook('torcs_client', 'pythonpath')
[1.283s] INFO:colcon.colcon_core.shell:Creating environment hook '/home/rtos/dev_ws/install/torcs_client/share/torcs_client/hook/pythonpath.ps1'
[1.283s] INFO:colcon.colcon_core.shell:Creating environment descriptor '/home/rtos/dev_ws/install/torcs_client/share/torcs_client/hook/pythonpath.dsv'
[1.284s] INFO:colcon.colcon_core.shell:Creating environment hook '/home/rtos/dev_ws/install/torcs_client/share/torcs_client/hook/pythonpath.sh'
[1.284s] Level 1:colcon.colcon_core.environment:create_environment_scripts_only(torcs_client)
[1.285s] INFO:colcon.colcon_core.shell:Creating package script '/home/rtos/dev_ws/install/torcs_client/share/torcs_client/package.ps1'
[1.286s] INFO:colcon.colcon_core.shell:Creating package descriptor '/home/rtos/dev_ws/install/torcs_client/share/torcs_client/package.dsv'
[1.287s] INFO:colcon.colcon_core.shell:Creating package script '/home/rtos/dev_ws/install/torcs_client/share/torcs_client/package.sh'
[1.287s] INFO:colcon.colcon_core.shell:Creating package script '/home/rtos/dev_ws/install/torcs_client/share/torcs_client/package.bash'
[1.288s] INFO:colcon.colcon_core.shell:Creating package script '/home/rtos/dev_ws/install/torcs_client/share/torcs_client/package.zsh'
[1.288s] Level 1:colcon.colcon_core.environment:create_file_with_runtime_dependencies(/home/rtos/dev_ws/install/torcs_client/share/colcon-core/packages/torcs_client)
[1.499s] Level 1:colcon.colcon_core.environment:checking '/home/rtos/dev_ws/install/srl' for CMake module files
[1.499s] DEBUG:colcon.colcon_core.event_handler.log_command:Invoked command in '/home/rtos/dev_ws/src/srl' returned '0': CMAKE_PREFIX_PATH=/home/rtos/dev_ws/install/splash_interfaces:/home/rtos/dev_ws/install/torcs_interfaces LD_LIBRARY_PATH=/home/rtos/dev_ws/install/splash_interfaces/lib:/home/rtos/dev_ws/install/torcs_interfaces/lib:/opt/ros/foxy/opt/yaml_cpp_vendor/lib:/opt/ros/foxy/opt/rviz_ogre_vendor/lib:/opt/ros/foxy/lib/x86_64-linux-gnu:/opt/ros/foxy/lib PYTHONPATH=/home/rtos/dev_ws/install/srl/lib/python3.8/site-packages:/home/rtos/dev_ws/install/splash_interfaces/lib/python3.8/site-packages:/home/rtos/dev_ws/install/Torcs_5/lib/python3.8/site-packages:/home/rtos/dev_ws/install/torcs_client/lib/python3.8/site-packages:/home/rtos/dev_ws/install/torcs_interfaces/lib/python3.8/site-packages:/home/rtos/dev_ws/install/lkas5/lib/python3.8/site-packages:/home/rtos/dev_ws/install/scl/lib/python3.8/site-packages:/home/rtos/dev_ws/install/srl/lib/python3.8/site-packages:/opt/ros/foxy/lib/python3.8/site-packages /usr/bin/python3 setup.py egg_info --egg-base ../../build/srl build --build-base /home/rtos/dev_ws/build/srl/build install --prefix /home/rtos/dev_ws/install/srl --record /home/rtos/dev_ws/build/srl/install.log --single-version-externally-managed
[1.500s] Level 1:colcon.colcon_core.environment:checking '/home/rtos/dev_ws/install/srl' for CMake config files
[1.500s] Level 1:colcon.colcon_core.environment:checking '/home/rtos/dev_ws/install/srl/lib'
[1.500s] Level 1:colcon.colcon_core.environment:checking '/home/rtos/dev_ws/install/srl/bin'
[1.500s] Level 1:colcon.colcon_core.environment:checking '/home/rtos/dev_ws/install/srl/lib/pkgconfig/srl.pc'
[1.500s] Level 1:colcon.colcon_core.environment:checking '/home/rtos/dev_ws/install/srl/lib/python3.8/site-packages'
[1.500s] Level 1:colcon.colcon_core.shell:create_environment_hook('srl', 'pythonpath')
[1.501s] INFO:colcon.colcon_core.shell:Creating environment hook '/home/rtos/dev_ws/install/srl/share/srl/hook/pythonpath.ps1'
[1.501s] INFO:colcon.colcon_core.shell:Creating environment descriptor '/home/rtos/dev_ws/install/srl/share/srl/hook/pythonpath.dsv'
[1.502s] INFO:colcon.colcon_core.shell:Creating environment hook '/home/rtos/dev_ws/install/srl/share/srl/hook/pythonpath.sh'
[1.502s] Level 1:colcon.colcon_core.environment:create_environment_scripts_only(srl)
[1.503s] INFO:colcon.colcon_core.shell:Creating package script '/home/rtos/dev_ws/install/srl/share/srl/package.ps1'
[1.503s] INFO:colcon.colcon_core.shell:Creating package descriptor '/home/rtos/dev_ws/install/srl/share/srl/package.dsv'
[1.504s] INFO:colcon.colcon_core.shell:Creating package script '/home/rtos/dev_ws/install/srl/share/srl/package.sh'
[1.504s] INFO:colcon.colcon_core.shell:Creating package script '/home/rtos/dev_ws/install/srl/share/srl/package.bash'
[1.504s] INFO:colcon.colcon_core.shell:Creating package script '/home/rtos/dev_ws/install/srl/share/srl/package.zsh'
[1.504s] Level 1:colcon.colcon_core.environment:create_file_with_runtime_dependencies(/home/rtos/dev_ws/install/srl/share/colcon-core/packages/srl)
[1.505s] INFO:colcon.colcon_ros.task.ament_python.build:Building ROS package in '/home/rtos/dev_ws/src/scl' with build type 'ament_python'
[1.505s] Level 1:colcon.colcon_core.shell:create_environment_hook('scl', 'ament_prefix_path')
[1.506s] INFO:colcon.colcon_core.shell:Creating environment hook '/home/rtos/dev_ws/install/scl/share/scl/hook/ament_prefix_path.ps1'
[1.506s] INFO:colcon.colcon_core.shell:Creating environment descriptor '/home/rtos/dev_ws/install/scl/share/scl/hook/ament_prefix_path.dsv'
[1.507s] INFO:colcon.colcon_core.shell:Creating environment hook '/home/rtos/dev_ws/install/scl/share/scl/hook/ament_prefix_path.sh'
[1.507s] INFO:colcon.colcon_core.shell:Skip shell extension 'powershell' for command environment: Not usable outside of PowerShell
[1.507s] DEBUG:colcon.colcon_core.shell:Skip shell extension 'dsv' for command environment
[1.509s] DEBUG:colcon.colcon_core.shell:Ignoring prefix path '/opt/ros/foxy'
[1.725s] INFO:colcon.colcon_core.task.python.build:Building Python package in '/home/rtos/dev_ws/src/scl'
[1.726s] INFO:colcon.colcon_core.shell:Skip shell extension 'powershell' for command environment: Not usable outside of PowerShell
[1.726s] DEBUG:colcon.colcon_core.shell:Skip shell extension 'dsv' for command environment
[1.728s] DEBUG:colcon.colcon_core.shell:Ignoring prefix path '/opt/ros/foxy'
[1.740s] DEBUG:colcon.colcon_core.event_handler.log_command:Invoking command in '/home/rtos/dev_ws/src/scl': AMENT_PREFIX_PATH=/home/rtos/dev_ws/install/srl:/home/rtos/dev_ws/install/Torcs_5:/home/rtos/dev_ws/install/torcs_client:/home/rtos/dev_ws/install/torcs_interfaces:/home/rtos/dev_ws/install/lkas5:/home/rtos/dev_ws/install/scl:/home/rtos/dev_ws/install/splash_interfaces:/opt/ros/foxy CMAKE_PREFIX_PATH=/home/rtos/dev_ws/install/splash_interfaces:/home/rtos/dev_ws/install/torcs_interfaces LD_LIBRARY_PATH=/home/rtos/dev_ws/install/splash_interfaces/lib:/home/rtos/dev_ws/install/torcs_interfaces/lib:/opt/ros/foxy/opt/yaml_cpp_vendor/lib:/opt/ros/foxy/opt/rviz_ogre_vendor/lib:/opt/ros/foxy/lib/x86_64-linux-gnu:/opt/ros/foxy/lib PYTHONPATH=/home/rtos/dev_ws/install/scl/lib/python3.8/site-packages:/home/rtos/dev_ws/install/srl/lib/python3.8/site-packages:/home/rtos/dev_ws/install/splash_interfaces/lib/python3.8/site-packages:/home/rtos/dev_ws/install/Torcs_5/lib/python3.8/site-packages:/home/rtos/dev_ws/install/torcs_client/lib/python3.8/site-packages:/home/rtos/dev_ws/install/torcs_interfaces/lib/python3.8/site-packages:/home/rtos/dev_ws/install/lkas5/lib/python3.8/site-packages:/home/rtos/dev_ws/install/scl/lib/python3.8/site-packages:/opt/ros/foxy/lib/python3.8/site-packages /usr/bin/python3 setup.py egg_info --egg-base ../../build/scl build --build-base /home/rtos/dev_ws/build/scl/build install --prefix /home/rtos/dev_ws/install/scl --record /home/rtos/dev_ws/build/scl/install.log --single-version-externally-managed
[2.012s] Level 1:colcon.colcon_core.environment:checking '/home/rtos/dev_ws/install/scl' for CMake module files
[2.013s] DEBUG:colcon.colcon_core.event_handler.log_command:Invoked command in '/home/rtos/dev_ws/src/scl' returned '0': AMENT_PREFIX_PATH=/home/rtos/dev_ws/install/srl:/home/rtos/dev_ws/install/Torcs_5:/home/rtos/dev_ws/install/torcs_client:/home/rtos/dev_ws/install/torcs_interfaces:/home/rtos/dev_ws/install/lkas5:/home/rtos/dev_ws/install/scl:/home/rtos/dev_ws/install/splash_interfaces:/opt/ros/foxy CMAKE_PREFIX_PATH=/home/rtos/dev_ws/install/splash_interfaces:/home/rtos/dev_ws/install/torcs_interfaces LD_LIBRARY_PATH=/home/rtos/dev_ws/install/splash_interfaces/lib:/home/rtos/dev_ws/install/torcs_interfaces/lib:/opt/ros/foxy/opt/yaml_cpp_vendor/lib:/opt/ros/foxy/opt/rviz_ogre_vendor/lib:/opt/ros/foxy/lib/x86_64-linux-gnu:/opt/ros/foxy/lib PYTHONPATH=/home/rtos/dev_ws/install/scl/lib/python3.8/site-packages:/home/rtos/dev_ws/install/srl/lib/python3.8/site-packages:/home/rtos/dev_ws/install/splash_interfaces/lib/python3.8/site-packages:/home/rtos/dev_ws/install/Torcs_5/lib/python3.8/site-packages:/home/rtos/dev_ws/install/torcs_client/lib/python3.8/site-packages:/home/rtos/dev_ws/install/torcs_interfaces/lib/python3.8/site-packages:/home/rtos/dev_ws/install/lkas5/lib/python3.8/site-packages:/home/rtos/dev_ws/install/scl/lib/python3.8/site-packages:/opt/ros/foxy/lib/python3.8/site-packages /usr/bin/python3 setup.py egg_info --egg-base ../../build/scl build --build-base /home/rtos/dev_ws/build/scl/build install --prefix /home/rtos/dev_ws/install/scl --record /home/rtos/dev_ws/build/scl/install.log --single-version-externally-managed
[2.013s] Level 1:colcon.colcon_core.environment:checking '/home/rtos/dev_ws/install/scl' for CMake config files
[2.014s] Level 1:colcon.colcon_core.environment:checking '/home/rtos/dev_ws/install/scl/lib'
[2.014s] Level 1:colcon.colcon_core.environment:checking '/home/rtos/dev_ws/install/scl/bin'
[2.014s] Level 1:colcon.colcon_core.environment:checking '/home/rtos/dev_ws/install/scl/lib/pkgconfig/scl.pc'
[2.014s] Level 1:colcon.colcon_core.environment:checking '/home/rtos/dev_ws/install/scl/lib/python3.8/site-packages'
[2.014s] Level 1:colcon.colcon_core.shell:create_environment_hook('scl', 'pythonpath')
[2.015s] INFO:colcon.colcon_core.shell:Creating environment hook '/home/rtos/dev_ws/install/scl/share/scl/hook/pythonpath.ps1'
[2.016s] INFO:colcon.colcon_core.shell:Creating environment descriptor '/home/rtos/dev_ws/install/scl/share/scl/hook/pythonpath.dsv'
[2.016s] INFO:colcon.colcon_core.shell:Creating environment hook '/home/rtos/dev_ws/install/scl/share/scl/hook/pythonpath.sh'
[2.016s] Level 1:colcon.colcon_core.environment:create_environment_scripts_only(scl)
[2.017s] INFO:colcon.colcon_core.shell:Creating package script '/home/rtos/dev_ws/install/scl/share/scl/package.ps1'
[2.017s] INFO:colcon.colcon_core.shell:Creating package descriptor '/home/rtos/dev_ws/install/scl/share/scl/package.dsv'
[2.018s] INFO:colcon.colcon_core.shell:Creating package script '/home/rtos/dev_ws/install/scl/share/scl/package.sh'
[2.018s] INFO:colcon.colcon_core.shell:Creating package script '/home/rtos/dev_ws/install/scl/share/scl/package.bash'
[2.018s] INFO:colcon.colcon_core.shell:Creating package script '/home/rtos/dev_ws/install/scl/share/scl/package.zsh'
[2.019s] Level 1:colcon.colcon_core.environment:create_file_with_runtime_dependencies(/home/rtos/dev_ws/install/scl/share/colcon-core/packages/scl)
[2.019s] INFO:colcon.colcon_ros.task.ament_python.build:Building ROS package in '/home/rtos/dev_ws/src/Torcs_5' with build type 'ament_python'
[2.019s] Level 1:colcon.colcon_core.shell:create_environment_hook('Torcs_5', 'ament_prefix_path')
[2.020s] INFO:colcon.colcon_core.shell:Creating environment hook '/home/rtos/dev_ws/install/Torcs_5/share/Torcs_5/hook/ament_prefix_path.ps1'
[2.021s] INFO:colcon.colcon_core.shell:Creating environment descriptor '/home/rtos/dev_ws/install/Torcs_5/share/Torcs_5/hook/ament_prefix_path.dsv'
[2.021s] INFO:colcon.colcon_core.shell:Creating environment hook '/home/rtos/dev_ws/install/Torcs_5/share/Torcs_5/hook/ament_prefix_path.sh'
[2.022s] INFO:colcon.colcon_core.shell:Skip shell extension 'powershell' for command environment: Not usable outside of PowerShell
[2.022s] DEBUG:colcon.colcon_core.shell:Skip shell extension 'dsv' for command environment
[2.024s] DEBUG:colcon.colcon_core.shell:Ignoring prefix path '/opt/ros/foxy'
[2.026s] INFO:colcon.colcon_ros.task.ament_python.build:Building ROS package in '/home/rtos/dev_ws/src/lkas5' with build type 'ament_python'
[2.027s] Level 1:colcon.colcon_core.shell:create_environment_hook('lkas5', 'ament_prefix_path')
[2.028s] INFO:colcon.colcon_core.shell:Creating environment hook '/home/rtos/dev_ws/install/lkas5/share/lkas5/hook/ament_prefix_path.ps1'
[2.029s] INFO:colcon.colcon_core.shell:Creating environment descriptor '/home/rtos/dev_ws/install/lkas5/share/lkas5/hook/ament_prefix_path.dsv'
[2.030s] INFO:colcon.colcon_core.shell:Creating environment hook '/home/rtos/dev_ws/install/lkas5/share/lkas5/hook/ament_prefix_path.sh'
[2.031s] INFO:colcon.colcon_core.shell:Skip shell extension 'powershell' for command environment: Not usable outside of PowerShell
[2.031s] DEBUG:colcon.colcon_core.shell:Skip shell extension 'dsv' for command environment
[2.033s] DEBUG:colcon.colcon_core.shell:Ignoring prefix path '/opt/ros/foxy'
[2.246s] INFO:colcon.colcon_core.task.python.build:Building Python package in '/home/rtos/dev_ws/src/Torcs_5'
[2.248s] INFO:colcon.colcon_core.shell:Skip shell extension 'powershell' for command environment: Not usable outside of PowerShell
[2.248s] DEBUG:colcon.colcon_core.shell:Skip shell extension 'dsv' for command environment
[2.250s] DEBUG:colcon.colcon_core.shell:Ignoring prefix path '/opt/ros/foxy'
[2.466s] INFO:colcon.colcon_core.task.python.build:Building Python package in '/home/rtos/dev_ws/src/lkas5'
[2.467s] INFO:colcon.colcon_core.shell:Skip shell extension 'powershell' for command environment: Not usable outside of PowerShell
[2.467s] DEBUG:colcon.colcon_core.shell:Skip shell extension 'dsv' for command environment
[2.469s] DEBUG:colcon.colcon_core.shell:Ignoring prefix path '/opt/ros/foxy'
[2.477s] DEBUG:colcon.colcon_core.event_handler.log_command:Invoking command in '/home/rtos/dev_ws/src/Torcs_5': AMENT_PREFIX_PATH=/home/rtos/dev_ws/install/scl:/home/rtos/dev_ws/install/srl:/home/rtos/dev_ws/install/Torcs_5:/home/rtos/dev_ws/install/torcs_client:/home/rtos/dev_ws/install/torcs_interfaces:/home/rtos/dev_ws/install/lkas5:/home/rtos/dev_ws/install/splash_interfaces:/opt/ros/foxy CMAKE_PREFIX_PATH=/home/rtos/dev_ws/install/splash_interfaces:/home/rtos/dev_ws/install/torcs_interfaces LD_LIBRARY_PATH=/home/rtos/dev_ws/install/splash_interfaces/lib:/home/rtos/dev_ws/install/torcs_interfaces/lib:/opt/ros/foxy/opt/yaml_cpp_vendor/lib:/opt/ros/foxy/opt/rviz_ogre_vendor/lib:/opt/ros/foxy/lib/x86_64-linux-gnu:/opt/ros/foxy/lib PYTHONPATH=/home/rtos/dev_ws/install/Torcs_5/lib/python3.8/site-packages:/home/rtos/dev_ws/install/scl/lib/python3.8/site-packages:/home/rtos/dev_ws/install/srl/lib/python3.8/site-packages:/home/rtos/dev_ws/install/splash_interfaces/lib/python3.8/site-packages:/home/rtos/dev_ws/install/Torcs_5/lib/python3.8/site-packages:/home/rtos/dev_ws/install/torcs_client/lib/python3.8/site-packages:/home/rtos/dev_ws/install/torcs_interfaces/lib/python3.8/site-packages:/home/rtos/dev_ws/install/lkas5/lib/python3.8/site-packages:/opt/ros/foxy/lib/python3.8/site-packages /usr/bin/python3 setup.py egg_info --egg-base ../../build/Torcs_5 build --build-base /home/rtos/dev_ws/build/Torcs_5/build install --prefix /home/rtos/dev_ws/install/Torcs_5 --record /home/rtos/dev_ws/build/Torcs_5/install.log --single-version-externally-managed
[2.480s] DEBUG:colcon.colcon_core.event_handler.log_command:Invoking command in '/home/rtos/dev_ws/src/lkas5': AMENT_PREFIX_PATH=/home/rtos/dev_ws/install/scl:/home/rtos/dev_ws/install/srl:/home/rtos/dev_ws/install/Torcs_5:/home/rtos/dev_ws/install/torcs_client:/home/rtos/dev_ws/install/torcs_interfaces:/home/rtos/dev_ws/install/lkas5:/home/rtos/dev_ws/install/splash_interfaces:/opt/ros/foxy CMAKE_PREFIX_PATH=/home/rtos/dev_ws/install/splash_interfaces:/home/rtos/dev_ws/install/torcs_interfaces LD_LIBRARY_PATH=/home/rtos/dev_ws/install/splash_interfaces/lib:/home/rtos/dev_ws/install/torcs_interfaces/lib:/opt/ros/foxy/opt/yaml_cpp_vendor/lib:/opt/ros/foxy/opt/rviz_ogre_vendor/lib:/opt/ros/foxy/lib/x86_64-linux-gnu:/opt/ros/foxy/lib PYTHONPATH=/home/rtos/dev_ws/install/lkas5/lib/python3.8/site-packages:/home/rtos/dev_ws/install/scl/lib/python3.8/site-packages:/home/rtos/dev_ws/install/srl/lib/python3.8/site-packages:/home/rtos/dev_ws/install/splash_interfaces/lib/python3.8/site-packages:/home/rtos/dev_ws/install/Torcs_5/lib/python3.8/site-packages:/home/rtos/dev_ws/install/torcs_client/lib/python3.8/site-packages:/home/rtos/dev_ws/install/torcs_interfaces/lib/python3.8/site-packages:/home/rtos/dev_ws/install/lkas5/lib/python3.8/site-packages:/opt/ros/foxy/lib/python3.8/site-packages /usr/bin/python3 setup.py egg_info --egg-base ../../build/lkas5 build --build-base /home/rtos/dev_ws/build/lkas5/build install --prefix /home/rtos/dev_ws/install/lkas5 --record /home/rtos/dev_ws/build/lkas5/install.log --single-version-externally-managed
[2.760s] Level 1:colcon.colcon_core.environment:checking '/home/rtos/dev_ws/install/Torcs_5' for CMake module files
[2.760s] DEBUG:colcon.colcon_core.event_handler.log_command:Invoked command in '/home/rtos/dev_ws/src/Torcs_5' returned '0': AMENT_PREFIX_PATH=/home/rtos/dev_ws/install/scl:/home/rtos/dev_ws/install/srl:/home/rtos/dev_ws/install/Torcs_5:/home/rtos/dev_ws/install/torcs_client:/home/rtos/dev_ws/install/torcs_interfaces:/home/rtos/dev_ws/install/lkas5:/home/rtos/dev_ws/install/splash_interfaces:/opt/ros/foxy CMAKE_PREFIX_PATH=/home/rtos/dev_ws/install/splash_interfaces:/home/rtos/dev_ws/install/torcs_interfaces LD_LIBRARY_PATH=/home/rtos/dev_ws/install/splash_interfaces/lib:/home/rtos/dev_ws/install/torcs_interfaces/lib:/opt/ros/foxy/opt/yaml_cpp_vendor/lib:/opt/ros/foxy/opt/rviz_ogre_vendor/lib:/opt/ros/foxy/lib/x86_64-linux-gnu:/opt/ros/foxy/lib PYTHONPATH=/home/rtos/dev_ws/install/Torcs_5/lib/python3.8/site-packages:/home/rtos/dev_ws/install/scl/lib/python3.8/site-packages:/home/rtos/dev_ws/install/srl/lib/python3.8/site-packages:/home/rtos/dev_ws/install/splash_interfaces/lib/python3.8/site-packages:/home/rtos/dev_ws/install/Torcs_5/lib/python3.8/site-packages:/home/rtos/dev_ws/install/torcs_client/lib/python3.8/site-packages:/home/rtos/dev_ws/install/torcs_interfaces/lib/python3.8/site-packages:/home/rtos/dev_ws/install/lkas5/lib/python3.8/site-packages:/opt/ros/foxy/lib/python3.8/site-packages /usr/bin/python3 setup.py egg_info --egg-base ../../build/Torcs_5 build --build-base /home/rtos/dev_ws/build/Torcs_5/build install --prefix /home/rtos/dev_ws/install/Torcs_5 --record /home/rtos/dev_ws/build/Torcs_5/install.log --single-version-externally-managed
[2.761s] Level 1:colcon.colcon_core.environment:checking '/home/rtos/dev_ws/install/Torcs_5' for CMake config files
[2.762s] Level 1:colcon.colcon_core.environment:checking '/home/rtos/dev_ws/install/Torcs_5/lib'
[2.762s] Level 1:colcon.colcon_core.environment:checking '/home/rtos/dev_ws/install/Torcs_5/bin'
[2.762s] Level 1:colcon.colcon_core.environment:checking '/home/rtos/dev_ws/install/Torcs_5/lib/pkgconfig/Torcs_5.pc'
[2.762s] Level 1:colcon.colcon_core.environment:checking '/home/rtos/dev_ws/install/Torcs_5/lib/python3.8/site-packages'
[2.763s] Level 1:colcon.colcon_core.shell:create_environment_hook('Torcs_5', 'pythonpath')
[2.764s] INFO:colcon.colcon_core.shell:Creating environment hook '/home/rtos/dev_ws/install/Torcs_5/share/Torcs_5/hook/pythonpath.ps1'
[2.764s] INFO:colcon.colcon_core.shell:Creating environment descriptor '/home/rtos/dev_ws/install/Torcs_5/share/Torcs_5/hook/pythonpath.dsv'
[2.765s] INFO:colcon.colcon_core.shell:Creating environment hook '/home/rtos/dev_ws/install/Torcs_5/share/Torcs_5/hook/pythonpath.sh'
[2.766s] Level 1:colcon.colcon_core.environment:create_environment_scripts_only(Torcs_5)
[2.767s] INFO:colcon.colcon_core.shell:Creating package script '/home/rtos/dev_ws/install/Torcs_5/share/Torcs_5/package.ps1'
[2.767s] INFO:colcon.colcon_core.shell:Creating package descriptor '/home/rtos/dev_ws/install/Torcs_5/share/Torcs_5/package.dsv'
[2.768s] INFO:colcon.colcon_core.shell:Creating package script '/home/rtos/dev_ws/install/Torcs_5/share/Torcs_5/package.sh'
[2.769s] INFO:colcon.colcon_core.shell:Creating package script '/home/rtos/dev_ws/install/Torcs_5/share/Torcs_5/package.bash'
[2.769s] INFO:colcon.colcon_core.shell:Creating package script '/home/rtos/dev_ws/install/Torcs_5/share/Torcs_5/package.zsh'
[2.770s] Level 1:colcon.colcon_core.environment:create_file_with_runtime_dependencies(/home/rtos/dev_ws/install/Torcs_5/share/colcon-core/packages/Torcs_5)
[2.777s] Level 1:colcon.colcon_core.environment:checking '/home/rtos/dev_ws/install/lkas5' for CMake module files
[2.778s] DEBUG:colcon.colcon_core.event_handler.log_command:Invoked command in '/home/rtos/dev_ws/src/lkas5' returned '0': AMENT_PREFIX_PATH=/home/rtos/dev_ws/install/scl:/home/rtos/dev_ws/install/srl:/home/rtos/dev_ws/install/Torcs_5:/home/rtos/dev_ws/install/torcs_client:/home/rtos/dev_ws/install/torcs_interfaces:/home/rtos/dev_ws/install/lkas5:/home/rtos/dev_ws/install/splash_interfaces:/opt/ros/foxy CMAKE_PREFIX_PATH=/home/rtos/dev_ws/install/splash_interfaces:/home/rtos/dev_ws/install/torcs_interfaces LD_LIBRARY_PATH=/home/rtos/dev_ws/install/splash_interfaces/lib:/home/rtos/dev_ws/install/torcs_interfaces/lib:/opt/ros/foxy/opt/yaml_cpp_vendor/lib:/opt/ros/foxy/opt/rviz_ogre_vendor/lib:/opt/ros/foxy/lib/x86_64-linux-gnu:/opt/ros/foxy/lib PYTHONPATH=/home/rtos/dev_ws/install/lkas5/lib/python3.8/site-packages:/home/rtos/dev_ws/install/scl/lib/python3.8/site-packages:/home/rtos/dev_ws/install/srl/lib/python3.8/site-packages:/home/rtos/dev_ws/install/splash_interfaces/lib/python3.8/site-packages:/home/rtos/dev_ws/install/Torcs_5/lib/python3.8/site-packages:/home/rtos/dev_ws/install/torcs_client/lib/python3.8/site-packages:/home/rtos/dev_ws/install/torcs_interfaces/lib/python3.8/site-packages:/home/rtos/dev_ws/install/lkas5/lib/python3.8/site-packages:/opt/ros/foxy/lib/python3.8/site-packages /usr/bin/python3 setup.py egg_info --egg-base ../../build/lkas5 build --build-base /home/rtos/dev_ws/build/lkas5/build install --prefix /home/rtos/dev_ws/install/lkas5 --record /home/rtos/dev_ws/build/lkas5/install.log --single-version-externally-managed
[2.778s] Level 1:colcon.colcon_core.environment:checking '/home/rtos/dev_ws/install/lkas5' for CMake config files
[2.779s] Level 1:colcon.colcon_core.environment:checking '/home/rtos/dev_ws/install/lkas5/lib'
[2.779s] Level 1:colcon.colcon_core.environment:checking '/home/rtos/dev_ws/install/lkas5/bin'
[2.779s] Level 1:colcon.colcon_core.environment:checking '/home/rtos/dev_ws/install/lkas5/lib/pkgconfig/lkas5.pc'
[2.779s] Level 1:colcon.colcon_core.environment:checking '/home/rtos/dev_ws/install/lkas5/lib/python3.8/site-packages'
[2.779s] Level 1:colcon.colcon_core.shell:create_environment_hook('lkas5', 'pythonpath')
[2.780s] INFO:colcon.colcon_core.shell:Creating environment hook '/home/rtos/dev_ws/install/lkas5/share/lkas5/hook/pythonpath.ps1'
[2.781s] INFO:colcon.colcon_core.shell:Creating environment descriptor '/home/rtos/dev_ws/install/lkas5/share/lkas5/hook/pythonpath.dsv'
[2.781s] INFO:colcon.colcon_core.shell:Creating environment hook '/home/rtos/dev_ws/install/lkas5/share/lkas5/hook/pythonpath.sh'
[2.781s] Level 1:colcon.colcon_core.environment:create_environment_scripts_only(lkas5)
[2.782s] INFO:colcon.colcon_core.shell:Creating package script '/home/rtos/dev_ws/install/lkas5/share/lkas5/package.ps1'
[2.783s] INFO:colcon.colcon_core.shell:Creating package descriptor '/home/rtos/dev_ws/install/lkas5/share/lkas5/package.dsv'
[2.783s] INFO:colcon.colcon_core.shell:Creating package script '/home/rtos/dev_ws/install/lkas5/share/lkas5/package.sh'
[2.784s] INFO:colcon.colcon_core.shell:Creating package script '/home/rtos/dev_ws/install/lkas5/share/lkas5/package.bash'
[2.784s] INFO:colcon.colcon_core.shell:Creating package script '/home/rtos/dev_ws/install/lkas5/share/lkas5/package.zsh'
[2.784s] Level 1:colcon.colcon_core.environment:create_file_with_runtime_dependencies(/home/rtos/dev_ws/install/lkas5/share/colcon-core/packages/lkas5)
[2.785s] DEBUG:colcon.colcon_parallel_executor.executor.parallel:closing loop
[2.785s] DEBUG:colcon.colcon_parallel_executor.executor.parallel:loop closed
[2.785s] DEBUG:colcon.colcon_parallel_executor.executor.parallel:run_until_complete finished with '0'
[2.785s] DEBUG:colcon.colcon_core.event_reactor:joining thread
[2.792s] INFO:colcon.colcon_core.plugin_system:Skipping extension 'colcon_notification.desktop_notification.terminal_notifier': Not used on non-Darwin systems
[2.792s] INFO:colcon.colcon_core.plugin_system:Skipping extension 'colcon_notification.desktop_notification.win32': Not used on non-Windows systems
[2.792s] INFO:colcon.colcon_notification.desktop_notification:Sending desktop notification using 'notify2'
[2.806s] DEBUG:colcon.colcon_core.event_reactor:joined thread
[2.807s] INFO:colcon.colcon_core.shell:Creating prefix script '/home/rtos/dev_ws/install/local_setup.ps1'
[2.809s] INFO:colcon.colcon_core.shell:Creating prefix util module '/home/rtos/dev_ws/install/_local_setup_util_ps1.py'
[2.810s] INFO:colcon.colcon_core.shell:Creating prefix chain script '/home/rtos/dev_ws/install/setup.ps1'
[2.813s] INFO:colcon.colcon_core.shell:Creating prefix script '/home/rtos/dev_ws/install/local_setup.sh'
[2.814s] INFO:colcon.colcon_core.shell:Creating prefix util module '/home/rtos/dev_ws/install/_local_setup_util_sh.py'
[2.814s] INFO:colcon.colcon_core.shell:Creating prefix chain script '/home/rtos/dev_ws/install/setup.sh'
[2.817s] INFO:colcon.colcon_core.shell:Creating prefix script '/home/rtos/dev_ws/install/local_setup.bash'
[2.818s] INFO:colcon.colcon_core.shell:Creating prefix chain script '/home/rtos/dev_ws/install/setup.bash'
[2.820s] INFO:colcon.colcon_core.shell:Creating prefix script '/home/rtos/dev_ws/install/local_setup.zsh'
[2.820s] INFO:colcon.colcon_core.shell:Creating prefix chain script '/home/rtos/dev_ws/install/setup.zsh'
