[0.630s] Invoking command in '/home/rtos/dev_ws/src/lkas4': AMENT_PREFIX_PATH=/home/rtos/dev_ws/install/scl:/home/rtos/dev_ws/install/srl:/home/rtos/dev_ws/install/torcs_client:/home/rtos/dev_ws/install/torcs_interfaces:/home/rtos/dev_ws/install/lkas5:/home/rtos/dev_ws/install/lkas4:/home/rtos/dev_ws/install/Torcs_5:/home/rtos/dev_ws/install/splash_interfaces:/opt/ros/foxy CMAKE_PREFIX_PATH=/home/rtos/dev_ws/install/splash_interfaces:/home/rtos/dev_ws/install/torcs_interfaces LD_LIBRARY_PATH=/home/rtos/dev_ws/install/splash_interfaces/lib:/home/rtos/dev_ws/install/torcs_interfaces/lib:/opt/ros/foxy/opt/yaml_cpp_vendor/lib:/opt/ros/foxy/opt/rviz_ogre_vendor/lib:/opt/ros/foxy/lib/x86_64-linux-gnu:/opt/ros/foxy/lib PYTHONPATH=/home/rtos/dev_ws/install/lkas4/lib/python3.8/site-packages:/home/rtos/dev_ws/install/scl/lib/python3.8/site-packages:/home/rtos/dev_ws/install/srl/lib/python3.8/site-packages:/home/rtos/dev_ws/install/splash_interfaces/lib/python3.8/site-packages:/home/rtos/dev_ws/install/torcs_client/lib/python3.8/site-packages:/home/rtos/dev_ws/install/torcs_interfaces/lib/python3.8/site-packages:/home/rtos/dev_ws/install/lkas5/lib/python3.8/site-packages:/home/rtos/dev_ws/install/lkas4/lib/python3.8/site-packages:/home/rtos/dev_ws/install/Torcs_5/lib/python3.8/site-packages:/opt/ros/foxy/lib/python3.8/site-packages /usr/bin/python3 setup.py egg_info --egg-base ../../build/lkas4 build --build-base /home/rtos/dev_ws/build/lkas4/build install --prefix /home/rtos/dev_ws/install/lkas4 --record /home/rtos/dev_ws/build/lkas4/install.log --single-version-externally-managed
[0.821s] running egg_info
[0.822s] writing ../../build/lkas4/lkas4.egg-info/PKG-INFO
[0.822s] writing dependency_links to ../../build/lkas4/lkas4.egg-info/dependency_links.txt
[0.822s] writing entry points to ../../build/lkas4/lkas4.egg-info/entry_points.txt
[0.822s] writing requirements to ../../build/lkas4/lkas4.egg-info/requires.txt
[0.822s] writing top-level names to ../../build/lkas4/lkas4.egg-info/top_level.txt
[0.852s] reading manifest file '../../build/lkas4/lkas4.egg-info/SOURCES.txt'
[0.853s] writing manifest file '../../build/lkas4/lkas4.egg-info/SOURCES.txt'
[0.853s] running build
[0.853s] running build_py
[0.855s] running install
[0.856s] running install_lib
[0.858s] running install_data
[0.859s] running install_egg_info
[0.860s] removing '/home/rtos/dev_ws/install/lkas4/lib/python3.8/site-packages/lkas4-0.0.0-py3.8.egg-info' (and everything under it)
[0.861s] Copying ../../build/lkas4/lkas4.egg-info to /home/rtos/dev_ws/install/lkas4/lib/python3.8/site-packages/lkas4-0.0.0-py3.8.egg-info
[0.862s] running install_scripts
[0.878s] Installing default_build_unit script to /home/rtos/dev_ws/install/lkas4/lib/lkas4
[0.878s] Installing splash_server script to /home/rtos/dev_ws/install/lkas4/lib/lkas4
[0.878s] writing list of installed files to '/home/rtos/dev_ws/build/lkas4/install.log'
[0.909s] Invoked command in '/home/rtos/dev_ws/src/lkas4' returned '0': AMENT_PREFIX_PATH=/home/rtos/dev_ws/install/scl:/home/rtos/dev_ws/install/srl:/home/rtos/dev_ws/install/torcs_client:/home/rtos/dev_ws/install/torcs_interfaces:/home/rtos/dev_ws/install/lkas5:/home/rtos/dev_ws/install/lkas4:/home/rtos/dev_ws/install/Torcs_5:/home/rtos/dev_ws/install/splash_interfaces:/opt/ros/foxy CMAKE_PREFIX_PATH=/home/rtos/dev_ws/install/splash_interfaces:/home/rtos/dev_ws/install/torcs_interfaces LD_LIBRARY_PATH=/home/rtos/dev_ws/install/splash_interfaces/lib:/home/rtos/dev_ws/install/torcs_interfaces/lib:/opt/ros/foxy/opt/yaml_cpp_vendor/lib:/opt/ros/foxy/opt/rviz_ogre_vendor/lib:/opt/ros/foxy/lib/x86_64-linux-gnu:/opt/ros/foxy/lib PYTHONPATH=/home/rtos/dev_ws/install/lkas4/lib/python3.8/site-packages:/home/rtos/dev_ws/install/scl/lib/python3.8/site-packages:/home/rtos/dev_ws/install/srl/lib/python3.8/site-packages:/home/rtos/dev_ws/install/splash_interfaces/lib/python3.8/site-packages:/home/rtos/dev_ws/install/torcs_client/lib/python3.8/site-packages:/home/rtos/dev_ws/install/torcs_interfaces/lib/python3.8/site-packages:/home/rtos/dev_ws/install/lkas5/lib/python3.8/site-packages:/home/rtos/dev_ws/install/lkas4/lib/python3.8/site-packages:/home/rtos/dev_ws/install/Torcs_5/lib/python3.8/site-packages:/opt/ros/foxy/lib/python3.8/site-packages /usr/bin/python3 setup.py egg_info --egg-base ../../build/lkas4 build --build-base /home/rtos/dev_ws/build/lkas4/build install --prefix /home/rtos/dev_ws/install/lkas4 --record /home/rtos/dev_ws/build/lkas4/install.log --single-version-externally-managed
