[0.014s] Invoking command in '/home/rtos/dev_ws/build/torcs_interfaces': CMAKE_PREFIX_PATH=/opt/ros/foxy /usr/bin/cmake /home/rtos/dev_ws/src/torcs_interfaces -DCMAKE_INSTALL_PREFIX=/home/rtos/dev_ws/install/torcs_interfaces
[0.061s] -- The C compiler identification is GNU 9.3.0
[0.120s] -- The CXX compiler identification is GNU 9.3.0
[0.125s] -- Check for working C compiler: /usr/bin/cc
[0.195s] -- Check for working C compiler: /usr/bin/cc -- works
[0.195s] -- Detecting C compiler ABI info
[0.265s] -- Detecting C compiler ABI info - done
[0.275s] -- Detecting C compile features
[0.276s] -- Detecting C compile features - done
[0.278s] -- Check for working CXX compiler: /usr/bin/c++
[0.354s] -- Check for working CXX compiler: /usr/bin/c++ -- works
[0.355s] -- Detecting CXX compiler ABI info
[0.435s] -- Detecting CXX compiler ABI info - done
[0.446s] -- Detecting CXX compile features
[0.447s] -- Detecting CXX compile features - done
[0.449s] -- Found ament_cmake: 0.9.7 (/opt/ros/foxy/share/ament_cmake/cmake)
[0.471s] -- Found PythonInterp: /usr/bin/python3 (found suitable version "3.8.5", minimum required is "3") 
[0.471s] -- Using PYTHON_EXECUTABLE: /usr/bin/python3
[0.639s] -- Found rosidl_default_generators: 1.0.0 (/opt/ros/foxy/share/rosidl_default_generators/cmake)
[0.641s] -- Using all available rosidl_typesupport_c: rosidl_typesupport_fastrtps_c;rosidl_typesupport_introspection_c
[0.647s] -- Found rosidl_adapter: 1.1.0 (/opt/ros/foxy/share/rosidl_adapter/cmake)
[0.721s] -- Found OpenSSL: /usr/lib/x86_64-linux-gnu/libcrypto.so (found version "1.1.1f")  
[0.745s] -- Found FastRTPS: /opt/ros/foxy/include  
[0.817s] -- Using all available rosidl_typesupport_cpp: rosidl_typesupport_fastrtps_cpp;rosidl_typesupport_introspection_cpp
[0.842s] -- Found std_msgs: 2.0.3 (/opt/ros/foxy/share/std_msgs/cmake)
[0.893s] -- Found PythonInterp: /usr/bin/python3 (found version "3.8.5") 
[1.048s] -- Found ament_cmake_ros: 0.9.0 (/opt/ros/foxy/share/ament_cmake_ros/cmake)
[1.204s] -- Using all available rosidl_typesupport_c: rosidl_typesupport_fastrtps_c;rosidl_typesupport_introspection_c
[1.265s] -- Using all available rosidl_typesupport_cpp: rosidl_typesupport_fastrtps_cpp;rosidl_typesupport_introspection_cpp
[1.286s] -- Found PythonInterp: /usr/bin/python3 (found suitable version "3.8.5", minimum required is "3.5") 
[1.287s] -- Found python_cmake_module: 0.8.0 (/opt/ros/foxy/share/python_cmake_module/cmake)
[1.311s] -- Found PythonLibs: /usr/lib/x86_64-linux-gnu/libpython3.8.so (found suitable version "3.8.5", minimum required is "3.5") 
[1.311s] -- Using PYTHON_EXECUTABLE: /usr/bin/python3
[1.311s] -- Using PYTHON_INCLUDE_DIRS: /usr/include/python3.8
[1.311s] -- Using PYTHON_LIBRARIES: /usr/lib/x86_64-linux-gnu/libpython3.8.so
[1.331s] -- Found PythonExtra: .so  
[1.388s] -- Found ament_lint_auto: 0.9.5 (/opt/ros/foxy/share/ament_lint_auto/cmake)
[1.405s] -- Added test 'copyright' to check source files copyright and LICENSE
[1.411s] -- Added test 'lint_cmake' to check CMake code style
[1.414s] -- Added test 'xmllint' to check XML markup files
[1.419s] -- Configuring done
[1.462s] -- Generating done
[1.464s] -- Build files have been written to: /home/rtos/dev_ws/build/torcs_interfaces
