running egg_info
creating ../../build/torcs_client/torcs_client.egg-info
writing ../../build/torcs_client/torcs_client.egg-info/PKG-INFO
writing dependency_links to ../../build/torcs_client/torcs_client.egg-info/dependency_links.txt
writing entry points to ../../build/torcs_client/torcs_client.egg-info/entry_points.txt
writing requirements to ../../build/torcs_client/torcs_client.egg-info/requires.txt
writing top-level names to ../../build/torcs_client/torcs_client.egg-info/top_level.txt
writing manifest file '../../build/torcs_client/torcs_client.egg-info/SOURCES.txt'
reading manifest file '../../build/torcs_client/torcs_client.egg-info/SOURCES.txt'
writing manifest file '../../build/torcs_client/torcs_client.egg-info/SOURCES.txt'
running build
running build_py
creating /home/rtos/dev_ws/build/torcs_client/build
creating /home/rtos/dev_ws/build/torcs_client/build/lib
creating /home/rtos/dev_ws/build/torcs_client/build/lib/torcs_client
copying torcs_client/torcs_client.py -> /home/rtos/dev_ws/build/torcs_client/build/lib/torcs_client
copying torcs_client/__init__.py -> /home/rtos/dev_ws/build/torcs_client/build/lib/torcs_client
copying torcs_client/main.py -> /home/rtos/dev_ws/build/torcs_client/build/lib/torcs_client
copying torcs_client/simple_parser.py -> /home/rtos/dev_ws/build/torcs_client/build/lib/torcs_client
running install
running install_lib
creating /home/rtos/dev_ws/install/torcs_client/lib/python3.8/site-packages/torcs_client
copying /home/rtos/dev_ws/build/torcs_client/build/lib/torcs_client/torcs_client.py -> /home/rtos/dev_ws/install/torcs_client/lib/python3.8/site-packages/torcs_client
copying /home/rtos/dev_ws/build/torcs_client/build/lib/torcs_client/__init__.py -> /home/rtos/dev_ws/install/torcs_client/lib/python3.8/site-packages/torcs_client
copying /home/rtos/dev_ws/build/torcs_client/build/lib/torcs_client/main.py -> /home/rtos/dev_ws/install/torcs_client/lib/python3.8/site-packages/torcs_client
copying /home/rtos/dev_ws/build/torcs_client/build/lib/torcs_client/simple_parser.py -> /home/rtos/dev_ws/install/torcs_client/lib/python3.8/site-packages/torcs_client
byte-compiling /home/rtos/dev_ws/install/torcs_client/lib/python3.8/site-packages/torcs_client/torcs_client.py to torcs_client.cpython-38.pyc
byte-compiling /home/rtos/dev_ws/install/torcs_client/lib/python3.8/site-packages/torcs_client/__init__.py to __init__.cpython-38.pyc
byte-compiling /home/rtos/dev_ws/install/torcs_client/lib/python3.8/site-packages/torcs_client/main.py to main.cpython-38.pyc
byte-compiling /home/rtos/dev_ws/install/torcs_client/lib/python3.8/site-packages/torcs_client/simple_parser.py to simple_parser.cpython-38.pyc
running install_data
creating /home/rtos/dev_ws/install/torcs_client/share/ament_index
creating /home/rtos/dev_ws/install/torcs_client/share/ament_index/resource_index
creating /home/rtos/dev_ws/install/torcs_client/share/ament_index/resource_index/packages
copying resource/torcs_client -> /home/rtos/dev_ws/install/torcs_client/share/ament_index/resource_index/packages
copying package.xml -> /home/rtos/dev_ws/install/torcs_client/share/torcs_client
running install_egg_info
Copying ../../build/torcs_client/torcs_client.egg-info to /home/rtos/dev_ws/install/torcs_client/lib/python3.8/site-packages/torcs_client-0.0.0-py3.8.egg-info
running install_scripts
Installing main script to /home/rtos/dev_ws/install/torcs_client/lib/torcs_client
writing list of installed files to '/home/rtos/dev_ws/build/torcs_client/install.log'
