[0.205s] Invoking command in '/home/rtos/dev_ws/src/scl': AMENT_PREFIX_PATH=/home/rtos/dev_ws/install/srl:${AMENT_PREFIX_PATH} PYTHONPATH=/home/rtos/dev_ws/install/scl/lib/python3.8/site-packages:/home/rtos/dev_ws/install/srl/lib/python3.8/site-packages:${PYTHONPATH} /usr/bin/python3 setup.py egg_info --egg-base ../../build/scl build --build-base /home/rtos/dev_ws/build/scl/build install --prefix /home/rtos/dev_ws/install/scl --record /home/rtos/dev_ws/build/scl/install.log --single-version-externally-managed
[0.383s] running egg_info
[0.383s] creating ../../build/scl/scl.egg-info
[0.383s] writing ../../build/scl/scl.egg-info/PKG-INFO
[0.384s] writing dependency_links to ../../build/scl/scl.egg-info/dependency_links.txt
[0.384s] writing entry points to ../../build/scl/scl.egg-info/entry_points.txt
[0.384s] writing requirements to ../../build/scl/scl.egg-info/requires.txt
[0.384s] writing top-level names to ../../build/scl/scl.egg-info/top_level.txt
[0.385s] writing manifest file '../../build/scl/scl.egg-info/SOURCES.txt'
[0.412s] reading manifest file '../../build/scl/scl.egg-info/SOURCES.txt'
[0.413s] writing manifest file '../../build/scl/scl.egg-info/SOURCES.txt'
[0.413s] running build
[0.413s] running build_py
[0.413s] creating /home/rtos/dev_ws/build/scl/build
[0.413s] creating /home/rtos/dev_ws/build/scl/build/lib
[0.414s] creating /home/rtos/dev_ws/build/scl/build/lib/scl
[0.414s] copying scl/channel.py -> /home/rtos/dev_ws/build/scl/build/lib/scl
[0.414s] copying scl/link.py -> /home/rtos/dev_ws/build/scl/build/lib/scl
[0.414s] copying scl/exceptions.py -> /home/rtos/dev_ws/build/scl/build/lib/scl
[0.414s] copying scl/sthread.py -> /home/rtos/dev_ws/build/scl/build/lib/scl
[0.414s] copying scl/build_unit.py -> /home/rtos/dev_ws/build/scl/build/lib/scl
[0.414s] copying scl/__init__.py -> /home/rtos/dev_ws/build/scl/build/lib/scl
[0.415s] copying scl/components.py -> /home/rtos/dev_ws/build/scl/build/lib/scl
[0.415s] copying scl/clink.py -> /home/rtos/dev_ws/build/scl/build/lib/scl
[0.415s] copying scl/executor.py -> /home/rtos/dev_ws/build/scl/build/lib/scl
[0.415s] copying scl/factory.py -> /home/rtos/dev_ws/build/scl/build/lib/scl
[0.415s] creating /home/rtos/dev_ws/build/scl/build/lib/scl/impl
[0.415s] copying scl/impl/msg_converter.py -> /home/rtos/dev_ws/build/scl/build/lib/scl/impl
[0.416s] copying scl/impl/__init__.py -> /home/rtos/dev_ws/build/scl/build/lib/scl/impl
[0.416s] copying scl/impl/singleton.py -> /home/rtos/dev_ws/build/scl/build/lib/scl/impl
[0.416s] running install
[0.417s] running install_lib
[0.417s] creating /home/rtos/dev_ws/install/scl/lib/python3.8/site-packages/scl
[0.418s] copying /home/rtos/dev_ws/build/scl/build/lib/scl/channel.py -> /home/rtos/dev_ws/install/scl/lib/python3.8/site-packages/scl
[0.418s] copying /home/rtos/dev_ws/build/scl/build/lib/scl/link.py -> /home/rtos/dev_ws/install/scl/lib/python3.8/site-packages/scl
[0.418s] copying /home/rtos/dev_ws/build/scl/build/lib/scl/exceptions.py -> /home/rtos/dev_ws/install/scl/lib/python3.8/site-packages/scl
[0.418s] copying /home/rtos/dev_ws/build/scl/build/lib/scl/sthread.py -> /home/rtos/dev_ws/install/scl/lib/python3.8/site-packages/scl
[0.418s] creating /home/rtos/dev_ws/install/scl/lib/python3.8/site-packages/scl/impl
[0.418s] copying /home/rtos/dev_ws/build/scl/build/lib/scl/impl/msg_converter.py -> /home/rtos/dev_ws/install/scl/lib/python3.8/site-packages/scl/impl
[0.419s] copying /home/rtos/dev_ws/build/scl/build/lib/scl/impl/__init__.py -> /home/rtos/dev_ws/install/scl/lib/python3.8/site-packages/scl/impl
[0.419s] copying /home/rtos/dev_ws/build/scl/build/lib/scl/impl/singleton.py -> /home/rtos/dev_ws/install/scl/lib/python3.8/site-packages/scl/impl
[0.419s] copying /home/rtos/dev_ws/build/scl/build/lib/scl/build_unit.py -> /home/rtos/dev_ws/install/scl/lib/python3.8/site-packages/scl
[0.419s] copying /home/rtos/dev_ws/build/scl/build/lib/scl/__init__.py -> /home/rtos/dev_ws/install/scl/lib/python3.8/site-packages/scl
[0.419s] copying /home/rtos/dev_ws/build/scl/build/lib/scl/components.py -> /home/rtos/dev_ws/install/scl/lib/python3.8/site-packages/scl
[0.419s] copying /home/rtos/dev_ws/build/scl/build/lib/scl/clink.py -> /home/rtos/dev_ws/install/scl/lib/python3.8/site-packages/scl
[0.419s] copying /home/rtos/dev_ws/build/scl/build/lib/scl/executor.py -> /home/rtos/dev_ws/install/scl/lib/python3.8/site-packages/scl
[0.420s] copying /home/rtos/dev_ws/build/scl/build/lib/scl/factory.py -> /home/rtos/dev_ws/install/scl/lib/python3.8/site-packages/scl
[0.420s] byte-compiling /home/rtos/dev_ws/install/scl/lib/python3.8/site-packages/scl/channel.py to channel.cpython-38.pyc
[0.422s] byte-compiling /home/rtos/dev_ws/install/scl/lib/python3.8/site-packages/scl/link.py to link.cpython-38.pyc
[0.422s] byte-compiling /home/rtos/dev_ws/install/scl/lib/python3.8/site-packages/scl/exceptions.py to exceptions.cpython-38.pyc
[0.422s] byte-compiling /home/rtos/dev_ws/install/scl/lib/python3.8/site-packages/scl/sthread.py to sthread.cpython-38.pyc
[0.423s] byte-compiling /home/rtos/dev_ws/install/scl/lib/python3.8/site-packages/scl/impl/msg_converter.py to msg_converter.cpython-38.pyc
[0.424s] byte-compiling /home/rtos/dev_ws/install/scl/lib/python3.8/site-packages/scl/impl/__init__.py to __init__.cpython-38.pyc
[0.424s] byte-compiling /home/rtos/dev_ws/install/scl/lib/python3.8/site-packages/scl/impl/singleton.py to singleton.cpython-38.pyc
[0.424s] byte-compiling /home/rtos/dev_ws/install/scl/lib/python3.8/site-packages/scl/build_unit.py to build_unit.cpython-38.pyc
[0.425s] byte-compiling /home/rtos/dev_ws/install/scl/lib/python3.8/site-packages/scl/__init__.py to __init__.cpython-38.pyc
[0.425s] byte-compiling /home/rtos/dev_ws/install/scl/lib/python3.8/site-packages/scl/components.py to components.cpython-38.pyc
[0.427s] byte-compiling /home/rtos/dev_ws/install/scl/lib/python3.8/site-packages/scl/clink.py to clink.cpython-38.pyc
[0.427s] byte-compiling /home/rtos/dev_ws/install/scl/lib/python3.8/site-packages/scl/executor.py to executor.cpython-38.pyc
[0.428s] byte-compiling /home/rtos/dev_ws/install/scl/lib/python3.8/site-packages/scl/factory.py to factory.cpython-38.pyc
[0.428s] running install_data
[0.429s] creating /home/rtos/dev_ws/install/scl/share/ament_index
[0.429s] creating /home/rtos/dev_ws/install/scl/share/ament_index/resource_index
[0.429s] creating /home/rtos/dev_ws/install/scl/share/ament_index/resource_index/packages
[0.429s] copying resource/scl -> /home/rtos/dev_ws/install/scl/share/ament_index/resource_index/packages
[0.429s] copying package.xml -> /home/rtos/dev_ws/install/scl/share/scl
[0.429s] running install_egg_info
[0.430s] Copying ../../build/scl/scl.egg-info to /home/rtos/dev_ws/install/scl/lib/python3.8/site-packages/scl-0.0.0-py3.8.egg-info
[0.431s] running install_scripts
[0.446s] writing list of installed files to '/home/rtos/dev_ws/build/scl/install.log'
[0.465s] Invoked command in '/home/rtos/dev_ws/src/scl' returned '0': AMENT_PREFIX_PATH=/home/rtos/dev_ws/install/srl:${AMENT_PREFIX_PATH} PYTHONPATH=/home/rtos/dev_ws/install/scl/lib/python3.8/site-packages:/home/rtos/dev_ws/install/srl/lib/python3.8/site-packages:${PYTHONPATH} /usr/bin/python3 setup.py egg_info --egg-base ../../build/scl build --build-base /home/rtos/dev_ws/build/scl/build install --prefix /home/rtos/dev_ws/install/scl --record /home/rtos/dev_ws/build/scl/install.log --single-version-externally-managed
