[0.150s] DEBUG:colcon:Command line arguments: ['/usr/bin/colcon', 'build']
[0.150s] DEBUG:colcon:Parsed command line arguments: Namespace(ament_cmake_args=None, base_paths=['.'], build_base='build', catkin_cmake_args=None, catkin_skip_building_tests=False, cmake_args=None, cmake_clean_cache=False, cmake_clean_first=False, cmake_force_configure=False, cmake_target=None, cmake_target_skip_unavailable=False, continue_on_error=False, event_handlers=None, executor='parallel', ignore_user_meta=False, install_base='install', log_base=None, log_level=None, main=<bound method BuildVerb.main of <colcon_core.verb.build.BuildVerb object at 0x7f5ac731ccd0>>, merge_install=False, metas=['./colcon.meta'], packages_above=None, packages_above_and_dependencies=None, packages_above_depth=None, packages_end=None, packages_ignore=None, packages_ignore_regex=None, packages_select=None, packages_select_build_failed=False, packages_select_by_dep=None, packages_select_regex=None, packages_select_test_failures=False, packages_skip=None, packages_skip_build_finished=False, packages_skip_by_dep=None, packages_skip_regex=None, packages_skip_test_passed=False, packages_skip_up_to=None, packages_start=None, packages_up_to=None, packages_up_to_regex=None, parallel_workers=8, paths=None, symlink_install=False, test_result_base=None, verb_extension=<colcon_core.verb.build.BuildVerb object at 0x7f5ac731ccd0>, verb_name='build', verb_parser=<colcon_defaults.argument_parser.defaults.DefaultArgumentsDecorator object at 0x7f5ac7329280>)
[0.155s] Level 1:colcon.colcon_core.package_discovery:discover_packages(colcon_meta) check parameters
[0.155s] Level 1:colcon.colcon_core.package_discovery:discover_packages(recursive) check parameters
[0.155s] Level 1:colcon.colcon_core.package_discovery:discover_packages(ignore) check parameters
[0.155s] Level 1:colcon.colcon_core.package_discovery:discover_packages(path) check parameters
[0.155s] Level 1:colcon.colcon_core.package_discovery:discover_packages(colcon_meta) discover
[0.155s] Level 1:colcon.colcon_core.package_discovery:discover_packages(recursive) discover
[0.155s] INFO:colcon.colcon_core.package_discovery:Crawling recursively for packages in '/home/rtos/dev_ws'
[0.155s] Level 1:colcon.colcon_core.package_identification:_identify(.) by extensions ['ignore', 'ignore_ament_install']
[0.156s] Level 1:colcon.colcon_core.package_identification:_identify(.) by extension 'ignore'
[0.156s] Level 1:colcon.colcon_core.package_identification:_identify(.) by extension 'ignore_ament_install'
[0.156s] Level 1:colcon.colcon_core.package_identification:_identify(.) by extensions ['colcon_pkg']
[0.156s] Level 1:colcon.colcon_core.package_identification:_identify(.) by extension 'colcon_pkg'
[0.156s] Level 1:colcon.colcon_core.package_identification:_identify(.) by extensions ['colcon_meta']
[0.156s] Level 1:colcon.colcon_core.package_identification:_identify(.) by extension 'colcon_meta'
[0.156s] Level 1:colcon.colcon_core.package_identification:_identify(.) by extensions ['ros']
[0.156s] Level 1:colcon.colcon_core.package_identification:_identify(.) by extension 'ros'
[0.166s] Level 1:colcon.colcon_core.package_identification:_identify(.) by extensions ['cmake', 'python']
[0.166s] Level 1:colcon.colcon_core.package_identification:_identify(.) by extension 'cmake'
[0.167s] Level 1:colcon.colcon_core.package_identification:_identify(.) by extension 'python'
[0.167s] Level 1:colcon.colcon_core.package_identification:_identify(.) by extensions ['python_setup_py']
[0.167s] Level 1:colcon.colcon_core.package_identification:_identify(.) by extension 'python_setup_py'
[0.167s] Level 1:colcon.colcon_core.package_identification:_identify(build) by extensions ['ignore', 'ignore_ament_install']
[0.167s] Level 1:colcon.colcon_core.package_identification:_identify(build) by extension 'ignore'
[0.167s] Level 1:colcon.colcon_core.package_identification:_identify(build) ignored
[0.167s] Level 1:colcon.colcon_core.package_identification:_identify(install) by extensions ['ignore', 'ignore_ament_install']
[0.167s] Level 1:colcon.colcon_core.package_identification:_identify(install) by extension 'ignore'
[0.167s] Level 1:colcon.colcon_core.package_identification:_identify(install) ignored
[0.167s] Level 1:colcon.colcon_core.package_identification:_identify(log) by extensions ['ignore', 'ignore_ament_install']
[0.167s] Level 1:colcon.colcon_core.package_identification:_identify(log) by extension 'ignore'
[0.167s] Level 1:colcon.colcon_core.package_identification:_identify(log) ignored
[0.168s] Level 1:colcon.colcon_core.package_identification:_identify(src) by extensions ['ignore', 'ignore_ament_install']
[0.168s] Level 1:colcon.colcon_core.package_identification:_identify(src) by extension 'ignore'
[0.168s] Level 1:colcon.colcon_core.package_identification:_identify(src) by extension 'ignore_ament_install'
[0.168s] Level 1:colcon.colcon_core.package_identification:_identify(src) by extensions ['colcon_pkg']
[0.168s] Level 1:colcon.colcon_core.package_identification:_identify(src) by extension 'colcon_pkg'
[0.168s] Level 1:colcon.colcon_core.package_identification:_identify(src) by extensions ['colcon_meta']
[0.168s] Level 1:colcon.colcon_core.package_identification:_identify(src) by extension 'colcon_meta'
[0.168s] Level 1:colcon.colcon_core.package_identification:_identify(src) by extensions ['ros']
[0.168s] Level 1:colcon.colcon_core.package_identification:_identify(src) by extension 'ros'
[0.168s] Level 1:colcon.colcon_core.package_identification:_identify(src) by extensions ['cmake', 'python']
[0.168s] Level 1:colcon.colcon_core.package_identification:_identify(src) by extension 'cmake'
[0.168s] Level 1:colcon.colcon_core.package_identification:_identify(src) by extension 'python'
[0.168s] Level 1:colcon.colcon_core.package_identification:_identify(src) by extensions ['python_setup_py']
[0.168s] Level 1:colcon.colcon_core.package_identification:_identify(src) by extension 'python_setup_py'
[0.168s] Level 1:colcon.colcon_core.package_identification:_identify(src/Torcs_5) by extensions ['ignore', 'ignore_ament_install']
[0.168s] Level 1:colcon.colcon_core.package_identification:_identify(src/Torcs_5) by extension 'ignore'
[0.168s] Level 1:colcon.colcon_core.package_identification:_identify(src/Torcs_5) by extension 'ignore_ament_install'
[0.168s] Level 1:colcon.colcon_core.package_identification:_identify(src/Torcs_5) by extensions ['colcon_pkg']
[0.168s] Level 1:colcon.colcon_core.package_identification:_identify(src/Torcs_5) by extension 'colcon_pkg'
[0.169s] Level 1:colcon.colcon_core.package_identification:_identify(src/Torcs_5) by extensions ['colcon_meta']
[0.169s] Level 1:colcon.colcon_core.package_identification:_identify(src/Torcs_5) by extension 'colcon_meta'
[0.169s] Level 1:colcon.colcon_core.package_identification:_identify(src/Torcs_5) by extensions ['ros']
[0.169s] Level 1:colcon.colcon_core.package_identification:_identify(src/Torcs_5) by extension 'ros'
[0.171s] DEBUG:colcon.colcon_core.package_identification:Package 'src/Torcs_5' with type 'ros.ament_python' and name 'Torcs_5'
[0.171s] Level 1:colcon.colcon_core.package_identification:_identify(src/lkas4) by extensions ['ignore', 'ignore_ament_install']
[0.171s] Level 1:colcon.colcon_core.package_identification:_identify(src/lkas4) by extension 'ignore'
[0.171s] Level 1:colcon.colcon_core.package_identification:_identify(src/lkas4) by extension 'ignore_ament_install'
[0.171s] Level 1:colcon.colcon_core.package_identification:_identify(src/lkas4) by extensions ['colcon_pkg']
[0.171s] Level 1:colcon.colcon_core.package_identification:_identify(src/lkas4) by extension 'colcon_pkg'
[0.171s] Level 1:colcon.colcon_core.package_identification:_identify(src/lkas4) by extensions ['colcon_meta']
[0.171s] Level 1:colcon.colcon_core.package_identification:_identify(src/lkas4) by extension 'colcon_meta'
[0.172s] Level 1:colcon.colcon_core.package_identification:_identify(src/lkas4) by extensions ['ros']
[0.172s] Level 1:colcon.colcon_core.package_identification:_identify(src/lkas4) by extension 'ros'
[0.173s] DEBUG:colcon.colcon_core.package_identification:Package 'src/lkas4' with type 'ros.ament_python' and name 'lkas4'
[0.173s] Level 1:colcon.colcon_core.package_identification:_identify(src/lkas5) by extensions ['ignore', 'ignore_ament_install']
[0.173s] Level 1:colcon.colcon_core.package_identification:_identify(src/lkas5) by extension 'ignore'
[0.173s] Level 1:colcon.colcon_core.package_identification:_identify(src/lkas5) by extension 'ignore_ament_install'
[0.173s] Level 1:colcon.colcon_core.package_identification:_identify(src/lkas5) by extensions ['colcon_pkg']
[0.173s] Level 1:colcon.colcon_core.package_identification:_identify(src/lkas5) by extension 'colcon_pkg'
[0.174s] Level 1:colcon.colcon_core.package_identification:_identify(src/lkas5) by extensions ['colcon_meta']
[0.174s] Level 1:colcon.colcon_core.package_identification:_identify(src/lkas5) by extension 'colcon_meta'
[0.174s] Level 1:colcon.colcon_core.package_identification:_identify(src/lkas5) by extensions ['ros']
[0.174s] Level 1:colcon.colcon_core.package_identification:_identify(src/lkas5) by extension 'ros'
[0.174s] DEBUG:colcon.colcon_core.package_identification:Package 'src/lkas5' with type 'ros.ament_python' and name 'lkas5'
[0.175s] Level 1:colcon.colcon_core.package_identification:_identify(src/ros2-torcs-client) by extensions ['ignore', 'ignore_ament_install']
[0.175s] Level 1:colcon.colcon_core.package_identification:_identify(src/ros2-torcs-client) by extension 'ignore'
[0.175s] Level 1:colcon.colcon_core.package_identification:_identify(src/ros2-torcs-client) by extension 'ignore_ament_install'
[0.175s] Level 1:colcon.colcon_core.package_identification:_identify(src/ros2-torcs-client) by extensions ['colcon_pkg']
[0.175s] Level 1:colcon.colcon_core.package_identification:_identify(src/ros2-torcs-client) by extension 'colcon_pkg'
[0.175s] Level 1:colcon.colcon_core.package_identification:_identify(src/ros2-torcs-client) by extensions ['colcon_meta']
[0.175s] Level 1:colcon.colcon_core.package_identification:_identify(src/ros2-torcs-client) by extension 'colcon_meta'
[0.175s] Level 1:colcon.colcon_core.package_identification:_identify(src/ros2-torcs-client) by extensions ['ros']
[0.175s] Level 1:colcon.colcon_core.package_identification:_identify(src/ros2-torcs-client) by extension 'ros'
[0.176s] DEBUG:colcon.colcon_core.package_identification:Package 'src/ros2-torcs-client' with type 'ros.ament_python' and name 'torcs_client'
[0.176s] Level 1:colcon.colcon_core.package_identification:_identify(src/scl) by extensions ['ignore', 'ignore_ament_install']
[0.176s] Level 1:colcon.colcon_core.package_identification:_identify(src/scl) by extension 'ignore'
[0.176s] Level 1:colcon.colcon_core.package_identification:_identify(src/scl) by extension 'ignore_ament_install'
[0.176s] Level 1:colcon.colcon_core.package_identification:_identify(src/scl) by extensions ['colcon_pkg']
[0.176s] Level 1:colcon.colcon_core.package_identification:_identify(src/scl) by extension 'colcon_pkg'
[0.176s] Level 1:colcon.colcon_core.package_identification:_identify(src/scl) by extensions ['colcon_meta']
[0.176s] Level 1:colcon.colcon_core.package_identification:_identify(src/scl) by extension 'colcon_meta'
[0.176s] Level 1:colcon.colcon_core.package_identification:_identify(src/scl) by extensions ['ros']
[0.176s] Level 1:colcon.colcon_core.package_identification:_identify(src/scl) by extension 'ros'
[0.177s] DEBUG:colcon.colcon_core.package_identification:Package 'src/scl' with type 'ros.ament_python' and name 'scl'
[0.177s] Level 1:colcon.colcon_core.package_identification:_identify(src/splash_interfaces) by extensions ['ignore', 'ignore_ament_install']
[0.177s] Level 1:colcon.colcon_core.package_identification:_identify(src/splash_interfaces) by extension 'ignore'
[0.177s] Level 1:colcon.colcon_core.package_identification:_identify(src/splash_interfaces) by extension 'ignore_ament_install'
[0.177s] Level 1:colcon.colcon_core.package_identification:_identify(src/splash_interfaces) by extensions ['colcon_pkg']
[0.177s] Level 1:colcon.colcon_core.package_identification:_identify(src/splash_interfaces) by extension 'colcon_pkg'
[0.177s] Level 1:colcon.colcon_core.package_identification:_identify(src/splash_interfaces) by extensions ['colcon_meta']
[0.177s] Level 1:colcon.colcon_core.package_identification:_identify(src/splash_interfaces) by extension 'colcon_meta'
[0.177s] Level 1:colcon.colcon_core.package_identification:_identify(src/splash_interfaces) by extensions ['ros']
[0.177s] Level 1:colcon.colcon_core.package_identification:_identify(src/splash_interfaces) by extension 'ros'
[0.178s] DEBUG:colcon.colcon_core.package_identification:Package 'src/splash_interfaces' with type 'ros.ament_cmake' and name 'splash_interfaces'
[0.178s] Level 1:colcon.colcon_core.package_identification:_identify(src/srl) by extensions ['ignore', 'ignore_ament_install']
[0.178s] Level 1:colcon.colcon_core.package_identification:_identify(src/srl) by extension 'ignore'
[0.178s] Level 1:colcon.colcon_core.package_identification:_identify(src/srl) by extension 'ignore_ament_install'
[0.178s] Level 1:colcon.colcon_core.package_identification:_identify(src/srl) by extensions ['colcon_pkg']
[0.178s] Level 1:colcon.colcon_core.package_identification:_identify(src/srl) by extension 'colcon_pkg'
[0.178s] Level 1:colcon.colcon_core.package_identification:_identify(src/srl) by extensions ['colcon_meta']
[0.178s] Level 1:colcon.colcon_core.package_identification:_identify(src/srl) by extension 'colcon_meta'
[0.178s] Level 1:colcon.colcon_core.package_identification:_identify(src/srl) by extensions ['ros']
[0.178s] Level 1:colcon.colcon_core.package_identification:_identify(src/srl) by extension 'ros'
[0.179s] DEBUG:colcon.colcon_core.package_identification:Package 'src/srl' with type 'ros.ament_python' and name 'srl'
[0.179s] Level 1:colcon.colcon_core.package_identification:_identify(src/torcs_interfaces) by extensions ['ignore', 'ignore_ament_install']
[0.179s] Level 1:colcon.colcon_core.package_identification:_identify(src/torcs_interfaces) by extension 'ignore'
[0.179s] Level 1:colcon.colcon_core.package_identification:_identify(src/torcs_interfaces) by extension 'ignore_ament_install'
[0.179s] Level 1:colcon.colcon_core.package_identification:_identify(src/torcs_interfaces) by extensions ['colcon_pkg']
[0.179s] Level 1:colcon.colcon_core.package_identification:_identify(src/torcs_interfaces) by extension 'colcon_pkg'
[0.179s] Level 1:colcon.colcon_core.package_identification:_identify(src/torcs_interfaces) by extensions ['colcon_meta']
[0.179s] Level 1:colcon.colcon_core.package_identification:_identify(src/torcs_interfaces) by extension 'colcon_meta'
[0.179s] Level 1:colcon.colcon_core.package_identification:_identify(src/torcs_interfaces) by extensions ['ros']
[0.179s] Level 1:colcon.colcon_core.package_identification:_identify(src/torcs_interfaces) by extension 'ros'
[0.180s] DEBUG:colcon.colcon_core.package_identification:Package 'src/torcs_interfaces' with type 'ros.ament_cmake' and name 'torcs_interfaces'
[0.180s] Level 1:colcon.colcon_core.package_discovery:discover_packages(recursive) using defaults
[0.180s] Level 1:colcon.colcon_core.package_discovery:discover_packages(ignore) discover
[0.180s] Level 1:colcon.colcon_core.package_discovery:discover_packages(ignore) using defaults
[0.180s] Level 1:colcon.colcon_core.package_discovery:discover_packages(path) discover
[0.180s] Level 1:colcon.colcon_core.package_discovery:discover_packages(path) using defaults
[0.199s] Level 5:colcon.colcon_core.verb:set package 'splash_interfaces' build argument 'cmake_args' from command line to 'None'
[0.199s] Level 5:colcon.colcon_core.verb:set package 'splash_interfaces' build argument 'cmake_target' from command line to 'None'
[0.199s] Level 5:colcon.colcon_core.verb:set package 'splash_interfaces' build argument 'cmake_target_skip_unavailable' from command line to 'False'
[0.199s] Level 5:colcon.colcon_core.verb:set package 'splash_interfaces' build argument 'cmake_clean_cache' from command line to 'False'
[0.199s] Level 5:colcon.colcon_core.verb:set package 'splash_interfaces' build argument 'cmake_clean_first' from command line to 'False'
[0.199s] Level 5:colcon.colcon_core.verb:set package 'splash_interfaces' build argument 'cmake_force_configure' from command line to 'False'
[0.199s] Level 5:colcon.colcon_core.verb:set package 'splash_interfaces' build argument 'ament_cmake_args' from command line to 'None'
[0.199s] Level 5:colcon.colcon_core.verb:set package 'splash_interfaces' build argument 'catkin_cmake_args' from command line to 'None'
[0.199s] Level 5:colcon.colcon_core.verb:set package 'splash_interfaces' build argument 'catkin_skip_building_tests' from command line to 'False'
[0.199s] DEBUG:colcon.colcon_core.verb:Building package 'splash_interfaces' with the following arguments: {'ament_cmake_args': None, 'build_base': '/home/rtos/dev_ws/build/splash_interfaces', 'catkin_cmake_args': None, 'catkin_skip_building_tests': False, 'cmake_args': None, 'cmake_clean_cache': False, 'cmake_clean_first': False, 'cmake_force_configure': False, 'cmake_target': None, 'cmake_target_skip_unavailable': False, 'install_base': '/home/rtos/dev_ws/install/splash_interfaces', 'merge_install': False, 'path': '/home/rtos/dev_ws/src/splash_interfaces', 'symlink_install': False, 'test_result_base': None}
[0.202s] Level 5:colcon.colcon_core.verb:set package 'torcs_interfaces' build argument 'cmake_args' from command line to 'None'
[0.202s] Level 5:colcon.colcon_core.verb:set package 'torcs_interfaces' build argument 'cmake_target' from command line to 'None'
[0.202s] Level 5:colcon.colcon_core.verb:set package 'torcs_interfaces' build argument 'cmake_target_skip_unavailable' from command line to 'False'
[0.202s] Level 5:colcon.colcon_core.verb:set package 'torcs_interfaces' build argument 'cmake_clean_cache' from command line to 'False'
[0.202s] Level 5:colcon.colcon_core.verb:set package 'torcs_interfaces' build argument 'cmake_clean_first' from command line to 'False'
[0.202s] Level 5:colcon.colcon_core.verb:set package 'torcs_interfaces' build argument 'cmake_force_configure' from command line to 'False'
[0.202s] Level 5:colcon.colcon_core.verb:set package 'torcs_interfaces' build argument 'ament_cmake_args' from command line to 'None'
[0.202s] Level 5:colcon.colcon_core.verb:set package 'torcs_interfaces' build argument 'catkin_cmake_args' from command line to 'None'
[0.202s] Level 5:colcon.colcon_core.verb:set package 'torcs_interfaces' build argument 'catkin_skip_building_tests' from command line to 'False'
[0.202s] DEBUG:colcon.colcon_core.verb:Building package 'torcs_interfaces' with the following arguments: {'ament_cmake_args': None, 'build_base': '/home/rtos/dev_ws/build/torcs_interfaces', 'catkin_cmake_args': None, 'catkin_skip_building_tests': False, 'cmake_args': None, 'cmake_clean_cache': False, 'cmake_clean_first': False, 'cmake_force_configure': False, 'cmake_target': None, 'cmake_target_skip_unavailable': False, 'install_base': '/home/rtos/dev_ws/install/torcs_interfaces', 'merge_install': False, 'path': '/home/rtos/dev_ws/src/torcs_interfaces', 'symlink_install': False, 'test_result_base': None}
[0.204s] Level 5:colcon.colcon_core.verb:set package 'srl' build argument 'cmake_args' from command line to 'None'
[0.204s] Level 5:colcon.colcon_core.verb:set package 'srl' build argument 'cmake_target' from command line to 'None'
[0.204s] Level 5:colcon.colcon_core.verb:set package 'srl' build argument 'cmake_target_skip_unavailable' from command line to 'False'
[0.204s] Level 5:colcon.colcon_core.verb:set package 'srl' build argument 'cmake_clean_cache' from command line to 'False'
[0.204s] Level 5:colcon.colcon_core.verb:set package 'srl' build argument 'cmake_clean_first' from command line to 'False'
[0.204s] Level 5:colcon.colcon_core.verb:set package 'srl' build argument 'cmake_force_configure' from command line to 'False'
[0.204s] Level 5:colcon.colcon_core.verb:set package 'srl' build argument 'ament_cmake_args' from command line to 'None'
[0.204s] Level 5:colcon.colcon_core.verb:set package 'srl' build argument 'catkin_cmake_args' from command line to 'None'
[0.204s] Level 5:colcon.colcon_core.verb:set package 'srl' build argument 'catkin_skip_building_tests' from command line to 'False'
[0.204s] DEBUG:colcon.colcon_core.verb:Building package 'srl' with the following arguments: {'ament_cmake_args': None, 'build_base': '/home/rtos/dev_ws/build/srl', 'catkin_cmake_args': None, 'catkin_skip_building_tests': False, 'cmake_args': None, 'cmake_clean_cache': False, 'cmake_clean_first': False, 'cmake_force_configure': False, 'cmake_target': None, 'cmake_target_skip_unavailable': False, 'install_base': '/home/rtos/dev_ws/install/srl', 'merge_install': False, 'path': '/home/rtos/dev_ws/src/srl', 'symlink_install': False, 'test_result_base': None}
[0.206s] Level 5:colcon.colcon_core.verb:set package 'torcs_client' build argument 'cmake_args' from command line to 'None'
[0.206s] Level 5:colcon.colcon_core.verb:set package 'torcs_client' build argument 'cmake_target' from command line to 'None'
[0.206s] Level 5:colcon.colcon_core.verb:set package 'torcs_client' build argument 'cmake_target_skip_unavailable' from command line to 'False'
[0.206s] Level 5:colcon.colcon_core.verb:set package 'torcs_client' build argument 'cmake_clean_cache' from command line to 'False'
[0.207s] Level 5:colcon.colcon_core.verb:set package 'torcs_client' build argument 'cmake_clean_first' from command line to 'False'
[0.207s] Level 5:colcon.colcon_core.verb:set package 'torcs_client' build argument 'cmake_force_configure' from command line to 'False'
[0.207s] Level 5:colcon.colcon_core.verb:set package 'torcs_client' build argument 'ament_cmake_args' from command line to 'None'
[0.207s] Level 5:colcon.colcon_core.verb:set package 'torcs_client' build argument 'catkin_cmake_args' from command line to 'None'
[0.207s] Level 5:colcon.colcon_core.verb:set package 'torcs_client' build argument 'catkin_skip_building_tests' from command line to 'False'
[0.207s] DEBUG:colcon.colcon_core.verb:Building package 'torcs_client' with the following arguments: {'ament_cmake_args': None, 'build_base': '/home/rtos/dev_ws/build/torcs_client', 'catkin_cmake_args': None, 'catkin_skip_building_tests': False, 'cmake_args': None, 'cmake_clean_cache': False, 'cmake_clean_first': False, 'cmake_force_configure': False, 'cmake_target': None, 'cmake_target_skip_unavailable': False, 'install_base': '/home/rtos/dev_ws/install/torcs_client', 'merge_install': False, 'path': '/home/rtos/dev_ws/src/ros2-torcs-client', 'symlink_install': False, 'test_result_base': None}
[0.209s] Level 5:colcon.colcon_core.verb:set package 'scl' build argument 'cmake_args' from command line to 'None'
[0.209s] Level 5:colcon.colcon_core.verb:set package 'scl' build argument 'cmake_target' from command line to 'None'
[0.209s] Level 5:colcon.colcon_core.verb:set package 'scl' build argument 'cmake_target_skip_unavailable' from command line to 'False'
[0.209s] Level 5:colcon.colcon_core.verb:set package 'scl' build argument 'cmake_clean_cache' from command line to 'False'
[0.209s] Level 5:colcon.colcon_core.verb:set package 'scl' build argument 'cmake_clean_first' from command line to 'False'
[0.209s] Level 5:colcon.colcon_core.verb:set package 'scl' build argument 'cmake_force_configure' from command line to 'False'
[0.209s] Level 5:colcon.colcon_core.verb:set package 'scl' build argument 'ament_cmake_args' from command line to 'None'
[0.209s] Level 5:colcon.colcon_core.verb:set package 'scl' build argument 'catkin_cmake_args' from command line to 'None'
[0.209s] Level 5:colcon.colcon_core.verb:set package 'scl' build argument 'catkin_skip_building_tests' from command line to 'False'
[0.209s] DEBUG:colcon.colcon_core.verb:Building package 'scl' with the following arguments: {'ament_cmake_args': None, 'build_base': '/home/rtos/dev_ws/build/scl', 'catkin_cmake_args': None, 'catkin_skip_building_tests': False, 'cmake_args': None, 'cmake_clean_cache': False, 'cmake_clean_first': False, 'cmake_force_configure': False, 'cmake_target': None, 'cmake_target_skip_unavailable': False, 'install_base': '/home/rtos/dev_ws/install/scl', 'merge_install': False, 'path': '/home/rtos/dev_ws/src/scl', 'symlink_install': False, 'test_result_base': None}
[0.211s] Level 5:colcon.colcon_core.verb:set package 'Torcs_5' build argument 'cmake_args' from command line to 'None'
[0.211s] Level 5:colcon.colcon_core.verb:set package 'Torcs_5' build argument 'cmake_target' from command line to 'None'
[0.211s] Level 5:colcon.colcon_core.verb:set package 'Torcs_5' build argument 'cmake_target_skip_unavailable' from command line to 'False'
[0.211s] Level 5:colcon.colcon_core.verb:set package 'Torcs_5' build argument 'cmake_clean_cache' from command line to 'False'
[0.211s] Level 5:colcon.colcon_core.verb:set package 'Torcs_5' build argument 'cmake_clean_first' from command line to 'False'
[0.211s] Level 5:colcon.colcon_core.verb:set package 'Torcs_5' build argument 'cmake_force_configure' from command line to 'False'
[0.211s] Level 5:colcon.colcon_core.verb:set package 'Torcs_5' build argument 'ament_cmake_args' from command line to 'None'
[0.211s] Level 5:colcon.colcon_core.verb:set package 'Torcs_5' build argument 'catkin_cmake_args' from command line to 'None'
[0.211s] Level 5:colcon.colcon_core.verb:set package 'Torcs_5' build argument 'catkin_skip_building_tests' from command line to 'False'
[0.211s] DEBUG:colcon.colcon_core.verb:Building package 'Torcs_5' with the following arguments: {'ament_cmake_args': None, 'build_base': '/home/rtos/dev_ws/build/Torcs_5', 'catkin_cmake_args': None, 'catkin_skip_building_tests': False, 'cmake_args': None, 'cmake_clean_cache': False, 'cmake_clean_first': False, 'cmake_force_configure': False, 'cmake_target': None, 'cmake_target_skip_unavailable': False, 'install_base': '/home/rtos/dev_ws/install/Torcs_5', 'merge_install': False, 'path': '/home/rtos/dev_ws/src/Torcs_5', 'symlink_install': False, 'test_result_base': None}
[0.214s] Level 5:colcon.colcon_core.verb:set package 'lkas4' build argument 'cmake_args' from command line to 'None'
[0.214s] Level 5:colcon.colcon_core.verb:set package 'lkas4' build argument 'cmake_target' from command line to 'None'
[0.214s] Level 5:colcon.colcon_core.verb:set package 'lkas4' build argument 'cmake_target_skip_unavailable' from command line to 'False'
[0.214s] Level 5:colcon.colcon_core.verb:set package 'lkas4' build argument 'cmake_clean_cache' from command line to 'False'
[0.214s] Level 5:colcon.colcon_core.verb:set package 'lkas4' build argument 'cmake_clean_first' from command line to 'False'
[0.214s] Level 5:colcon.colcon_core.verb:set package 'lkas4' build argument 'cmake_force_configure' from command line to 'False'
[0.214s] Level 5:colcon.colcon_core.verb:set package 'lkas4' build argument 'ament_cmake_args' from command line to 'None'
[0.214s] Level 5:colcon.colcon_core.verb:set package 'lkas4' build argument 'catkin_cmake_args' from command line to 'None'
[0.214s] Level 5:colcon.colcon_core.verb:set package 'lkas4' build argument 'catkin_skip_building_tests' from command line to 'False'
[0.214s] DEBUG:colcon.colcon_core.verb:Building package 'lkas4' with the following arguments: {'ament_cmake_args': None, 'build_base': '/home/rtos/dev_ws/build/lkas4', 'catkin_cmake_args': None, 'catkin_skip_building_tests': False, 'cmake_args': None, 'cmake_clean_cache': False, 'cmake_clean_first': False, 'cmake_force_configure': False, 'cmake_target': None, 'cmake_target_skip_unavailable': False, 'install_base': '/home/rtos/dev_ws/install/lkas4', 'merge_install': False, 'path': '/home/rtos/dev_ws/src/lkas4', 'symlink_install': False, 'test_result_base': None}
[0.216s] Level 5:colcon.colcon_core.verb:set package 'lkas5' build argument 'cmake_args' from command line to 'None'
[0.216s] Level 5:colcon.colcon_core.verb:set package 'lkas5' build argument 'cmake_target' from command line to 'None'
[0.216s] Level 5:colcon.colcon_core.verb:set package 'lkas5' build argument 'cmake_target_skip_unavailable' from command line to 'False'
[0.216s] Level 5:colcon.colcon_core.verb:set package 'lkas5' build argument 'cmake_clean_cache' from command line to 'False'
[0.216s] Level 5:colcon.colcon_core.verb:set package 'lkas5' build argument 'cmake_clean_first' from command line to 'False'
[0.216s] Level 5:colcon.colcon_core.verb:set package 'lkas5' build argument 'cmake_force_configure' from command line to 'False'
[0.216s] Level 5:colcon.colcon_core.verb:set package 'lkas5' build argument 'ament_cmake_args' from command line to 'None'
[0.216s] Level 5:colcon.colcon_core.verb:set package 'lkas5' build argument 'catkin_cmake_args' from command line to 'None'
[0.216s] Level 5:colcon.colcon_core.verb:set package 'lkas5' build argument 'catkin_skip_building_tests' from command line to 'False'
[0.216s] DEBUG:colcon.colcon_core.verb:Building package 'lkas5' with the following arguments: {'ament_cmake_args': None, 'build_base': '/home/rtos/dev_ws/build/lkas5', 'catkin_cmake_args': None, 'catkin_skip_building_tests': False, 'cmake_args': None, 'cmake_clean_cache': False, 'cmake_clean_first': False, 'cmake_force_configure': False, 'cmake_target': None, 'cmake_target_skip_unavailable': False, 'install_base': '/home/rtos/dev_ws/install/lkas5', 'merge_install': False, 'path': '/home/rtos/dev_ws/src/lkas5', 'symlink_install': False, 'test_result_base': None}
[0.216s] INFO:colcon.colcon_core.executor:Executing jobs using 'parallel' executor
[0.218s] DEBUG:colcon.colcon_parallel_executor.executor.parallel:run_until_complete
[0.218s] INFO:colcon.colcon_ros.task.ament_cmake.build:Building ROS package in '/home/rtos/dev_ws/src/splash_interfaces' with build type 'ament_cmake'
[0.219s] INFO:colcon.colcon_cmake.task.cmake.build:Building CMake package in '/home/rtos/dev_ws/src/splash_interfaces'
[0.222s] INFO:colcon.colcon_core.plugin_system:Skipping extension 'colcon_core.shell.bat': Not used on non-Windows systems
[0.222s] INFO:colcon.colcon_core.shell:Skip shell extension 'powershell' for command environment: Not usable outside of PowerShell
[0.222s] DEBUG:colcon.colcon_core.shell:Skip shell extension 'dsv' for command environment
[0.225s] DEBUG:colcon.colcon_core.shell:Ignoring prefix path '/opt/ros/foxy'
[0.227s] INFO:colcon.colcon_ros.task.ament_cmake.build:Building ROS package in '/home/rtos/dev_ws/src/torcs_interfaces' with build type 'ament_cmake'
[0.228s] INFO:colcon.colcon_cmake.task.cmake.build:Building CMake package in '/home/rtos/dev_ws/src/torcs_interfaces'
[0.228s] INFO:colcon.colcon_core.shell:Skip shell extension 'powershell' for command environment: Not usable outside of PowerShell
[0.229s] DEBUG:colcon.colcon_core.shell:Skip shell extension 'dsv' for command environment
[0.231s] DEBUG:colcon.colcon_core.shell:Ignoring prefix path '/opt/ros/foxy'
[0.237s] DEBUG:colcon.colcon_core.event_handler.log_command:Invoking command in '/home/rtos/dev_ws/build/splash_interfaces': CMAKE_PREFIX_PATH=${CMAKE_PREFIX_PATH}:/home/rtos/dev_ws/install/lkas4:/home/rtos/dev_ws/install/Torcs_5:/home/rtos/dev_ws/install/torcs_client:/home/rtos/dev_ws/install/lkas5:/home/rtos/dev_ws/install/scl:/home/rtos/dev_ws/install/srl:/opt/ros/foxy /usr/bin/cmake --build /home/rtos/dev_ws/build/splash_interfaces -- -j8 -l8
[0.246s] DEBUG:colcon.colcon_core.event_handler.log_command:Invoking command in '/home/rtos/dev_ws/build/torcs_interfaces': CMAKE_PREFIX_PATH=${CMAKE_PREFIX_PATH}:/home/rtos/dev_ws/install/lkas4:/home/rtos/dev_ws/install/Torcs_5:/home/rtos/dev_ws/install/torcs_client:/home/rtos/dev_ws/install/lkas5:/home/rtos/dev_ws/install/scl:/home/rtos/dev_ws/install/srl:/opt/ros/foxy /usr/bin/cmake --build /home/rtos/dev_ws/build/torcs_interfaces -- -j8 -l8
[0.486s] DEBUG:colcon.colcon_core.event_handler.log_command:Invoked command in '/home/rtos/dev_ws/build/splash_interfaces' returned '0': CMAKE_PREFIX_PATH=${CMAKE_PREFIX_PATH}:/home/rtos/dev_ws/install/lkas4:/home/rtos/dev_ws/install/Torcs_5:/home/rtos/dev_ws/install/torcs_client:/home/rtos/dev_ws/install/lkas5:/home/rtos/dev_ws/install/scl:/home/rtos/dev_ws/install/srl:/opt/ros/foxy /usr/bin/cmake --build /home/rtos/dev_ws/build/splash_interfaces -- -j8 -l8
[0.513s] DEBUG:colcon.colcon_core.event_handler.log_command:Invoked command in '/home/rtos/dev_ws/build/torcs_interfaces' returned '0': CMAKE_PREFIX_PATH=${CMAKE_PREFIX_PATH}:/home/rtos/dev_ws/install/lkas4:/home/rtos/dev_ws/install/Torcs_5:/home/rtos/dev_ws/install/torcs_client:/home/rtos/dev_ws/install/lkas5:/home/rtos/dev_ws/install/scl:/home/rtos/dev_ws/install/srl:/opt/ros/foxy /usr/bin/cmake --build /home/rtos/dev_ws/build/torcs_interfaces -- -j8 -l8
[0.593s] DEBUG:colcon.colcon_core.event_handler.log_command:Invoking command in '/home/rtos/dev_ws/build/torcs_interfaces': CMAKE_PREFIX_PATH=${CMAKE_PREFIX_PATH}:/home/rtos/dev_ws/install/lkas4:/home/rtos/dev_ws/install/Torcs_5:/home/rtos/dev_ws/install/torcs_client:/home/rtos/dev_ws/install/lkas5:/home/rtos/dev_ws/install/scl:/home/rtos/dev_ws/install/srl:/opt/ros/foxy /usr/bin/cmake --install /home/rtos/dev_ws/build/torcs_interfaces
[0.596s] DEBUG:colcon.colcon_core.event_handler.log_command:Invoking command in '/home/rtos/dev_ws/build/splash_interfaces': CMAKE_PREFIX_PATH=${CMAKE_PREFIX_PATH}:/home/rtos/dev_ws/install/lkas4:/home/rtos/dev_ws/install/Torcs_5:/home/rtos/dev_ws/install/torcs_client:/home/rtos/dev_ws/install/lkas5:/home/rtos/dev_ws/install/scl:/home/rtos/dev_ws/install/srl:/opt/ros/foxy /usr/bin/cmake --install /home/rtos/dev_ws/build/splash_interfaces
[0.657s] Level 1:colcon.colcon_core.environment:create_environment_scripts_only(torcs_interfaces)
[0.659s] DEBUG:colcon.colcon_core.event_handler.log_command:Invoked command in '/home/rtos/dev_ws/build/torcs_interfaces' returned '0': CMAKE_PREFIX_PATH=${CMAKE_PREFIX_PATH}:/home/rtos/dev_ws/install/lkas4:/home/rtos/dev_ws/install/Torcs_5:/home/rtos/dev_ws/install/torcs_client:/home/rtos/dev_ws/install/lkas5:/home/rtos/dev_ws/install/scl:/home/rtos/dev_ws/install/srl:/opt/ros/foxy /usr/bin/cmake --install /home/rtos/dev_ws/build/torcs_interfaces
[0.667s] Level 1:colcon.colcon_core.environment:checking '/home/rtos/dev_ws/install/torcs_interfaces' for CMake module files
[0.668s] Level 1:colcon.colcon_core.environment:checking '/home/rtos/dev_ws/install/torcs_interfaces' for CMake config files
[0.669s] Level 1:colcon.colcon_core.shell:create_environment_hook('torcs_interfaces', 'cmake_prefix_path')
[0.669s] INFO:colcon.colcon_core.shell:Creating environment hook '/home/rtos/dev_ws/install/torcs_interfaces/share/torcs_interfaces/hook/cmake_prefix_path.ps1'
[0.670s] INFO:colcon.colcon_core.shell:Creating environment descriptor '/home/rtos/dev_ws/install/torcs_interfaces/share/torcs_interfaces/hook/cmake_prefix_path.dsv'
[0.671s] INFO:colcon.colcon_core.shell:Creating environment hook '/home/rtos/dev_ws/install/torcs_interfaces/share/torcs_interfaces/hook/cmake_prefix_path.sh'
[0.671s] Level 1:colcon.colcon_core.environment:checking '/home/rtos/dev_ws/install/torcs_interfaces/lib'
[0.672s] Level 1:colcon.colcon_core.shell:create_environment_hook('torcs_interfaces', 'ld_library_path_lib')
[0.672s] INFO:colcon.colcon_core.shell:Creating environment hook '/home/rtos/dev_ws/install/torcs_interfaces/share/torcs_interfaces/hook/ld_library_path_lib.ps1'
[0.673s] INFO:colcon.colcon_core.shell:Creating environment descriptor '/home/rtos/dev_ws/install/torcs_interfaces/share/torcs_interfaces/hook/ld_library_path_lib.dsv'
[0.673s] INFO:colcon.colcon_core.shell:Creating environment hook '/home/rtos/dev_ws/install/torcs_interfaces/share/torcs_interfaces/hook/ld_library_path_lib.sh'
[0.673s] Level 1:colcon.colcon_core.environment:checking '/home/rtos/dev_ws/install/torcs_interfaces/bin'
[0.673s] Level 1:colcon.colcon_core.environment:checking '/home/rtos/dev_ws/install/torcs_interfaces/lib/pkgconfig/torcs_interfaces.pc'
[0.674s] Level 1:colcon.colcon_core.environment:checking '/home/rtos/dev_ws/install/torcs_interfaces/lib/python3.8/site-packages'
[0.674s] Level 1:colcon.colcon_core.shell:create_environment_hook('torcs_interfaces', 'pythonpath')
[0.674s] INFO:colcon.colcon_core.shell:Creating environment hook '/home/rtos/dev_ws/install/torcs_interfaces/share/torcs_interfaces/hook/pythonpath.ps1'
[0.674s] INFO:colcon.colcon_core.shell:Creating environment descriptor '/home/rtos/dev_ws/install/torcs_interfaces/share/torcs_interfaces/hook/pythonpath.dsv'
[0.675s] INFO:colcon.colcon_core.shell:Creating environment hook '/home/rtos/dev_ws/install/torcs_interfaces/share/torcs_interfaces/hook/pythonpath.sh'
[0.676s] INFO:colcon.colcon_core.shell:Creating package script '/home/rtos/dev_ws/install/torcs_interfaces/share/torcs_interfaces/package.ps1'
[0.677s] INFO:colcon.colcon_core.shell:Creating package descriptor '/home/rtos/dev_ws/install/torcs_interfaces/share/torcs_interfaces/package.dsv'
[0.678s] INFO:colcon.colcon_core.shell:Creating package script '/home/rtos/dev_ws/install/torcs_interfaces/share/torcs_interfaces/package.sh'
[0.679s] INFO:colcon.colcon_core.shell:Creating package script '/home/rtos/dev_ws/install/torcs_interfaces/share/torcs_interfaces/package.bash'
[0.679s] INFO:colcon.colcon_core.shell:Creating package script '/home/rtos/dev_ws/install/torcs_interfaces/share/torcs_interfaces/package.zsh'
[0.680s] Level 1:colcon.colcon_core.environment:create_file_with_runtime_dependencies(/home/rtos/dev_ws/install/torcs_interfaces/share/colcon-core/packages/torcs_interfaces)
[0.684s] Level 1:colcon.colcon_core.environment:create_environment_scripts_only(splash_interfaces)
[0.685s] Level 1:colcon.colcon_core.environment:checking '/home/rtos/dev_ws/install/splash_interfaces' for CMake module files
[0.686s] DEBUG:colcon.colcon_core.event_handler.log_command:Invoked command in '/home/rtos/dev_ws/build/splash_interfaces' returned '0': CMAKE_PREFIX_PATH=${CMAKE_PREFIX_PATH}:/home/rtos/dev_ws/install/lkas4:/home/rtos/dev_ws/install/Torcs_5:/home/rtos/dev_ws/install/torcs_client:/home/rtos/dev_ws/install/lkas5:/home/rtos/dev_ws/install/scl:/home/rtos/dev_ws/install/srl:/opt/ros/foxy /usr/bin/cmake --install /home/rtos/dev_ws/build/splash_interfaces
[0.686s] Level 1:colcon.colcon_core.environment:checking '/home/rtos/dev_ws/install/splash_interfaces' for CMake config files
[0.687s] Level 1:colcon.colcon_core.shell:create_environment_hook('splash_interfaces', 'cmake_prefix_path')
[0.687s] INFO:colcon.colcon_core.shell:Creating environment hook '/home/rtos/dev_ws/install/splash_interfaces/share/splash_interfaces/hook/cmake_prefix_path.ps1'
[0.688s] INFO:colcon.colcon_core.shell:Creating environment descriptor '/home/rtos/dev_ws/install/splash_interfaces/share/splash_interfaces/hook/cmake_prefix_path.dsv'
[0.688s] INFO:colcon.colcon_core.shell:Creating environment hook '/home/rtos/dev_ws/install/splash_interfaces/share/splash_interfaces/hook/cmake_prefix_path.sh'
[0.689s] Level 1:colcon.colcon_core.environment:checking '/home/rtos/dev_ws/install/splash_interfaces/lib'
[0.689s] Level 1:colcon.colcon_core.shell:create_environment_hook('splash_interfaces', 'ld_library_path_lib')
[0.689s] INFO:colcon.colcon_core.shell:Creating environment hook '/home/rtos/dev_ws/install/splash_interfaces/share/splash_interfaces/hook/ld_library_path_lib.ps1'
[0.690s] INFO:colcon.colcon_core.shell:Creating environment descriptor '/home/rtos/dev_ws/install/splash_interfaces/share/splash_interfaces/hook/ld_library_path_lib.dsv'
[0.690s] INFO:colcon.colcon_core.shell:Creating environment hook '/home/rtos/dev_ws/install/splash_interfaces/share/splash_interfaces/hook/ld_library_path_lib.sh'
[0.690s] Level 1:colcon.colcon_core.environment:checking '/home/rtos/dev_ws/install/splash_interfaces/bin'
[0.690s] Level 1:colcon.colcon_core.environment:checking '/home/rtos/dev_ws/install/splash_interfaces/lib/pkgconfig/splash_interfaces.pc'
[0.690s] Level 1:colcon.colcon_core.environment:checking '/home/rtos/dev_ws/install/splash_interfaces/lib/python3.8/site-packages'
[0.691s] Level 1:colcon.colcon_core.shell:create_environment_hook('splash_interfaces', 'pythonpath')
[0.691s] INFO:colcon.colcon_core.shell:Creating environment hook '/home/rtos/dev_ws/install/splash_interfaces/share/splash_interfaces/hook/pythonpath.ps1'
[0.691s] INFO:colcon.colcon_core.shell:Creating environment descriptor '/home/rtos/dev_ws/install/splash_interfaces/share/splash_interfaces/hook/pythonpath.dsv'
[0.692s] INFO:colcon.colcon_core.shell:Creating environment hook '/home/rtos/dev_ws/install/splash_interfaces/share/splash_interfaces/hook/pythonpath.sh'
[0.693s] INFO:colcon.colcon_core.shell:Creating package script '/home/rtos/dev_ws/install/splash_interfaces/share/splash_interfaces/package.ps1'
[0.694s] INFO:colcon.colcon_core.shell:Creating package descriptor '/home/rtos/dev_ws/install/splash_interfaces/share/splash_interfaces/package.dsv'
[0.694s] INFO:colcon.colcon_core.shell:Creating package script '/home/rtos/dev_ws/install/splash_interfaces/share/splash_interfaces/package.sh'
[0.695s] INFO:colcon.colcon_core.shell:Creating package script '/home/rtos/dev_ws/install/splash_interfaces/share/splash_interfaces/package.bash'
[0.695s] INFO:colcon.colcon_core.shell:Creating package script '/home/rtos/dev_ws/install/splash_interfaces/share/splash_interfaces/package.zsh'
[0.696s] Level 1:colcon.colcon_core.environment:create_file_with_runtime_dependencies(/home/rtos/dev_ws/install/splash_interfaces/share/colcon-core/packages/splash_interfaces)
[0.742s] Level 1:colcon.colcon_core.environment:create_environment_scripts_only(torcs_interfaces)
[0.743s] Level 1:colcon.colcon_core.environment:checking '/home/rtos/dev_ws/install/torcs_interfaces' for CMake module files
[0.744s] Level 1:colcon.colcon_core.environment:checking '/home/rtos/dev_ws/install/torcs_interfaces' for CMake config files
[0.744s] Level 1:colcon.colcon_core.shell:create_environment_hook('torcs_interfaces', 'cmake_prefix_path')
[0.745s] INFO:colcon.colcon_core.shell:Creating environment hook '/home/rtos/dev_ws/install/torcs_interfaces/share/torcs_interfaces/hook/cmake_prefix_path.ps1'
[0.745s] INFO:colcon.colcon_core.shell:Creating environment descriptor '/home/rtos/dev_ws/install/torcs_interfaces/share/torcs_interfaces/hook/cmake_prefix_path.dsv'
[0.746s] INFO:colcon.colcon_core.shell:Creating environment hook '/home/rtos/dev_ws/install/torcs_interfaces/share/torcs_interfaces/hook/cmake_prefix_path.sh'
[0.746s] Level 1:colcon.colcon_core.environment:checking '/home/rtos/dev_ws/install/torcs_interfaces/lib'
[0.746s] Level 1:colcon.colcon_core.shell:create_environment_hook('torcs_interfaces', 'ld_library_path_lib')
[0.747s] INFO:colcon.colcon_core.shell:Creating environment hook '/home/rtos/dev_ws/install/torcs_interfaces/share/torcs_interfaces/hook/ld_library_path_lib.ps1'
[0.748s] INFO:colcon.colcon_core.shell:Creating environment descriptor '/home/rtos/dev_ws/install/torcs_interfaces/share/torcs_interfaces/hook/ld_library_path_lib.dsv'
[0.748s] INFO:colcon.colcon_core.shell:Creating environment hook '/home/rtos/dev_ws/install/torcs_interfaces/share/torcs_interfaces/hook/ld_library_path_lib.sh'
[0.748s] Level 1:colcon.colcon_core.environment:checking '/home/rtos/dev_ws/install/torcs_interfaces/bin'
[0.748s] Level 1:colcon.colcon_core.environment:checking '/home/rtos/dev_ws/install/torcs_interfaces/lib/pkgconfig/torcs_interfaces.pc'
[0.748s] Level 1:colcon.colcon_core.environment:checking '/home/rtos/dev_ws/install/torcs_interfaces/lib/python3.8/site-packages'
[0.749s] Level 1:colcon.colcon_core.shell:create_environment_hook('torcs_interfaces', 'pythonpath')
[0.749s] INFO:colcon.colcon_core.shell:Creating environment hook '/home/rtos/dev_ws/install/torcs_interfaces/share/torcs_interfaces/hook/pythonpath.ps1'
[0.749s] INFO:colcon.colcon_core.shell:Creating environment descriptor '/home/rtos/dev_ws/install/torcs_interfaces/share/torcs_interfaces/hook/pythonpath.dsv'
[0.750s] INFO:colcon.colcon_core.shell:Creating environment hook '/home/rtos/dev_ws/install/torcs_interfaces/share/torcs_interfaces/hook/pythonpath.sh'
[0.750s] INFO:colcon.colcon_core.shell:Creating package script '/home/rtos/dev_ws/install/torcs_interfaces/share/torcs_interfaces/package.ps1'
[0.751s] INFO:colcon.colcon_core.shell:Creating package descriptor '/home/rtos/dev_ws/install/torcs_interfaces/share/torcs_interfaces/package.dsv'
[0.751s] INFO:colcon.colcon_core.shell:Creating package script '/home/rtos/dev_ws/install/torcs_interfaces/share/torcs_interfaces/package.sh'
[0.752s] INFO:colcon.colcon_core.shell:Creating package script '/home/rtos/dev_ws/install/torcs_interfaces/share/torcs_interfaces/package.bash'
[0.752s] INFO:colcon.colcon_core.shell:Creating package script '/home/rtos/dev_ws/install/torcs_interfaces/share/torcs_interfaces/package.zsh'
[0.753s] Level 1:colcon.colcon_core.environment:create_file_with_runtime_dependencies(/home/rtos/dev_ws/install/torcs_interfaces/share/colcon-core/packages/torcs_interfaces)
[0.753s] INFO:colcon.colcon_ros.task.ament_python.build:Building ROS package in '/home/rtos/dev_ws/src/ros2-torcs-client' with build type 'ament_python'
[0.753s] Level 1:colcon.colcon_core.shell:create_environment_hook('torcs_client', 'ament_prefix_path')
[0.754s] INFO:colcon.colcon_core.shell:Creating environment hook '/home/rtos/dev_ws/install/torcs_client/share/torcs_client/hook/ament_prefix_path.ps1'
[0.755s] INFO:colcon.colcon_core.shell:Creating environment descriptor '/home/rtos/dev_ws/install/torcs_client/share/torcs_client/hook/ament_prefix_path.dsv'
[0.755s] INFO:colcon.colcon_core.shell:Creating environment hook '/home/rtos/dev_ws/install/torcs_client/share/torcs_client/hook/ament_prefix_path.sh'
[0.756s] INFO:colcon.colcon_core.shell:Skip shell extension 'powershell' for command environment: Not usable outside of PowerShell
[0.756s] DEBUG:colcon.colcon_core.shell:Skip shell extension 'dsv' for command environment
[0.758s] DEBUG:colcon.colcon_core.shell:Ignoring prefix path '/opt/ros/foxy'
[0.988s] INFO:colcon.colcon_core.task.python.build:Building Python package in '/home/rtos/dev_ws/src/ros2-torcs-client'
[0.989s] INFO:colcon.colcon_core.shell:Skip shell extension 'powershell' for command environment: Not usable outside of PowerShell
[0.989s] DEBUG:colcon.colcon_core.shell:Skip shell extension 'dsv' for command environment
[0.991s] DEBUG:colcon.colcon_core.shell:Ignoring prefix path '/opt/ros/foxy'
[0.996s] Level 1:colcon.colcon_core.environment:create_environment_scripts_only(splash_interfaces)
[0.997s] Level 1:colcon.colcon_core.environment:checking '/home/rtos/dev_ws/install/splash_interfaces' for CMake module files
[0.998s] Level 1:colcon.colcon_core.environment:checking '/home/rtos/dev_ws/install/splash_interfaces' for CMake config files
[0.998s] Level 1:colcon.colcon_core.shell:create_environment_hook('splash_interfaces', 'cmake_prefix_path')
[0.999s] INFO:colcon.colcon_core.shell:Creating environment hook '/home/rtos/dev_ws/install/splash_interfaces/share/splash_interfaces/hook/cmake_prefix_path.ps1'
[1.000s] INFO:colcon.colcon_core.shell:Creating environment descriptor '/home/rtos/dev_ws/install/splash_interfaces/share/splash_interfaces/hook/cmake_prefix_path.dsv'
[1.000s] INFO:colcon.colcon_core.shell:Creating environment hook '/home/rtos/dev_ws/install/splash_interfaces/share/splash_interfaces/hook/cmake_prefix_path.sh'
[1.001s] Level 1:colcon.colcon_core.environment:checking '/home/rtos/dev_ws/install/splash_interfaces/lib'
[1.001s] Level 1:colcon.colcon_core.shell:create_environment_hook('splash_interfaces', 'ld_library_path_lib')
[1.001s] INFO:colcon.colcon_core.shell:Creating environment hook '/home/rtos/dev_ws/install/splash_interfaces/share/splash_interfaces/hook/ld_library_path_lib.ps1'
[1.002s] INFO:colcon.colcon_core.shell:Creating environment descriptor '/home/rtos/dev_ws/install/splash_interfaces/share/splash_interfaces/hook/ld_library_path_lib.dsv'
[1.002s] INFO:colcon.colcon_core.shell:Creating environment hook '/home/rtos/dev_ws/install/splash_interfaces/share/splash_interfaces/hook/ld_library_path_lib.sh'
[1.002s] Level 1:colcon.colcon_core.environment:checking '/home/rtos/dev_ws/install/splash_interfaces/bin'
[1.003s] Level 1:colcon.colcon_core.environment:checking '/home/rtos/dev_ws/install/splash_interfaces/lib/pkgconfig/splash_interfaces.pc'
[1.003s] Level 1:colcon.colcon_core.environment:checking '/home/rtos/dev_ws/install/splash_interfaces/lib/python3.8/site-packages'
[1.003s] Level 1:colcon.colcon_core.shell:create_environment_hook('splash_interfaces', 'pythonpath')
[1.003s] INFO:colcon.colcon_core.shell:Creating environment hook '/home/rtos/dev_ws/install/splash_interfaces/share/splash_interfaces/hook/pythonpath.ps1'
[1.003s] INFO:colcon.colcon_core.shell:Creating environment descriptor '/home/rtos/dev_ws/install/splash_interfaces/share/splash_interfaces/hook/pythonpath.dsv'
[1.004s] INFO:colcon.colcon_core.shell:Creating environment hook '/home/rtos/dev_ws/install/splash_interfaces/share/splash_interfaces/hook/pythonpath.sh'
[1.004s] INFO:colcon.colcon_core.shell:Creating package script '/home/rtos/dev_ws/install/splash_interfaces/share/splash_interfaces/package.ps1'
[1.005s] INFO:colcon.colcon_core.shell:Creating package descriptor '/home/rtos/dev_ws/install/splash_interfaces/share/splash_interfaces/package.dsv'
[1.006s] INFO:colcon.colcon_core.shell:Creating package script '/home/rtos/dev_ws/install/splash_interfaces/share/splash_interfaces/package.sh'
[1.006s] INFO:colcon.colcon_core.shell:Creating package script '/home/rtos/dev_ws/install/splash_interfaces/share/splash_interfaces/package.bash'
[1.006s] INFO:colcon.colcon_core.shell:Creating package script '/home/rtos/dev_ws/install/splash_interfaces/share/splash_interfaces/package.zsh'
[1.007s] Level 1:colcon.colcon_core.environment:create_file_with_runtime_dependencies(/home/rtos/dev_ws/install/splash_interfaces/share/colcon-core/packages/splash_interfaces)
[1.008s] INFO:colcon.colcon_ros.task.ament_python.build:Building ROS package in '/home/rtos/dev_ws/src/srl' with build type 'ament_python'
[1.008s] Level 1:colcon.colcon_core.shell:create_environment_hook('srl', 'ament_prefix_path')
[1.008s] INFO:colcon.colcon_core.shell:Creating environment hook '/home/rtos/dev_ws/install/srl/share/srl/hook/ament_prefix_path.ps1'
[1.009s] INFO:colcon.colcon_core.shell:Creating environment descriptor '/home/rtos/dev_ws/install/srl/share/srl/hook/ament_prefix_path.dsv'
[1.009s] INFO:colcon.colcon_core.shell:Creating environment hook '/home/rtos/dev_ws/install/srl/share/srl/hook/ament_prefix_path.sh'
[1.010s] INFO:colcon.colcon_core.shell:Skip shell extension 'powershell' for command environment: Not usable outside of PowerShell
[1.010s] DEBUG:colcon.colcon_core.shell:Skip shell extension 'dsv' for command environment
[1.012s] DEBUG:colcon.colcon_core.shell:Ignoring prefix path '/opt/ros/foxy'
[1.020s] DEBUG:colcon.colcon_core.event_handler.log_command:Invoking command in '/home/rtos/dev_ws/src/ros2-torcs-client': PYTHONPATH=/home/rtos/dev_ws/install/torcs_client/lib/python3.8/site-packages:/home/rtos/dev_ws/install/torcs_interfaces/lib/python3.8/site-packages:/home/rtos/dev_ws/install/lkas4/lib/python3.8/site-packages:/home/rtos/dev_ws/install/Torcs_5/lib/python3.8/site-packages:/home/rtos/dev_ws/install/torcs_client/lib/python3.8/site-packages:/home/rtos/dev_ws/install/lkas5/lib/python3.8/site-packages:/home/rtos/dev_ws/install/scl/lib/python3.8/site-packages:/home/rtos/dev_ws/install/srl/lib/python3.8/site-packages:/home/rtos/dev_ws/install/splash_interfaces/lib/python3.8/site-packages:/opt/ros/foxy/lib/python3.8/site-packages /usr/bin/python3 setup.py egg_info --egg-base ../../build/torcs_client build --build-base /home/rtos/dev_ws/build/torcs_client/build install --prefix /home/rtos/dev_ws/install/torcs_client --record /home/rtos/dev_ws/build/torcs_client/install.log --single-version-externally-managed
[1.247s] INFO:colcon.colcon_core.task.python.build:Building Python package in '/home/rtos/dev_ws/src/srl'
[1.248s] INFO:colcon.colcon_core.shell:Skip shell extension 'powershell' for command environment: Not usable outside of PowerShell
[1.248s] DEBUG:colcon.colcon_core.shell:Skip shell extension 'dsv' for command environment
[1.250s] DEBUG:colcon.colcon_core.shell:Ignoring prefix path '/opt/ros/foxy'
[1.260s] DEBUG:colcon.colcon_core.event_handler.log_command:Invoking command in '/home/rtos/dev_ws/src/srl': CMAKE_PREFIX_PATH=/home/rtos/dev_ws/install/splash_interfaces:/home/rtos/dev_ws/install/torcs_interfaces LD_LIBRARY_PATH=/home/rtos/dev_ws/install/splash_interfaces/lib:/home/rtos/dev_ws/install/torcs_interfaces/lib:/opt/ros/foxy/opt/yaml_cpp_vendor/lib:/opt/ros/foxy/opt/rviz_ogre_vendor/lib:/opt/ros/foxy/lib/x86_64-linux-gnu:/opt/ros/foxy/lib PYTHONPATH=/home/rtos/dev_ws/install/srl/lib/python3.8/site-packages:/home/rtos/dev_ws/install/splash_interfaces/lib/python3.8/site-packages:/home/rtos/dev_ws/install/lkas4/lib/python3.8/site-packages:/home/rtos/dev_ws/install/Torcs_5/lib/python3.8/site-packages:/home/rtos/dev_ws/install/torcs_client/lib/python3.8/site-packages:/home/rtos/dev_ws/install/torcs_interfaces/lib/python3.8/site-packages:/home/rtos/dev_ws/install/lkas5/lib/python3.8/site-packages:/home/rtos/dev_ws/install/scl/lib/python3.8/site-packages:/home/rtos/dev_ws/install/srl/lib/python3.8/site-packages:/opt/ros/foxy/lib/python3.8/site-packages /usr/bin/python3 setup.py egg_info --egg-base ../../build/srl build --build-base /home/rtos/dev_ws/build/srl/build install --prefix /home/rtos/dev_ws/install/srl --record /home/rtos/dev_ws/build/srl/install.log --single-version-externally-managed
[1.347s] Level 1:colcon.colcon_core.environment:checking '/home/rtos/dev_ws/install/torcs_client' for CMake module files
[1.347s] DEBUG:colcon.colcon_core.event_handler.log_command:Invoked command in '/home/rtos/dev_ws/src/ros2-torcs-client' returned '0': PYTHONPATH=/home/rtos/dev_ws/install/torcs_client/lib/python3.8/site-packages:/home/rtos/dev_ws/install/torcs_interfaces/lib/python3.8/site-packages:/home/rtos/dev_ws/install/lkas4/lib/python3.8/site-packages:/home/rtos/dev_ws/install/Torcs_5/lib/python3.8/site-packages:/home/rtos/dev_ws/install/torcs_client/lib/python3.8/site-packages:/home/rtos/dev_ws/install/lkas5/lib/python3.8/site-packages:/home/rtos/dev_ws/install/scl/lib/python3.8/site-packages:/home/rtos/dev_ws/install/srl/lib/python3.8/site-packages:/home/rtos/dev_ws/install/splash_interfaces/lib/python3.8/site-packages:/opt/ros/foxy/lib/python3.8/site-packages /usr/bin/python3 setup.py egg_info --egg-base ../../build/torcs_client build --build-base /home/rtos/dev_ws/build/torcs_client/build install --prefix /home/rtos/dev_ws/install/torcs_client --record /home/rtos/dev_ws/build/torcs_client/install.log --single-version-externally-managed
[1.348s] Level 1:colcon.colcon_core.environment:checking '/home/rtos/dev_ws/install/torcs_client' for CMake config files
[1.348s] Level 1:colcon.colcon_core.environment:checking '/home/rtos/dev_ws/install/torcs_client/lib'
[1.348s] Level 1:colcon.colcon_core.environment:checking '/home/rtos/dev_ws/install/torcs_client/bin'
[1.348s] Level 1:colcon.colcon_core.environment:checking '/home/rtos/dev_ws/install/torcs_client/lib/pkgconfig/torcs_client.pc'
[1.348s] Level 1:colcon.colcon_core.environment:checking '/home/rtos/dev_ws/install/torcs_client/lib/python3.8/site-packages'
[1.348s] Level 1:colcon.colcon_core.shell:create_environment_hook('torcs_client', 'pythonpath')
[1.349s] INFO:colcon.colcon_core.shell:Creating environment hook '/home/rtos/dev_ws/install/torcs_client/share/torcs_client/hook/pythonpath.ps1'
[1.349s] INFO:colcon.colcon_core.shell:Creating environment descriptor '/home/rtos/dev_ws/install/torcs_client/share/torcs_client/hook/pythonpath.dsv'
[1.350s] INFO:colcon.colcon_core.shell:Creating environment hook '/home/rtos/dev_ws/install/torcs_client/share/torcs_client/hook/pythonpath.sh'
[1.350s] Level 1:colcon.colcon_core.environment:create_environment_scripts_only(torcs_client)
[1.351s] INFO:colcon.colcon_core.shell:Creating package script '/home/rtos/dev_ws/install/torcs_client/share/torcs_client/package.ps1'
[1.351s] INFO:colcon.colcon_core.shell:Creating package descriptor '/home/rtos/dev_ws/install/torcs_client/share/torcs_client/package.dsv'
[1.351s] INFO:colcon.colcon_core.shell:Creating package script '/home/rtos/dev_ws/install/torcs_client/share/torcs_client/package.sh'
[1.352s] INFO:colcon.colcon_core.shell:Creating package script '/home/rtos/dev_ws/install/torcs_client/share/torcs_client/package.bash'
[1.352s] INFO:colcon.colcon_core.shell:Creating package script '/home/rtos/dev_ws/install/torcs_client/share/torcs_client/package.zsh'
[1.352s] Level 1:colcon.colcon_core.environment:create_file_with_runtime_dependencies(/home/rtos/dev_ws/install/torcs_client/share/colcon-core/packages/torcs_client)
[1.529s] Level 1:colcon.colcon_core.environment:checking '/home/rtos/dev_ws/install/srl' for CMake module files
[1.530s] DEBUG:colcon.colcon_core.event_handler.log_command:Invoked command in '/home/rtos/dev_ws/src/srl' returned '0': CMAKE_PREFIX_PATH=/home/rtos/dev_ws/install/splash_interfaces:/home/rtos/dev_ws/install/torcs_interfaces LD_LIBRARY_PATH=/home/rtos/dev_ws/install/splash_interfaces/lib:/home/rtos/dev_ws/install/torcs_interfaces/lib:/opt/ros/foxy/opt/yaml_cpp_vendor/lib:/opt/ros/foxy/opt/rviz_ogre_vendor/lib:/opt/ros/foxy/lib/x86_64-linux-gnu:/opt/ros/foxy/lib PYTHONPATH=/home/rtos/dev_ws/install/srl/lib/python3.8/site-packages:/home/rtos/dev_ws/install/splash_interfaces/lib/python3.8/site-packages:/home/rtos/dev_ws/install/lkas4/lib/python3.8/site-packages:/home/rtos/dev_ws/install/Torcs_5/lib/python3.8/site-packages:/home/rtos/dev_ws/install/torcs_client/lib/python3.8/site-packages:/home/rtos/dev_ws/install/torcs_interfaces/lib/python3.8/site-packages:/home/rtos/dev_ws/install/lkas5/lib/python3.8/site-packages:/home/rtos/dev_ws/install/scl/lib/python3.8/site-packages:/home/rtos/dev_ws/install/srl/lib/python3.8/site-packages:/opt/ros/foxy/lib/python3.8/site-packages /usr/bin/python3 setup.py egg_info --egg-base ../../build/srl build --build-base /home/rtos/dev_ws/build/srl/build install --prefix /home/rtos/dev_ws/install/srl --record /home/rtos/dev_ws/build/srl/install.log --single-version-externally-managed
[1.530s] Level 1:colcon.colcon_core.environment:checking '/home/rtos/dev_ws/install/srl' for CMake config files
[1.530s] Level 1:colcon.colcon_core.environment:checking '/home/rtos/dev_ws/install/srl/lib'
[1.531s] Level 1:colcon.colcon_core.environment:checking '/home/rtos/dev_ws/install/srl/bin'
[1.531s] Level 1:colcon.colcon_core.environment:checking '/home/rtos/dev_ws/install/srl/lib/pkgconfig/srl.pc'
[1.531s] Level 1:colcon.colcon_core.environment:checking '/home/rtos/dev_ws/install/srl/lib/python3.8/site-packages'
[1.531s] Level 1:colcon.colcon_core.shell:create_environment_hook('srl', 'pythonpath')
[1.531s] INFO:colcon.colcon_core.shell:Creating environment hook '/home/rtos/dev_ws/install/srl/share/srl/hook/pythonpath.ps1'
[1.532s] INFO:colcon.colcon_core.shell:Creating environment descriptor '/home/rtos/dev_ws/install/srl/share/srl/hook/pythonpath.dsv'
[1.532s] INFO:colcon.colcon_core.shell:Creating environment hook '/home/rtos/dev_ws/install/srl/share/srl/hook/pythonpath.sh'
[1.532s] Level 1:colcon.colcon_core.environment:create_environment_scripts_only(srl)
[1.533s] INFO:colcon.colcon_core.shell:Creating package script '/home/rtos/dev_ws/install/srl/share/srl/package.ps1'
[1.533s] INFO:colcon.colcon_core.shell:Creating package descriptor '/home/rtos/dev_ws/install/srl/share/srl/package.dsv'
[1.534s] INFO:colcon.colcon_core.shell:Creating package script '/home/rtos/dev_ws/install/srl/share/srl/package.sh'
[1.534s] INFO:colcon.colcon_core.shell:Creating package script '/home/rtos/dev_ws/install/srl/share/srl/package.bash'
[1.534s] INFO:colcon.colcon_core.shell:Creating package script '/home/rtos/dev_ws/install/srl/share/srl/package.zsh'
[1.534s] Level 1:colcon.colcon_core.environment:create_file_with_runtime_dependencies(/home/rtos/dev_ws/install/srl/share/colcon-core/packages/srl)
[1.535s] INFO:colcon.colcon_ros.task.ament_python.build:Building ROS package in '/home/rtos/dev_ws/src/scl' with build type 'ament_python'
[1.535s] Level 1:colcon.colcon_core.shell:create_environment_hook('scl', 'ament_prefix_path')
[1.535s] INFO:colcon.colcon_core.shell:Creating environment hook '/home/rtos/dev_ws/install/scl/share/scl/hook/ament_prefix_path.ps1'
[1.536s] INFO:colcon.colcon_core.shell:Creating environment descriptor '/home/rtos/dev_ws/install/scl/share/scl/hook/ament_prefix_path.dsv'
[1.536s] INFO:colcon.colcon_core.shell:Creating environment hook '/home/rtos/dev_ws/install/scl/share/scl/hook/ament_prefix_path.sh'
[1.537s] INFO:colcon.colcon_core.shell:Skip shell extension 'powershell' for command environment: Not usable outside of PowerShell
[1.537s] DEBUG:colcon.colcon_core.shell:Skip shell extension 'dsv' for command environment
[1.539s] DEBUG:colcon.colcon_core.shell:Ignoring prefix path '/opt/ros/foxy'
[1.763s] INFO:colcon.colcon_core.task.python.build:Building Python package in '/home/rtos/dev_ws/src/scl'
[1.765s] INFO:colcon.colcon_core.shell:Skip shell extension 'powershell' for command environment: Not usable outside of PowerShell
[1.765s] DEBUG:colcon.colcon_core.shell:Skip shell extension 'dsv' for command environment
[1.767s] DEBUG:colcon.colcon_core.shell:Ignoring prefix path '/opt/ros/foxy'
[1.776s] DEBUG:colcon.colcon_core.event_handler.log_command:Invoking command in '/home/rtos/dev_ws/src/scl': AMENT_PREFIX_PATH=/home/rtos/dev_ws/install/srl:/home/rtos/dev_ws/install/lkas4:/home/rtos/dev_ws/install/Torcs_5:/home/rtos/dev_ws/install/torcs_client:/home/rtos/dev_ws/install/torcs_interfaces:/home/rtos/dev_ws/install/lkas5:/home/rtos/dev_ws/install/scl:/home/rtos/dev_ws/install/splash_interfaces:/opt/ros/foxy CMAKE_PREFIX_PATH=/home/rtos/dev_ws/install/splash_interfaces:/home/rtos/dev_ws/install/torcs_interfaces LD_LIBRARY_PATH=/home/rtos/dev_ws/install/splash_interfaces/lib:/home/rtos/dev_ws/install/torcs_interfaces/lib:/opt/ros/foxy/opt/yaml_cpp_vendor/lib:/opt/ros/foxy/opt/rviz_ogre_vendor/lib:/opt/ros/foxy/lib/x86_64-linux-gnu:/opt/ros/foxy/lib PYTHONPATH=/home/rtos/dev_ws/install/scl/lib/python3.8/site-packages:/home/rtos/dev_ws/install/srl/lib/python3.8/site-packages:/home/rtos/dev_ws/install/splash_interfaces/lib/python3.8/site-packages:/home/rtos/dev_ws/install/lkas4/lib/python3.8/site-packages:/home/rtos/dev_ws/install/Torcs_5/lib/python3.8/site-packages:/home/rtos/dev_ws/install/torcs_client/lib/python3.8/site-packages:/home/rtos/dev_ws/install/torcs_interfaces/lib/python3.8/site-packages:/home/rtos/dev_ws/install/lkas5/lib/python3.8/site-packages:/home/rtos/dev_ws/install/scl/lib/python3.8/site-packages:/opt/ros/foxy/lib/python3.8/site-packages /usr/bin/python3 setup.py egg_info --egg-base ../../build/scl build --build-base /home/rtos/dev_ws/build/scl/build install --prefix /home/rtos/dev_ws/install/scl --record /home/rtos/dev_ws/build/scl/install.log --single-version-externally-managed
[2.068s] Level 1:colcon.colcon_core.environment:checking '/home/rtos/dev_ws/install/scl' for CMake module files
[2.069s] DEBUG:colcon.colcon_core.event_handler.log_command:Invoked command in '/home/rtos/dev_ws/src/scl' returned '0': AMENT_PREFIX_PATH=/home/rtos/dev_ws/install/srl:/home/rtos/dev_ws/install/lkas4:/home/rtos/dev_ws/install/Torcs_5:/home/rtos/dev_ws/install/torcs_client:/home/rtos/dev_ws/install/torcs_interfaces:/home/rtos/dev_ws/install/lkas5:/home/rtos/dev_ws/install/scl:/home/rtos/dev_ws/install/splash_interfaces:/opt/ros/foxy CMAKE_PREFIX_PATH=/home/rtos/dev_ws/install/splash_interfaces:/home/rtos/dev_ws/install/torcs_interfaces LD_LIBRARY_PATH=/home/rtos/dev_ws/install/splash_interfaces/lib:/home/rtos/dev_ws/install/torcs_interfaces/lib:/opt/ros/foxy/opt/yaml_cpp_vendor/lib:/opt/ros/foxy/opt/rviz_ogre_vendor/lib:/opt/ros/foxy/lib/x86_64-linux-gnu:/opt/ros/foxy/lib PYTHONPATH=/home/rtos/dev_ws/install/scl/lib/python3.8/site-packages:/home/rtos/dev_ws/install/srl/lib/python3.8/site-packages:/home/rtos/dev_ws/install/splash_interfaces/lib/python3.8/site-packages:/home/rtos/dev_ws/install/lkas4/lib/python3.8/site-packages:/home/rtos/dev_ws/install/Torcs_5/lib/python3.8/site-packages:/home/rtos/dev_ws/install/torcs_client/lib/python3.8/site-packages:/home/rtos/dev_ws/install/torcs_interfaces/lib/python3.8/site-packages:/home/rtos/dev_ws/install/lkas5/lib/python3.8/site-packages:/home/rtos/dev_ws/install/scl/lib/python3.8/site-packages:/opt/ros/foxy/lib/python3.8/site-packages /usr/bin/python3 setup.py egg_info --egg-base ../../build/scl build --build-base /home/rtos/dev_ws/build/scl/build install --prefix /home/rtos/dev_ws/install/scl --record /home/rtos/dev_ws/build/scl/install.log --single-version-externally-managed
[2.069s] Level 1:colcon.colcon_core.environment:checking '/home/rtos/dev_ws/install/scl' for CMake config files
[2.069s] Level 1:colcon.colcon_core.environment:checking '/home/rtos/dev_ws/install/scl/lib'
[2.069s] Level 1:colcon.colcon_core.environment:checking '/home/rtos/dev_ws/install/scl/bin'
[2.069s] Level 1:colcon.colcon_core.environment:checking '/home/rtos/dev_ws/install/scl/lib/pkgconfig/scl.pc'
[2.070s] Level 1:colcon.colcon_core.environment:checking '/home/rtos/dev_ws/install/scl/lib/python3.8/site-packages'
[2.070s] Level 1:colcon.colcon_core.shell:create_environment_hook('scl', 'pythonpath')
[2.070s] INFO:colcon.colcon_core.shell:Creating environment hook '/home/rtos/dev_ws/install/scl/share/scl/hook/pythonpath.ps1'
[2.071s] INFO:colcon.colcon_core.shell:Creating environment descriptor '/home/rtos/dev_ws/install/scl/share/scl/hook/pythonpath.dsv'
[2.071s] INFO:colcon.colcon_core.shell:Creating environment hook '/home/rtos/dev_ws/install/scl/share/scl/hook/pythonpath.sh'
[2.071s] Level 1:colcon.colcon_core.environment:create_environment_scripts_only(scl)
[2.072s] INFO:colcon.colcon_core.shell:Creating package script '/home/rtos/dev_ws/install/scl/share/scl/package.ps1'
[2.072s] INFO:colcon.colcon_core.shell:Creating package descriptor '/home/rtos/dev_ws/install/scl/share/scl/package.dsv'
[2.073s] INFO:colcon.colcon_core.shell:Creating package script '/home/rtos/dev_ws/install/scl/share/scl/package.sh'
[2.073s] INFO:colcon.colcon_core.shell:Creating package script '/home/rtos/dev_ws/install/scl/share/scl/package.bash'
[2.073s] INFO:colcon.colcon_core.shell:Creating package script '/home/rtos/dev_ws/install/scl/share/scl/package.zsh'
[2.073s] Level 1:colcon.colcon_core.environment:create_file_with_runtime_dependencies(/home/rtos/dev_ws/install/scl/share/colcon-core/packages/scl)
[2.074s] INFO:colcon.colcon_ros.task.ament_python.build:Building ROS package in '/home/rtos/dev_ws/src/Torcs_5' with build type 'ament_python'
[2.074s] Level 1:colcon.colcon_core.shell:create_environment_hook('Torcs_5', 'ament_prefix_path')
[2.074s] INFO:colcon.colcon_core.shell:Creating environment hook '/home/rtos/dev_ws/install/Torcs_5/share/Torcs_5/hook/ament_prefix_path.ps1'
[2.075s] INFO:colcon.colcon_core.shell:Creating environment descriptor '/home/rtos/dev_ws/install/Torcs_5/share/Torcs_5/hook/ament_prefix_path.dsv'
[2.075s] INFO:colcon.colcon_core.shell:Creating environment hook '/home/rtos/dev_ws/install/Torcs_5/share/Torcs_5/hook/ament_prefix_path.sh'
[2.076s] INFO:colcon.colcon_core.shell:Skip shell extension 'powershell' for command environment: Not usable outside of PowerShell
[2.076s] DEBUG:colcon.colcon_core.shell:Skip shell extension 'dsv' for command environment
[2.078s] DEBUG:colcon.colcon_core.shell:Ignoring prefix path '/opt/ros/foxy'
[2.081s] INFO:colcon.colcon_ros.task.ament_python.build:Building ROS package in '/home/rtos/dev_ws/src/lkas4' with build type 'ament_python'
[2.081s] Level 1:colcon.colcon_core.shell:create_environment_hook('lkas4', 'ament_prefix_path')
[2.082s] INFO:colcon.colcon_core.shell:Creating environment hook '/home/rtos/dev_ws/install/lkas4/share/lkas4/hook/ament_prefix_path.ps1'
[2.084s] INFO:colcon.colcon_core.shell:Creating environment descriptor '/home/rtos/dev_ws/install/lkas4/share/lkas4/hook/ament_prefix_path.dsv'
[2.084s] INFO:colcon.colcon_core.shell:Creating environment hook '/home/rtos/dev_ws/install/lkas4/share/lkas4/hook/ament_prefix_path.sh'
[2.086s] INFO:colcon.colcon_core.shell:Skip shell extension 'powershell' for command environment: Not usable outside of PowerShell
[2.086s] DEBUG:colcon.colcon_core.shell:Skip shell extension 'dsv' for command environment
[2.090s] DEBUG:colcon.colcon_core.shell:Ignoring prefix path '/opt/ros/foxy'
[2.093s] INFO:colcon.colcon_ros.task.ament_python.build:Building ROS package in '/home/rtos/dev_ws/src/lkas5' with build type 'ament_python'
[2.093s] Level 1:colcon.colcon_core.shell:create_environment_hook('lkas5', 'ament_prefix_path')
[2.094s] INFO:colcon.colcon_core.shell:Creating environment hook '/home/rtos/dev_ws/install/lkas5/share/lkas5/hook/ament_prefix_path.ps1'
[2.095s] INFO:colcon.colcon_core.shell:Creating environment descriptor '/home/rtos/dev_ws/install/lkas5/share/lkas5/hook/ament_prefix_path.dsv'
[2.096s] INFO:colcon.colcon_core.shell:Creating environment hook '/home/rtos/dev_ws/install/lkas5/share/lkas5/hook/ament_prefix_path.sh'
[2.097s] INFO:colcon.colcon_core.shell:Skip shell extension 'powershell' for command environment: Not usable outside of PowerShell
[2.097s] DEBUG:colcon.colcon_core.shell:Skip shell extension 'dsv' for command environment
[2.099s] DEBUG:colcon.colcon_core.shell:Ignoring prefix path '/opt/ros/foxy'
[2.316s] INFO:colcon.colcon_core.task.python.build:Building Python package in '/home/rtos/dev_ws/src/Torcs_5'
[2.317s] INFO:colcon.colcon_core.shell:Skip shell extension 'powershell' for command environment: Not usable outside of PowerShell
[2.317s] DEBUG:colcon.colcon_core.shell:Skip shell extension 'dsv' for command environment
[2.320s] DEBUG:colcon.colcon_core.shell:Ignoring prefix path '/opt/ros/foxy'
[2.537s] INFO:colcon.colcon_core.task.python.build:Building Python package in '/home/rtos/dev_ws/src/lkas4'
[2.538s] INFO:colcon.colcon_core.shell:Skip shell extension 'powershell' for command environment: Not usable outside of PowerShell
[2.538s] DEBUG:colcon.colcon_core.shell:Skip shell extension 'dsv' for command environment
[2.540s] DEBUG:colcon.colcon_core.shell:Ignoring prefix path '/opt/ros/foxy'
[2.751s] INFO:colcon.colcon_core.task.python.build:Building Python package in '/home/rtos/dev_ws/src/lkas5'
[2.752s] INFO:colcon.colcon_core.shell:Skip shell extension 'powershell' for command environment: Not usable outside of PowerShell
[2.752s] DEBUG:colcon.colcon_core.shell:Skip shell extension 'dsv' for command environment
[2.754s] DEBUG:colcon.colcon_core.shell:Ignoring prefix path '/opt/ros/foxy'
[2.761s] DEBUG:colcon.colcon_core.event_handler.log_command:Invoking command in '/home/rtos/dev_ws/src/Torcs_5': AMENT_PREFIX_PATH=/home/rtos/dev_ws/install/scl:/home/rtos/dev_ws/install/srl:/home/rtos/dev_ws/install/lkas4:/home/rtos/dev_ws/install/Torcs_5:/home/rtos/dev_ws/install/torcs_client:/home/rtos/dev_ws/install/torcs_interfaces:/home/rtos/dev_ws/install/lkas5:/home/rtos/dev_ws/install/splash_interfaces:/opt/ros/foxy CMAKE_PREFIX_PATH=/home/rtos/dev_ws/install/splash_interfaces:/home/rtos/dev_ws/install/torcs_interfaces LD_LIBRARY_PATH=/home/rtos/dev_ws/install/splash_interfaces/lib:/home/rtos/dev_ws/install/torcs_interfaces/lib:/opt/ros/foxy/opt/yaml_cpp_vendor/lib:/opt/ros/foxy/opt/rviz_ogre_vendor/lib:/opt/ros/foxy/lib/x86_64-linux-gnu:/opt/ros/foxy/lib PYTHONPATH=/home/rtos/dev_ws/install/Torcs_5/lib/python3.8/site-packages:/home/rtos/dev_ws/install/scl/lib/python3.8/site-packages:/home/rtos/dev_ws/install/srl/lib/python3.8/site-packages:/home/rtos/dev_ws/install/splash_interfaces/lib/python3.8/site-packages:/home/rtos/dev_ws/install/lkas4/lib/python3.8/site-packages:/home/rtos/dev_ws/install/Torcs_5/lib/python3.8/site-packages:/home/rtos/dev_ws/install/torcs_client/lib/python3.8/site-packages:/home/rtos/dev_ws/install/torcs_interfaces/lib/python3.8/site-packages:/home/rtos/dev_ws/install/lkas5/lib/python3.8/site-packages:/opt/ros/foxy/lib/python3.8/site-packages /usr/bin/python3 setup.py egg_info --egg-base ../../build/Torcs_5 build --build-base /home/rtos/dev_ws/build/Torcs_5/build install --prefix /home/rtos/dev_ws/install/Torcs_5 --record /home/rtos/dev_ws/build/Torcs_5/install.log --single-version-externally-managed
[2.768s] DEBUG:colcon.colcon_core.event_handler.log_command:Invoking command in '/home/rtos/dev_ws/src/lkas4': AMENT_PREFIX_PATH=/home/rtos/dev_ws/install/scl:/home/rtos/dev_ws/install/srl:/home/rtos/dev_ws/install/lkas4:/home/rtos/dev_ws/install/Torcs_5:/home/rtos/dev_ws/install/torcs_client:/home/rtos/dev_ws/install/torcs_interfaces:/home/rtos/dev_ws/install/lkas5:/home/rtos/dev_ws/install/splash_interfaces:/opt/ros/foxy CMAKE_PREFIX_PATH=/home/rtos/dev_ws/install/splash_interfaces:/home/rtos/dev_ws/install/torcs_interfaces LD_LIBRARY_PATH=/home/rtos/dev_ws/install/splash_interfaces/lib:/home/rtos/dev_ws/install/torcs_interfaces/lib:/opt/ros/foxy/opt/yaml_cpp_vendor/lib:/opt/ros/foxy/opt/rviz_ogre_vendor/lib:/opt/ros/foxy/lib/x86_64-linux-gnu:/opt/ros/foxy/lib PYTHONPATH=/home/rtos/dev_ws/install/lkas4/lib/python3.8/site-packages:/home/rtos/dev_ws/install/scl/lib/python3.8/site-packages:/home/rtos/dev_ws/install/srl/lib/python3.8/site-packages:/home/rtos/dev_ws/install/splash_interfaces/lib/python3.8/site-packages:/home/rtos/dev_ws/install/lkas4/lib/python3.8/site-packages:/home/rtos/dev_ws/install/Torcs_5/lib/python3.8/site-packages:/home/rtos/dev_ws/install/torcs_client/lib/python3.8/site-packages:/home/rtos/dev_ws/install/torcs_interfaces/lib/python3.8/site-packages:/home/rtos/dev_ws/install/lkas5/lib/python3.8/site-packages:/opt/ros/foxy/lib/python3.8/site-packages /usr/bin/python3 setup.py egg_info --egg-base ../../build/lkas4 build --build-base /home/rtos/dev_ws/build/lkas4/build install --prefix /home/rtos/dev_ws/install/lkas4 --record /home/rtos/dev_ws/build/lkas4/install.log --single-version-externally-managed
[2.772s] DEBUG:colcon.colcon_core.event_handler.log_command:Invoking command in '/home/rtos/dev_ws/src/lkas5': AMENT_PREFIX_PATH=/home/rtos/dev_ws/install/scl:/home/rtos/dev_ws/install/srl:/home/rtos/dev_ws/install/lkas4:/home/rtos/dev_ws/install/Torcs_5:/home/rtos/dev_ws/install/torcs_client:/home/rtos/dev_ws/install/torcs_interfaces:/home/rtos/dev_ws/install/lkas5:/home/rtos/dev_ws/install/splash_interfaces:/opt/ros/foxy CMAKE_PREFIX_PATH=/home/rtos/dev_ws/install/splash_interfaces:/home/rtos/dev_ws/install/torcs_interfaces LD_LIBRARY_PATH=/home/rtos/dev_ws/install/splash_interfaces/lib:/home/rtos/dev_ws/install/torcs_interfaces/lib:/opt/ros/foxy/opt/yaml_cpp_vendor/lib:/opt/ros/foxy/opt/rviz_ogre_vendor/lib:/opt/ros/foxy/lib/x86_64-linux-gnu:/opt/ros/foxy/lib PYTHONPATH=/home/rtos/dev_ws/install/lkas5/lib/python3.8/site-packages:/home/rtos/dev_ws/install/scl/lib/python3.8/site-packages:/home/rtos/dev_ws/install/srl/lib/python3.8/site-packages:/home/rtos/dev_ws/install/splash_interfaces/lib/python3.8/site-packages:/home/rtos/dev_ws/install/lkas4/lib/python3.8/site-packages:/home/rtos/dev_ws/install/Torcs_5/lib/python3.8/site-packages:/home/rtos/dev_ws/install/torcs_client/lib/python3.8/site-packages:/home/rtos/dev_ws/install/torcs_interfaces/lib/python3.8/site-packages:/home/rtos/dev_ws/install/lkas5/lib/python3.8/site-packages:/opt/ros/foxy/lib/python3.8/site-packages /usr/bin/python3 setup.py egg_info --egg-base ../../build/lkas5 build --build-base /home/rtos/dev_ws/build/lkas5/build install --prefix /home/rtos/dev_ws/install/lkas5 --record /home/rtos/dev_ws/build/lkas5/install.log --single-version-externally-managed
[3.054s] Level 1:colcon.colcon_core.environment:checking '/home/rtos/dev_ws/install/lkas4' for CMake module files
[3.054s] DEBUG:colcon.colcon_core.event_handler.log_command:Invoked command in '/home/rtos/dev_ws/src/lkas4' returned '0': AMENT_PREFIX_PATH=/home/rtos/dev_ws/install/scl:/home/rtos/dev_ws/install/srl:/home/rtos/dev_ws/install/lkas4:/home/rtos/dev_ws/install/Torcs_5:/home/rtos/dev_ws/install/torcs_client:/home/rtos/dev_ws/install/torcs_interfaces:/home/rtos/dev_ws/install/lkas5:/home/rtos/dev_ws/install/splash_interfaces:/opt/ros/foxy CMAKE_PREFIX_PATH=/home/rtos/dev_ws/install/splash_interfaces:/home/rtos/dev_ws/install/torcs_interfaces LD_LIBRARY_PATH=/home/rtos/dev_ws/install/splash_interfaces/lib:/home/rtos/dev_ws/install/torcs_interfaces/lib:/opt/ros/foxy/opt/yaml_cpp_vendor/lib:/opt/ros/foxy/opt/rviz_ogre_vendor/lib:/opt/ros/foxy/lib/x86_64-linux-gnu:/opt/ros/foxy/lib PYTHONPATH=/home/rtos/dev_ws/install/lkas4/lib/python3.8/site-packages:/home/rtos/dev_ws/install/scl/lib/python3.8/site-packages:/home/rtos/dev_ws/install/srl/lib/python3.8/site-packages:/home/rtos/dev_ws/install/splash_interfaces/lib/python3.8/site-packages:/home/rtos/dev_ws/install/lkas4/lib/python3.8/site-packages:/home/rtos/dev_ws/install/Torcs_5/lib/python3.8/site-packages:/home/rtos/dev_ws/install/torcs_client/lib/python3.8/site-packages:/home/rtos/dev_ws/install/torcs_interfaces/lib/python3.8/site-packages:/home/rtos/dev_ws/install/lkas5/lib/python3.8/site-packages:/opt/ros/foxy/lib/python3.8/site-packages /usr/bin/python3 setup.py egg_info --egg-base ../../build/lkas4 build --build-base /home/rtos/dev_ws/build/lkas4/build install --prefix /home/rtos/dev_ws/install/lkas4 --record /home/rtos/dev_ws/build/lkas4/install.log --single-version-externally-managed
[3.055s] Level 1:colcon.colcon_core.environment:checking '/home/rtos/dev_ws/install/lkas4' for CMake config files
[3.056s] Level 1:colcon.colcon_core.environment:checking '/home/rtos/dev_ws/install/lkas4/lib'
[3.056s] Level 1:colcon.colcon_core.environment:checking '/home/rtos/dev_ws/install/lkas4/bin'
[3.056s] Level 1:colcon.colcon_core.environment:checking '/home/rtos/dev_ws/install/lkas4/lib/pkgconfig/lkas4.pc'
[3.056s] Level 1:colcon.colcon_core.environment:checking '/home/rtos/dev_ws/install/lkas4/lib/python3.8/site-packages'
[3.056s] Level 1:colcon.colcon_core.shell:create_environment_hook('lkas4', 'pythonpath')
[3.057s] INFO:colcon.colcon_core.shell:Creating environment hook '/home/rtos/dev_ws/install/lkas4/share/lkas4/hook/pythonpath.ps1'
[3.057s] INFO:colcon.colcon_core.shell:Creating environment descriptor '/home/rtos/dev_ws/install/lkas4/share/lkas4/hook/pythonpath.dsv'
[3.058s] INFO:colcon.colcon_core.shell:Creating environment hook '/home/rtos/dev_ws/install/lkas4/share/lkas4/hook/pythonpath.sh'
[3.058s] Level 1:colcon.colcon_core.environment:create_environment_scripts_only(lkas4)
[3.059s] INFO:colcon.colcon_core.shell:Creating package script '/home/rtos/dev_ws/install/lkas4/share/lkas4/package.ps1'
[3.059s] INFO:colcon.colcon_core.shell:Creating package descriptor '/home/rtos/dev_ws/install/lkas4/share/lkas4/package.dsv'
[3.059s] INFO:colcon.colcon_core.shell:Creating package script '/home/rtos/dev_ws/install/lkas4/share/lkas4/package.sh'
[3.060s] INFO:colcon.colcon_core.shell:Creating package script '/home/rtos/dev_ws/install/lkas4/share/lkas4/package.bash'
[3.060s] INFO:colcon.colcon_core.shell:Creating package script '/home/rtos/dev_ws/install/lkas4/share/lkas4/package.zsh'
[3.060s] Level 1:colcon.colcon_core.environment:create_file_with_runtime_dependencies(/home/rtos/dev_ws/install/lkas4/share/colcon-core/packages/lkas4)
[3.079s] Level 1:colcon.colcon_core.environment:checking '/home/rtos/dev_ws/install/Torcs_5' for CMake module files
[3.080s] DEBUG:colcon.colcon_core.event_handler.log_command:Invoked command in '/home/rtos/dev_ws/src/Torcs_5' returned '0': AMENT_PREFIX_PATH=/home/rtos/dev_ws/install/scl:/home/rtos/dev_ws/install/srl:/home/rtos/dev_ws/install/lkas4:/home/rtos/dev_ws/install/Torcs_5:/home/rtos/dev_ws/install/torcs_client:/home/rtos/dev_ws/install/torcs_interfaces:/home/rtos/dev_ws/install/lkas5:/home/rtos/dev_ws/install/splash_interfaces:/opt/ros/foxy CMAKE_PREFIX_PATH=/home/rtos/dev_ws/install/splash_interfaces:/home/rtos/dev_ws/install/torcs_interfaces LD_LIBRARY_PATH=/home/rtos/dev_ws/install/splash_interfaces/lib:/home/rtos/dev_ws/install/torcs_interfaces/lib:/opt/ros/foxy/opt/yaml_cpp_vendor/lib:/opt/ros/foxy/opt/rviz_ogre_vendor/lib:/opt/ros/foxy/lib/x86_64-linux-gnu:/opt/ros/foxy/lib PYTHONPATH=/home/rtos/dev_ws/install/Torcs_5/lib/python3.8/site-packages:/home/rtos/dev_ws/install/scl/lib/python3.8/site-packages:/home/rtos/dev_ws/install/srl/lib/python3.8/site-packages:/home/rtos/dev_ws/install/splash_interfaces/lib/python3.8/site-packages:/home/rtos/dev_ws/install/lkas4/lib/python3.8/site-packages:/home/rtos/dev_ws/install/Torcs_5/lib/python3.8/site-packages:/home/rtos/dev_ws/install/torcs_client/lib/python3.8/site-packages:/home/rtos/dev_ws/install/torcs_interfaces/lib/python3.8/site-packages:/home/rtos/dev_ws/install/lkas5/lib/python3.8/site-packages:/opt/ros/foxy/lib/python3.8/site-packages /usr/bin/python3 setup.py egg_info --egg-base ../../build/Torcs_5 build --build-base /home/rtos/dev_ws/build/Torcs_5/build install --prefix /home/rtos/dev_ws/install/Torcs_5 --record /home/rtos/dev_ws/build/Torcs_5/install.log --single-version-externally-managed
[3.080s] Level 1:colcon.colcon_core.environment:checking '/home/rtos/dev_ws/install/Torcs_5' for CMake config files
[3.081s] Level 1:colcon.colcon_core.environment:checking '/home/rtos/dev_ws/install/Torcs_5/lib'
[3.081s] Level 1:colcon.colcon_core.environment:checking '/home/rtos/dev_ws/install/Torcs_5/bin'
[3.081s] Level 1:colcon.colcon_core.environment:checking '/home/rtos/dev_ws/install/Torcs_5/lib/pkgconfig/Torcs_5.pc'
[3.081s] Level 1:colcon.colcon_core.environment:checking '/home/rtos/dev_ws/install/Torcs_5/lib/python3.8/site-packages'
[3.081s] Level 1:colcon.colcon_core.shell:create_environment_hook('Torcs_5', 'pythonpath')
[3.082s] INFO:colcon.colcon_core.shell:Creating environment hook '/home/rtos/dev_ws/install/Torcs_5/share/Torcs_5/hook/pythonpath.ps1'
[3.082s] INFO:colcon.colcon_core.shell:Creating environment descriptor '/home/rtos/dev_ws/install/Torcs_5/share/Torcs_5/hook/pythonpath.dsv'
[3.082s] INFO:colcon.colcon_core.shell:Creating environment hook '/home/rtos/dev_ws/install/Torcs_5/share/Torcs_5/hook/pythonpath.sh'
[3.083s] Level 1:colcon.colcon_core.environment:create_environment_scripts_only(Torcs_5)
[3.083s] INFO:colcon.colcon_core.shell:Creating package script '/home/rtos/dev_ws/install/Torcs_5/share/Torcs_5/package.ps1'
[3.084s] INFO:colcon.colcon_core.shell:Creating package descriptor '/home/rtos/dev_ws/install/Torcs_5/share/Torcs_5/package.dsv'
[3.084s] INFO:colcon.colcon_core.shell:Creating package script '/home/rtos/dev_ws/install/Torcs_5/share/Torcs_5/package.sh'
[3.084s] INFO:colcon.colcon_core.shell:Creating package script '/home/rtos/dev_ws/install/Torcs_5/share/Torcs_5/package.bash'
[3.085s] INFO:colcon.colcon_core.shell:Creating package script '/home/rtos/dev_ws/install/Torcs_5/share/Torcs_5/package.zsh'
[3.085s] Level 1:colcon.colcon_core.environment:create_file_with_runtime_dependencies(/home/rtos/dev_ws/install/Torcs_5/share/colcon-core/packages/Torcs_5)
[3.087s] Level 1:colcon.colcon_core.environment:checking '/home/rtos/dev_ws/install/lkas5' for CMake module files
[3.087s] DEBUG:colcon.colcon_core.event_handler.log_command:Invoked command in '/home/rtos/dev_ws/src/lkas5' returned '0': AMENT_PREFIX_PATH=/home/rtos/dev_ws/install/scl:/home/rtos/dev_ws/install/srl:/home/rtos/dev_ws/install/lkas4:/home/rtos/dev_ws/install/Torcs_5:/home/rtos/dev_ws/install/torcs_client:/home/rtos/dev_ws/install/torcs_interfaces:/home/rtos/dev_ws/install/lkas5:/home/rtos/dev_ws/install/splash_interfaces:/opt/ros/foxy CMAKE_PREFIX_PATH=/home/rtos/dev_ws/install/splash_interfaces:/home/rtos/dev_ws/install/torcs_interfaces LD_LIBRARY_PATH=/home/rtos/dev_ws/install/splash_interfaces/lib:/home/rtos/dev_ws/install/torcs_interfaces/lib:/opt/ros/foxy/opt/yaml_cpp_vendor/lib:/opt/ros/foxy/opt/rviz_ogre_vendor/lib:/opt/ros/foxy/lib/x86_64-linux-gnu:/opt/ros/foxy/lib PYTHONPATH=/home/rtos/dev_ws/install/lkas5/lib/python3.8/site-packages:/home/rtos/dev_ws/install/scl/lib/python3.8/site-packages:/home/rtos/dev_ws/install/srl/lib/python3.8/site-packages:/home/rtos/dev_ws/install/splash_interfaces/lib/python3.8/site-packages:/home/rtos/dev_ws/install/lkas4/lib/python3.8/site-packages:/home/rtos/dev_ws/install/Torcs_5/lib/python3.8/site-packages:/home/rtos/dev_ws/install/torcs_client/lib/python3.8/site-packages:/home/rtos/dev_ws/install/torcs_interfaces/lib/python3.8/site-packages:/home/rtos/dev_ws/install/lkas5/lib/python3.8/site-packages:/opt/ros/foxy/lib/python3.8/site-packages /usr/bin/python3 setup.py egg_info --egg-base ../../build/lkas5 build --build-base /home/rtos/dev_ws/build/lkas5/build install --prefix /home/rtos/dev_ws/install/lkas5 --record /home/rtos/dev_ws/build/lkas5/install.log --single-version-externally-managed
[3.087s] Level 1:colcon.colcon_core.environment:checking '/home/rtos/dev_ws/install/lkas5' for CMake config files
[3.088s] Level 1:colcon.colcon_core.environment:checking '/home/rtos/dev_ws/install/lkas5/lib'
[3.088s] Level 1:colcon.colcon_core.environment:checking '/home/rtos/dev_ws/install/lkas5/bin'
[3.088s] Level 1:colcon.colcon_core.environment:checking '/home/rtos/dev_ws/install/lkas5/lib/pkgconfig/lkas5.pc'
[3.088s] Level 1:colcon.colcon_core.environment:checking '/home/rtos/dev_ws/install/lkas5/lib/python3.8/site-packages'
[3.088s] Level 1:colcon.colcon_core.shell:create_environment_hook('lkas5', 'pythonpath')
[3.089s] INFO:colcon.colcon_core.shell:Creating environment hook '/home/rtos/dev_ws/install/lkas5/share/lkas5/hook/pythonpath.ps1'
[3.089s] INFO:colcon.colcon_core.shell:Creating environment descriptor '/home/rtos/dev_ws/install/lkas5/share/lkas5/hook/pythonpath.dsv'
[3.089s] INFO:colcon.colcon_core.shell:Creating environment hook '/home/rtos/dev_ws/install/lkas5/share/lkas5/hook/pythonpath.sh'
[3.090s] Level 1:colcon.colcon_core.environment:create_environment_scripts_only(lkas5)
[3.090s] INFO:colcon.colcon_core.shell:Creating package script '/home/rtos/dev_ws/install/lkas5/share/lkas5/package.ps1'
[3.090s] INFO:colcon.colcon_core.shell:Creating package descriptor '/home/rtos/dev_ws/install/lkas5/share/lkas5/package.dsv'
[3.091s] INFO:colcon.colcon_core.shell:Creating package script '/home/rtos/dev_ws/install/lkas5/share/lkas5/package.sh'
[3.091s] INFO:colcon.colcon_core.shell:Creating package script '/home/rtos/dev_ws/install/lkas5/share/lkas5/package.bash'
[3.091s] INFO:colcon.colcon_core.shell:Creating package script '/home/rtos/dev_ws/install/lkas5/share/lkas5/package.zsh'
[3.092s] Level 1:colcon.colcon_core.environment:create_file_with_runtime_dependencies(/home/rtos/dev_ws/install/lkas5/share/colcon-core/packages/lkas5)
[3.092s] DEBUG:colcon.colcon_parallel_executor.executor.parallel:closing loop
[3.092s] DEBUG:colcon.colcon_parallel_executor.executor.parallel:loop closed
[3.092s] DEBUG:colcon.colcon_parallel_executor.executor.parallel:run_until_complete finished with '0'
[3.092s] DEBUG:colcon.colcon_core.event_reactor:joining thread
[3.099s] INFO:colcon.colcon_core.plugin_system:Skipping extension 'colcon_notification.desktop_notification.terminal_notifier': Not used on non-Darwin systems
[3.099s] INFO:colcon.colcon_core.plugin_system:Skipping extension 'colcon_notification.desktop_notification.win32': Not used on non-Windows systems
[3.099s] INFO:colcon.colcon_notification.desktop_notification:Sending desktop notification using 'notify2'
[3.113s] DEBUG:colcon.colcon_core.event_reactor:joined thread
[3.114s] INFO:colcon.colcon_core.shell:Creating prefix script '/home/rtos/dev_ws/install/local_setup.ps1'
[3.115s] INFO:colcon.colcon_core.shell:Creating prefix util module '/home/rtos/dev_ws/install/_local_setup_util_ps1.py'
[3.116s] INFO:colcon.colcon_core.shell:Creating prefix chain script '/home/rtos/dev_ws/install/setup.ps1'
[3.119s] INFO:colcon.colcon_core.shell:Creating prefix script '/home/rtos/dev_ws/install/local_setup.sh'
[3.119s] INFO:colcon.colcon_core.shell:Creating prefix util module '/home/rtos/dev_ws/install/_local_setup_util_sh.py'
[3.120s] INFO:colcon.colcon_core.shell:Creating prefix chain script '/home/rtos/dev_ws/install/setup.sh'
[3.122s] INFO:colcon.colcon_core.shell:Creating prefix script '/home/rtos/dev_ws/install/local_setup.bash'
[3.122s] INFO:colcon.colcon_core.shell:Creating prefix chain script '/home/rtos/dev_ws/install/setup.bash'
[3.125s] INFO:colcon.colcon_core.shell:Creating prefix script '/home/rtos/dev_ws/install/local_setup.zsh'
[3.126s] INFO:colcon.colcon_core.shell:Creating prefix chain script '/home/rtos/dev_ws/install/setup.zsh'
