[0.015s] Invoking command in '/home/rtos/dev_ws/build/splash_interfaces': CMAKE_PREFIX_PATH=${CMAKE_PREFIX_PATH}:/home/rtos/dev_ws/install/Torcs_5:/home/rtos/dev_ws/install/torcs_client:/home/rtos/dev_ws/install/lkas5:/home/rtos/dev_ws/install/scl:/home/rtos/dev_ws/install/srl:/opt/ros/foxy /usr/bin/cmake /home/rtos/dev_ws/src/splash_interfaces -DCMAKE_INSTALL_PREFIX=/home/rtos/dev_ws/install/splash_interfaces
[0.078s] -- The C compiler identification is GNU 9.3.0
[0.144s] -- The CXX compiler identification is GNU 9.3.0
[0.148s] -- Check for working C compiler: /usr/bin/cc
[0.214s] -- Check for working C compiler: /usr/bin/cc -- works
[0.215s] -- Detecting C compiler ABI info
[0.283s] -- Detecting C compiler ABI info - done
[0.295s] -- Detecting C compile features
[0.295s] -- Detecting C compile features - done
[0.298s] -- Check for working CXX compiler: /usr/bin/c++
[0.379s] -- Check for working CXX compiler: /usr/bin/c++ -- works
[0.380s] -- Detecting CXX compiler ABI info
[0.472s] -- Detecting CXX compiler ABI info - done
[0.483s] -- Detecting CXX compile features
[0.484s] -- Detecting CXX compile features - done
[0.486s] -- Found ament_cmake: 0.9.7 (/opt/ros/foxy/share/ament_cmake/cmake)
[0.509s] -- Found PythonInterp: /usr/bin/python3 (found suitable version "3.8.5", minimum required is "3") 
[0.509s] -- Using PYTHON_EXECUTABLE: /usr/bin/python3
[0.690s] -- Found std_msgs: 2.0.3 (/opt/ros/foxy/share/std_msgs/cmake)
[0.706s] -- Using all available rosidl_typesupport_c: rosidl_typesupport_fastrtps_c;rosidl_typesupport_introspection_c
[0.711s] -- Found rosidl_adapter: 1.1.0 (/opt/ros/foxy/share/rosidl_adapter/cmake)
[0.793s] -- Found OpenSSL: /usr/lib/x86_64-linux-gnu/libcrypto.so (found version "1.1.1f")  
[0.819s] -- Found FastRTPS: /opt/ros/foxy/include  
[0.898s] -- Using all available rosidl_typesupport_cpp: rosidl_typesupport_fastrtps_cpp;rosidl_typesupport_introspection_cpp
[0.944s] -- Found rosidl_default_generators: 1.0.0 (/opt/ros/foxy/share/rosidl_default_generators/cmake)
[0.976s] -- Found PythonInterp: /usr/bin/python3 (found version "3.8.5") 
[1.173s] -- Found ament_cmake_ros: 0.9.0 (/opt/ros/foxy/share/ament_cmake_ros/cmake)
[1.349s] -- Using all available rosidl_typesupport_c: rosidl_typesupport_fastrtps_c;rosidl_typesupport_introspection_c
[1.425s] -- Using all available rosidl_typesupport_cpp: rosidl_typesupport_fastrtps_cpp;rosidl_typesupport_introspection_cpp
[1.451s] -- Found PythonInterp: /usr/bin/python3 (found suitable version "3.8.5", minimum required is "3.5") 
[1.453s] -- Found python_cmake_module: 0.8.0 (/opt/ros/foxy/share/python_cmake_module/cmake)
[1.484s] -- Found PythonLibs: /usr/lib/x86_64-linux-gnu/libpython3.8.so (found suitable version "3.8.5", minimum required is "3.5") 
[1.484s] -- Using PYTHON_EXECUTABLE: /usr/bin/python3
[1.484s] -- Using PYTHON_INCLUDE_DIRS: /usr/include/python3.8
[1.485s] -- Using PYTHON_LIBRARIES: /usr/lib/x86_64-linux-gnu/libpython3.8.so
[1.505s] -- Found PythonExtra: .so  
[1.579s] -- Configuring done
[1.636s] -- Generating done
[1.639s] -- Build files have been written to: /home/rtos/dev_ws/build/splash_interfaces
[1.649s] Invoked command in '/home/rtos/dev_ws/build/splash_interfaces' returned '0': CMAKE_PREFIX_PATH=${CMAKE_PREFIX_PATH}:/home/rtos/dev_ws/install/Torcs_5:/home/rtos/dev_ws/install/torcs_client:/home/rtos/dev_ws/install/lkas5:/home/rtos/dev_ws/install/scl:/home/rtos/dev_ws/install/srl:/opt/ros/foxy /usr/bin/cmake /home/rtos/dev_ws/src/splash_interfaces -DCMAKE_INSTALL_PREFIX=/home/rtos/dev_ws/install/splash_interfaces
[1.651s] Invoking command in '/home/rtos/dev_ws/build/splash_interfaces': CMAKE_PREFIX_PATH=${CMAKE_PREFIX_PATH}:/home/rtos/dev_ws/install/Torcs_5:/home/rtos/dev_ws/install/torcs_client:/home/rtos/dev_ws/install/lkas5:/home/rtos/dev_ws/install/scl:/home/rtos/dev_ws/install/srl:/opt/ros/foxy /usr/bin/cmake --build /home/rtos/dev_ws/build/splash_interfaces -- -j8 -l8
[1.705s] [35m[1mScanning dependencies of target splash_interfaces__cpp[0m
[1.714s] [  1%] [34m[1mGenerating C code for ROS interfaces[0m
[1.738s] [  3%] [34m[1mGenerating C++ code for ROS interfaces[0m
[2.241s] [  3%] Built target splash_interfaces__cpp
[2.256s] [  5%] [34m[1mGenerating C++ type support dispatch for ROS interfaces[0m
[2.268s] [  7%] [34m[1mGenerating C++ type support for eProsima Fast-RTPS[0m
[2.278s] [  9%] [34m[1mGenerating C++ introspection for ROS interfaces[0m
[2.317s] [35m[1mScanning dependencies of target splash_interfaces__rosidl_generator_c[0m
[2.346s] [ 10%] [32mBuilding C object CMakeFiles/splash_interfaces__rosidl_generator_c.dir/rosidl_generator_c/splash_interfaces/srv/detail/request_mode_change__functions.c.o[0m
[2.360s] [ 12%] [32mBuilding C object CMakeFiles/splash_interfaces__rosidl_generator_c.dir/rosidl_generator_c/splash_interfaces/srv/detail/unregister_mode__functions.c.o[0m
[2.375s] [ 14%] [32mBuilding C object CMakeFiles/splash_interfaces__rosidl_generator_c.dir/rosidl_generator_c/splash_interfaces/srv/detail/register_mode__functions.c.o[0m
[2.381s] [ 16%] [32mBuilding C object CMakeFiles/splash_interfaces__rosidl_generator_c.dir/rosidl_generator_c/splash_interfaces/msg/detail/splash_message__functions.c.o[0m
[2.504s] [ 18%] [32m[1mLinking C shared library libsplash_interfaces__rosidl_generator_c.so[0m
[2.596s] [ 18%] Built target splash_interfaces__rosidl_generator_c
[2.614s] [ 20%] [34m[1mGenerating C type support dispatch for ROS interfaces[0m
[2.650s] [ 21%] [34m[1mGenerating C introspection for ROS interfaces[0m
[2.831s] [35m[1mScanning dependencies of target splash_interfaces__rosidl_typesupport_cpp[0m
[2.963s] [ 23%] [32mBuilding CXX object CMakeFiles/splash_interfaces__rosidl_typesupport_cpp.dir/rosidl_typesupport_cpp/splash_interfaces/srv/request_mode_change__type_support.cpp.o[0m
[2.978s] [ 25%] [32mBuilding CXX object CMakeFiles/splash_interfaces__rosidl_typesupport_cpp.dir/rosidl_typesupport_cpp/splash_interfaces/srv/unregister_mode__type_support.cpp.o[0m
[2.978s] [ 27%] [32mBuilding CXX object CMakeFiles/splash_interfaces__rosidl_typesupport_cpp.dir/rosidl_typesupport_cpp/splash_interfaces/srv/register_mode__type_support.cpp.o[0m
[3.005s] [ 29%] [32mBuilding CXX object CMakeFiles/splash_interfaces__rosidl_typesupport_cpp.dir/rosidl_typesupport_cpp/splash_interfaces/msg/splash_message__type_support.cpp.o[0m
[3.351s] [35m[1mScanning dependencies of target splash_interfaces__rosidl_typesupport_introspection_cpp[0m
[3.440s] [35m[1mScanning dependencies of target splash_interfaces__rosidl_typesupport_fastrtps_cpp[0m
[3.445s] [ 30%] [32mBuilding CXX object CMakeFiles/splash_interfaces__rosidl_typesupport_introspection_cpp.dir/rosidl_typesupport_introspection_cpp/splash_interfaces/srv/detail/request_mode_change__type_support.cpp.o[0m
[3.503s] [ 32%] [32mBuilding CXX object CMakeFiles/splash_interfaces__rosidl_typesupport_fastrtps_cpp.dir/rosidl_typesupport_fastrtps_cpp/splash_interfaces/srv/detail/dds_fastrtps/request_mode_change__type_support.cpp.o[0m
[3.664s] [35m[1mScanning dependencies of target splash_interfaces__rosidl_typesupport_c[0m
[3.757s] [ 34%] [32mBuilding CXX object CMakeFiles/splash_interfaces__rosidl_typesupport_c.dir/rosidl_typesupport_c/splash_interfaces/srv/request_mode_change__type_support.cpp.o[0m
[3.807s] [ 36%] [32mBuilding CXX object CMakeFiles/splash_interfaces__rosidl_typesupport_fastrtps_cpp.dir/rosidl_typesupport_fastrtps_cpp/splash_interfaces/srv/detail/dds_fastrtps/register_mode__type_support.cpp.o[0m
[3.901s] [ 38%] [32mBuilding CXX object CMakeFiles/splash_interfaces__rosidl_typesupport_fastrtps_cpp.dir/rosidl_typesupport_fastrtps_cpp/splash_interfaces/srv/detail/dds_fastrtps/unregister_mode__type_support.cpp.o[0m
[3.912s] [ 40%] [32mBuilding CXX object CMakeFiles/splash_interfaces__rosidl_typesupport_c.dir/rosidl_typesupport_c/splash_interfaces/srv/register_mode__type_support.cpp.o[0m
[3.944s] [ 41%] [32mBuilding CXX object CMakeFiles/splash_interfaces__rosidl_typesupport_c.dir/rosidl_typesupport_c/splash_interfaces/srv/unregister_mode__type_support.cpp.o[0m
[3.945s] [35m[1mScanning dependencies of target splash_interfaces__rosidl_typesupport_introspection_c[0m
[4.036s] [ 45%] [32mBuilding C object CMakeFiles/splash_interfaces__rosidl_typesupport_introspection_c.dir/rosidl_typesupport_introspection_c/splash_interfaces/srv/detail/request_mode_change__type_support.c.o[0m
[4.044s] [ 45%] [32m[1mLinking CXX shared library libsplash_interfaces__rosidl_typesupport_cpp.so[0m
[4.153s] [ 47%] [32mBuilding CXX object CMakeFiles/splash_interfaces__rosidl_typesupport_c.dir/rosidl_typesupport_c/splash_interfaces/msg/splash_message__type_support.cpp.o[0m
[4.158s] [ 49%] [32mBuilding C object CMakeFiles/splash_interfaces__rosidl_typesupport_introspection_c.dir/rosidl_typesupport_introspection_c/splash_interfaces/srv/detail/register_mode__type_support.c.o[0m
[4.264s] [ 50%] [32mBuilding C object CMakeFiles/splash_interfaces__rosidl_typesupport_introspection_c.dir/rosidl_typesupport_introspection_c/splash_interfaces/srv/detail/unregister_mode__type_support.c.o[0m
[4.348s] [ 52%] [32m[1mLinking CXX shared library libsplash_interfaces__rosidl_typesupport_c.so[0m
[4.355s] [ 52%] Built target splash_interfaces__rosidl_typesupport_cpp
[4.389s] [ 54%] [32mBuilding CXX object CMakeFiles/splash_interfaces__rosidl_typesupport_fastrtps_cpp.dir/rosidl_typesupport_fastrtps_cpp/splash_interfaces/msg/detail/dds_fastrtps/splash_message__type_support.cpp.o[0m
[4.451s] [ 56%] [32mBuilding CXX object CMakeFiles/splash_interfaces__rosidl_typesupport_introspection_cpp.dir/rosidl_typesupport_introspection_cpp/splash_interfaces/srv/detail/register_mode__type_support.cpp.o[0m
[4.469s] [ 58%] [32mBuilding C object CMakeFiles/splash_interfaces__rosidl_typesupport_introspection_c.dir/rosidl_typesupport_introspection_c/splash_interfaces/msg/detail/splash_message__type_support.c.o[0m
[4.537s] [ 60%] [32mBuilding CXX object CMakeFiles/splash_interfaces__rosidl_typesupport_introspection_cpp.dir/rosidl_typesupport_introspection_cpp/splash_interfaces/srv/detail/unregister_mode__type_support.cpp.o[0m
[4.566s] [ 60%] Built target splash_interfaces__rosidl_typesupport_c
[4.629s] [ 61%] [32m[1mLinking C shared library libsplash_interfaces__rosidl_typesupport_introspection_c.so[0m
[4.651s] [ 63%] [32mBuilding CXX object CMakeFiles/splash_interfaces__rosidl_typesupport_introspection_cpp.dir/rosidl_typesupport_introspection_cpp/splash_interfaces/msg/detail/splash_message__type_support.cpp.o[0m
[4.815s] [ 63%] Built target splash_interfaces__rosidl_typesupport_introspection_c
[5.278s] [ 65%] [32m[1mLinking CXX shared library libsplash_interfaces__rosidl_typesupport_introspection_cpp.so[0m
[5.362s] [ 65%] Built target splash_interfaces__rosidl_typesupport_introspection_cpp
[5.398s] [ 67%] [32m[1mLinking CXX shared library libsplash_interfaces__rosidl_typesupport_fastrtps_cpp.so[0m
[5.502s] [ 67%] Built target splash_interfaces__rosidl_typesupport_fastrtps_cpp
[5.513s] [ 69%] [34m[1mGenerating C type support for eProsima Fast-RTPS[0m
[5.893s] [35m[1mScanning dependencies of target splash_interfaces__rosidl_typesupport_fastrtps_c[0m
[5.916s] [ 70%] [32mBuilding CXX object CMakeFiles/splash_interfaces__rosidl_typesupport_fastrtps_c.dir/rosidl_typesupport_fastrtps_c/splash_interfaces/srv/detail/unregister_mode__type_support_c.cpp.o[0m
[5.917s] [ 72%] [32mBuilding CXX object CMakeFiles/splash_interfaces__rosidl_typesupport_fastrtps_c.dir/rosidl_typesupport_fastrtps_c/splash_interfaces/srv/detail/register_mode__type_support_c.cpp.o[0m
[5.919s] [ 74%] [32mBuilding CXX object CMakeFiles/splash_interfaces__rosidl_typesupport_fastrtps_c.dir/rosidl_typesupport_fastrtps_c/splash_interfaces/srv/detail/request_mode_change__type_support_c.cpp.o[0m
[5.919s] [ 76%] [32mBuilding CXX object CMakeFiles/splash_interfaces__rosidl_typesupport_fastrtps_c.dir/rosidl_typesupport_fastrtps_c/splash_interfaces/msg/detail/splash_message__type_support_c.cpp.o[0m
[6.459s] [ 78%] [32m[1mLinking CXX shared library libsplash_interfaces__rosidl_typesupport_fastrtps_c.so[0m
[6.553s] [ 78%] Built target splash_interfaces__rosidl_typesupport_fastrtps_c
[6.564s] [35m[1mScanning dependencies of target splash_interfaces[0m
[6.576s] [ 78%] Built target splash_interfaces
[6.587s] [35m[1mScanning dependencies of target splash_interfaces__py[0m
[6.599s] [ 80%] [34m[1mGenerating Python code for ROS interfaces[0m
[7.398s] [ 80%] Built target splash_interfaces__py
[7.408s] [35m[1mScanning dependencies of target splash_interfaces__python[0m
[7.434s] [ 81%] [32mBuilding C object CMakeFiles/splash_interfaces__python.dir/rosidl_generator_py/splash_interfaces/srv/_request_mode_change_s.c.o[0m
[7.436s] [ 83%] [32mBuilding C object CMakeFiles/splash_interfaces__python.dir/rosidl_generator_py/splash_interfaces/srv/_register_mode_s.c.o[0m
[7.438s] [ 85%] [32mBuilding C object CMakeFiles/splash_interfaces__python.dir/rosidl_generator_py/splash_interfaces/srv/_unregister_mode_s.c.o[0m
[7.442s] [ 87%] [32mBuilding C object CMakeFiles/splash_interfaces__python.dir/rosidl_generator_py/splash_interfaces/msg/_splash_message_s.c.o[0m
[7.582s] [ 89%] [32m[1mLinking C shared library rosidl_generator_py/splash_interfaces/libsplash_interfaces__python.so[0m
[7.628s] [ 89%] Built target splash_interfaces__python
[7.640s] [35m[1mScanning dependencies of target splash_interfaces__rosidl_typesupport_fastrtps_c__pyext[0m
[7.640s] [35m[1mScanning dependencies of target splash_interfaces__rosidl_typesupport_introspection_c__pyext[0m
[7.642s] [35m[1mScanning dependencies of target splash_interfaces__rosidl_typesupport_c__pyext[0m
[7.666s] [ 90%] [32mBuilding C object CMakeFiles/splash_interfaces__rosidl_typesupport_c__pyext.dir/rosidl_generator_py/splash_interfaces/_splash_interfaces_s.ep.rosidl_typesupport_c.c.o[0m
[7.668s] [ 92%] [32mBuilding C object CMakeFiles/splash_interfaces__rosidl_typesupport_introspection_c__pyext.dir/rosidl_generator_py/splash_interfaces/_splash_interfaces_s.ep.rosidl_typesupport_introspection_c.c.o[0m
[7.672s] [ 94%] [32mBuilding C object CMakeFiles/splash_interfaces__rosidl_typesupport_fastrtps_c__pyext.dir/rosidl_generator_py/splash_interfaces/_splash_interfaces_s.ep.rosidl_typesupport_fastrtps_c.c.o[0m
[7.767s] [ 96%] [32m[1mLinking C shared library rosidl_generator_py/splash_interfaces/splash_interfaces_s__rosidl_typesupport_introspection_c.cpython-38-x86_64-linux-gnu.so[0m
[7.769s] [ 98%] [32m[1mLinking C shared library rosidl_generator_py/splash_interfaces/splash_interfaces_s__rosidl_typesupport_c.cpython-38-x86_64-linux-gnu.so[0m
[7.807s] [ 98%] Built target splash_interfaces__rosidl_typesupport_introspection_c__pyext
[7.808s] [ 98%] Built target splash_interfaces__rosidl_typesupport_c__pyext
[7.825s] [100%] [32m[1mLinking CXX shared library rosidl_generator_py/splash_interfaces/splash_interfaces_s__rosidl_typesupport_fastrtps_c.cpython-38-x86_64-linux-gnu.so[0m
[7.902s] [100%] Built target splash_interfaces__rosidl_typesupport_fastrtps_c__pyext
[7.913s] Invoked command in '/home/rtos/dev_ws/build/splash_interfaces' returned '0': CMAKE_PREFIX_PATH=${CMAKE_PREFIX_PATH}:/home/rtos/dev_ws/install/Torcs_5:/home/rtos/dev_ws/install/torcs_client:/home/rtos/dev_ws/install/lkas5:/home/rtos/dev_ws/install/scl:/home/rtos/dev_ws/install/srl:/opt/ros/foxy /usr/bin/cmake --build /home/rtos/dev_ws/build/splash_interfaces -- -j8 -l8
[8.011s] Invoking command in '/home/rtos/dev_ws/build/splash_interfaces': CMAKE_PREFIX_PATH=${CMAKE_PREFIX_PATH}:/home/rtos/dev_ws/install/Torcs_5:/home/rtos/dev_ws/install/torcs_client:/home/rtos/dev_ws/install/lkas5:/home/rtos/dev_ws/install/scl:/home/rtos/dev_ws/install/srl:/opt/ros/foxy /usr/bin/cmake --install /home/rtos/dev_ws/build/splash_interfaces
[8.021s] -- Install configuration: ""
[8.021s] -- Installing: /home/rtos/dev_ws/install/splash_interfaces/share/ament_index/resource_index/rosidl_interfaces/splash_interfaces
[8.021s] -- Installing: /home/rtos/dev_ws/install/splash_interfaces/include/splash_interfaces
[8.021s] -- Installing: /home/rtos/dev_ws/install/splash_interfaces/include/splash_interfaces/msg
[8.021s] -- Installing: /home/rtos/dev_ws/install/splash_interfaces/include/splash_interfaces/msg/detail
[8.021s] -- Installing: /home/rtos/dev_ws/install/splash_interfaces/include/splash_interfaces/msg/detail/splash_message__functions.h
[8.022s] -- Installing: /home/rtos/dev_ws/install/splash_interfaces/include/splash_interfaces/msg/detail/splash_message__struct.h
[8.022s] -- Installing: /home/rtos/dev_ws/install/splash_interfaces/include/splash_interfaces/msg/detail/splash_message__type_support.h
[8.022s] -- Installing: /home/rtos/dev_ws/install/splash_interfaces/include/splash_interfaces/msg/detail/splash_message__functions.c
[8.022s] -- Installing: /home/rtos/dev_ws/install/splash_interfaces/include/splash_interfaces/msg/rosidl_generator_c__visibility_control.h
[8.022s] -- Installing: /home/rtos/dev_ws/install/splash_interfaces/include/splash_interfaces/msg/splash_message.h
[8.022s] -- Installing: /home/rtos/dev_ws/install/splash_interfaces/include/splash_interfaces/srv
[8.022s] -- Installing: /home/rtos/dev_ws/install/splash_interfaces/include/splash_interfaces/srv/detail
[8.022s] -- Installing: /home/rtos/dev_ws/install/splash_interfaces/include/splash_interfaces/srv/detail/unregister_mode__functions.h
[8.022s] -- Installing: /home/rtos/dev_ws/install/splash_interfaces/include/splash_interfaces/srv/detail/register_mode__type_support.h
[8.023s] -- Installing: /home/rtos/dev_ws/install/splash_interfaces/include/splash_interfaces/srv/detail/unregister_mode__functions.c
[8.023s] -- Installing: /home/rtos/dev_ws/install/splash_interfaces/include/splash_interfaces/srv/detail/unregister_mode__type_support.h
[8.023s] -- Installing: /home/rtos/dev_ws/install/splash_interfaces/include/splash_interfaces/srv/detail/request_mode_change__struct.h
[8.023s] -- Installing: /home/rtos/dev_ws/install/splash_interfaces/include/splash_interfaces/srv/detail/request_mode_change__functions.c
[8.023s] -- Installing: /home/rtos/dev_ws/install/splash_interfaces/include/splash_interfaces/srv/detail/request_mode_change__type_support.h
[8.023s] -- Installing: /home/rtos/dev_ws/install/splash_interfaces/include/splash_interfaces/srv/detail/unregister_mode__struct.h
[8.023s] -- Installing: /home/rtos/dev_ws/install/splash_interfaces/include/splash_interfaces/srv/detail/register_mode__struct.h
[8.023s] -- Installing: /home/rtos/dev_ws/install/splash_interfaces/include/splash_interfaces/srv/detail/register_mode__functions.h
[8.023s] -- Installing: /home/rtos/dev_ws/install/splash_interfaces/include/splash_interfaces/srv/detail/request_mode_change__functions.h
[8.023s] -- Installing: /home/rtos/dev_ws/install/splash_interfaces/include/splash_interfaces/srv/detail/register_mode__functions.c
[8.023s] -- Installing: /home/rtos/dev_ws/install/splash_interfaces/include/splash_interfaces/srv/unregister_mode.h
[8.023s] -- Installing: /home/rtos/dev_ws/install/splash_interfaces/include/splash_interfaces/srv/register_mode.h
[8.024s] -- Installing: /home/rtos/dev_ws/install/splash_interfaces/include/splash_interfaces/srv/request_mode_change.h
[8.024s] -- Installing: /home/rtos/dev_ws/install/splash_interfaces/share/splash_interfaces/environment/library_path.sh
[8.024s] -- Installing: /home/rtos/dev_ws/install/splash_interfaces/share/splash_interfaces/environment/library_path.dsv
[8.024s] -- Installing: /home/rtos/dev_ws/install/splash_interfaces/lib/libsplash_interfaces__rosidl_generator_c.so
[8.024s] -- Set runtime path of "/home/rtos/dev_ws/install/splash_interfaces/lib/libsplash_interfaces__rosidl_generator_c.so" to ""
[8.024s] -- Up-to-date: /home/rtos/dev_ws/install/splash_interfaces/include/splash_interfaces
[8.024s] -- Up-to-date: /home/rtos/dev_ws/install/splash_interfaces/include/splash_interfaces/msg
[8.025s] -- Up-to-date: /home/rtos/dev_ws/install/splash_interfaces/include/splash_interfaces/msg/detail
[8.025s] -- Installing: /home/rtos/dev_ws/install/splash_interfaces/include/splash_interfaces/msg/detail/splash_message__rosidl_typesupport_fastrtps_c.h
[8.025s] -- Installing: /home/rtos/dev_ws/install/splash_interfaces/include/splash_interfaces/msg/rosidl_typesupport_fastrtps_c__visibility_control.h
[8.025s] -- Up-to-date: /home/rtos/dev_ws/install/splash_interfaces/include/splash_interfaces/srv
[8.025s] -- Up-to-date: /home/rtos/dev_ws/install/splash_interfaces/include/splash_interfaces/srv/detail
[8.025s] -- Installing: /home/rtos/dev_ws/install/splash_interfaces/include/splash_interfaces/srv/detail/register_mode__rosidl_typesupport_fastrtps_c.h
[8.025s] -- Installing: /home/rtos/dev_ws/install/splash_interfaces/include/splash_interfaces/srv/detail/unregister_mode__rosidl_typesupport_fastrtps_c.h
[8.025s] -- Installing: /home/rtos/dev_ws/install/splash_interfaces/include/splash_interfaces/srv/detail/request_mode_change__rosidl_typesupport_fastrtps_c.h
[8.025s] -- Installing: /home/rtos/dev_ws/install/splash_interfaces/lib/libsplash_interfaces__rosidl_typesupport_fastrtps_c.so
[8.025s] -- Set runtime path of "/home/rtos/dev_ws/install/splash_interfaces/lib/libsplash_interfaces__rosidl_typesupport_fastrtps_c.so" to ""
[8.025s] -- Up-to-date: /home/rtos/dev_ws/install/splash_interfaces/include/splash_interfaces
[8.026s] -- Up-to-date: /home/rtos/dev_ws/install/splash_interfaces/include/splash_interfaces/msg
[8.026s] -- Up-to-date: /home/rtos/dev_ws/install/splash_interfaces/include/splash_interfaces/msg/detail
[8.026s] -- Installing: /home/rtos/dev_ws/install/splash_interfaces/include/splash_interfaces/msg/detail/dds_fastrtps
[8.026s] -- Installing: /home/rtos/dev_ws/install/splash_interfaces/include/splash_interfaces/msg/detail/splash_message__rosidl_typesupport_fastrtps_cpp.hpp
[8.026s] -- Installing: /home/rtos/dev_ws/install/splash_interfaces/include/splash_interfaces/msg/rosidl_typesupport_fastrtps_cpp__visibility_control.h
[8.026s] -- Up-to-date: /home/rtos/dev_ws/install/splash_interfaces/include/splash_interfaces/srv
[8.026s] -- Up-to-date: /home/rtos/dev_ws/install/splash_interfaces/include/splash_interfaces/srv/detail
[8.026s] -- Installing: /home/rtos/dev_ws/install/splash_interfaces/include/splash_interfaces/srv/detail/dds_fastrtps
[8.026s] -- Installing: /home/rtos/dev_ws/install/splash_interfaces/include/splash_interfaces/srv/detail/register_mode__rosidl_typesupport_fastrtps_cpp.hpp
[8.026s] -- Installing: /home/rtos/dev_ws/install/splash_interfaces/include/splash_interfaces/srv/detail/request_mode_change__rosidl_typesupport_fastrtps_cpp.hpp
[8.026s] -- Installing: /home/rtos/dev_ws/install/splash_interfaces/include/splash_interfaces/srv/detail/unregister_mode__rosidl_typesupport_fastrtps_cpp.hpp
[8.027s] -- Installing: /home/rtos/dev_ws/install/splash_interfaces/lib/libsplash_interfaces__rosidl_typesupport_fastrtps_cpp.so
[8.027s] -- Set runtime path of "/home/rtos/dev_ws/install/splash_interfaces/lib/libsplash_interfaces__rosidl_typesupport_fastrtps_cpp.so" to ""
[8.027s] -- Up-to-date: /home/rtos/dev_ws/install/splash_interfaces/include/splash_interfaces
[8.027s] -- Up-to-date: /home/rtos/dev_ws/install/splash_interfaces/include/splash_interfaces/msg
[8.027s] -- Up-to-date: /home/rtos/dev_ws/install/splash_interfaces/include/splash_interfaces/msg/detail
[8.027s] -- Installing: /home/rtos/dev_ws/install/splash_interfaces/include/splash_interfaces/msg/detail/splash_message__rosidl_typesupport_introspection_c.h
[8.027s] -- Installing: /home/rtos/dev_ws/install/splash_interfaces/include/splash_interfaces/msg/detail/splash_message__type_support.c
[8.027s] -- Installing: /home/rtos/dev_ws/install/splash_interfaces/include/splash_interfaces/msg/rosidl_typesupport_introspection_c__visibility_control.h
[8.027s] -- Up-to-date: /home/rtos/dev_ws/install/splash_interfaces/include/splash_interfaces/srv
[8.028s] -- Up-to-date: /home/rtos/dev_ws/install/splash_interfaces/include/splash_interfaces/srv/detail
[8.028s] -- Installing: /home/rtos/dev_ws/install/splash_interfaces/include/splash_interfaces/srv/detail/register_mode__type_support.c
[8.028s] -- Installing: /home/rtos/dev_ws/install/splash_interfaces/include/splash_interfaces/srv/detail/register_mode__rosidl_typesupport_introspection_c.h
[8.028s] -- Installing: /home/rtos/dev_ws/install/splash_interfaces/include/splash_interfaces/srv/detail/request_mode_change__type_support.c
[8.028s] -- Installing: /home/rtos/dev_ws/install/splash_interfaces/include/splash_interfaces/srv/detail/unregister_mode__rosidl_typesupport_introspection_c.h
[8.028s] -- Installing: /home/rtos/dev_ws/install/splash_interfaces/include/splash_interfaces/srv/detail/request_mode_change__rosidl_typesupport_introspection_c.h
[8.028s] -- Installing: /home/rtos/dev_ws/install/splash_interfaces/include/splash_interfaces/srv/detail/unregister_mode__type_support.c
[8.028s] -- Installing: /home/rtos/dev_ws/install/splash_interfaces/lib/libsplash_interfaces__rosidl_typesupport_introspection_c.so
[8.029s] -- Set runtime path of "/home/rtos/dev_ws/install/splash_interfaces/lib/libsplash_interfaces__rosidl_typesupport_introspection_c.so" to ""
[8.029s] -- Installing: /home/rtos/dev_ws/install/splash_interfaces/lib/libsplash_interfaces__rosidl_typesupport_c.so
[8.029s] -- Set runtime path of "/home/rtos/dev_ws/install/splash_interfaces/lib/libsplash_interfaces__rosidl_typesupport_c.so" to ""
[8.029s] -- Up-to-date: /home/rtos/dev_ws/install/splash_interfaces/include/splash_interfaces
[8.029s] -- Up-to-date: /home/rtos/dev_ws/install/splash_interfaces/include/splash_interfaces/msg
[8.030s] -- Up-to-date: /home/rtos/dev_ws/install/splash_interfaces/include/splash_interfaces/msg/detail
[8.030s] -- Installing: /home/rtos/dev_ws/install/splash_interfaces/include/splash_interfaces/msg/detail/splash_message__traits.hpp
[8.030s] -- Installing: /home/rtos/dev_ws/install/splash_interfaces/include/splash_interfaces/msg/detail/splash_message__struct.hpp
[8.030s] -- Installing: /home/rtos/dev_ws/install/splash_interfaces/include/splash_interfaces/msg/detail/splash_message__builder.hpp
[8.030s] -- Installing: /home/rtos/dev_ws/install/splash_interfaces/include/splash_interfaces/msg/splash_message.hpp
[8.030s] -- Up-to-date: /home/rtos/dev_ws/install/splash_interfaces/include/splash_interfaces/srv
[8.031s] -- Up-to-date: /home/rtos/dev_ws/install/splash_interfaces/include/splash_interfaces/srv/detail
[8.031s] -- Installing: /home/rtos/dev_ws/install/splash_interfaces/include/splash_interfaces/srv/detail/unregister_mode__struct.hpp
[8.031s] -- Installing: /home/rtos/dev_ws/install/splash_interfaces/include/splash_interfaces/srv/detail/register_mode__traits.hpp
[8.031s] -- Installing: /home/rtos/dev_ws/install/splash_interfaces/include/splash_interfaces/srv/detail/register_mode__struct.hpp
[8.031s] -- Installing: /home/rtos/dev_ws/install/splash_interfaces/include/splash_interfaces/srv/detail/request_mode_change__traits.hpp
[8.031s] -- Installing: /home/rtos/dev_ws/install/splash_interfaces/include/splash_interfaces/srv/detail/unregister_mode__traits.hpp
[8.031s] -- Installing: /home/rtos/dev_ws/install/splash_interfaces/include/splash_interfaces/srv/detail/request_mode_change__struct.hpp
[8.032s] -- Installing: /home/rtos/dev_ws/install/splash_interfaces/include/splash_interfaces/srv/detail/unregister_mode__builder.hpp
[8.032s] -- Installing: /home/rtos/dev_ws/install/splash_interfaces/include/splash_interfaces/srv/detail/request_mode_change__builder.hpp
[8.032s] -- Installing: /home/rtos/dev_ws/install/splash_interfaces/include/splash_interfaces/srv/detail/register_mode__builder.hpp
[8.032s] -- Installing: /home/rtos/dev_ws/install/splash_interfaces/include/splash_interfaces/srv/request_mode_change.hpp
[8.032s] -- Installing: /home/rtos/dev_ws/install/splash_interfaces/include/splash_interfaces/srv/register_mode.hpp
[8.032s] -- Installing: /home/rtos/dev_ws/install/splash_interfaces/include/splash_interfaces/srv/unregister_mode.hpp
[8.032s] -- Up-to-date: /home/rtos/dev_ws/install/splash_interfaces/include/splash_interfaces
[8.033s] -- Up-to-date: /home/rtos/dev_ws/install/splash_interfaces/include/splash_interfaces/msg
[8.033s] -- Up-to-date: /home/rtos/dev_ws/install/splash_interfaces/include/splash_interfaces/msg/detail
[8.033s] -- Installing: /home/rtos/dev_ws/install/splash_interfaces/include/splash_interfaces/msg/detail/splash_message__type_support.cpp
[8.033s] -- Installing: /home/rtos/dev_ws/install/splash_interfaces/include/splash_interfaces/msg/detail/splash_message__rosidl_typesupport_introspection_cpp.hpp
[8.033s] -- Up-to-date: /home/rtos/dev_ws/install/splash_interfaces/include/splash_interfaces/srv
[8.033s] -- Up-to-date: /home/rtos/dev_ws/install/splash_interfaces/include/splash_interfaces/srv/detail
[8.034s] -- Installing: /home/rtos/dev_ws/install/splash_interfaces/include/splash_interfaces/srv/detail/register_mode__rosidl_typesupport_introspection_cpp.hpp
[8.034s] -- Installing: /home/rtos/dev_ws/install/splash_interfaces/include/splash_interfaces/srv/detail/request_mode_change__type_support.cpp
[8.034s] -- Installing: /home/rtos/dev_ws/install/splash_interfaces/include/splash_interfaces/srv/detail/unregister_mode__type_support.cpp
[8.034s] -- Installing: /home/rtos/dev_ws/install/splash_interfaces/include/splash_interfaces/srv/detail/request_mode_change__rosidl_typesupport_introspection_cpp.hpp
[8.034s] -- Installing: /home/rtos/dev_ws/install/splash_interfaces/include/splash_interfaces/srv/detail/unregister_mode__rosidl_typesupport_introspection_cpp.hpp
[8.034s] -- Installing: /home/rtos/dev_ws/install/splash_interfaces/include/splash_interfaces/srv/detail/register_mode__type_support.cpp
[8.034s] -- Installing: /home/rtos/dev_ws/install/splash_interfaces/lib/libsplash_interfaces__rosidl_typesupport_introspection_cpp.so
[8.035s] -- Set runtime path of "/home/rtos/dev_ws/install/splash_interfaces/lib/libsplash_interfaces__rosidl_typesupport_introspection_cpp.so" to ""
[8.035s] -- Installing: /home/rtos/dev_ws/install/splash_interfaces/lib/libsplash_interfaces__rosidl_typesupport_cpp.so
[8.035s] -- Set runtime path of "/home/rtos/dev_ws/install/splash_interfaces/lib/libsplash_interfaces__rosidl_typesupport_cpp.so" to ""
[8.035s] -- Installing: /home/rtos/dev_ws/install/splash_interfaces/share/splash_interfaces/environment/pythonpath.sh
[8.035s] -- Installing: /home/rtos/dev_ws/install/splash_interfaces/share/splash_interfaces/environment/pythonpath.dsv
[8.035s] -- Installing: /home/rtos/dev_ws/install/splash_interfaces/lib/python3.8/site-packages/splash_interfaces/__init__.py
[8.065s] Compiling '/home/rtos/dev_ws/install/splash_interfaces/lib/python3.8/site-packages/splash_interfaces/__init__.py'...
[8.070s] -- Installing: /home/rtos/dev_ws/install/splash_interfaces/lib/python3.8/site-packages/splash_interfaces/srv
[8.070s] -- Installing: /home/rtos/dev_ws/install/splash_interfaces/lib/python3.8/site-packages/splash_interfaces/srv/_register_mode_s.c
[8.070s] -- Installing: /home/rtos/dev_ws/install/splash_interfaces/lib/python3.8/site-packages/splash_interfaces/srv/_request_mode_change_s.c
[8.071s] -- Installing: /home/rtos/dev_ws/install/splash_interfaces/lib/python3.8/site-packages/splash_interfaces/srv/__init__.py
[8.071s] -- Installing: /home/rtos/dev_ws/install/splash_interfaces/lib/python3.8/site-packages/splash_interfaces/srv/_request_mode_change.py
[8.071s] -- Installing: /home/rtos/dev_ws/install/splash_interfaces/lib/python3.8/site-packages/splash_interfaces/srv/_register_mode.py
[8.071s] -- Installing: /home/rtos/dev_ws/install/splash_interfaces/lib/python3.8/site-packages/splash_interfaces/srv/_unregister_mode.py
[8.071s] -- Installing: /home/rtos/dev_ws/install/splash_interfaces/lib/python3.8/site-packages/splash_interfaces/srv/_unregister_mode_s.c
[8.071s] -- Installing: /home/rtos/dev_ws/install/splash_interfaces/lib/python3.8/site-packages/splash_interfaces/msg
[8.071s] -- Installing: /home/rtos/dev_ws/install/splash_interfaces/lib/python3.8/site-packages/splash_interfaces/msg/_splash_message.py
[8.071s] -- Installing: /home/rtos/dev_ws/install/splash_interfaces/lib/python3.8/site-packages/splash_interfaces/msg/__init__.py
[8.071s] -- Installing: /home/rtos/dev_ws/install/splash_interfaces/lib/python3.8/site-packages/splash_interfaces/msg/_splash_message_s.c
[8.072s] -- Installing: /home/rtos/dev_ws/install/splash_interfaces/lib/python3.8/site-packages/splash_interfaces/splash_interfaces_s__rosidl_typesupport_fastrtps_c.cpython-38-x86_64-linux-gnu.so
[8.073s] -- Set runtime path of "/home/rtos/dev_ws/install/splash_interfaces/lib/python3.8/site-packages/splash_interfaces/splash_interfaces_s__rosidl_typesupport_fastrtps_c.cpython-38-x86_64-linux-gnu.so" to ""
[8.073s] -- Installing: /home/rtos/dev_ws/install/splash_interfaces/lib/python3.8/site-packages/splash_interfaces/splash_interfaces_s__rosidl_typesupport_introspection_c.cpython-38-x86_64-linux-gnu.so
[8.073s] -- Set runtime path of "/home/rtos/dev_ws/install/splash_interfaces/lib/python3.8/site-packages/splash_interfaces/splash_interfaces_s__rosidl_typesupport_introspection_c.cpython-38-x86_64-linux-gnu.so" to ""
[8.074s] -- Installing: /home/rtos/dev_ws/install/splash_interfaces/lib/python3.8/site-packages/splash_interfaces/splash_interfaces_s__rosidl_typesupport_c.cpython-38-x86_64-linux-gnu.so
[8.074s] -- Set runtime path of "/home/rtos/dev_ws/install/splash_interfaces/lib/python3.8/site-packages/splash_interfaces/splash_interfaces_s__rosidl_typesupport_c.cpython-38-x86_64-linux-gnu.so" to ""
[8.074s] -- Installing: /home/rtos/dev_ws/install/splash_interfaces/lib/libsplash_interfaces__python.so
[8.075s] -- Set runtime path of "/home/rtos/dev_ws/install/splash_interfaces/lib/libsplash_interfaces__python.so" to ""
[8.075s] -- Installing: /home/rtos/dev_ws/install/splash_interfaces/share/splash_interfaces/srv/RequestModeChange.idl
[8.075s] -- Installing: /home/rtos/dev_ws/install/splash_interfaces/share/splash_interfaces/srv/RegisterMode.idl
[8.075s] -- Installing: /home/rtos/dev_ws/install/splash_interfaces/share/splash_interfaces/srv/UnregisterMode.idl
[8.075s] -- Installing: /home/rtos/dev_ws/install/splash_interfaces/share/splash_interfaces/msg/SplashMessage.idl
[8.075s] -- Installing: /home/rtos/dev_ws/install/splash_interfaces/share/splash_interfaces/srv/RequestModeChange.srv
[8.075s] -- Installing: /home/rtos/dev_ws/install/splash_interfaces/share/splash_interfaces/srv/RequestModeChange_Request.msg
[8.076s] -- Installing: /home/rtos/dev_ws/install/splash_interfaces/share/splash_interfaces/srv/RequestModeChange_Response.msg
[8.076s] -- Installing: /home/rtos/dev_ws/install/splash_interfaces/share/splash_interfaces/srv/RegisterMode.srv
[8.076s] -- Installing: /home/rtos/dev_ws/install/splash_interfaces/share/splash_interfaces/srv/RegisterMode_Request.msg
[8.076s] -- Installing: /home/rtos/dev_ws/install/splash_interfaces/share/splash_interfaces/srv/RegisterMode_Response.msg
[8.076s] -- Installing: /home/rtos/dev_ws/install/splash_interfaces/share/splash_interfaces/srv/UnregisterMode.srv
[8.076s] -- Installing: /home/rtos/dev_ws/install/splash_interfaces/share/splash_interfaces/srv/UnregisterMode_Request.msg
[8.076s] -- Installing: /home/rtos/dev_ws/install/splash_interfaces/share/splash_interfaces/srv/UnregisterMode_Response.msg
[8.076s] -- Installing: /home/rtos/dev_ws/install/splash_interfaces/share/splash_interfaces/msg/SplashMessage.msg
[8.077s] -- Installing: /home/rtos/dev_ws/install/splash_interfaces/share/ament_index/resource_index/package_run_dependencies/splash_interfaces
[8.077s] -- Installing: /home/rtos/dev_ws/install/splash_interfaces/share/ament_index/resource_index/parent_prefix_path/splash_interfaces
[8.077s] -- Installing: /home/rtos/dev_ws/install/splash_interfaces/share/splash_interfaces/environment/ament_prefix_path.sh
[8.077s] -- Installing: /home/rtos/dev_ws/install/splash_interfaces/share/splash_interfaces/environment/ament_prefix_path.dsv
[8.077s] -- Installing: /home/rtos/dev_ws/install/splash_interfaces/share/splash_interfaces/environment/path.sh
[8.078s] -- Installing: /home/rtos/dev_ws/install/splash_interfaces/share/splash_interfaces/environment/path.dsv
[8.078s] -- Installing: /home/rtos/dev_ws/install/splash_interfaces/share/splash_interfaces/local_setup.bash
[8.078s] -- Installing: /home/rtos/dev_ws/install/splash_interfaces/share/splash_interfaces/local_setup.sh
[8.078s] -- Installing: /home/rtos/dev_ws/install/splash_interfaces/share/splash_interfaces/local_setup.zsh
[8.078s] -- Installing: /home/rtos/dev_ws/install/splash_interfaces/share/splash_interfaces/local_setup.dsv
[8.079s] -- Installing: /home/rtos/dev_ws/install/splash_interfaces/share/splash_interfaces/package.dsv
[8.079s] -- Installing: /home/rtos/dev_ws/install/splash_interfaces/share/ament_index/resource_index/packages/splash_interfaces
[8.079s] -- Installing: /home/rtos/dev_ws/install/splash_interfaces/share/splash_interfaces/cmake/splash_interfaces__rosidl_generator_cExport.cmake
[8.080s] -- Installing: /home/rtos/dev_ws/install/splash_interfaces/share/splash_interfaces/cmake/splash_interfaces__rosidl_generator_cExport-noconfig.cmake
[8.080s] -- Installing: /home/rtos/dev_ws/install/splash_interfaces/share/splash_interfaces/cmake/splash_interfaces__rosidl_typesupport_introspection_cExport.cmake
[8.080s] -- Installing: /home/rtos/dev_ws/install/splash_interfaces/share/splash_interfaces/cmake/splash_interfaces__rosidl_typesupport_introspection_cExport-noconfig.cmake
[8.080s] -- Installing: /home/rtos/dev_ws/install/splash_interfaces/share/splash_interfaces/cmake/splash_interfaces__rosidl_typesupport_cExport.cmake
[8.081s] -- Installing: /home/rtos/dev_ws/install/splash_interfaces/share/splash_interfaces/cmake/splash_interfaces__rosidl_typesupport_cExport-noconfig.cmake
[8.081s] -- Installing: /home/rtos/dev_ws/install/splash_interfaces/share/splash_interfaces/cmake/splash_interfaces__rosidl_generator_cppExport.cmake
[8.081s] -- Installing: /home/rtos/dev_ws/install/splash_interfaces/share/splash_interfaces/cmake/splash_interfaces__rosidl_typesupport_introspection_cppExport.cmake
[8.081s] -- Installing: /home/rtos/dev_ws/install/splash_interfaces/share/splash_interfaces/cmake/splash_interfaces__rosidl_typesupport_introspection_cppExport-noconfig.cmake
[8.082s] -- Installing: /home/rtos/dev_ws/install/splash_interfaces/share/splash_interfaces/cmake/splash_interfaces__rosidl_typesupport_cppExport.cmake
[8.082s] -- Installing: /home/rtos/dev_ws/install/splash_interfaces/share/splash_interfaces/cmake/splash_interfaces__rosidl_typesupport_cppExport-noconfig.cmake
[8.082s] -- Installing: /home/rtos/dev_ws/install/splash_interfaces/share/splash_interfaces/cmake/rosidl_cmake-extras.cmake
[8.082s] -- Installing: /home/rtos/dev_ws/install/splash_interfaces/share/splash_interfaces/cmake/ament_cmake_export_dependencies-extras.cmake
[8.082s] -- Installing: /home/rtos/dev_ws/install/splash_interfaces/share/splash_interfaces/cmake/ament_cmake_export_libraries-extras.cmake
[8.083s] -- Installing: /home/rtos/dev_ws/install/splash_interfaces/share/splash_interfaces/cmake/ament_cmake_export_targets-extras.cmake
[8.083s] -- Installing: /home/rtos/dev_ws/install/splash_interfaces/share/splash_interfaces/cmake/ament_cmake_export_include_directories-extras.cmake
[8.083s] -- Installing: /home/rtos/dev_ws/install/splash_interfaces/share/splash_interfaces/cmake/rosidl_cmake_export_typesupport_libraries-extras.cmake
[8.083s] -- Installing: /home/rtos/dev_ws/install/splash_interfaces/share/splash_interfaces/cmake/rosidl_cmake_export_typesupport_targets-extras.cmake
[8.083s] -- Installing: /home/rtos/dev_ws/install/splash_interfaces/share/splash_interfaces/cmake/splash_interfacesConfig.cmake
[8.083s] -- Installing: /home/rtos/dev_ws/install/splash_interfaces/share/splash_interfaces/cmake/splash_interfacesConfig-version.cmake
[8.084s] -- Installing: /home/rtos/dev_ws/install/splash_interfaces/share/splash_interfaces/package.xml
[8.087s] Invoked command in '/home/rtos/dev_ws/build/splash_interfaces' returned '0': CMAKE_PREFIX_PATH=${CMAKE_PREFIX_PATH}:/home/rtos/dev_ws/install/Torcs_5:/home/rtos/dev_ws/install/torcs_client:/home/rtos/dev_ws/install/lkas5:/home/rtos/dev_ws/install/scl:/home/rtos/dev_ws/install/srl:/opt/ros/foxy /usr/bin/cmake --install /home/rtos/dev_ws/build/splash_interfaces
