[0.013s] Invoking command in '/home/rtos/dev_ws/build/torcs_interfaces': CMAKE_PREFIX_PATH=/opt/ros/foxy /usr/bin/cmake /home/rtos/dev_ws/src/torcs_interfaces -DCMAKE_INSTALL_PREFIX=/home/rtos/dev_ws/install/torcs_interfaces
[0.071s] -- The C compiler identification is GNU 9.3.0
[0.120s] -- The CXX compiler identification is GNU 9.3.0
[0.124s] -- Check for working C compiler: /usr/bin/cc
[0.187s] -- Check for working C compiler: /usr/bin/cc -- works
[0.188s] -- Detecting C compiler ABI info
[0.250s] -- Detecting C compiler ABI info - done
[0.262s] -- Detecting C compile features
[0.262s] -- Detecting C compile features - done
[0.265s] -- Check for working CXX compiler: /usr/bin/c++
[0.342s] -- Check for working CXX compiler: /usr/bin/c++ -- works
[0.343s] -- Detecting CXX compiler ABI info
[0.414s] -- Detecting CXX compiler ABI info - done
[0.426s] -- Detecting CXX compile features
[0.426s] -- Detecting CXX compile features - done
[0.428s] -- Found ament_cmake: 0.9.7 (/opt/ros/foxy/share/ament_cmake/cmake)
[0.450s] -- Found PythonInterp: /usr/bin/python3 (found suitable version "3.8.5", minimum required is "3") 
[0.450s] -- Using PYTHON_EXECUTABLE: /usr/bin/python3
[0.619s] -- Found rosidl_default_generators: 1.0.0 (/opt/ros/foxy/share/rosidl_default_generators/cmake)
[0.621s] -- Using all available rosidl_typesupport_c: rosidl_typesupport_fastrtps_c;rosidl_typesupport_introspection_c
[0.627s] -- Found rosidl_adapter: 1.1.0 (/opt/ros/foxy/share/rosidl_adapter/cmake)
[0.694s] -- Found OpenSSL: /usr/lib/x86_64-linux-gnu/libcrypto.so (found version "1.1.1f")  
[0.718s] -- Found FastRTPS: /opt/ros/foxy/include  
[0.795s] -- Using all available rosidl_typesupport_cpp: rosidl_typesupport_fastrtps_cpp;rosidl_typesupport_introspection_cpp
[0.820s] -- Found std_msgs: 2.0.3 (/opt/ros/foxy/share/std_msgs/cmake)
[0.870s] -- Found PythonInterp: /usr/bin/python3 (found version "3.8.5") 
[1.014s] -- Found ament_cmake_ros: 0.9.0 (/opt/ros/foxy/share/ament_cmake_ros/cmake)
[1.172s] -- Using all available rosidl_typesupport_c: rosidl_typesupport_fastrtps_c;rosidl_typesupport_introspection_c
[1.232s] -- Using all available rosidl_typesupport_cpp: rosidl_typesupport_fastrtps_cpp;rosidl_typesupport_introspection_cpp
[1.253s] -- Found PythonInterp: /usr/bin/python3 (found suitable version "3.8.5", minimum required is "3.5") 
[1.254s] -- Found python_cmake_module: 0.8.0 (/opt/ros/foxy/share/python_cmake_module/cmake)
[1.277s] -- Found PythonLibs: /usr/lib/x86_64-linux-gnu/libpython3.8.so (found suitable version "3.8.5", minimum required is "3.5") 
[1.277s] -- Using PYTHON_EXECUTABLE: /usr/bin/python3
[1.278s] -- Using PYTHON_INCLUDE_DIRS: /usr/include/python3.8
[1.278s] -- Using PYTHON_LIBRARIES: /usr/lib/x86_64-linux-gnu/libpython3.8.so
[1.297s] -- Found PythonExtra: .so  
[1.352s] -- Found ament_lint_auto: 0.9.5 (/opt/ros/foxy/share/ament_lint_auto/cmake)
[1.369s] -- Added test 'copyright' to check source files copyright and LICENSE
[1.375s] -- Added test 'lint_cmake' to check CMake code style
[1.378s] -- Added test 'xmllint' to check XML markup files
[1.383s] -- Configuring done
[1.425s] -- Generating done
[1.429s] -- Build files have been written to: /home/rtos/dev_ws/build/torcs_interfaces
[1.437s] Invoked command in '/home/rtos/dev_ws/build/torcs_interfaces' returned '0': CMAKE_PREFIX_PATH=/opt/ros/foxy /usr/bin/cmake /home/rtos/dev_ws/src/torcs_interfaces -DCMAKE_INSTALL_PREFIX=/home/rtos/dev_ws/install/torcs_interfaces
[1.439s] Invoking command in '/home/rtos/dev_ws/build/torcs_interfaces': CMAKE_PREFIX_PATH=/opt/ros/foxy /usr/bin/cmake --build /home/rtos/dev_ws/build/torcs_interfaces -- -j8 -l8
[1.480s] [35m[1mScanning dependencies of target torcs_interfaces__cpp[0m
[1.480s] [  2%] [34m[1mGenerating C code for ROS interfaces[0m
[1.489s] [  5%] [34m[1mGenerating C++ code for ROS interfaces[0m
[2.157s] [  5%] Built target torcs_interfaces__cpp
[2.173s] [ 10%] [34m[1mGenerating C++ introspection for ROS interfaces[0m
[2.173s] [ 10%] [34m[1mGenerating C++ type support dispatch for ROS interfaces[0m
[2.173s] [ 12%] [34m[1mGenerating C++ type support for eProsima Fast-RTPS[0m
[2.187s] [35m[1mScanning dependencies of target torcs_interfaces__rosidl_generator_c[0m
[2.255s] [ 15%] [32mBuilding C object CMakeFiles/torcs_interfaces__rosidl_generator_c.dir/rosidl_generator_c/torcs_interfaces/msg/detail/torcs_sensors__functions.c.o[0m
[2.279s] [ 17%] [32mBuilding C object CMakeFiles/torcs_interfaces__rosidl_generator_c.dir/rosidl_generator_c/torcs_interfaces/msg/detail/torcs_ctrl__functions.c.o[0m
[2.433s] [ 20%] [32m[1mLinking C shared library libtorcs_interfaces__rosidl_generator_c.so[0m
[2.635s] [ 20%] Built target torcs_interfaces__rosidl_generator_c
[2.700s] [ 23%] [34m[1mGenerating C type support dispatch for ROS interfaces[0m
[2.712s] [ 25%] [34m[1mGenerating C introspection for ROS interfaces[0m
[3.084s] [35m[1mScanning dependencies of target torcs_interfaces__rosidl_typesupport_cpp[0m
[3.170s] [ 28%] [32mBuilding CXX object CMakeFiles/torcs_interfaces__rosidl_typesupport_cpp.dir/rosidl_typesupport_cpp/torcs_interfaces/msg/torcs_sensors__type_support.cpp.o[0m
[3.193s] [ 30%] [32mBuilding CXX object CMakeFiles/torcs_interfaces__rosidl_typesupport_cpp.dir/rosidl_typesupport_cpp/torcs_interfaces/msg/torcs_ctrl__type_support.cpp.o[0m
[3.420s] [35m[1mScanning dependencies of target torcs_interfaces__rosidl_typesupport_introspection_cpp[0m
[3.434s] [35m[1mScanning dependencies of target torcs_interfaces__rosidl_typesupport_fastrtps_cpp[0m
[3.551s] [ 33%] [32mBuilding CXX object CMakeFiles/torcs_interfaces__rosidl_typesupport_introspection_cpp.dir/rosidl_typesupport_introspection_cpp/torcs_interfaces/msg/detail/torcs_ctrl__type_support.cpp.o[0m
[3.577s] [ 35%] [32mBuilding CXX object CMakeFiles/torcs_interfaces__rosidl_typesupport_fastrtps_cpp.dir/rosidl_typesupport_fastrtps_cpp/torcs_interfaces/msg/detail/dds_fastrtps/torcs_ctrl__type_support.cpp.o[0m
[3.585s] [ 38%] [32mBuilding CXX object CMakeFiles/torcs_interfaces__rosidl_typesupport_fastrtps_cpp.dir/rosidl_typesupport_fastrtps_cpp/torcs_interfaces/msg/detail/dds_fastrtps/torcs_sensors__type_support.cpp.o[0m
[3.589s] [ 41%] [32mBuilding CXX object CMakeFiles/torcs_interfaces__rosidl_typesupport_introspection_cpp.dir/rosidl_typesupport_introspection_cpp/torcs_interfaces/msg/detail/torcs_sensors__type_support.cpp.o[0m
[3.823s] [ 43%] [32m[1mLinking CXX shared library libtorcs_interfaces__rosidl_typesupport_cpp.so[0m
[3.860s] [35m[1mScanning dependencies of target torcs_interfaces__rosidl_typesupport_c[0m
[3.948s] [ 46%] [32mBuilding CXX object CMakeFiles/torcs_interfaces__rosidl_typesupport_c.dir/rosidl_typesupport_c/torcs_interfaces/msg/torcs_sensors__type_support.cpp.o[0m
[3.953s] [ 48%] [32mBuilding CXX object CMakeFiles/torcs_interfaces__rosidl_typesupport_c.dir/rosidl_typesupport_c/torcs_interfaces/msg/torcs_ctrl__type_support.cpp.o[0m
[4.051s] [ 48%] Built target torcs_interfaces__rosidl_typesupport_cpp
[4.139s] [ 51%] [32m[1mLinking CXX shared library libtorcs_interfaces__rosidl_typesupport_c.so[0m
[4.203s] [35m[1mScanning dependencies of target torcs_interfaces__rosidl_typesupport_introspection_c[0m
[4.315s] [ 56%] [32mBuilding C object CMakeFiles/torcs_interfaces__rosidl_typesupport_introspection_c.dir/rosidl_typesupport_introspection_c/torcs_interfaces/msg/detail/torcs_sensors__type_support.c.o[0m
[4.315s] [ 56%] [32mBuilding C object CMakeFiles/torcs_interfaces__rosidl_typesupport_introspection_c.dir/rosidl_typesupport_introspection_c/torcs_interfaces/msg/detail/torcs_ctrl__type_support.c.o[0m
[4.322s] [ 56%] Built target torcs_interfaces__rosidl_typesupport_c
[4.371s] [ 58%] [32m[1mLinking CXX shared library libtorcs_interfaces__rosidl_typesupport_introspection_cpp.so[0m
[4.391s] [ 61%] [32m[1mLinking C shared library libtorcs_interfaces__rosidl_typesupport_introspection_c.so[0m
[4.439s] [ 61%] Built target torcs_interfaces__rosidl_typesupport_introspection_c
[4.534s] [ 61%] Built target torcs_interfaces__rosidl_typesupport_introspection_cpp
[4.610s] [ 64%] [32m[1mLinking CXX shared library libtorcs_interfaces__rosidl_typesupport_fastrtps_cpp.so[0m
[4.706s] [ 64%] Built target torcs_interfaces__rosidl_typesupport_fastrtps_cpp
[4.716s] [ 66%] [34m[1mGenerating C type support for eProsima Fast-RTPS[0m
[5.289s] [35m[1mScanning dependencies of target torcs_interfaces__rosidl_typesupport_fastrtps_c[0m
[5.309s] [ 69%] [32mBuilding CXX object CMakeFiles/torcs_interfaces__rosidl_typesupport_fastrtps_c.dir/rosidl_typesupport_fastrtps_c/torcs_interfaces/msg/detail/torcs_ctrl__type_support_c.cpp.o[0m
[5.309s] [ 71%] [32mBuilding CXX object CMakeFiles/torcs_interfaces__rosidl_typesupport_fastrtps_c.dir/rosidl_typesupport_fastrtps_c/torcs_interfaces/msg/detail/torcs_sensors__type_support_c.cpp.o[0m
[5.748s] [ 74%] [32m[1mLinking CXX shared library libtorcs_interfaces__rosidl_typesupport_fastrtps_c.so[0m
[5.841s] [ 74%] Built target torcs_interfaces__rosidl_typesupport_fastrtps_c
[5.850s] [35m[1mScanning dependencies of target torcs_interfaces[0m
[5.860s] [ 74%] Built target torcs_interfaces
[5.872s] [35m[1mScanning dependencies of target torcs_interfaces__py[0m
[5.882s] [ 76%] [34m[1mGenerating Python code for ROS interfaces[0m
[7.017s] [ 76%] Built target torcs_interfaces__py
[7.026s] [35m[1mScanning dependencies of target torcs_interfaces__python[0m
[7.046s] [ 82%] [32mBuilding C object CMakeFiles/torcs_interfaces__python.dir/rosidl_generator_py/torcs_interfaces/msg/_torcs_ctrl_s.c.o[0m
[7.047s] [ 82%] [32mBuilding C object CMakeFiles/torcs_interfaces__python.dir/rosidl_generator_py/torcs_interfaces/msg/_torcs_sensors_s.c.o[0m
[7.148s] [ 84%] [32m[1mLinking C shared library rosidl_generator_py/torcs_interfaces/libtorcs_interfaces__python.so[0m
[7.198s] [ 84%] Built target torcs_interfaces__python
[7.211s] [35m[1mScanning dependencies of target torcs_interfaces__rosidl_typesupport_introspection_c__pyext[0m
[7.211s] [35m[1mScanning dependencies of target torcs_interfaces__rosidl_typesupport_fastrtps_c__pyext[0m
[7.211s] [35m[1mScanning dependencies of target torcs_interfaces__rosidl_typesupport_c__pyext[0m
[7.231s] [ 87%] [32mBuilding C object CMakeFiles/torcs_interfaces__rosidl_typesupport_c__pyext.dir/rosidl_generator_py/torcs_interfaces/_torcs_interfaces_s.ep.rosidl_typesupport_c.c.o[0m
[7.235s] [ 89%] [32mBuilding C object CMakeFiles/torcs_interfaces__rosidl_typesupport_fastrtps_c__pyext.dir/rosidl_generator_py/torcs_interfaces/_torcs_interfaces_s.ep.rosidl_typesupport_fastrtps_c.c.o[0m
[7.236s] [ 92%] [32mBuilding C object CMakeFiles/torcs_interfaces__rosidl_typesupport_introspection_c__pyext.dir/rosidl_generator_py/torcs_interfaces/_torcs_interfaces_s.ep.rosidl_typesupport_introspection_c.c.o[0m
[7.320s] [ 94%] [32m[1mLinking C shared library rosidl_generator_py/torcs_interfaces/torcs_interfaces_s__rosidl_typesupport_c.cpython-38-x86_64-linux-gnu.so[0m
[7.362s] [ 94%] Built target torcs_interfaces__rosidl_typesupport_c__pyext
[7.365s] [ 97%] [32m[1mLinking CXX shared library rosidl_generator_py/torcs_interfaces/torcs_interfaces_s__rosidl_typesupport_fastrtps_c.cpython-38-x86_64-linux-gnu.so[0m
[7.366s] [100%] [32m[1mLinking C shared library rosidl_generator_py/torcs_interfaces/torcs_interfaces_s__rosidl_typesupport_introspection_c.cpython-38-x86_64-linux-gnu.so[0m
[7.404s] [100%] Built target torcs_interfaces__rosidl_typesupport_introspection_c__pyext
[7.428s] [100%] Built target torcs_interfaces__rosidl_typesupport_fastrtps_c__pyext
[7.466s] Invoked command in '/home/rtos/dev_ws/build/torcs_interfaces' returned '0': CMAKE_PREFIX_PATH=/opt/ros/foxy /usr/bin/cmake --build /home/rtos/dev_ws/build/torcs_interfaces -- -j8 -l8
[7.515s] Invoking command in '/home/rtos/dev_ws/build/torcs_interfaces': CMAKE_PREFIX_PATH=/opt/ros/foxy /usr/bin/cmake --install /home/rtos/dev_ws/build/torcs_interfaces
[7.524s] -- Install configuration: ""
[7.525s] -- Installing: /home/rtos/dev_ws/install/torcs_interfaces/share/ament_index/resource_index/rosidl_interfaces/torcs_interfaces
[7.525s] -- Installing: /home/rtos/dev_ws/install/torcs_interfaces/include/torcs_interfaces
[7.525s] -- Installing: /home/rtos/dev_ws/install/torcs_interfaces/include/torcs_interfaces/msg
[7.525s] -- Installing: /home/rtos/dev_ws/install/torcs_interfaces/include/torcs_interfaces/msg/detail
[7.525s] -- Installing: /home/rtos/dev_ws/install/torcs_interfaces/include/torcs_interfaces/msg/detail/torcs_sensors__struct.h
[7.525s] -- Installing: /home/rtos/dev_ws/install/torcs_interfaces/include/torcs_interfaces/msg/detail/torcs_ctrl__struct.h
[7.525s] -- Installing: /home/rtos/dev_ws/install/torcs_interfaces/include/torcs_interfaces/msg/detail/torcs_ctrl__type_support.h
[7.525s] -- Installing: /home/rtos/dev_ws/install/torcs_interfaces/include/torcs_interfaces/msg/detail/torcs_sensors__functions.h
[7.525s] -- Installing: /home/rtos/dev_ws/install/torcs_interfaces/include/torcs_interfaces/msg/detail/torcs_sensors__type_support.h
[7.525s] -- Installing: /home/rtos/dev_ws/install/torcs_interfaces/include/torcs_interfaces/msg/detail/torcs_sensors__functions.c
[7.526s] -- Installing: /home/rtos/dev_ws/install/torcs_interfaces/include/torcs_interfaces/msg/detail/torcs_ctrl__functions.c
[7.526s] -- Installing: /home/rtos/dev_ws/install/torcs_interfaces/include/torcs_interfaces/msg/detail/torcs_ctrl__functions.h
[7.526s] -- Installing: /home/rtos/dev_ws/install/torcs_interfaces/include/torcs_interfaces/msg/rosidl_generator_c__visibility_control.h
[7.526s] -- Installing: /home/rtos/dev_ws/install/torcs_interfaces/include/torcs_interfaces/msg/torcs_ctrl.h
[7.526s] -- Installing: /home/rtos/dev_ws/install/torcs_interfaces/include/torcs_interfaces/msg/torcs_sensors.h
[7.526s] -- Installing: /home/rtos/dev_ws/install/torcs_interfaces/share/torcs_interfaces/environment/library_path.sh
[7.526s] -- Installing: /home/rtos/dev_ws/install/torcs_interfaces/share/torcs_interfaces/environment/library_path.dsv
[7.526s] -- Installing: /home/rtos/dev_ws/install/torcs_interfaces/lib/libtorcs_interfaces__rosidl_generator_c.so
[7.526s] -- Set runtime path of "/home/rtos/dev_ws/install/torcs_interfaces/lib/libtorcs_interfaces__rosidl_generator_c.so" to ""
[7.527s] -- Up-to-date: /home/rtos/dev_ws/install/torcs_interfaces/include/torcs_interfaces
[7.527s] -- Up-to-date: /home/rtos/dev_ws/install/torcs_interfaces/include/torcs_interfaces/msg
[7.527s] -- Up-to-date: /home/rtos/dev_ws/install/torcs_interfaces/include/torcs_interfaces/msg/detail
[7.527s] -- Installing: /home/rtos/dev_ws/install/torcs_interfaces/include/torcs_interfaces/msg/detail/torcs_ctrl__rosidl_typesupport_fastrtps_c.h
[7.527s] -- Installing: /home/rtos/dev_ws/install/torcs_interfaces/include/torcs_interfaces/msg/detail/torcs_sensors__rosidl_typesupport_fastrtps_c.h
[7.527s] -- Installing: /home/rtos/dev_ws/install/torcs_interfaces/include/torcs_interfaces/msg/rosidl_typesupport_fastrtps_c__visibility_control.h
[7.527s] -- Installing: /home/rtos/dev_ws/install/torcs_interfaces/lib/libtorcs_interfaces__rosidl_typesupport_fastrtps_c.so
[7.527s] -- Set runtime path of "/home/rtos/dev_ws/install/torcs_interfaces/lib/libtorcs_interfaces__rosidl_typesupport_fastrtps_c.so" to ""
[7.527s] -- Up-to-date: /home/rtos/dev_ws/install/torcs_interfaces/include/torcs_interfaces
[7.528s] -- Up-to-date: /home/rtos/dev_ws/install/torcs_interfaces/include/torcs_interfaces/msg
[7.528s] -- Up-to-date: /home/rtos/dev_ws/install/torcs_interfaces/include/torcs_interfaces/msg/detail
[7.528s] -- Installing: /home/rtos/dev_ws/install/torcs_interfaces/include/torcs_interfaces/msg/detail/dds_fastrtps
[7.528s] -- Installing: /home/rtos/dev_ws/install/torcs_interfaces/include/torcs_interfaces/msg/detail/torcs_ctrl__rosidl_typesupport_fastrtps_cpp.hpp
[7.528s] -- Installing: /home/rtos/dev_ws/install/torcs_interfaces/include/torcs_interfaces/msg/detail/torcs_sensors__rosidl_typesupport_fastrtps_cpp.hpp
[7.528s] -- Installing: /home/rtos/dev_ws/install/torcs_interfaces/include/torcs_interfaces/msg/rosidl_typesupport_fastrtps_cpp__visibility_control.h
[7.528s] -- Installing: /home/rtos/dev_ws/install/torcs_interfaces/lib/libtorcs_interfaces__rosidl_typesupport_fastrtps_cpp.so
[7.528s] -- Set runtime path of "/home/rtos/dev_ws/install/torcs_interfaces/lib/libtorcs_interfaces__rosidl_typesupport_fastrtps_cpp.so" to ""
[7.529s] -- Up-to-date: /home/rtos/dev_ws/install/torcs_interfaces/include/torcs_interfaces
[7.529s] -- Up-to-date: /home/rtos/dev_ws/install/torcs_interfaces/include/torcs_interfaces/msg
[7.529s] -- Up-to-date: /home/rtos/dev_ws/install/torcs_interfaces/include/torcs_interfaces/msg/detail
[7.529s] -- Installing: /home/rtos/dev_ws/install/torcs_interfaces/include/torcs_interfaces/msg/detail/torcs_sensors__type_support.c
[7.529s] -- Installing: /home/rtos/dev_ws/install/torcs_interfaces/include/torcs_interfaces/msg/detail/torcs_sensors__rosidl_typesupport_introspection_c.h
[7.529s] -- Installing: /home/rtos/dev_ws/install/torcs_interfaces/include/torcs_interfaces/msg/detail/torcs_ctrl__rosidl_typesupport_introspection_c.h
[7.529s] -- Installing: /home/rtos/dev_ws/install/torcs_interfaces/include/torcs_interfaces/msg/detail/torcs_ctrl__type_support.c
[7.529s] -- Installing: /home/rtos/dev_ws/install/torcs_interfaces/include/torcs_interfaces/msg/rosidl_typesupport_introspection_c__visibility_control.h
[7.529s] -- Installing: /home/rtos/dev_ws/install/torcs_interfaces/lib/libtorcs_interfaces__rosidl_typesupport_introspection_c.so
[7.530s] -- Set runtime path of "/home/rtos/dev_ws/install/torcs_interfaces/lib/libtorcs_interfaces__rosidl_typesupport_introspection_c.so" to ""
[7.530s] -- Installing: /home/rtos/dev_ws/install/torcs_interfaces/lib/libtorcs_interfaces__rosidl_typesupport_c.so
[7.530s] -- Set runtime path of "/home/rtos/dev_ws/install/torcs_interfaces/lib/libtorcs_interfaces__rosidl_typesupport_c.so" to ""
[7.530s] -- Up-to-date: /home/rtos/dev_ws/install/torcs_interfaces/include/torcs_interfaces
[7.530s] -- Up-to-date: /home/rtos/dev_ws/install/torcs_interfaces/include/torcs_interfaces/msg
[7.530s] -- Up-to-date: /home/rtos/dev_ws/install/torcs_interfaces/include/torcs_interfaces/msg/detail
[7.531s] -- Installing: /home/rtos/dev_ws/install/torcs_interfaces/include/torcs_interfaces/msg/detail/torcs_sensors__traits.hpp
[7.531s] -- Installing: /home/rtos/dev_ws/install/torcs_interfaces/include/torcs_interfaces/msg/detail/torcs_sensors__builder.hpp
[7.531s] -- Installing: /home/rtos/dev_ws/install/torcs_interfaces/include/torcs_interfaces/msg/detail/torcs_ctrl__traits.hpp
[7.531s] -- Installing: /home/rtos/dev_ws/install/torcs_interfaces/include/torcs_interfaces/msg/detail/torcs_ctrl__struct.hpp
[7.531s] -- Installing: /home/rtos/dev_ws/install/torcs_interfaces/include/torcs_interfaces/msg/detail/torcs_sensors__struct.hpp
[7.531s] -- Installing: /home/rtos/dev_ws/install/torcs_interfaces/include/torcs_interfaces/msg/detail/torcs_ctrl__builder.hpp
[7.531s] -- Installing: /home/rtos/dev_ws/install/torcs_interfaces/include/torcs_interfaces/msg/torcs_sensors.hpp
[7.531s] -- Installing: /home/rtos/dev_ws/install/torcs_interfaces/include/torcs_interfaces/msg/torcs_ctrl.hpp
[7.531s] -- Up-to-date: /home/rtos/dev_ws/install/torcs_interfaces/include/torcs_interfaces
[7.531s] -- Up-to-date: /home/rtos/dev_ws/install/torcs_interfaces/include/torcs_interfaces/msg
[7.531s] -- Up-to-date: /home/rtos/dev_ws/install/torcs_interfaces/include/torcs_interfaces/msg/detail
[7.531s] -- Installing: /home/rtos/dev_ws/install/torcs_interfaces/include/torcs_interfaces/msg/detail/torcs_ctrl__type_support.cpp
[7.531s] -- Installing: /home/rtos/dev_ws/install/torcs_interfaces/include/torcs_interfaces/msg/detail/torcs_sensors__rosidl_typesupport_introspection_cpp.hpp
[7.531s] -- Installing: /home/rtos/dev_ws/install/torcs_interfaces/include/torcs_interfaces/msg/detail/torcs_ctrl__rosidl_typesupport_introspection_cpp.hpp
[7.532s] -- Installing: /home/rtos/dev_ws/install/torcs_interfaces/include/torcs_interfaces/msg/detail/torcs_sensors__type_support.cpp
[7.532s] -- Installing: /home/rtos/dev_ws/install/torcs_interfaces/lib/libtorcs_interfaces__rosidl_typesupport_introspection_cpp.so
[7.532s] -- Set runtime path of "/home/rtos/dev_ws/install/torcs_interfaces/lib/libtorcs_interfaces__rosidl_typesupport_introspection_cpp.so" to ""
[7.532s] -- Installing: /home/rtos/dev_ws/install/torcs_interfaces/lib/libtorcs_interfaces__rosidl_typesupport_cpp.so
[7.532s] -- Set runtime path of "/home/rtos/dev_ws/install/torcs_interfaces/lib/libtorcs_interfaces__rosidl_typesupport_cpp.so" to ""
[7.532s] -- Installing: /home/rtos/dev_ws/install/torcs_interfaces/share/torcs_interfaces/environment/pythonpath.sh
[7.532s] -- Installing: /home/rtos/dev_ws/install/torcs_interfaces/share/torcs_interfaces/environment/pythonpath.dsv
[7.533s] -- Installing: /home/rtos/dev_ws/install/torcs_interfaces/lib/python3.8/site-packages/torcs_interfaces/__init__.py
[7.570s] Compiling '/home/rtos/dev_ws/install/torcs_interfaces/lib/python3.8/site-packages/torcs_interfaces/__init__.py'...
[7.574s] -- Installing: /home/rtos/dev_ws/install/torcs_interfaces/lib/python3.8/site-packages/torcs_interfaces/msg
[7.574s] -- Installing: /home/rtos/dev_ws/install/torcs_interfaces/lib/python3.8/site-packages/torcs_interfaces/msg/_torcs_sensors_s.c
[7.574s] -- Installing: /home/rtos/dev_ws/install/torcs_interfaces/lib/python3.8/site-packages/torcs_interfaces/msg/_torcs_ctrl_s.c
[7.574s] -- Installing: /home/rtos/dev_ws/install/torcs_interfaces/lib/python3.8/site-packages/torcs_interfaces/msg/__init__.py
[7.574s] -- Installing: /home/rtos/dev_ws/install/torcs_interfaces/lib/python3.8/site-packages/torcs_interfaces/msg/_torcs_sensors.py
[7.574s] -- Installing: /home/rtos/dev_ws/install/torcs_interfaces/lib/python3.8/site-packages/torcs_interfaces/msg/_torcs_ctrl.py
[7.574s] -- Installing: /home/rtos/dev_ws/install/torcs_interfaces/lib/python3.8/site-packages/torcs_interfaces/torcs_interfaces_s__rosidl_typesupport_fastrtps_c.cpython-38-x86_64-linux-gnu.so
[7.575s] -- Set runtime path of "/home/rtos/dev_ws/install/torcs_interfaces/lib/python3.8/site-packages/torcs_interfaces/torcs_interfaces_s__rosidl_typesupport_fastrtps_c.cpython-38-x86_64-linux-gnu.so" to ""
[7.575s] -- Installing: /home/rtos/dev_ws/install/torcs_interfaces/lib/python3.8/site-packages/torcs_interfaces/torcs_interfaces_s__rosidl_typesupport_introspection_c.cpython-38-x86_64-linux-gnu.so
[7.575s] -- Set runtime path of "/home/rtos/dev_ws/install/torcs_interfaces/lib/python3.8/site-packages/torcs_interfaces/torcs_interfaces_s__rosidl_typesupport_introspection_c.cpython-38-x86_64-linux-gnu.so" to ""
[7.576s] -- Installing: /home/rtos/dev_ws/install/torcs_interfaces/lib/python3.8/site-packages/torcs_interfaces/torcs_interfaces_s__rosidl_typesupport_c.cpython-38-x86_64-linux-gnu.so
[7.576s] -- Set runtime path of "/home/rtos/dev_ws/install/torcs_interfaces/lib/python3.8/site-packages/torcs_interfaces/torcs_interfaces_s__rosidl_typesupport_c.cpython-38-x86_64-linux-gnu.so" to ""
[7.576s] -- Installing: /home/rtos/dev_ws/install/torcs_interfaces/lib/libtorcs_interfaces__python.so
[7.577s] -- Set runtime path of "/home/rtos/dev_ws/install/torcs_interfaces/lib/libtorcs_interfaces__python.so" to ""
[7.577s] -- Installing: /home/rtos/dev_ws/install/torcs_interfaces/share/torcs_interfaces/msg/TORCSSensors.idl
[7.577s] -- Installing: /home/rtos/dev_ws/install/torcs_interfaces/share/torcs_interfaces/msg/TORCSCtrl.idl
[7.577s] -- Installing: /home/rtos/dev_ws/install/torcs_interfaces/share/torcs_interfaces/msg/TORCSSensors.msg
[7.577s] -- Installing: /home/rtos/dev_ws/install/torcs_interfaces/share/torcs_interfaces/msg/TORCSCtrl.msg
[7.577s] -- Installing: /home/rtos/dev_ws/install/torcs_interfaces/share/ament_index/resource_index/package_run_dependencies/torcs_interfaces
[7.577s] -- Installing: /home/rtos/dev_ws/install/torcs_interfaces/share/ament_index/resource_index/parent_prefix_path/torcs_interfaces
[7.577s] -- Installing: /home/rtos/dev_ws/install/torcs_interfaces/share/torcs_interfaces/environment/ament_prefix_path.sh
[7.577s] -- Installing: /home/rtos/dev_ws/install/torcs_interfaces/share/torcs_interfaces/environment/ament_prefix_path.dsv
[7.578s] -- Installing: /home/rtos/dev_ws/install/torcs_interfaces/share/torcs_interfaces/environment/path.sh
[7.578s] -- Installing: /home/rtos/dev_ws/install/torcs_interfaces/share/torcs_interfaces/environment/path.dsv
[7.578s] -- Installing: /home/rtos/dev_ws/install/torcs_interfaces/share/torcs_interfaces/local_setup.bash
[7.578s] -- Installing: /home/rtos/dev_ws/install/torcs_interfaces/share/torcs_interfaces/local_setup.sh
[7.578s] -- Installing: /home/rtos/dev_ws/install/torcs_interfaces/share/torcs_interfaces/local_setup.zsh
[7.578s] -- Installing: /home/rtos/dev_ws/install/torcs_interfaces/share/torcs_interfaces/local_setup.dsv
[7.578s] -- Installing: /home/rtos/dev_ws/install/torcs_interfaces/share/torcs_interfaces/package.dsv
[7.578s] -- Installing: /home/rtos/dev_ws/install/torcs_interfaces/share/ament_index/resource_index/packages/torcs_interfaces
[7.579s] -- Installing: /home/rtos/dev_ws/install/torcs_interfaces/share/torcs_interfaces/cmake/torcs_interfaces__rosidl_generator_cExport.cmake
[7.579s] -- Installing: /home/rtos/dev_ws/install/torcs_interfaces/share/torcs_interfaces/cmake/torcs_interfaces__rosidl_generator_cExport-noconfig.cmake
[7.579s] -- Installing: /home/rtos/dev_ws/install/torcs_interfaces/share/torcs_interfaces/cmake/torcs_interfaces__rosidl_typesupport_introspection_cExport.cmake
[7.579s] -- Installing: /home/rtos/dev_ws/install/torcs_interfaces/share/torcs_interfaces/cmake/torcs_interfaces__rosidl_typesupport_introspection_cExport-noconfig.cmake
[7.579s] -- Installing: /home/rtos/dev_ws/install/torcs_interfaces/share/torcs_interfaces/cmake/torcs_interfaces__rosidl_typesupport_cExport.cmake
[7.579s] -- Installing: /home/rtos/dev_ws/install/torcs_interfaces/share/torcs_interfaces/cmake/torcs_interfaces__rosidl_typesupport_cExport-noconfig.cmake
[7.579s] -- Installing: /home/rtos/dev_ws/install/torcs_interfaces/share/torcs_interfaces/cmake/torcs_interfaces__rosidl_generator_cppExport.cmake
[7.580s] -- Installing: /home/rtos/dev_ws/install/torcs_interfaces/share/torcs_interfaces/cmake/torcs_interfaces__rosidl_typesupport_introspection_cppExport.cmake
[7.580s] -- Installing: /home/rtos/dev_ws/install/torcs_interfaces/share/torcs_interfaces/cmake/torcs_interfaces__rosidl_typesupport_introspection_cppExport-noconfig.cmake
[7.580s] -- Installing: /home/rtos/dev_ws/install/torcs_interfaces/share/torcs_interfaces/cmake/torcs_interfaces__rosidl_typesupport_cppExport.cmake
[7.580s] -- Installing: /home/rtos/dev_ws/install/torcs_interfaces/share/torcs_interfaces/cmake/torcs_interfaces__rosidl_typesupport_cppExport-noconfig.cmake
[7.580s] -- Installing: /home/rtos/dev_ws/install/torcs_interfaces/share/torcs_interfaces/cmake/rosidl_cmake-extras.cmake
[7.580s] -- Installing: /home/rtos/dev_ws/install/torcs_interfaces/share/torcs_interfaces/cmake/ament_cmake_export_dependencies-extras.cmake
[7.580s] -- Installing: /home/rtos/dev_ws/install/torcs_interfaces/share/torcs_interfaces/cmake/ament_cmake_export_libraries-extras.cmake
[7.580s] -- Installing: /home/rtos/dev_ws/install/torcs_interfaces/share/torcs_interfaces/cmake/ament_cmake_export_targets-extras.cmake
[7.581s] -- Installing: /home/rtos/dev_ws/install/torcs_interfaces/share/torcs_interfaces/cmake/ament_cmake_export_include_directories-extras.cmake
[7.581s] -- Installing: /home/rtos/dev_ws/install/torcs_interfaces/share/torcs_interfaces/cmake/rosidl_cmake_export_typesupport_libraries-extras.cmake
[7.581s] -- Installing: /home/rtos/dev_ws/install/torcs_interfaces/share/torcs_interfaces/cmake/rosidl_cmake_export_typesupport_targets-extras.cmake
[7.581s] -- Installing: /home/rtos/dev_ws/install/torcs_interfaces/share/torcs_interfaces/cmake/torcs_interfacesConfig.cmake
[7.581s] -- Installing: /home/rtos/dev_ws/install/torcs_interfaces/share/torcs_interfaces/cmake/torcs_interfacesConfig-version.cmake
[7.581s] -- Installing: /home/rtos/dev_ws/install/torcs_interfaces/share/torcs_interfaces/package.xml
[7.584s] Invoked command in '/home/rtos/dev_ws/build/torcs_interfaces' returned '0': CMAKE_PREFIX_PATH=/opt/ros/foxy /usr/bin/cmake --install /home/rtos/dev_ws/build/torcs_interfaces
