[0.658s] Invoking command in '/home/rtos/dev_ws/src/Torcs_5': AMENT_PREFIX_PATH=/home/rtos/dev_ws/install/scl:/home/rtos/dev_ws/install/srl:/home/rtos/dev_ws/install/lkas4:/home/rtos/dev_ws/install/Torcs_5:/home/rtos/dev_ws/install/torcs_client:/home/rtos/dev_ws/install/torcs_interfaces:/home/rtos/dev_ws/install/lkas5:/home/rtos/dev_ws/install/splash_interfaces:/opt/ros/foxy CMAKE_PREFIX_PATH=/home/rtos/dev_ws/install/splash_interfaces:/home/rtos/dev_ws/install/torcs_interfaces LD_LIBRARY_PATH=/home/rtos/dev_ws/install/splash_interfaces/lib:/home/rtos/dev_ws/install/torcs_interfaces/lib:/opt/ros/foxy/opt/yaml_cpp_vendor/lib:/opt/ros/foxy/opt/rviz_ogre_vendor/lib:/opt/ros/foxy/lib/x86_64-linux-gnu:/opt/ros/foxy/lib PYTHONPATH=/home/rtos/dev_ws/install/Torcs_5/lib/python3.8/site-packages:/home/rtos/dev_ws/install/scl/lib/python3.8/site-packages:/home/rtos/dev_ws/install/srl/lib/python3.8/site-packages:/home/rtos/dev_ws/install/splash_interfaces/lib/python3.8/site-packages:/home/rtos/dev_ws/install/lkas4/lib/python3.8/site-packages:/home/rtos/dev_ws/install/Torcs_5/lib/python3.8/site-packages:/home/rtos/dev_ws/install/torcs_client/lib/python3.8/site-packages:/home/rtos/dev_ws/install/torcs_interfaces/lib/python3.8/site-packages:/home/rtos/dev_ws/install/lkas5/lib/python3.8/site-packages:/opt/ros/foxy/lib/python3.8/site-packages /usr/bin/python3 setup.py egg_info --egg-base ../../build/Torcs_5 build --build-base /home/rtos/dev_ws/build/Torcs_5/build install --prefix /home/rtos/dev_ws/install/Torcs_5 --record /home/rtos/dev_ws/build/Torcs_5/install.log --single-version-externally-managed
[0.851s] running egg_info
[0.852s] writing ../../build/Torcs_5/Torcs_5.egg-info/PKG-INFO
[0.852s] writing dependency_links to ../../build/Torcs_5/Torcs_5.egg-info/dependency_links.txt
[0.852s] writing entry points to ../../build/Torcs_5/Torcs_5.egg-info/entry_points.txt
[0.852s] writing requirements to ../../build/Torcs_5/Torcs_5.egg-info/requires.txt
[0.852s] writing top-level names to ../../build/Torcs_5/Torcs_5.egg-info/top_level.txt
[0.883s] reading manifest file '../../build/Torcs_5/Torcs_5.egg-info/SOURCES.txt'
[0.884s] writing manifest file '../../build/Torcs_5/Torcs_5.egg-info/SOURCES.txt'
[0.884s] running build
[0.884s] running build_py
[0.885s] running install
[0.886s] running install_lib
[0.888s] running install_data
[0.888s] running install_egg_info
[0.890s] removing '/home/rtos/dev_ws/install/Torcs_5/lib/python3.8/site-packages/Torcs_5-0.0.0-py3.8.egg-info' (and everything under it)
[0.890s] Copying ../../build/Torcs_5/Torcs_5.egg-info to /home/rtos/dev_ws/install/Torcs_5/lib/python3.8/site-packages/Torcs_5-0.0.0-py3.8.egg-info
[0.891s] running install_scripts
[0.907s] Installing default_build_unit script to /home/rtos/dev_ws/install/Torcs_5/lib/Torcs_5
[0.907s] Installing splash_server script to /home/rtos/dev_ws/install/Torcs_5/lib/Torcs_5
[0.908s] writing list of installed files to '/home/rtos/dev_ws/build/Torcs_5/install.log'
[0.945s] Invoked command in '/home/rtos/dev_ws/src/Torcs_5' returned '0': AMENT_PREFIX_PATH=/home/rtos/dev_ws/install/scl:/home/rtos/dev_ws/install/srl:/home/rtos/dev_ws/install/lkas4:/home/rtos/dev_ws/install/Torcs_5:/home/rtos/dev_ws/install/torcs_client:/home/rtos/dev_ws/install/torcs_interfaces:/home/rtos/dev_ws/install/lkas5:/home/rtos/dev_ws/install/splash_interfaces:/opt/ros/foxy CMAKE_PREFIX_PATH=/home/rtos/dev_ws/install/splash_interfaces:/home/rtos/dev_ws/install/torcs_interfaces LD_LIBRARY_PATH=/home/rtos/dev_ws/install/splash_interfaces/lib:/home/rtos/dev_ws/install/torcs_interfaces/lib:/opt/ros/foxy/opt/yaml_cpp_vendor/lib:/opt/ros/foxy/opt/rviz_ogre_vendor/lib:/opt/ros/foxy/lib/x86_64-linux-gnu:/opt/ros/foxy/lib PYTHONPATH=/home/rtos/dev_ws/install/Torcs_5/lib/python3.8/site-packages:/home/rtos/dev_ws/install/scl/lib/python3.8/site-packages:/home/rtos/dev_ws/install/srl/lib/python3.8/site-packages:/home/rtos/dev_ws/install/splash_interfaces/lib/python3.8/site-packages:/home/rtos/dev_ws/install/lkas4/lib/python3.8/site-packages:/home/rtos/dev_ws/install/Torcs_5/lib/python3.8/site-packages:/home/rtos/dev_ws/install/torcs_client/lib/python3.8/site-packages:/home/rtos/dev_ws/install/torcs_interfaces/lib/python3.8/site-packages:/home/rtos/dev_ws/install/lkas5/lib/python3.8/site-packages:/opt/ros/foxy/lib/python3.8/site-packages /usr/bin/python3 setup.py egg_info --egg-base ../../build/Torcs_5 build --build-base /home/rtos/dev_ws/build/Torcs_5/build install --prefix /home/rtos/dev_ws/install/Torcs_5 --record /home/rtos/dev_ws/build/Torcs_5/install.log --single-version-externally-managed
