[0.217s] Invoking command in '/home/rtos/dev_ws/src/srl': AMENT_PREFIX_PATH=/home/rtos/dev_ws/install/splash_interfaces:${AMENT_PREFIX_PATH} CMAKE_PREFIX_PATH=/home/rtos/dev_ws/install/splash_interfaces LD_LIBRARY_PATH=/home/rtos/dev_ws/install/splash_interfaces/lib:${LD_LIBRARY_PATH} PYTHONPATH=/home/rtos/dev_ws/install/srl/lib/python3.8/site-packages:/home/rtos/dev_ws/install/splash_interfaces/lib/python3.8/site-packages:${PYTHONPATH} /usr/bin/python3 setup.py egg_info --egg-base ../../build/srl build --build-base /home/rtos/dev_ws/build/srl/build install --prefix /home/rtos/dev_ws/install/srl --record /home/rtos/dev_ws/build/srl/install.log --single-version-externally-managed
[0.399s] running egg_info
[0.399s] writing ../../build/srl/srl.egg-info/PKG-INFO
[0.400s] writing dependency_links to ../../build/srl/srl.egg-info/dependency_links.txt
[0.400s] writing entry points to ../../build/srl/srl.egg-info/entry_points.txt
[0.400s] writing requirements to ../../build/srl/srl.egg-info/requires.txt
[0.400s] writing top-level names to ../../build/srl/srl.egg-info/top_level.txt
[0.428s] reading manifest file '../../build/srl/srl.egg-info/SOURCES.txt'
[0.428s] writing manifest file '../../build/srl/srl.egg-info/SOURCES.txt'
[0.428s] running build
[0.428s] running build_py
[0.429s] running install
[0.429s] running install_lib
[0.430s] running install_data
[0.431s] running install_egg_info
[0.432s] removing '/home/rtos/dev_ws/install/srl/lib/python3.8/site-packages/srl-0.0.0-py3.8.egg-info' (and everything under it)
[0.432s] Copying ../../build/srl/srl.egg-info to /home/rtos/dev_ws/install/srl/lib/python3.8/site-packages/srl-0.0.0-py3.8.egg-info
[0.433s] running install_scripts
[0.447s] writing list of installed files to '/home/rtos/dev_ws/build/srl/install.log'
[0.467s] Invoked command in '/home/rtos/dev_ws/src/srl' returned '0': AMENT_PREFIX_PATH=/home/rtos/dev_ws/install/splash_interfaces:${AMENT_PREFIX_PATH} CMAKE_PREFIX_PATH=/home/rtos/dev_ws/install/splash_interfaces LD_LIBRARY_PATH=/home/rtos/dev_ws/install/splash_interfaces/lib:${LD_LIBRARY_PATH} PYTHONPATH=/home/rtos/dev_ws/install/srl/lib/python3.8/site-packages:/home/rtos/dev_ws/install/splash_interfaces/lib/python3.8/site-packages:${PYTHONPATH} /usr/bin/python3 setup.py egg_info --egg-base ../../build/srl build --build-base /home/rtos/dev_ws/build/srl/build install --prefix /home/rtos/dev_ws/install/srl --record /home/rtos/dev_ws/build/srl/install.log --single-version-externally-managed
