[0.239s] Invoking command in '/home/rtos/dev_ws/src/ros2-torcs-client': PYTHONPATH=/home/rtos/dev_ws/install/torcs_client/lib/python3.8/site-packages:/home/rtos/dev_ws/install/torcs_interfaces/lib/python3.8/site-packages:/home/rtos/dev_ws/install/Torcs_5/lib/python3.8/site-packages:/home/rtos/dev_ws/install/torcs_client/lib/python3.8/site-packages:/home/rtos/dev_ws/install/lkas5/lib/python3.8/site-packages:/home/rtos/dev_ws/install/scl/lib/python3.8/site-packages:/home/rtos/dev_ws/install/srl/lib/python3.8/site-packages:/home/rtos/dev_ws/install/splash_interfaces/lib/python3.8/site-packages:/opt/ros/foxy/lib/python3.8/site-packages /usr/bin/python3 setup.py egg_info --egg-base ../../build/torcs_client build --build-base /home/rtos/dev_ws/build/torcs_client/build install --prefix /home/rtos/dev_ws/install/torcs_client --record /home/rtos/dev_ws/build/torcs_client/install.log --single-version-externally-managed
[0.431s] running egg_info
[0.431s] creating ../../build/torcs_client/torcs_client.egg-info
[0.431s] writing ../../build/torcs_client/torcs_client.egg-info/PKG-INFO
[0.432s] writing dependency_links to ../../build/torcs_client/torcs_client.egg-info/dependency_links.txt
[0.432s] writing entry points to ../../build/torcs_client/torcs_client.egg-info/entry_points.txt
[0.432s] writing requirements to ../../build/torcs_client/torcs_client.egg-info/requires.txt
[0.432s] writing top-level names to ../../build/torcs_client/torcs_client.egg-info/top_level.txt
[0.434s] writing manifest file '../../build/torcs_client/torcs_client.egg-info/SOURCES.txt'
[0.467s] reading manifest file '../../build/torcs_client/torcs_client.egg-info/SOURCES.txt'
[0.468s] writing manifest file '../../build/torcs_client/torcs_client.egg-info/SOURCES.txt'
[0.468s] running build
[0.468s] running build_py
[0.468s] creating /home/rtos/dev_ws/build/torcs_client/build
[0.468s] creating /home/rtos/dev_ws/build/torcs_client/build/lib
[0.468s] creating /home/rtos/dev_ws/build/torcs_client/build/lib/torcs_client
[0.468s] copying torcs_client/torcs_client.py -> /home/rtos/dev_ws/build/torcs_client/build/lib/torcs_client
[0.469s] copying torcs_client/__init__.py -> /home/rtos/dev_ws/build/torcs_client/build/lib/torcs_client
[0.469s] copying torcs_client/main.py -> /home/rtos/dev_ws/build/torcs_client/build/lib/torcs_client
[0.469s] copying torcs_client/simple_parser.py -> /home/rtos/dev_ws/build/torcs_client/build/lib/torcs_client
[0.469s] running install
[0.470s] running install_lib
[0.471s] creating /home/rtos/dev_ws/install/torcs_client/lib/python3.8/site-packages/torcs_client
[0.472s] copying /home/rtos/dev_ws/build/torcs_client/build/lib/torcs_client/torcs_client.py -> /home/rtos/dev_ws/install/torcs_client/lib/python3.8/site-packages/torcs_client
[0.472s] copying /home/rtos/dev_ws/build/torcs_client/build/lib/torcs_client/__init__.py -> /home/rtos/dev_ws/install/torcs_client/lib/python3.8/site-packages/torcs_client
[0.472s] copying /home/rtos/dev_ws/build/torcs_client/build/lib/torcs_client/main.py -> /home/rtos/dev_ws/install/torcs_client/lib/python3.8/site-packages/torcs_client
[0.472s] copying /home/rtos/dev_ws/build/torcs_client/build/lib/torcs_client/simple_parser.py -> /home/rtos/dev_ws/install/torcs_client/lib/python3.8/site-packages/torcs_client
[0.473s] byte-compiling /home/rtos/dev_ws/install/torcs_client/lib/python3.8/site-packages/torcs_client/torcs_client.py to torcs_client.cpython-38.pyc
[0.478s] byte-compiling /home/rtos/dev_ws/install/torcs_client/lib/python3.8/site-packages/torcs_client/__init__.py to __init__.cpython-38.pyc
[0.478s] byte-compiling /home/rtos/dev_ws/install/torcs_client/lib/python3.8/site-packages/torcs_client/main.py to main.cpython-38.pyc
[0.478s] byte-compiling /home/rtos/dev_ws/install/torcs_client/lib/python3.8/site-packages/torcs_client/simple_parser.py to simple_parser.cpython-38.pyc
[0.479s] running install_data
[0.480s] creating /home/rtos/dev_ws/install/torcs_client/share/ament_index
[0.480s] creating /home/rtos/dev_ws/install/torcs_client/share/ament_index/resource_index
[0.480s] creating /home/rtos/dev_ws/install/torcs_client/share/ament_index/resource_index/packages
[0.480s] copying resource/torcs_client -> /home/rtos/dev_ws/install/torcs_client/share/ament_index/resource_index/packages
[0.480s] copying package.xml -> /home/rtos/dev_ws/install/torcs_client/share/torcs_client
[0.480s] running install_egg_info
[0.482s] Copying ../../build/torcs_client/torcs_client.egg-info to /home/rtos/dev_ws/install/torcs_client/lib/python3.8/site-packages/torcs_client-0.0.0-py3.8.egg-info
[0.484s] running install_scripts
[0.503s] Installing main script to /home/rtos/dev_ws/install/torcs_client/lib/torcs_client
[0.503s] writing list of installed files to '/home/rtos/dev_ws/build/torcs_client/install.log'
[0.529s] Invoked command in '/home/rtos/dev_ws/src/ros2-torcs-client' returned '0': PYTHONPATH=/home/rtos/dev_ws/install/torcs_client/lib/python3.8/site-packages:/home/rtos/dev_ws/install/torcs_interfaces/lib/python3.8/site-packages:/home/rtos/dev_ws/install/Torcs_5/lib/python3.8/site-packages:/home/rtos/dev_ws/install/torcs_client/lib/python3.8/site-packages:/home/rtos/dev_ws/install/lkas5/lib/python3.8/site-packages:/home/rtos/dev_ws/install/scl/lib/python3.8/site-packages:/home/rtos/dev_ws/install/srl/lib/python3.8/site-packages:/home/rtos/dev_ws/install/splash_interfaces/lib/python3.8/site-packages:/opt/ros/foxy/lib/python3.8/site-packages /usr/bin/python3 setup.py egg_info --egg-base ../../build/torcs_client build --build-base /home/rtos/dev_ws/build/torcs_client/build install --prefix /home/rtos/dev_ws/install/torcs_client --record /home/rtos/dev_ws/build/torcs_client/install.log --single-version-externally-managed
