[0.014s] Invoking command in '/home/rtos/dev_ws/build/torcs_interfaces': CMAKE_PREFIX_PATH=${CMAKE_PREFIX_PATH}:/home/rtos/dev_ws/install/Torcs_5:/home/rtos/dev_ws/install/torcs_client:/home/rtos/dev_ws/install/lkas5:/home/rtos/dev_ws/install/scl:/home/rtos/dev_ws/install/srl:/opt/ros/foxy /usr/bin/cmake /home/rtos/dev_ws/src/torcs_interfaces -DCMAKE_INSTALL_PREFIX=/home/rtos/dev_ws/install/torcs_interfaces
[0.067s] -- The C compiler identification is GNU 9.3.0
[0.132s] -- The CXX compiler identification is GNU 9.3.0
[0.137s] -- Check for working C compiler: /usr/bin/cc
[0.207s] -- Check for working C compiler: /usr/bin/cc -- works
[0.209s] -- Detecting C compiler ABI info
[0.286s] -- Detecting C compiler ABI info - done
[0.306s] -- Detecting C compile features
[0.306s] -- Detecting C compile features - done
[0.308s] -- Check for working CXX compiler: /usr/bin/c++
[0.387s] -- Check for working CXX compiler: /usr/bin/c++ -- works
[0.388s] -- Detecting CXX compiler ABI info
[0.477s] -- Detecting CXX compiler ABI info - done
[0.498s] -- Detecting CXX compile features
[0.499s] -- Detecting CXX compile features - done
[0.502s] -- Found ament_cmake: 0.9.7 (/opt/ros/foxy/share/ament_cmake/cmake)
[0.530s] -- Found PythonInterp: /usr/bin/python3 (found suitable version "3.8.5", minimum required is "3") 
[0.530s] -- Using PYTHON_EXECUTABLE: /usr/bin/python3
[0.735s] -- Found rosidl_default_generators: 1.0.0 (/opt/ros/foxy/share/rosidl_default_generators/cmake)
[0.738s] -- Using all available rosidl_typesupport_c: rosidl_typesupport_fastrtps_c;rosidl_typesupport_introspection_c
[0.744s] -- Found rosidl_adapter: 1.1.0 (/opt/ros/foxy/share/rosidl_adapter/cmake)
[0.824s] -- Found OpenSSL: /usr/lib/x86_64-linux-gnu/libcrypto.so (found version "1.1.1f")  
[0.853s] -- Found FastRTPS: /opt/ros/foxy/include  
[0.937s] -- Using all available rosidl_typesupport_cpp: rosidl_typesupport_fastrtps_cpp;rosidl_typesupport_introspection_cpp
[0.967s] -- Found std_msgs: 2.0.3 (/opt/ros/foxy/share/std_msgs/cmake)
[1.022s] -- Found PythonInterp: /usr/bin/python3 (found version "3.8.5") 
[1.215s] -- Found ament_cmake_ros: 0.9.0 (/opt/ros/foxy/share/ament_cmake_ros/cmake)
[1.392s] -- Using all available rosidl_typesupport_c: rosidl_typesupport_fastrtps_c;rosidl_typesupport_introspection_c
[1.464s] -- Using all available rosidl_typesupport_cpp: rosidl_typesupport_fastrtps_cpp;rosidl_typesupport_introspection_cpp
[1.494s] -- Found PythonInterp: /usr/bin/python3 (found suitable version "3.8.5", minimum required is "3.5") 
[1.496s] -- Found python_cmake_module: 0.8.0 (/opt/ros/foxy/share/python_cmake_module/cmake)
[1.528s] -- Found PythonLibs: /usr/lib/x86_64-linux-gnu/libpython3.8.so (found suitable version "3.8.5", minimum required is "3.5") 
[1.529s] -- Using PYTHON_EXECUTABLE: /usr/bin/python3
[1.529s] -- Using PYTHON_INCLUDE_DIRS: /usr/include/python3.8
[1.529s] -- Using PYTHON_LIBRARIES: /usr/lib/x86_64-linux-gnu/libpython3.8.so
[1.560s] -- Found PythonExtra: .so  
[1.634s] -- Found ament_lint_auto: 0.9.5 (/opt/ros/foxy/share/ament_lint_auto/cmake)
[1.653s] -- Added test 'copyright' to check source files copyright and LICENSE
[1.660s] -- Added test 'lint_cmake' to check CMake code style
[1.665s] -- Added test 'xmllint' to check XML markup files
[1.671s] -- Configuring done
[1.725s] -- Generating done
[1.728s] -- Build files have been written to: /home/rtos/dev_ws/build/torcs_interfaces
[1.744s] Invoked command in '/home/rtos/dev_ws/build/torcs_interfaces' returned '0': CMAKE_PREFIX_PATH=${CMAKE_PREFIX_PATH}:/home/rtos/dev_ws/install/Torcs_5:/home/rtos/dev_ws/install/torcs_client:/home/rtos/dev_ws/install/lkas5:/home/rtos/dev_ws/install/scl:/home/rtos/dev_ws/install/srl:/opt/ros/foxy /usr/bin/cmake /home/rtos/dev_ws/src/torcs_interfaces -DCMAKE_INSTALL_PREFIX=/home/rtos/dev_ws/install/torcs_interfaces
[1.747s] Invoking command in '/home/rtos/dev_ws/build/torcs_interfaces': CMAKE_PREFIX_PATH=${CMAKE_PREFIX_PATH}:/home/rtos/dev_ws/install/Torcs_5:/home/rtos/dev_ws/install/torcs_client:/home/rtos/dev_ws/install/lkas5:/home/rtos/dev_ws/install/scl:/home/rtos/dev_ws/install/srl:/opt/ros/foxy /usr/bin/cmake --build /home/rtos/dev_ws/build/torcs_interfaces -- -j8 -l8
[1.806s] [35m[1mScanning dependencies of target torcs_interfaces__cpp[0m
[1.815s] [  2%] [34m[1mGenerating C code for ROS interfaces[0m
[1.824s] [  5%] [34m[1mGenerating C++ code for ROS interfaces[0m
[2.518s] [35m[1mScanning dependencies of target torcs_interfaces__rosidl_generator_c[0m
[2.556s] [  7%] [32mBuilding C object CMakeFiles/torcs_interfaces__rosidl_generator_c.dir/rosidl_generator_c/torcs_interfaces/msg/detail/torcs_ctrl__functions.c.o[0m
[2.558s] [ 10%] [32mBuilding C object CMakeFiles/torcs_interfaces__rosidl_generator_c.dir/rosidl_generator_c/torcs_interfaces/msg/detail/torcs_sensors__functions.c.o[0m
[2.575s] [ 10%] Built target torcs_interfaces__cpp
[2.608s] [ 12%] [34m[1mGenerating C++ introspection for ROS interfaces[0m
[2.608s] [ 15%] [34m[1mGenerating C++ type support for eProsima Fast-RTPS[0m
[2.610s] [ 17%] [34m[1mGenerating C++ type support dispatch for ROS interfaces[0m
[2.696s] [ 20%] [32m[1mLinking C shared library libtorcs_interfaces__rosidl_generator_c.so[0m
[2.891s] [ 20%] Built target torcs_interfaces__rosidl_generator_c
[2.932s] [ 23%] [34m[1mGenerating C type support dispatch for ROS interfaces[0m
[2.932s] [ 25%] [34m[1mGenerating C introspection for ROS interfaces[0m
[3.763s] [35m[1mScanning dependencies of target torcs_interfaces__rosidl_typesupport_cpp[0m
[3.824s] [ 28%] [32mBuilding CXX object CMakeFiles/torcs_interfaces__rosidl_typesupport_cpp.dir/rosidl_typesupport_cpp/torcs_interfaces/msg/torcs_sensors__type_support.cpp.o[0m
[3.862s] [ 30%] [32mBuilding CXX object CMakeFiles/torcs_interfaces__rosidl_typesupport_cpp.dir/rosidl_typesupport_cpp/torcs_interfaces/msg/torcs_ctrl__type_support.cpp.o[0m
[3.934s] [35m[1mScanning dependencies of target torcs_interfaces__rosidl_typesupport_fastrtps_cpp[0m
[4.026s] [ 33%] [32mBuilding CXX object CMakeFiles/torcs_interfaces__rosidl_typesupport_fastrtps_cpp.dir/rosidl_typesupport_fastrtps_cpp/torcs_interfaces/msg/detail/dds_fastrtps/torcs_sensors__type_support.cpp.o[0m
[4.063s] [ 35%] [32mBuilding CXX object CMakeFiles/torcs_interfaces__rosidl_typesupport_fastrtps_cpp.dir/rosidl_typesupport_fastrtps_cpp/torcs_interfaces/msg/detail/dds_fastrtps/torcs_ctrl__type_support.cpp.o[0m
[4.136s] [35m[1mScanning dependencies of target torcs_interfaces__rosidl_typesupport_introspection_cpp[0m
[4.169s] [35m[1mScanning dependencies of target torcs_interfaces__rosidl_typesupport_introspection_c[0m
[4.199s] [ 38%] [32mBuilding CXX object CMakeFiles/torcs_interfaces__rosidl_typesupport_introspection_cpp.dir/rosidl_typesupport_introspection_cpp/torcs_interfaces/msg/detail/torcs_sensors__type_support.cpp.o[0m
[4.241s] [ 41%] [32mBuilding CXX object CMakeFiles/torcs_interfaces__rosidl_typesupport_introspection_cpp.dir/rosidl_typesupport_introspection_cpp/torcs_interfaces/msg/detail/torcs_ctrl__type_support.cpp.o[0m
[4.263s] [ 43%] [32mBuilding C object CMakeFiles/torcs_interfaces__rosidl_typesupport_introspection_c.dir/rosidl_typesupport_introspection_c/torcs_interfaces/msg/detail/torcs_sensors__type_support.c.o[0m
[4.362s] [35m[1mScanning dependencies of target torcs_interfaces__rosidl_typesupport_c[0m
[4.426s] [ 46%] [32mBuilding C object CMakeFiles/torcs_interfaces__rosidl_typesupport_introspection_c.dir/rosidl_typesupport_introspection_c/torcs_interfaces/msg/detail/torcs_ctrl__type_support.c.o[0m
[4.428s] [ 48%] [32mBuilding CXX object CMakeFiles/torcs_interfaces__rosidl_typesupport_c.dir/rosidl_typesupport_c/torcs_interfaces/msg/torcs_sensors__type_support.cpp.o[0m
[4.593s] [ 51%] [32m[1mLinking C shared library libtorcs_interfaces__rosidl_typesupport_introspection_c.so[0m
[4.599s] [ 53%] [32mBuilding CXX object CMakeFiles/torcs_interfaces__rosidl_typesupport_c.dir/rosidl_typesupport_c/torcs_interfaces/msg/torcs_ctrl__type_support.cpp.o[0m
[4.706s] [ 56%] [32m[1mLinking CXX shared library libtorcs_interfaces__rosidl_typesupport_c.so[0m
[4.820s] [ 56%] Built target torcs_interfaces__rosidl_typesupport_introspection_c
[4.866s] [ 58%] [32m[1mLinking CXX shared library libtorcs_interfaces__rosidl_typesupport_cpp.so[0m
[4.909s] [ 58%] Built target torcs_interfaces__rosidl_typesupport_c
[4.994s] [ 58%] Built target torcs_interfaces__rosidl_typesupport_cpp
[5.085s] [ 61%] [32m[1mLinking CXX shared library libtorcs_interfaces__rosidl_typesupport_introspection_cpp.so[0m
[5.139s] [ 64%] [32m[1mLinking CXX shared library libtorcs_interfaces__rosidl_typesupport_fastrtps_cpp.so[0m
[5.164s] [ 64%] Built target torcs_interfaces__rosidl_typesupport_introspection_cpp
[5.236s] [ 64%] Built target torcs_interfaces__rosidl_typesupport_fastrtps_cpp
[5.249s] [ 66%] [34m[1mGenerating C type support for eProsima Fast-RTPS[0m
[5.790s] [35m[1mScanning dependencies of target torcs_interfaces__rosidl_typesupport_fastrtps_c[0m
[5.811s] [ 69%] [32mBuilding CXX object CMakeFiles/torcs_interfaces__rosidl_typesupport_fastrtps_c.dir/rosidl_typesupport_fastrtps_c/torcs_interfaces/msg/detail/torcs_ctrl__type_support_c.cpp.o[0m
[5.813s] [ 71%] [32mBuilding CXX object CMakeFiles/torcs_interfaces__rosidl_typesupport_fastrtps_c.dir/rosidl_typesupport_fastrtps_c/torcs_interfaces/msg/detail/torcs_sensors__type_support_c.cpp.o[0m
[6.311s] [ 74%] [32m[1mLinking CXX shared library libtorcs_interfaces__rosidl_typesupport_fastrtps_c.so[0m
[6.403s] [ 74%] Built target torcs_interfaces__rosidl_typesupport_fastrtps_c
[6.412s] [35m[1mScanning dependencies of target torcs_interfaces[0m
[6.422s] [ 74%] Built target torcs_interfaces
[6.434s] [35m[1mScanning dependencies of target torcs_interfaces__py[0m
[6.445s] [ 76%] [34m[1mGenerating Python code for ROS interfaces[0m
[7.501s] [ 76%] Built target torcs_interfaces__py
[7.514s] [35m[1mScanning dependencies of target torcs_interfaces__python[0m
[7.535s] [ 79%] [32mBuilding C object CMakeFiles/torcs_interfaces__python.dir/rosidl_generator_py/torcs_interfaces/msg/_torcs_sensors_s.c.o[0m
[7.536s] [ 82%] [32mBuilding C object CMakeFiles/torcs_interfaces__python.dir/rosidl_generator_py/torcs_interfaces/msg/_torcs_ctrl_s.c.o[0m
[7.651s] [ 84%] [32m[1mLinking C shared library rosidl_generator_py/torcs_interfaces/libtorcs_interfaces__python.so[0m
[7.698s] [ 84%] Built target torcs_interfaces__python
[7.709s] [35m[1mScanning dependencies of target torcs_interfaces__rosidl_typesupport_fastrtps_c__pyext[0m
[7.710s] [35m[1mScanning dependencies of target torcs_interfaces__rosidl_typesupport_c__pyext[0m
[7.711s] [35m[1mScanning dependencies of target torcs_interfaces__rosidl_typesupport_introspection_c__pyext[0m
[7.731s] [ 87%] [32mBuilding C object CMakeFiles/torcs_interfaces__rosidl_typesupport_fastrtps_c__pyext.dir/rosidl_generator_py/torcs_interfaces/_torcs_interfaces_s.ep.rosidl_typesupport_fastrtps_c.c.o[0m
[7.741s] [ 89%] [32mBuilding C object CMakeFiles/torcs_interfaces__rosidl_typesupport_introspection_c__pyext.dir/rosidl_generator_py/torcs_interfaces/_torcs_interfaces_s.ep.rosidl_typesupport_introspection_c.c.o[0m
[7.741s] [ 92%] [32mBuilding C object CMakeFiles/torcs_interfaces__rosidl_typesupport_c__pyext.dir/rosidl_generator_py/torcs_interfaces/_torcs_interfaces_s.ep.rosidl_typesupport_c.c.o[0m
[7.853s] [ 94%] [32m[1mLinking CXX shared library rosidl_generator_py/torcs_interfaces/torcs_interfaces_s__rosidl_typesupport_fastrtps_c.cpython-38-x86_64-linux-gnu.so[0m
[7.859s] [ 97%] [32m[1mLinking C shared library rosidl_generator_py/torcs_interfaces/torcs_interfaces_s__rosidl_typesupport_c.cpython-38-x86_64-linux-gnu.so[0m
[7.864s] [100%] [32m[1mLinking C shared library rosidl_generator_py/torcs_interfaces/torcs_interfaces_s__rosidl_typesupport_introspection_c.cpython-38-x86_64-linux-gnu.so[0m
[7.904s] [100%] Built target torcs_interfaces__rosidl_typesupport_c__pyext
[7.914s] [100%] Built target torcs_interfaces__rosidl_typesupport_introspection_c__pyext
[7.932s] [100%] Built target torcs_interfaces__rosidl_typesupport_fastrtps_c__pyext
[8.114s] Invoked command in '/home/rtos/dev_ws/build/torcs_interfaces' returned '0': CMAKE_PREFIX_PATH=${CMAKE_PREFIX_PATH}:/home/rtos/dev_ws/install/Torcs_5:/home/rtos/dev_ws/install/torcs_client:/home/rtos/dev_ws/install/lkas5:/home/rtos/dev_ws/install/scl:/home/rtos/dev_ws/install/srl:/opt/ros/foxy /usr/bin/cmake --build /home/rtos/dev_ws/build/torcs_interfaces -- -j8 -l8
[8.175s] Invoking command in '/home/rtos/dev_ws/build/torcs_interfaces': CMAKE_PREFIX_PATH=${CMAKE_PREFIX_PATH}:/home/rtos/dev_ws/install/Torcs_5:/home/rtos/dev_ws/install/torcs_client:/home/rtos/dev_ws/install/lkas5:/home/rtos/dev_ws/install/scl:/home/rtos/dev_ws/install/srl:/opt/ros/foxy /usr/bin/cmake --install /home/rtos/dev_ws/build/torcs_interfaces
[8.183s] -- Install configuration: ""
[8.183s] -- Installing: /home/rtos/dev_ws/install/torcs_interfaces/share/ament_index/resource_index/rosidl_interfaces/torcs_interfaces
[8.183s] -- Installing: /home/rtos/dev_ws/install/torcs_interfaces/include/torcs_interfaces
[8.184s] -- Installing: /home/rtos/dev_ws/install/torcs_interfaces/include/torcs_interfaces/msg
[8.184s] -- Installing: /home/rtos/dev_ws/install/torcs_interfaces/include/torcs_interfaces/msg/detail
[8.184s] -- Installing: /home/rtos/dev_ws/install/torcs_interfaces/include/torcs_interfaces/msg/detail/torcs_sensors__struct.h
[8.184s] -- Installing: /home/rtos/dev_ws/install/torcs_interfaces/include/torcs_interfaces/msg/detail/torcs_ctrl__struct.h
[8.184s] -- Installing: /home/rtos/dev_ws/install/torcs_interfaces/include/torcs_interfaces/msg/detail/torcs_ctrl__type_support.h
[8.184s] -- Installing: /home/rtos/dev_ws/install/torcs_interfaces/include/torcs_interfaces/msg/detail/torcs_sensors__functions.h
[8.184s] -- Installing: /home/rtos/dev_ws/install/torcs_interfaces/include/torcs_interfaces/msg/detail/torcs_sensors__type_support.h
[8.184s] -- Installing: /home/rtos/dev_ws/install/torcs_interfaces/include/torcs_interfaces/msg/detail/torcs_sensors__functions.c
[8.184s] -- Installing: /home/rtos/dev_ws/install/torcs_interfaces/include/torcs_interfaces/msg/detail/torcs_ctrl__functions.c
[8.184s] -- Installing: /home/rtos/dev_ws/install/torcs_interfaces/include/torcs_interfaces/msg/detail/torcs_ctrl__functions.h
[8.184s] -- Installing: /home/rtos/dev_ws/install/torcs_interfaces/include/torcs_interfaces/msg/rosidl_generator_c__visibility_control.h
[8.185s] -- Installing: /home/rtos/dev_ws/install/torcs_interfaces/include/torcs_interfaces/msg/torcs_ctrl.h
[8.185s] -- Installing: /home/rtos/dev_ws/install/torcs_interfaces/include/torcs_interfaces/msg/torcs_sensors.h
[8.185s] -- Installing: /home/rtos/dev_ws/install/torcs_interfaces/share/torcs_interfaces/environment/library_path.sh
[8.185s] -- Installing: /home/rtos/dev_ws/install/torcs_interfaces/share/torcs_interfaces/environment/library_path.dsv
[8.185s] -- Installing: /home/rtos/dev_ws/install/torcs_interfaces/lib/libtorcs_interfaces__rosidl_generator_c.so
[8.185s] -- Set runtime path of "/home/rtos/dev_ws/install/torcs_interfaces/lib/libtorcs_interfaces__rosidl_generator_c.so" to ""
[8.185s] -- Up-to-date: /home/rtos/dev_ws/install/torcs_interfaces/include/torcs_interfaces
[8.186s] -- Up-to-date: /home/rtos/dev_ws/install/torcs_interfaces/include/torcs_interfaces/msg
[8.186s] -- Up-to-date: /home/rtos/dev_ws/install/torcs_interfaces/include/torcs_interfaces/msg/detail
[8.186s] -- Installing: /home/rtos/dev_ws/install/torcs_interfaces/include/torcs_interfaces/msg/detail/torcs_ctrl__rosidl_typesupport_fastrtps_c.h
[8.186s] -- Installing: /home/rtos/dev_ws/install/torcs_interfaces/include/torcs_interfaces/msg/detail/torcs_sensors__rosidl_typesupport_fastrtps_c.h
[8.186s] -- Installing: /home/rtos/dev_ws/install/torcs_interfaces/include/torcs_interfaces/msg/rosidl_typesupport_fastrtps_c__visibility_control.h
[8.186s] -- Installing: /home/rtos/dev_ws/install/torcs_interfaces/lib/libtorcs_interfaces__rosidl_typesupport_fastrtps_c.so
[8.186s] -- Set runtime path of "/home/rtos/dev_ws/install/torcs_interfaces/lib/libtorcs_interfaces__rosidl_typesupport_fastrtps_c.so" to ""
[8.186s] -- Up-to-date: /home/rtos/dev_ws/install/torcs_interfaces/include/torcs_interfaces
[8.186s] -- Up-to-date: /home/rtos/dev_ws/install/torcs_interfaces/include/torcs_interfaces/msg
[8.187s] -- Up-to-date: /home/rtos/dev_ws/install/torcs_interfaces/include/torcs_interfaces/msg/detail
[8.187s] -- Installing: /home/rtos/dev_ws/install/torcs_interfaces/include/torcs_interfaces/msg/detail/dds_fastrtps
[8.187s] -- Installing: /home/rtos/dev_ws/install/torcs_interfaces/include/torcs_interfaces/msg/detail/torcs_ctrl__rosidl_typesupport_fastrtps_cpp.hpp
[8.187s] -- Installing: /home/rtos/dev_ws/install/torcs_interfaces/include/torcs_interfaces/msg/detail/torcs_sensors__rosidl_typesupport_fastrtps_cpp.hpp
[8.187s] -- Installing: /home/rtos/dev_ws/install/torcs_interfaces/include/torcs_interfaces/msg/rosidl_typesupport_fastrtps_cpp__visibility_control.h
[8.187s] -- Installing: /home/rtos/dev_ws/install/torcs_interfaces/lib/libtorcs_interfaces__rosidl_typesupport_fastrtps_cpp.so
[8.187s] -- Set runtime path of "/home/rtos/dev_ws/install/torcs_interfaces/lib/libtorcs_interfaces__rosidl_typesupport_fastrtps_cpp.so" to ""
[8.187s] -- Up-to-date: /home/rtos/dev_ws/install/torcs_interfaces/include/torcs_interfaces
[8.187s] -- Up-to-date: /home/rtos/dev_ws/install/torcs_interfaces/include/torcs_interfaces/msg
[8.188s] -- Up-to-date: /home/rtos/dev_ws/install/torcs_interfaces/include/torcs_interfaces/msg/detail
[8.188s] -- Installing: /home/rtos/dev_ws/install/torcs_interfaces/include/torcs_interfaces/msg/detail/torcs_sensors__type_support.c
[8.188s] -- Installing: /home/rtos/dev_ws/install/torcs_interfaces/include/torcs_interfaces/msg/detail/torcs_sensors__rosidl_typesupport_introspection_c.h
[8.188s] -- Installing: /home/rtos/dev_ws/install/torcs_interfaces/include/torcs_interfaces/msg/detail/torcs_ctrl__rosidl_typesupport_introspection_c.h
[8.188s] -- Installing: /home/rtos/dev_ws/install/torcs_interfaces/include/torcs_interfaces/msg/detail/torcs_ctrl__type_support.c
[8.188s] -- Installing: /home/rtos/dev_ws/install/torcs_interfaces/include/torcs_interfaces/msg/rosidl_typesupport_introspection_c__visibility_control.h
[8.188s] -- Installing: /home/rtos/dev_ws/install/torcs_interfaces/lib/libtorcs_interfaces__rosidl_typesupport_introspection_c.so
[8.188s] -- Set runtime path of "/home/rtos/dev_ws/install/torcs_interfaces/lib/libtorcs_interfaces__rosidl_typesupport_introspection_c.so" to ""
[8.188s] -- Installing: /home/rtos/dev_ws/install/torcs_interfaces/lib/libtorcs_interfaces__rosidl_typesupport_c.so
[8.189s] -- Set runtime path of "/home/rtos/dev_ws/install/torcs_interfaces/lib/libtorcs_interfaces__rosidl_typesupport_c.so" to ""
[8.189s] -- Up-to-date: /home/rtos/dev_ws/install/torcs_interfaces/include/torcs_interfaces
[8.189s] -- Up-to-date: /home/rtos/dev_ws/install/torcs_interfaces/include/torcs_interfaces/msg
[8.189s] -- Up-to-date: /home/rtos/dev_ws/install/torcs_interfaces/include/torcs_interfaces/msg/detail
[8.189s] -- Installing: /home/rtos/dev_ws/install/torcs_interfaces/include/torcs_interfaces/msg/detail/torcs_sensors__traits.hpp
[8.189s] -- Installing: /home/rtos/dev_ws/install/torcs_interfaces/include/torcs_interfaces/msg/detail/torcs_sensors__builder.hpp
[8.189s] -- Installing: /home/rtos/dev_ws/install/torcs_interfaces/include/torcs_interfaces/msg/detail/torcs_ctrl__traits.hpp
[8.190s] -- Installing: /home/rtos/dev_ws/install/torcs_interfaces/include/torcs_interfaces/msg/detail/torcs_ctrl__struct.hpp
[8.190s] -- Installing: /home/rtos/dev_ws/install/torcs_interfaces/include/torcs_interfaces/msg/detail/torcs_sensors__struct.hpp
[8.190s] -- Installing: /home/rtos/dev_ws/install/torcs_interfaces/include/torcs_interfaces/msg/detail/torcs_ctrl__builder.hpp
[8.190s] -- Installing: /home/rtos/dev_ws/install/torcs_interfaces/include/torcs_interfaces/msg/torcs_sensors.hpp
[8.190s] -- Installing: /home/rtos/dev_ws/install/torcs_interfaces/include/torcs_interfaces/msg/torcs_ctrl.hpp
[8.190s] -- Up-to-date: /home/rtos/dev_ws/install/torcs_interfaces/include/torcs_interfaces
[8.190s] -- Up-to-date: /home/rtos/dev_ws/install/torcs_interfaces/include/torcs_interfaces/msg
[8.190s] -- Up-to-date: /home/rtos/dev_ws/install/torcs_interfaces/include/torcs_interfaces/msg/detail
[8.190s] -- Installing: /home/rtos/dev_ws/install/torcs_interfaces/include/torcs_interfaces/msg/detail/torcs_ctrl__type_support.cpp
[8.190s] -- Installing: /home/rtos/dev_ws/install/torcs_interfaces/include/torcs_interfaces/msg/detail/torcs_sensors__rosidl_typesupport_introspection_cpp.hpp
[8.190s] -- Installing: /home/rtos/dev_ws/install/torcs_interfaces/include/torcs_interfaces/msg/detail/torcs_ctrl__rosidl_typesupport_introspection_cpp.hpp
[8.190s] -- Installing: /home/rtos/dev_ws/install/torcs_interfaces/include/torcs_interfaces/msg/detail/torcs_sensors__type_support.cpp
[8.190s] -- Installing: /home/rtos/dev_ws/install/torcs_interfaces/lib/libtorcs_interfaces__rosidl_typesupport_introspection_cpp.so
[8.190s] -- Set runtime path of "/home/rtos/dev_ws/install/torcs_interfaces/lib/libtorcs_interfaces__rosidl_typesupport_introspection_cpp.so" to ""
[8.191s] -- Installing: /home/rtos/dev_ws/install/torcs_interfaces/lib/libtorcs_interfaces__rosidl_typesupport_cpp.so
[8.191s] -- Set runtime path of "/home/rtos/dev_ws/install/torcs_interfaces/lib/libtorcs_interfaces__rosidl_typesupport_cpp.so" to ""
[8.191s] -- Installing: /home/rtos/dev_ws/install/torcs_interfaces/share/torcs_interfaces/environment/pythonpath.sh
[8.191s] -- Installing: /home/rtos/dev_ws/install/torcs_interfaces/share/torcs_interfaces/environment/pythonpath.dsv
[8.191s] -- Installing: /home/rtos/dev_ws/install/torcs_interfaces/lib/python3.8/site-packages/torcs_interfaces/__init__.py
[8.219s] Compiling '/home/rtos/dev_ws/install/torcs_interfaces/lib/python3.8/site-packages/torcs_interfaces/__init__.py'...
[8.223s] -- Installing: /home/rtos/dev_ws/install/torcs_interfaces/lib/python3.8/site-packages/torcs_interfaces/msg
[8.223s] -- Installing: /home/rtos/dev_ws/install/torcs_interfaces/lib/python3.8/site-packages/torcs_interfaces/msg/_torcs_sensors_s.c
[8.223s] -- Installing: /home/rtos/dev_ws/install/torcs_interfaces/lib/python3.8/site-packages/torcs_interfaces/msg/_torcs_ctrl_s.c
[8.224s] -- Installing: /home/rtos/dev_ws/install/torcs_interfaces/lib/python3.8/site-packages/torcs_interfaces/msg/__init__.py
[8.224s] -- Installing: /home/rtos/dev_ws/install/torcs_interfaces/lib/python3.8/site-packages/torcs_interfaces/msg/_torcs_sensors.py
[8.224s] -- Installing: /home/rtos/dev_ws/install/torcs_interfaces/lib/python3.8/site-packages/torcs_interfaces/msg/_torcs_ctrl.py
[8.224s] -- Installing: /home/rtos/dev_ws/install/torcs_interfaces/lib/python3.8/site-packages/torcs_interfaces/torcs_interfaces_s__rosidl_typesupport_fastrtps_c.cpython-38-x86_64-linux-gnu.so
[8.224s] -- Set runtime path of "/home/rtos/dev_ws/install/torcs_interfaces/lib/python3.8/site-packages/torcs_interfaces/torcs_interfaces_s__rosidl_typesupport_fastrtps_c.cpython-38-x86_64-linux-gnu.so" to ""
[8.224s] -- Installing: /home/rtos/dev_ws/install/torcs_interfaces/lib/python3.8/site-packages/torcs_interfaces/torcs_interfaces_s__rosidl_typesupport_introspection_c.cpython-38-x86_64-linux-gnu.so
[8.225s] -- Set runtime path of "/home/rtos/dev_ws/install/torcs_interfaces/lib/python3.8/site-packages/torcs_interfaces/torcs_interfaces_s__rosidl_typesupport_introspection_c.cpython-38-x86_64-linux-gnu.so" to ""
[8.225s] -- Installing: /home/rtos/dev_ws/install/torcs_interfaces/lib/python3.8/site-packages/torcs_interfaces/torcs_interfaces_s__rosidl_typesupport_c.cpython-38-x86_64-linux-gnu.so
[8.226s] -- Set runtime path of "/home/rtos/dev_ws/install/torcs_interfaces/lib/python3.8/site-packages/torcs_interfaces/torcs_interfaces_s__rosidl_typesupport_c.cpython-38-x86_64-linux-gnu.so" to ""
[8.226s] -- Installing: /home/rtos/dev_ws/install/torcs_interfaces/lib/libtorcs_interfaces__python.so
[8.226s] -- Set runtime path of "/home/rtos/dev_ws/install/torcs_interfaces/lib/libtorcs_interfaces__python.so" to ""
[8.226s] -- Installing: /home/rtos/dev_ws/install/torcs_interfaces/share/torcs_interfaces/msg/TORCSSensors.idl
[8.226s] -- Installing: /home/rtos/dev_ws/install/torcs_interfaces/share/torcs_interfaces/msg/TORCSCtrl.idl
[8.227s] -- Installing: /home/rtos/dev_ws/install/torcs_interfaces/share/torcs_interfaces/msg/TORCSSensors.msg
[8.227s] -- Installing: /home/rtos/dev_ws/install/torcs_interfaces/share/torcs_interfaces/msg/TORCSCtrl.msg
[8.227s] -- Installing: /home/rtos/dev_ws/install/torcs_interfaces/share/ament_index/resource_index/package_run_dependencies/torcs_interfaces
[8.227s] -- Installing: /home/rtos/dev_ws/install/torcs_interfaces/share/ament_index/resource_index/parent_prefix_path/torcs_interfaces
[8.227s] -- Installing: /home/rtos/dev_ws/install/torcs_interfaces/share/torcs_interfaces/environment/ament_prefix_path.sh
[8.227s] -- Installing: /home/rtos/dev_ws/install/torcs_interfaces/share/torcs_interfaces/environment/ament_prefix_path.dsv
[8.227s] -- Installing: /home/rtos/dev_ws/install/torcs_interfaces/share/torcs_interfaces/environment/path.sh
[8.228s] -- Installing: /home/rtos/dev_ws/install/torcs_interfaces/share/torcs_interfaces/environment/path.dsv
[8.228s] -- Installing: /home/rtos/dev_ws/install/torcs_interfaces/share/torcs_interfaces/local_setup.bash
[8.228s] -- Installing: /home/rtos/dev_ws/install/torcs_interfaces/share/torcs_interfaces/local_setup.sh
[8.228s] -- Installing: /home/rtos/dev_ws/install/torcs_interfaces/share/torcs_interfaces/local_setup.zsh
[8.228s] -- Installing: /home/rtos/dev_ws/install/torcs_interfaces/share/torcs_interfaces/local_setup.dsv
[8.228s] -- Installing: /home/rtos/dev_ws/install/torcs_interfaces/share/torcs_interfaces/package.dsv
[8.229s] -- Installing: /home/rtos/dev_ws/install/torcs_interfaces/share/ament_index/resource_index/packages/torcs_interfaces
[8.229s] -- Installing: /home/rtos/dev_ws/install/torcs_interfaces/share/torcs_interfaces/cmake/torcs_interfaces__rosidl_generator_cExport.cmake
[8.229s] -- Installing: /home/rtos/dev_ws/install/torcs_interfaces/share/torcs_interfaces/cmake/torcs_interfaces__rosidl_generator_cExport-noconfig.cmake
[8.229s] -- Installing: /home/rtos/dev_ws/install/torcs_interfaces/share/torcs_interfaces/cmake/torcs_interfaces__rosidl_typesupport_introspection_cExport.cmake
[8.229s] -- Installing: /home/rtos/dev_ws/install/torcs_interfaces/share/torcs_interfaces/cmake/torcs_interfaces__rosidl_typesupport_introspection_cExport-noconfig.cmake
[8.229s] -- Installing: /home/rtos/dev_ws/install/torcs_interfaces/share/torcs_interfaces/cmake/torcs_interfaces__rosidl_typesupport_cExport.cmake
[8.229s] -- Installing: /home/rtos/dev_ws/install/torcs_interfaces/share/torcs_interfaces/cmake/torcs_interfaces__rosidl_typesupport_cExport-noconfig.cmake
[8.230s] -- Installing: /home/rtos/dev_ws/install/torcs_interfaces/share/torcs_interfaces/cmake/torcs_interfaces__rosidl_generator_cppExport.cmake
[8.230s] -- Installing: /home/rtos/dev_ws/install/torcs_interfaces/share/torcs_interfaces/cmake/torcs_interfaces__rosidl_typesupport_introspection_cppExport.cmake
[8.230s] -- Installing: /home/rtos/dev_ws/install/torcs_interfaces/share/torcs_interfaces/cmake/torcs_interfaces__rosidl_typesupport_introspection_cppExport-noconfig.cmake
[8.230s] -- Installing: /home/rtos/dev_ws/install/torcs_interfaces/share/torcs_interfaces/cmake/torcs_interfaces__rosidl_typesupport_cppExport.cmake
[8.230s] -- Installing: /home/rtos/dev_ws/install/torcs_interfaces/share/torcs_interfaces/cmake/torcs_interfaces__rosidl_typesupport_cppExport-noconfig.cmake
[8.230s] -- Installing: /home/rtos/dev_ws/install/torcs_interfaces/share/torcs_interfaces/cmake/rosidl_cmake-extras.cmake
[8.231s] -- Installing: /home/rtos/dev_ws/install/torcs_interfaces/share/torcs_interfaces/cmake/ament_cmake_export_dependencies-extras.cmake
[8.231s] -- Installing: /home/rtos/dev_ws/install/torcs_interfaces/share/torcs_interfaces/cmake/ament_cmake_export_libraries-extras.cmake
[8.231s] -- Installing: /home/rtos/dev_ws/install/torcs_interfaces/share/torcs_interfaces/cmake/ament_cmake_export_targets-extras.cmake
[8.231s] -- Installing: /home/rtos/dev_ws/install/torcs_interfaces/share/torcs_interfaces/cmake/ament_cmake_export_include_directories-extras.cmake
[8.231s] -- Installing: /home/rtos/dev_ws/install/torcs_interfaces/share/torcs_interfaces/cmake/rosidl_cmake_export_typesupport_libraries-extras.cmake
[8.231s] -- Installing: /home/rtos/dev_ws/install/torcs_interfaces/share/torcs_interfaces/cmake/rosidl_cmake_export_typesupport_targets-extras.cmake
[8.231s] -- Installing: /home/rtos/dev_ws/install/torcs_interfaces/share/torcs_interfaces/cmake/torcs_interfacesConfig.cmake
[8.231s] -- Installing: /home/rtos/dev_ws/install/torcs_interfaces/share/torcs_interfaces/cmake/torcs_interfacesConfig-version.cmake
[8.231s] -- Installing: /home/rtos/dev_ws/install/torcs_interfaces/share/torcs_interfaces/package.xml
[8.236s] Invoked command in '/home/rtos/dev_ws/build/torcs_interfaces' returned '0': CMAKE_PREFIX_PATH=${CMAKE_PREFIX_PATH}:/home/rtos/dev_ws/install/Torcs_5:/home/rtos/dev_ws/install/torcs_client:/home/rtos/dev_ws/install/lkas5:/home/rtos/dev_ws/install/scl:/home/rtos/dev_ws/install/srl:/opt/ros/foxy /usr/bin/cmake --install /home/rtos/dev_ws/build/torcs_interfaces
