running egg_info
creating ../../build/lkas5/lkas5.egg-info
writing ../../build/lkas5/lkas5.egg-info/PKG-INFO
writing dependency_links to ../../build/lkas5/lkas5.egg-info/dependency_links.txt
writing entry points to ../../build/lkas5/lkas5.egg-info/entry_points.txt
writing requirements to ../../build/lkas5/lkas5.egg-info/requires.txt
writing top-level names to ../../build/lkas5/lkas5.egg-info/top_level.txt
writing manifest file '../../build/lkas5/lkas5.egg-info/SOURCES.txt'
reading manifest file '../../build/lkas5/lkas5.egg-info/SOURCES.txt'
writing manifest file '../../build/lkas5/lkas5.egg-info/SOURCES.txt'
running build
running build_py
creating /home/rtos/dev_ws/build/lkas5/build
creating /home/rtos/dev_ws/build/lkas5/build/lib
creating /home/rtos/dev_ws/build/lkas5/build/lib/lkas5
copying lkas5/__init__.py -> /home/rtos/dev_ws/build/lkas5/build/lib/lkas5
copying lkas5/default_build_unit_exec.py -> /home/rtos/dev_ws/build/lkas5/build/lib/lkas5
creating /home/rtos/dev_ws/build/lkas5/build/lib/lkas5/splash
copying lkas5/splash/__init__.py -> /home/rtos/dev_ws/build/lkas5/build/lib/lkas5/splash
creating /home/rtos/dev_ws/build/lkas5/build/lib/lkas5/splash/component
copying lkas5/splash/component/source_angle_z.py -> /home/rtos/dev_ws/build/lkas5/build/lib/lkas5/splash/component
copying lkas5/splash/component/processing_accel.py -> /home/rtos/dev_ws/build/lkas5/build/lib/lkas5/splash/component
copying lkas5/splash/component/__init__.py -> /home/rtos/dev_ws/build/lkas5/build/lib/lkas5/splash/component
copying lkas5/splash/component/source_linear_x.py -> /home/rtos/dev_ws/build/lkas5/build/lib/lkas5/splash/component
copying lkas5/splash/component/sink_steering.py -> /home/rtos/dev_ws/build/lkas5/build/lib/lkas5/splash/component
copying lkas5/splash/component/source_distance_mid.py -> /home/rtos/dev_ws/build/lkas5/build/lib/lkas5/splash/component
copying lkas5/splash/component/fusion_operator_1.py -> /home/rtos/dev_ws/build/lkas5/build/lib/lkas5/splash/component
copying lkas5/splash/component/processing_steering.py -> /home/rtos/dev_ws/build/lkas5/build/lib/lkas5/splash/component
copying lkas5/splash/component/sink_accel.py -> /home/rtos/dev_ws/build/lkas5/build/lib/lkas5/splash/component
creating /home/rtos/dev_ws/build/lkas5/build/lib/lkas5/splash/stream_port
copying lkas5/splash/stream_port/__init__.py -> /home/rtos/dev_ws/build/lkas5/build/lib/lkas5/splash/stream_port
creating /home/rtos/dev_ws/build/lkas5/build/lib/lkas5/splash/factory
copying lkas5/splash/factory/__init__.py -> /home/rtos/dev_ws/build/lkas5/build/lib/lkas5/splash/factory
creating /home/rtos/dev_ws/build/lkas5/build/lib/lkas5/splash/build_unit
copying lkas5/splash/build_unit/default_build_unit.py -> /home/rtos/dev_ws/build/lkas5/build/lib/lkas5/splash/build_unit
copying lkas5/splash/build_unit/__init__.py -> /home/rtos/dev_ws/build/lkas5/build/lib/lkas5/splash/build_unit
running install
running install_lib
creating /home/rtos/dev_ws/install/lkas5/lib/python3.8/site-packages/lkas5
copying /home/rtos/dev_ws/build/lkas5/build/lib/lkas5/__init__.py -> /home/rtos/dev_ws/install/lkas5/lib/python3.8/site-packages/lkas5
copying /home/rtos/dev_ws/build/lkas5/build/lib/lkas5/default_build_unit_exec.py -> /home/rtos/dev_ws/install/lkas5/lib/python3.8/site-packages/lkas5
creating /home/rtos/dev_ws/install/lkas5/lib/python3.8/site-packages/lkas5/splash
creating /home/rtos/dev_ws/install/lkas5/lib/python3.8/site-packages/lkas5/splash/component
copying /home/rtos/dev_ws/build/lkas5/build/lib/lkas5/splash/component/source_angle_z.py -> /home/rtos/dev_ws/install/lkas5/lib/python3.8/site-packages/lkas5/splash/component
copying /home/rtos/dev_ws/build/lkas5/build/lib/lkas5/splash/component/processing_accel.py -> /home/rtos/dev_ws/install/lkas5/lib/python3.8/site-packages/lkas5/splash/component
copying /home/rtos/dev_ws/build/lkas5/build/lib/lkas5/splash/component/__init__.py -> /home/rtos/dev_ws/install/lkas5/lib/python3.8/site-packages/lkas5/splash/component
copying /home/rtos/dev_ws/build/lkas5/build/lib/lkas5/splash/component/source_linear_x.py -> /home/rtos/dev_ws/install/lkas5/lib/python3.8/site-packages/lkas5/splash/component
copying /home/rtos/dev_ws/build/lkas5/build/lib/lkas5/splash/component/sink_steering.py -> /home/rtos/dev_ws/install/lkas5/lib/python3.8/site-packages/lkas5/splash/component
copying /home/rtos/dev_ws/build/lkas5/build/lib/lkas5/splash/component/source_distance_mid.py -> /home/rtos/dev_ws/install/lkas5/lib/python3.8/site-packages/lkas5/splash/component
copying /home/rtos/dev_ws/build/lkas5/build/lib/lkas5/splash/component/fusion_operator_1.py -> /home/rtos/dev_ws/install/lkas5/lib/python3.8/site-packages/lkas5/splash/component
copying /home/rtos/dev_ws/build/lkas5/build/lib/lkas5/splash/component/processing_steering.py -> /home/rtos/dev_ws/install/lkas5/lib/python3.8/site-packages/lkas5/splash/component
copying /home/rtos/dev_ws/build/lkas5/build/lib/lkas5/splash/component/sink_accel.py -> /home/rtos/dev_ws/install/lkas5/lib/python3.8/site-packages/lkas5/splash/component
copying /home/rtos/dev_ws/build/lkas5/build/lib/lkas5/splash/__init__.py -> /home/rtos/dev_ws/install/lkas5/lib/python3.8/site-packages/lkas5/splash
creating /home/rtos/dev_ws/install/lkas5/lib/python3.8/site-packages/lkas5/splash/stream_port
copying /home/rtos/dev_ws/build/lkas5/build/lib/lkas5/splash/stream_port/__init__.py -> /home/rtos/dev_ws/install/lkas5/lib/python3.8/site-packages/lkas5/splash/stream_port
creating /home/rtos/dev_ws/install/lkas5/lib/python3.8/site-packages/lkas5/splash/factory
copying /home/rtos/dev_ws/build/lkas5/build/lib/lkas5/splash/factory/__init__.py -> /home/rtos/dev_ws/install/lkas5/lib/python3.8/site-packages/lkas5/splash/factory
creating /home/rtos/dev_ws/install/lkas5/lib/python3.8/site-packages/lkas5/splash/build_unit
copying /home/rtos/dev_ws/build/lkas5/build/lib/lkas5/splash/build_unit/default_build_unit.py -> /home/rtos/dev_ws/install/lkas5/lib/python3.8/site-packages/lkas5/splash/build_unit
copying /home/rtos/dev_ws/build/lkas5/build/lib/lkas5/splash/build_unit/__init__.py -> /home/rtos/dev_ws/install/lkas5/lib/python3.8/site-packages/lkas5/splash/build_unit
byte-compiling /home/rtos/dev_ws/install/lkas5/lib/python3.8/site-packages/lkas5/__init__.py to __init__.cpython-38.pyc
byte-compiling /home/rtos/dev_ws/install/lkas5/lib/python3.8/site-packages/lkas5/default_build_unit_exec.py to default_build_unit_exec.cpython-38.pyc
byte-compiling /home/rtos/dev_ws/install/lkas5/lib/python3.8/site-packages/lkas5/splash/component/source_angle_z.py to source_angle_z.cpython-38.pyc
byte-compiling /home/rtos/dev_ws/install/lkas5/lib/python3.8/site-packages/lkas5/splash/component/processing_accel.py to processing_accel.cpython-38.pyc
byte-compiling /home/rtos/dev_ws/install/lkas5/lib/python3.8/site-packages/lkas5/splash/component/__init__.py to __init__.cpython-38.pyc
byte-compiling /home/rtos/dev_ws/install/lkas5/lib/python3.8/site-packages/lkas5/splash/component/source_linear_x.py to source_linear_x.cpython-38.pyc
byte-compiling /home/rtos/dev_ws/install/lkas5/lib/python3.8/site-packages/lkas5/splash/component/sink_steering.py to sink_steering.cpython-38.pyc
byte-compiling /home/rtos/dev_ws/install/lkas5/lib/python3.8/site-packages/lkas5/splash/component/source_distance_mid.py to source_distance_mid.cpython-38.pyc
byte-compiling /home/rtos/dev_ws/install/lkas5/lib/python3.8/site-packages/lkas5/splash/component/fusion_operator_1.py to fusion_operator_1.cpython-38.pyc
byte-compiling /home/rtos/dev_ws/install/lkas5/lib/python3.8/site-packages/lkas5/splash/component/processing_steering.py to processing_steering.cpython-38.pyc
byte-compiling /home/rtos/dev_ws/install/lkas5/lib/python3.8/site-packages/lkas5/splash/component/sink_accel.py to sink_accel.cpython-38.pyc
byte-compiling /home/rtos/dev_ws/install/lkas5/lib/python3.8/site-packages/lkas5/splash/__init__.py to __init__.cpython-38.pyc
byte-compiling /home/rtos/dev_ws/install/lkas5/lib/python3.8/site-packages/lkas5/splash/stream_port/__init__.py to __init__.cpython-38.pyc
byte-compiling /home/rtos/dev_ws/install/lkas5/lib/python3.8/site-packages/lkas5/splash/factory/__init__.py to __init__.cpython-38.pyc
byte-compiling /home/rtos/dev_ws/install/lkas5/lib/python3.8/site-packages/lkas5/splash/build_unit/default_build_unit.py to default_build_unit.cpython-38.pyc
byte-compiling /home/rtos/dev_ws/install/lkas5/lib/python3.8/site-packages/lkas5/splash/build_unit/__init__.py to __init__.cpython-38.pyc
running install_data
creating /home/rtos/dev_ws/install/lkas5/share/ament_index
creating /home/rtos/dev_ws/install/lkas5/share/ament_index/resource_index
creating /home/rtos/dev_ws/install/lkas5/share/ament_index/resource_index/packages
copying resource/lkas5 -> /home/rtos/dev_ws/install/lkas5/share/ament_index/resource_index/packages
copying package.xml -> /home/rtos/dev_ws/install/lkas5/share/lkas5
copying launch/splash.launch.py -> /home/rtos/dev_ws/install/lkas5/share/lkas5
running install_egg_info
Copying ../../build/lkas5/lkas5.egg-info to /home/rtos/dev_ws/install/lkas5/lib/python3.8/site-packages/lkas5-0.0.0-py3.8.egg-info
running install_scripts
Installing default_build_unit script to /home/rtos/dev_ws/install/lkas5/lib/lkas5
Installing splash_server script to /home/rtos/dev_ws/install/lkas5/lib/lkas5
writing list of installed files to '/home/rtos/dev_ws/build/lkas5/install.log'
