[0.625s] Invoking command in '/home/rtos/dev_ws/src/lkas5': AMENT_PREFIX_PATH=/home/rtos/dev_ws/install/scl:/home/rtos/dev_ws/install/srl:/home/rtos/dev_ws/install/lkas4:/home/rtos/dev_ws/install/Torcs_5:/home/rtos/dev_ws/install/torcs_client:/home/rtos/dev_ws/install/torcs_interfaces:/home/rtos/dev_ws/install/lkas5:/home/rtos/dev_ws/install/splash_interfaces:/opt/ros/foxy CMAKE_PREFIX_PATH=/home/rtos/dev_ws/install/splash_interfaces:/home/rtos/dev_ws/install/torcs_interfaces LD_LIBRARY_PATH=/home/rtos/dev_ws/install/splash_interfaces/lib:/home/rtos/dev_ws/install/torcs_interfaces/lib:/opt/ros/foxy/opt/yaml_cpp_vendor/lib:/opt/ros/foxy/opt/rviz_ogre_vendor/lib:/opt/ros/foxy/lib/x86_64-linux-gnu:/opt/ros/foxy/lib PYTHONPATH=/home/rtos/dev_ws/install/lkas5/lib/python3.8/site-packages:/home/rtos/dev_ws/install/scl/lib/python3.8/site-packages:/home/rtos/dev_ws/install/srl/lib/python3.8/site-packages:/home/rtos/dev_ws/install/splash_interfaces/lib/python3.8/site-packages:/home/rtos/dev_ws/install/lkas4/lib/python3.8/site-packages:/home/rtos/dev_ws/install/Torcs_5/lib/python3.8/site-packages:/home/rtos/dev_ws/install/torcs_client/lib/python3.8/site-packages:/home/rtos/dev_ws/install/torcs_interfaces/lib/python3.8/site-packages:/home/rtos/dev_ws/install/lkas5/lib/python3.8/site-packages:/opt/ros/foxy/lib/python3.8/site-packages /usr/bin/python3 setup.py egg_info --egg-base ../../build/lkas5 build --build-base /home/rtos/dev_ws/build/lkas5/build install --prefix /home/rtos/dev_ws/install/lkas5 --record /home/rtos/dev_ws/build/lkas5/install.log --single-version-externally-managed
[0.815s] running egg_info
[0.815s] creating ../../build/lkas5/lkas5.egg-info
[0.815s] writing ../../build/lkas5/lkas5.egg-info/PKG-INFO
[0.815s] writing dependency_links to ../../build/lkas5/lkas5.egg-info/dependency_links.txt
[0.816s] writing entry points to ../../build/lkas5/lkas5.egg-info/entry_points.txt
[0.816s] writing requirements to ../../build/lkas5/lkas5.egg-info/requires.txt
[0.816s] writing top-level names to ../../build/lkas5/lkas5.egg-info/top_level.txt
[0.817s] writing manifest file '../../build/lkas5/lkas5.egg-info/SOURCES.txt'
[0.849s] reading manifest file '../../build/lkas5/lkas5.egg-info/SOURCES.txt'
[0.850s] writing manifest file '../../build/lkas5/lkas5.egg-info/SOURCES.txt'
[0.850s] running build
[0.850s] running build_py
[0.851s] creating /home/rtos/dev_ws/build/lkas5/build
[0.851s] creating /home/rtos/dev_ws/build/lkas5/build/lib
[0.851s] creating /home/rtos/dev_ws/build/lkas5/build/lib/lkas5
[0.851s] copying lkas5/__init__.py -> /home/rtos/dev_ws/build/lkas5/build/lib/lkas5
[0.851s] copying lkas5/default_build_unit_exec.py -> /home/rtos/dev_ws/build/lkas5/build/lib/lkas5
[0.851s] creating /home/rtos/dev_ws/build/lkas5/build/lib/lkas5/splash
[0.851s] copying lkas5/splash/__init__.py -> /home/rtos/dev_ws/build/lkas5/build/lib/lkas5/splash
[0.851s] creating /home/rtos/dev_ws/build/lkas5/build/lib/lkas5/splash/component
[0.851s] copying lkas5/splash/component/source_angle_z.py -> /home/rtos/dev_ws/build/lkas5/build/lib/lkas5/splash/component
[0.852s] copying lkas5/splash/component/processing_accel.py -> /home/rtos/dev_ws/build/lkas5/build/lib/lkas5/splash/component
[0.852s] copying lkas5/splash/component/__init__.py -> /home/rtos/dev_ws/build/lkas5/build/lib/lkas5/splash/component
[0.852s] copying lkas5/splash/component/source_linear_x.py -> /home/rtos/dev_ws/build/lkas5/build/lib/lkas5/splash/component
[0.852s] copying lkas5/splash/component/sink_steering.py -> /home/rtos/dev_ws/build/lkas5/build/lib/lkas5/splash/component
[0.852s] copying lkas5/splash/component/source_distance_mid.py -> /home/rtos/dev_ws/build/lkas5/build/lib/lkas5/splash/component
[0.853s] copying lkas5/splash/component/fusion_operator_1.py -> /home/rtos/dev_ws/build/lkas5/build/lib/lkas5/splash/component
[0.853s] copying lkas5/splash/component/processing_steering.py -> /home/rtos/dev_ws/build/lkas5/build/lib/lkas5/splash/component
[0.853s] copying lkas5/splash/component/sink_accel.py -> /home/rtos/dev_ws/build/lkas5/build/lib/lkas5/splash/component
[0.854s] creating /home/rtos/dev_ws/build/lkas5/build/lib/lkas5/splash/stream_port
[0.854s] copying lkas5/splash/stream_port/__init__.py -> /home/rtos/dev_ws/build/lkas5/build/lib/lkas5/splash/stream_port
[0.854s] creating /home/rtos/dev_ws/build/lkas5/build/lib/lkas5/splash/factory
[0.854s] copying lkas5/splash/factory/__init__.py -> /home/rtos/dev_ws/build/lkas5/build/lib/lkas5/splash/factory
[0.854s] creating /home/rtos/dev_ws/build/lkas5/build/lib/lkas5/splash/build_unit
[0.854s] copying lkas5/splash/build_unit/default_build_unit.py -> /home/rtos/dev_ws/build/lkas5/build/lib/lkas5/splash/build_unit
[0.855s] copying lkas5/splash/build_unit/__init__.py -> /home/rtos/dev_ws/build/lkas5/build/lib/lkas5/splash/build_unit
[0.855s] running install
[0.856s] running install_lib
[0.857s] creating /home/rtos/dev_ws/install/lkas5/lib/python3.8/site-packages/lkas5
[0.857s] copying /home/rtos/dev_ws/build/lkas5/build/lib/lkas5/__init__.py -> /home/rtos/dev_ws/install/lkas5/lib/python3.8/site-packages/lkas5
[0.857s] copying /home/rtos/dev_ws/build/lkas5/build/lib/lkas5/default_build_unit_exec.py -> /home/rtos/dev_ws/install/lkas5/lib/python3.8/site-packages/lkas5
[0.857s] creating /home/rtos/dev_ws/install/lkas5/lib/python3.8/site-packages/lkas5/splash
[0.858s] creating /home/rtos/dev_ws/install/lkas5/lib/python3.8/site-packages/lkas5/splash/component
[0.858s] copying /home/rtos/dev_ws/build/lkas5/build/lib/lkas5/splash/component/source_angle_z.py -> /home/rtos/dev_ws/install/lkas5/lib/python3.8/site-packages/lkas5/splash/component
[0.858s] copying /home/rtos/dev_ws/build/lkas5/build/lib/lkas5/splash/component/processing_accel.py -> /home/rtos/dev_ws/install/lkas5/lib/python3.8/site-packages/lkas5/splash/component
[0.858s] copying /home/rtos/dev_ws/build/lkas5/build/lib/lkas5/splash/component/__init__.py -> /home/rtos/dev_ws/install/lkas5/lib/python3.8/site-packages/lkas5/splash/component
[0.858s] copying /home/rtos/dev_ws/build/lkas5/build/lib/lkas5/splash/component/source_linear_x.py -> /home/rtos/dev_ws/install/lkas5/lib/python3.8/site-packages/lkas5/splash/component
[0.858s] copying /home/rtos/dev_ws/build/lkas5/build/lib/lkas5/splash/component/sink_steering.py -> /home/rtos/dev_ws/install/lkas5/lib/python3.8/site-packages/lkas5/splash/component
[0.858s] copying /home/rtos/dev_ws/build/lkas5/build/lib/lkas5/splash/component/source_distance_mid.py -> /home/rtos/dev_ws/install/lkas5/lib/python3.8/site-packages/lkas5/splash/component
[0.859s] copying /home/rtos/dev_ws/build/lkas5/build/lib/lkas5/splash/component/fusion_operator_1.py -> /home/rtos/dev_ws/install/lkas5/lib/python3.8/site-packages/lkas5/splash/component
[0.859s] copying /home/rtos/dev_ws/build/lkas5/build/lib/lkas5/splash/component/processing_steering.py -> /home/rtos/dev_ws/install/lkas5/lib/python3.8/site-packages/lkas5/splash/component
[0.859s] copying /home/rtos/dev_ws/build/lkas5/build/lib/lkas5/splash/component/sink_accel.py -> /home/rtos/dev_ws/install/lkas5/lib/python3.8/site-packages/lkas5/splash/component
[0.859s] copying /home/rtos/dev_ws/build/lkas5/build/lib/lkas5/splash/__init__.py -> /home/rtos/dev_ws/install/lkas5/lib/python3.8/site-packages/lkas5/splash
[0.860s] creating /home/rtos/dev_ws/install/lkas5/lib/python3.8/site-packages/lkas5/splash/stream_port
[0.860s] copying /home/rtos/dev_ws/build/lkas5/build/lib/lkas5/splash/stream_port/__init__.py -> /home/rtos/dev_ws/install/lkas5/lib/python3.8/site-packages/lkas5/splash/stream_port
[0.860s] creating /home/rtos/dev_ws/install/lkas5/lib/python3.8/site-packages/lkas5/splash/factory
[0.860s] copying /home/rtos/dev_ws/build/lkas5/build/lib/lkas5/splash/factory/__init__.py -> /home/rtos/dev_ws/install/lkas5/lib/python3.8/site-packages/lkas5/splash/factory
[0.860s] creating /home/rtos/dev_ws/install/lkas5/lib/python3.8/site-packages/lkas5/splash/build_unit
[0.861s] copying /home/rtos/dev_ws/build/lkas5/build/lib/lkas5/splash/build_unit/default_build_unit.py -> /home/rtos/dev_ws/install/lkas5/lib/python3.8/site-packages/lkas5/splash/build_unit
[0.861s] copying /home/rtos/dev_ws/build/lkas5/build/lib/lkas5/splash/build_unit/__init__.py -> /home/rtos/dev_ws/install/lkas5/lib/python3.8/site-packages/lkas5/splash/build_unit
[0.861s] byte-compiling /home/rtos/dev_ws/install/lkas5/lib/python3.8/site-packages/lkas5/__init__.py to __init__.cpython-38.pyc
[0.862s] byte-compiling /home/rtos/dev_ws/install/lkas5/lib/python3.8/site-packages/lkas5/default_build_unit_exec.py to default_build_unit_exec.cpython-38.pyc
[0.862s] byte-compiling /home/rtos/dev_ws/install/lkas5/lib/python3.8/site-packages/lkas5/splash/component/source_angle_z.py to source_angle_z.cpython-38.pyc
[0.863s] byte-compiling /home/rtos/dev_ws/install/lkas5/lib/python3.8/site-packages/lkas5/splash/component/processing_accel.py to processing_accel.cpython-38.pyc
[0.863s] byte-compiling /home/rtos/dev_ws/install/lkas5/lib/python3.8/site-packages/lkas5/splash/component/__init__.py to __init__.cpython-38.pyc
[0.863s] byte-compiling /home/rtos/dev_ws/install/lkas5/lib/python3.8/site-packages/lkas5/splash/component/source_linear_x.py to source_linear_x.cpython-38.pyc
[0.863s] byte-compiling /home/rtos/dev_ws/install/lkas5/lib/python3.8/site-packages/lkas5/splash/component/sink_steering.py to sink_steering.cpython-38.pyc
[0.864s] byte-compiling /home/rtos/dev_ws/install/lkas5/lib/python3.8/site-packages/lkas5/splash/component/source_distance_mid.py to source_distance_mid.cpython-38.pyc
[0.864s] byte-compiling /home/rtos/dev_ws/install/lkas5/lib/python3.8/site-packages/lkas5/splash/component/fusion_operator_1.py to fusion_operator_1.cpython-38.pyc
[0.864s] byte-compiling /home/rtos/dev_ws/install/lkas5/lib/python3.8/site-packages/lkas5/splash/component/processing_steering.py to processing_steering.cpython-38.pyc
[0.864s] byte-compiling /home/rtos/dev_ws/install/lkas5/lib/python3.8/site-packages/lkas5/splash/component/sink_accel.py to sink_accel.cpython-38.pyc
[0.865s] byte-compiling /home/rtos/dev_ws/install/lkas5/lib/python3.8/site-packages/lkas5/splash/__init__.py to __init__.cpython-38.pyc
[0.865s] byte-compiling /home/rtos/dev_ws/install/lkas5/lib/python3.8/site-packages/lkas5/splash/stream_port/__init__.py to __init__.cpython-38.pyc
[0.865s] byte-compiling /home/rtos/dev_ws/install/lkas5/lib/python3.8/site-packages/lkas5/splash/factory/__init__.py to __init__.cpython-38.pyc
[0.865s] byte-compiling /home/rtos/dev_ws/install/lkas5/lib/python3.8/site-packages/lkas5/splash/build_unit/default_build_unit.py to default_build_unit.cpython-38.pyc
[0.865s] byte-compiling /home/rtos/dev_ws/install/lkas5/lib/python3.8/site-packages/lkas5/splash/build_unit/__init__.py to __init__.cpython-38.pyc
[0.866s] running install_data
[0.866s] creating /home/rtos/dev_ws/install/lkas5/share/ament_index
[0.866s] creating /home/rtos/dev_ws/install/lkas5/share/ament_index/resource_index
[0.866s] creating /home/rtos/dev_ws/install/lkas5/share/ament_index/resource_index/packages
[0.866s] copying resource/lkas5 -> /home/rtos/dev_ws/install/lkas5/share/ament_index/resource_index/packages
[0.866s] copying package.xml -> /home/rtos/dev_ws/install/lkas5/share/lkas5
[0.866s] copying launch/splash.launch.py -> /home/rtos/dev_ws/install/lkas5/share/lkas5
[0.867s] running install_egg_info
[0.867s] Copying ../../build/lkas5/lkas5.egg-info to /home/rtos/dev_ws/install/lkas5/lib/python3.8/site-packages/lkas5-0.0.0-py3.8.egg-info
[0.867s] running install_scripts
[0.879s] Installing default_build_unit script to /home/rtos/dev_ws/install/lkas5/lib/lkas5
[0.879s] Installing splash_server script to /home/rtos/dev_ws/install/lkas5/lib/lkas5
[0.880s] writing list of installed files to '/home/rtos/dev_ws/build/lkas5/install.log'
[0.921s] Invoked command in '/home/rtos/dev_ws/src/lkas5' returned '0': AMENT_PREFIX_PATH=/home/rtos/dev_ws/install/scl:/home/rtos/dev_ws/install/srl:/home/rtos/dev_ws/install/lkas4:/home/rtos/dev_ws/install/Torcs_5:/home/rtos/dev_ws/install/torcs_client:/home/rtos/dev_ws/install/torcs_interfaces:/home/rtos/dev_ws/install/lkas5:/home/rtos/dev_ws/install/splash_interfaces:/opt/ros/foxy CMAKE_PREFIX_PATH=/home/rtos/dev_ws/install/splash_interfaces:/home/rtos/dev_ws/install/torcs_interfaces LD_LIBRARY_PATH=/home/rtos/dev_ws/install/splash_interfaces/lib:/home/rtos/dev_ws/install/torcs_interfaces/lib:/opt/ros/foxy/opt/yaml_cpp_vendor/lib:/opt/ros/foxy/opt/rviz_ogre_vendor/lib:/opt/ros/foxy/lib/x86_64-linux-gnu:/opt/ros/foxy/lib PYTHONPATH=/home/rtos/dev_ws/install/lkas5/lib/python3.8/site-packages:/home/rtos/dev_ws/install/scl/lib/python3.8/site-packages:/home/rtos/dev_ws/install/srl/lib/python3.8/site-packages:/home/rtos/dev_ws/install/splash_interfaces/lib/python3.8/site-packages:/home/rtos/dev_ws/install/lkas4/lib/python3.8/site-packages:/home/rtos/dev_ws/install/Torcs_5/lib/python3.8/site-packages:/home/rtos/dev_ws/install/torcs_client/lib/python3.8/site-packages:/home/rtos/dev_ws/install/torcs_interfaces/lib/python3.8/site-packages:/home/rtos/dev_ws/install/lkas5/lib/python3.8/site-packages:/opt/ros/foxy/lib/python3.8/site-packages /usr/bin/python3 setup.py egg_info --egg-base ../../build/lkas5 build --build-base /home/rtos/dev_ws/build/lkas5/build install --prefix /home/rtos/dev_ws/install/lkas5 --record /home/rtos/dev_ws/build/lkas5/install.log --single-version-externally-managed
