[0.016s] Invoking command in '/home/rtos/dev_ws/build/torcs_interfaces': CMAKE_PREFIX_PATH=${CMAKE_PREFIX_PATH}:/home/rtos/dev_ws/install/Torcs_5:/home/rtos/dev_ws/install/torcs_client:/home/rtos/dev_ws/install/lkas5:/home/rtos/dev_ws/install/scl:/home/rtos/dev_ws/install/srl:/opt/ros/foxy /usr/bin/cmake /home/rtos/dev_ws/src/torcs_interfaces -DCMAKE_INSTALL_PREFIX=/home/rtos/dev_ws/install/torcs_interfaces
[0.076s] -- The C compiler identification is GNU 9.3.0
[0.135s] -- The CXX compiler identification is GNU 9.3.0
[0.140s] -- Check for working C compiler: /usr/bin/cc
[0.208s] -- Check for working C compiler: /usr/bin/cc -- works
[0.209s] -- Detecting C compiler ABI info
[0.285s] -- Detecting C compiler ABI info - done
[0.297s] -- Detecting C compile features
[0.298s] -- Detecting C compile features - done
[0.301s] -- Check for working CXX compiler: /usr/bin/c++
[0.383s] -- Check for working CXX compiler: /usr/bin/c++ -- works
[0.385s] -- Detecting CXX compiler ABI info
[0.472s] -- Detecting CXX compiler ABI info - done
[0.484s] -- Detecting CXX compile features
[0.484s] -- Detecting CXX compile features - done
[0.486s] -- Found ament_cmake: 0.9.7 (/opt/ros/foxy/share/ament_cmake/cmake)
[0.509s] -- Found PythonInterp: /usr/bin/python3 (found suitable version "3.8.5", minimum required is "3") 
[0.509s] -- Using PYTHON_EXECUTABLE: /usr/bin/python3
[0.688s] -- Found rosidl_default_generators: 1.0.0 (/opt/ros/foxy/share/rosidl_default_generators/cmake)
[0.691s] -- Using all available rosidl_typesupport_c: rosidl_typesupport_fastrtps_c;rosidl_typesupport_introspection_c
[0.697s] -- Found rosidl_adapter: 1.1.0 (/opt/ros/foxy/share/rosidl_adapter/cmake)
[0.786s] -- Found OpenSSL: /usr/lib/x86_64-linux-gnu/libcrypto.so (found version "1.1.1f")  
[0.814s] -- Found FastRTPS: /opt/ros/foxy/include  
[0.894s] -- Using all available rosidl_typesupport_cpp: rosidl_typesupport_fastrtps_cpp;rosidl_typesupport_introspection_cpp
[0.920s] -- Found std_msgs: 2.0.3 (/opt/ros/foxy/share/std_msgs/cmake)
[0.975s] -- Found PythonInterp: /usr/bin/python3 (found version "3.8.5") 
[1.141s] -- Found ament_cmake_ros: 0.9.0 (/opt/ros/foxy/share/ament_cmake_ros/cmake)
[1.312s] -- Using all available rosidl_typesupport_c: rosidl_typesupport_fastrtps_c;rosidl_typesupport_introspection_c
[1.378s] -- Using all available rosidl_typesupport_cpp: rosidl_typesupport_fastrtps_cpp;rosidl_typesupport_introspection_cpp
[1.404s] -- Found PythonInterp: /usr/bin/python3 (found suitable version "3.8.5", minimum required is "3.5") 
[1.405s] -- Found python_cmake_module: 0.8.0 (/opt/ros/foxy/share/python_cmake_module/cmake)
[1.435s] -- Found PythonLibs: /usr/lib/x86_64-linux-gnu/libpython3.8.so (found suitable version "3.8.5", minimum required is "3.5") 
[1.435s] -- Using PYTHON_EXECUTABLE: /usr/bin/python3
[1.435s] -- Using PYTHON_INCLUDE_DIRS: /usr/include/python3.8
[1.435s] -- Using PYTHON_LIBRARIES: /usr/lib/x86_64-linux-gnu/libpython3.8.so
[1.457s] -- Found PythonExtra: .so  
[1.522s] -- Found ament_lint_auto: 0.9.5 (/opt/ros/foxy/share/ament_lint_auto/cmake)
[1.540s] -- Added test 'copyright' to check source files copyright and LICENSE
[1.548s] -- Added test 'lint_cmake' to check CMake code style
[1.552s] -- Added test 'xmllint' to check XML markup files
[1.557s] -- Configuring done
[1.605s] -- Generating done
[1.607s] -- Build files have been written to: /home/rtos/dev_ws/build/torcs_interfaces
[1.620s] Invoked command in '/home/rtos/dev_ws/build/torcs_interfaces' returned '0': CMAKE_PREFIX_PATH=${CMAKE_PREFIX_PATH}:/home/rtos/dev_ws/install/Torcs_5:/home/rtos/dev_ws/install/torcs_client:/home/rtos/dev_ws/install/lkas5:/home/rtos/dev_ws/install/scl:/home/rtos/dev_ws/install/srl:/opt/ros/foxy /usr/bin/cmake /home/rtos/dev_ws/src/torcs_interfaces -DCMAKE_INSTALL_PREFIX=/home/rtos/dev_ws/install/torcs_interfaces
[1.623s] Invoking command in '/home/rtos/dev_ws/build/torcs_interfaces': CMAKE_PREFIX_PATH=${CMAKE_PREFIX_PATH}:/home/rtos/dev_ws/install/Torcs_5:/home/rtos/dev_ws/install/torcs_client:/home/rtos/dev_ws/install/lkas5:/home/rtos/dev_ws/install/scl:/home/rtos/dev_ws/install/srl:/opt/ros/foxy /usr/bin/cmake --build /home/rtos/dev_ws/build/torcs_interfaces -- -j8 -l8
[1.669s] [35m[1mScanning dependencies of target torcs_interfaces__cpp[0m
[1.676s] [  2%] [34m[1mGenerating C code for ROS interfaces[0m
[1.681s] [  5%] [34m[1mGenerating C++ code for ROS interfaces[0m
[2.495s] [35m[1mScanning dependencies of target torcs_interfaces__rosidl_generator_c[0m
[2.509s] [  5%] Built target torcs_interfaces__cpp
[2.516s] [  7%] [32mBuilding C object CMakeFiles/torcs_interfaces__rosidl_generator_c.dir/rosidl_generator_c/torcs_interfaces/msg/detail/torcs_sensors__functions.c.o[0m
[2.523s] [ 10%] [32mBuilding C object CMakeFiles/torcs_interfaces__rosidl_generator_c.dir/rosidl_generator_c/torcs_interfaces/msg/detail/torcs_ctrl__functions.c.o[0m
[2.527s] [ 12%] [34m[1mGenerating C++ introspection for ROS interfaces[0m
[2.530s] [ 17%] [34m[1mGenerating C++ type support dispatch for ROS interfaces[0m
[2.531s] [ 17%] [34m[1mGenerating C++ type support for eProsima Fast-RTPS[0m
[2.654s] [ 20%] [32m[1mLinking C shared library libtorcs_interfaces__rosidl_generator_c.so[0m
[2.796s] [ 20%] Built target torcs_interfaces__rosidl_generator_c
[2.900s] [ 25%] [34m[1mGenerating C introspection for ROS interfaces[0m
[2.903s] [ 25%] [34m[1mGenerating C type support dispatch for ROS interfaces[0m
[3.543s] [35m[1mScanning dependencies of target torcs_interfaces__rosidl_typesupport_cpp[0m
[3.587s] [ 28%] [32mBuilding CXX object CMakeFiles/torcs_interfaces__rosidl_typesupport_cpp.dir/rosidl_typesupport_cpp/torcs_interfaces/msg/torcs_sensors__type_support.cpp.o[0m
[3.612s] [ 30%] [32mBuilding CXX object CMakeFiles/torcs_interfaces__rosidl_typesupport_cpp.dir/rosidl_typesupport_cpp/torcs_interfaces/msg/torcs_ctrl__type_support.cpp.o[0m
[3.793s] [35m[1mScanning dependencies of target torcs_interfaces__rosidl_typesupport_introspection_cpp[0m
[3.856s] [ 33%] [32mBuilding CXX object CMakeFiles/torcs_interfaces__rosidl_typesupport_introspection_cpp.dir/rosidl_typesupport_introspection_cpp/torcs_interfaces/msg/detail/torcs_sensors__type_support.cpp.o[0m
[3.873s] [ 35%] [32mBuilding CXX object CMakeFiles/torcs_interfaces__rosidl_typesupport_introspection_cpp.dir/rosidl_typesupport_introspection_cpp/torcs_interfaces/msg/detail/torcs_ctrl__type_support.cpp.o[0m
[3.913s] [35m[1mScanning dependencies of target torcs_interfaces__rosidl_typesupport_fastrtps_cpp[0m
[4.001s] [ 38%] [32mBuilding CXX object CMakeFiles/torcs_interfaces__rosidl_typesupport_fastrtps_cpp.dir/rosidl_typesupport_fastrtps_cpp/torcs_interfaces/msg/detail/dds_fastrtps/torcs_sensors__type_support.cpp.o[0m
[4.023s] [ 41%] [32mBuilding CXX object CMakeFiles/torcs_interfaces__rosidl_typesupport_fastrtps_cpp.dir/rosidl_typesupport_fastrtps_cpp/torcs_interfaces/msg/detail/dds_fastrtps/torcs_ctrl__type_support.cpp.o[0m
[4.339s] [35m[1mScanning dependencies of target torcs_interfaces__rosidl_typesupport_c[0m
[4.443s] [ 43%] [32mBuilding CXX object CMakeFiles/torcs_interfaces__rosidl_typesupport_c.dir/rosidl_typesupport_c/torcs_interfaces/msg/torcs_sensors__type_support.cpp.o[0m
[4.462s] [ 46%] [32mBuilding CXX object CMakeFiles/torcs_interfaces__rosidl_typesupport_c.dir/rosidl_typesupport_c/torcs_interfaces/msg/torcs_ctrl__type_support.cpp.o[0m
[4.467s] [35m[1mScanning dependencies of target torcs_interfaces__rosidl_typesupport_introspection_c[0m
[4.475s] [ 48%] [32m[1mLinking CXX shared library libtorcs_interfaces__rosidl_typesupport_cpp.so[0m
[4.554s] [ 51%] [32mBuilding C object CMakeFiles/torcs_interfaces__rosidl_typesupport_introspection_c.dir/rosidl_typesupport_introspection_c/torcs_interfaces/msg/detail/torcs_sensors__type_support.c.o[0m
[4.670s] [ 53%] [32mBuilding C object CMakeFiles/torcs_interfaces__rosidl_typesupport_introspection_c.dir/rosidl_typesupport_introspection_c/torcs_interfaces/msg/detail/torcs_ctrl__type_support.c.o[0m
[4.677s] [ 56%] [32m[1mLinking CXX shared library libtorcs_interfaces__rosidl_typesupport_c.so[0m
[4.789s] [ 56%] Built target torcs_interfaces__rosidl_typesupport_cpp
[4.837s] [ 58%] [32m[1mLinking C shared library libtorcs_interfaces__rosidl_typesupport_introspection_c.so[0m
[4.902s] [ 61%] [32m[1mLinking CXX shared library libtorcs_interfaces__rosidl_typesupport_introspection_cpp.so[0m
[4.906s] [ 61%] Built target torcs_interfaces__rosidl_typesupport_c
[5.016s] [ 61%] Built target torcs_interfaces__rosidl_typesupport_introspection_c
[5.189s] [ 61%] Built target torcs_interfaces__rosidl_typesupport_introspection_cpp
[5.312s] [ 64%] [32m[1mLinking CXX shared library libtorcs_interfaces__rosidl_typesupport_fastrtps_cpp.so[0m
[5.426s] [ 64%] Built target torcs_interfaces__rosidl_typesupport_fastrtps_cpp
[5.436s] [ 66%] [34m[1mGenerating C type support for eProsima Fast-RTPS[0m
[6.014s] [35m[1mScanning dependencies of target torcs_interfaces__rosidl_typesupport_fastrtps_c[0m
[6.038s] [ 69%] [32mBuilding CXX object CMakeFiles/torcs_interfaces__rosidl_typesupport_fastrtps_c.dir/rosidl_typesupport_fastrtps_c/torcs_interfaces/msg/detail/torcs_ctrl__type_support_c.cpp.o[0m
[6.042s] [ 71%] [32mBuilding CXX object CMakeFiles/torcs_interfaces__rosidl_typesupport_fastrtps_c.dir/rosidl_typesupport_fastrtps_c/torcs_interfaces/msg/detail/torcs_sensors__type_support_c.cpp.o[0m
[6.562s] [ 74%] [32m[1mLinking CXX shared library libtorcs_interfaces__rosidl_typesupport_fastrtps_c.so[0m
[6.658s] [ 74%] Built target torcs_interfaces__rosidl_typesupport_fastrtps_c
[6.668s] [35m[1mScanning dependencies of target torcs_interfaces[0m
[6.677s] [ 74%] Built target torcs_interfaces
[6.687s] [35m[1mScanning dependencies of target torcs_interfaces__py[0m
[6.697s] [ 76%] [34m[1mGenerating Python code for ROS interfaces[0m
[7.905s] [ 76%] Built target torcs_interfaces__py
[7.918s] [35m[1mScanning dependencies of target torcs_interfaces__python[0m
[7.943s] [ 79%] [32mBuilding C object CMakeFiles/torcs_interfaces__python.dir/rosidl_generator_py/torcs_interfaces/msg/_torcs_sensors_s.c.o[0m
[7.943s] [ 82%] [32mBuilding C object CMakeFiles/torcs_interfaces__python.dir/rosidl_generator_py/torcs_interfaces/msg/_torcs_ctrl_s.c.o[0m
[8.057s] [ 84%] [32m[1mLinking C shared library rosidl_generator_py/torcs_interfaces/libtorcs_interfaces__python.so[0m
[8.105s] [ 84%] Built target torcs_interfaces__python
[8.115s] [35m[1mScanning dependencies of target torcs_interfaces__rosidl_typesupport_introspection_c__pyext[0m
[8.116s] [35m[1mScanning dependencies of target torcs_interfaces__rosidl_typesupport_c__pyext[0m
[8.116s] [35m[1mScanning dependencies of target torcs_interfaces__rosidl_typesupport_fastrtps_c__pyext[0m
[8.137s] [ 87%] [32mBuilding C object CMakeFiles/torcs_interfaces__rosidl_typesupport_introspection_c__pyext.dir/rosidl_generator_py/torcs_interfaces/_torcs_interfaces_s.ep.rosidl_typesupport_introspection_c.c.o[0m
[8.138s] [ 89%] [32mBuilding C object CMakeFiles/torcs_interfaces__rosidl_typesupport_c__pyext.dir/rosidl_generator_py/torcs_interfaces/_torcs_interfaces_s.ep.rosidl_typesupport_c.c.o[0m
[8.147s] [ 92%] [32mBuilding C object CMakeFiles/torcs_interfaces__rosidl_typesupport_fastrtps_c__pyext.dir/rosidl_generator_py/torcs_interfaces/_torcs_interfaces_s.ep.rosidl_typesupport_fastrtps_c.c.o[0m
[8.233s] [ 94%] [32m[1mLinking C shared library rosidl_generator_py/torcs_interfaces/torcs_interfaces_s__rosidl_typesupport_c.cpython-38-x86_64-linux-gnu.so[0m
[8.271s] [ 97%] [32m[1mLinking C shared library rosidl_generator_py/torcs_interfaces/torcs_interfaces_s__rosidl_typesupport_introspection_c.cpython-38-x86_64-linux-gnu.so[0m
[8.277s] [ 97%] Built target torcs_interfaces__rosidl_typesupport_c__pyext
[8.278s] [100%] [32m[1mLinking CXX shared library rosidl_generator_py/torcs_interfaces/torcs_interfaces_s__rosidl_typesupport_fastrtps_c.cpython-38-x86_64-linux-gnu.so[0m
[8.317s] [100%] Built target torcs_interfaces__rosidl_typesupport_introspection_c__pyext
[8.351s] [100%] Built target torcs_interfaces__rosidl_typesupport_fastrtps_c__pyext
[8.477s] Invoked command in '/home/rtos/dev_ws/build/torcs_interfaces' returned '0': CMAKE_PREFIX_PATH=${CMAKE_PREFIX_PATH}:/home/rtos/dev_ws/install/Torcs_5:/home/rtos/dev_ws/install/torcs_client:/home/rtos/dev_ws/install/lkas5:/home/rtos/dev_ws/install/scl:/home/rtos/dev_ws/install/srl:/opt/ros/foxy /usr/bin/cmake --build /home/rtos/dev_ws/build/torcs_interfaces -- -j8 -l8
[8.544s] Invoking command in '/home/rtos/dev_ws/build/torcs_interfaces': CMAKE_PREFIX_PATH=${CMAKE_PREFIX_PATH}:/home/rtos/dev_ws/install/Torcs_5:/home/rtos/dev_ws/install/torcs_client:/home/rtos/dev_ws/install/lkas5:/home/rtos/dev_ws/install/scl:/home/rtos/dev_ws/install/srl:/opt/ros/foxy /usr/bin/cmake --install /home/rtos/dev_ws/build/torcs_interfaces
[8.557s] -- Install configuration: ""
[8.558s] -- Installing: /home/rtos/dev_ws/install/torcs_interfaces/share/ament_index/resource_index/rosidl_interfaces/torcs_interfaces
[8.558s] -- Installing: /home/rtos/dev_ws/install/torcs_interfaces/include/torcs_interfaces
[8.558s] -- Installing: /home/rtos/dev_ws/install/torcs_interfaces/include/torcs_interfaces/msg
[8.558s] -- Installing: /home/rtos/dev_ws/install/torcs_interfaces/include/torcs_interfaces/msg/detail
[8.558s] -- Installing: /home/rtos/dev_ws/install/torcs_interfaces/include/torcs_interfaces/msg/detail/torcs_sensors__struct.h
[8.558s] -- Installing: /home/rtos/dev_ws/install/torcs_interfaces/include/torcs_interfaces/msg/detail/torcs_ctrl__struct.h
[8.559s] -- Installing: /home/rtos/dev_ws/install/torcs_interfaces/include/torcs_interfaces/msg/detail/torcs_ctrl__type_support.h
[8.559s] -- Installing: /home/rtos/dev_ws/install/torcs_interfaces/include/torcs_interfaces/msg/detail/torcs_sensors__functions.h
[8.559s] -- Installing: /home/rtos/dev_ws/install/torcs_interfaces/include/torcs_interfaces/msg/detail/torcs_sensors__type_support.h
[8.559s] -- Installing: /home/rtos/dev_ws/install/torcs_interfaces/include/torcs_interfaces/msg/detail/torcs_sensors__functions.c
[8.559s] -- Installing: /home/rtos/dev_ws/install/torcs_interfaces/include/torcs_interfaces/msg/detail/torcs_ctrl__functions.c
[8.559s] -- Installing: /home/rtos/dev_ws/install/torcs_interfaces/include/torcs_interfaces/msg/detail/torcs_ctrl__functions.h
[8.559s] -- Installing: /home/rtos/dev_ws/install/torcs_interfaces/include/torcs_interfaces/msg/rosidl_generator_c__visibility_control.h
[8.560s] -- Installing: /home/rtos/dev_ws/install/torcs_interfaces/include/torcs_interfaces/msg/torcs_ctrl.h
[8.560s] -- Installing: /home/rtos/dev_ws/install/torcs_interfaces/include/torcs_interfaces/msg/torcs_sensors.h
[8.560s] -- Installing: /home/rtos/dev_ws/install/torcs_interfaces/share/torcs_interfaces/environment/library_path.sh
[8.560s] -- Installing: /home/rtos/dev_ws/install/torcs_interfaces/share/torcs_interfaces/environment/library_path.dsv
[8.560s] -- Installing: /home/rtos/dev_ws/install/torcs_interfaces/lib/libtorcs_interfaces__rosidl_generator_c.so
[8.560s] -- Set runtime path of "/home/rtos/dev_ws/install/torcs_interfaces/lib/libtorcs_interfaces__rosidl_generator_c.so" to ""
[8.561s] -- Up-to-date: /home/rtos/dev_ws/install/torcs_interfaces/include/torcs_interfaces
[8.561s] -- Up-to-date: /home/rtos/dev_ws/install/torcs_interfaces/include/torcs_interfaces/msg
[8.561s] -- Up-to-date: /home/rtos/dev_ws/install/torcs_interfaces/include/torcs_interfaces/msg/detail
[8.561s] -- Installing: /home/rtos/dev_ws/install/torcs_interfaces/include/torcs_interfaces/msg/detail/torcs_ctrl__rosidl_typesupport_fastrtps_c.h
[8.561s] -- Installing: /home/rtos/dev_ws/install/torcs_interfaces/include/torcs_interfaces/msg/detail/torcs_sensors__rosidl_typesupport_fastrtps_c.h
[8.561s] -- Installing: /home/rtos/dev_ws/install/torcs_interfaces/include/torcs_interfaces/msg/rosidl_typesupport_fastrtps_c__visibility_control.h
[8.562s] -- Installing: /home/rtos/dev_ws/install/torcs_interfaces/lib/libtorcs_interfaces__rosidl_typesupport_fastrtps_c.so
[8.562s] -- Set runtime path of "/home/rtos/dev_ws/install/torcs_interfaces/lib/libtorcs_interfaces__rosidl_typesupport_fastrtps_c.so" to ""
[8.562s] -- Up-to-date: /home/rtos/dev_ws/install/torcs_interfaces/include/torcs_interfaces
[8.562s] -- Up-to-date: /home/rtos/dev_ws/install/torcs_interfaces/include/torcs_interfaces/msg
[8.562s] -- Up-to-date: /home/rtos/dev_ws/install/torcs_interfaces/include/torcs_interfaces/msg/detail
[8.563s] -- Installing: /home/rtos/dev_ws/install/torcs_interfaces/include/torcs_interfaces/msg/detail/dds_fastrtps
[8.563s] -- Installing: /home/rtos/dev_ws/install/torcs_interfaces/include/torcs_interfaces/msg/detail/torcs_ctrl__rosidl_typesupport_fastrtps_cpp.hpp
[8.563s] -- Installing: /home/rtos/dev_ws/install/torcs_interfaces/include/torcs_interfaces/msg/detail/torcs_sensors__rosidl_typesupport_fastrtps_cpp.hpp
[8.563s] -- Installing: /home/rtos/dev_ws/install/torcs_interfaces/include/torcs_interfaces/msg/rosidl_typesupport_fastrtps_cpp__visibility_control.h
[8.563s] -- Installing: /home/rtos/dev_ws/install/torcs_interfaces/lib/libtorcs_interfaces__rosidl_typesupport_fastrtps_cpp.so
[8.564s] -- Set runtime path of "/home/rtos/dev_ws/install/torcs_interfaces/lib/libtorcs_interfaces__rosidl_typesupport_fastrtps_cpp.so" to ""
[8.564s] -- Up-to-date: /home/rtos/dev_ws/install/torcs_interfaces/include/torcs_interfaces
[8.564s] -- Up-to-date: /home/rtos/dev_ws/install/torcs_interfaces/include/torcs_interfaces/msg
[8.564s] -- Up-to-date: /home/rtos/dev_ws/install/torcs_interfaces/include/torcs_interfaces/msg/detail
[8.564s] -- Installing: /home/rtos/dev_ws/install/torcs_interfaces/include/torcs_interfaces/msg/detail/torcs_sensors__type_support.c
[8.564s] -- Installing: /home/rtos/dev_ws/install/torcs_interfaces/include/torcs_interfaces/msg/detail/torcs_sensors__rosidl_typesupport_introspection_c.h
[8.564s] -- Installing: /home/rtos/dev_ws/install/torcs_interfaces/include/torcs_interfaces/msg/detail/torcs_ctrl__rosidl_typesupport_introspection_c.h
[8.564s] -- Installing: /home/rtos/dev_ws/install/torcs_interfaces/include/torcs_interfaces/msg/detail/torcs_ctrl__type_support.c
[8.564s] -- Installing: /home/rtos/dev_ws/install/torcs_interfaces/include/torcs_interfaces/msg/rosidl_typesupport_introspection_c__visibility_control.h
[8.564s] -- Installing: /home/rtos/dev_ws/install/torcs_interfaces/lib/libtorcs_interfaces__rosidl_typesupport_introspection_c.so
[8.565s] -- Set runtime path of "/home/rtos/dev_ws/install/torcs_interfaces/lib/libtorcs_interfaces__rosidl_typesupport_introspection_c.so" to ""
[8.565s] -- Installing: /home/rtos/dev_ws/install/torcs_interfaces/lib/libtorcs_interfaces__rosidl_typesupport_c.so
[8.566s] -- Set runtime path of "/home/rtos/dev_ws/install/torcs_interfaces/lib/libtorcs_interfaces__rosidl_typesupport_c.so" to ""
[8.566s] -- Up-to-date: /home/rtos/dev_ws/install/torcs_interfaces/include/torcs_interfaces
[8.566s] -- Up-to-date: /home/rtos/dev_ws/install/torcs_interfaces/include/torcs_interfaces/msg
[8.566s] -- Up-to-date: /home/rtos/dev_ws/install/torcs_interfaces/include/torcs_interfaces/msg/detail
[8.566s] -- Installing: /home/rtos/dev_ws/install/torcs_interfaces/include/torcs_interfaces/msg/detail/torcs_sensors__traits.hpp
[8.566s] -- Installing: /home/rtos/dev_ws/install/torcs_interfaces/include/torcs_interfaces/msg/detail/torcs_sensors__builder.hpp
[8.567s] -- Installing: /home/rtos/dev_ws/install/torcs_interfaces/include/torcs_interfaces/msg/detail/torcs_ctrl__traits.hpp
[8.567s] -- Installing: /home/rtos/dev_ws/install/torcs_interfaces/include/torcs_interfaces/msg/detail/torcs_ctrl__struct.hpp
[8.567s] -- Installing: /home/rtos/dev_ws/install/torcs_interfaces/include/torcs_interfaces/msg/detail/torcs_sensors__struct.hpp
[8.567s] -- Installing: /home/rtos/dev_ws/install/torcs_interfaces/include/torcs_interfaces/msg/detail/torcs_ctrl__builder.hpp
[8.567s] -- Installing: /home/rtos/dev_ws/install/torcs_interfaces/include/torcs_interfaces/msg/torcs_sensors.hpp
[8.568s] -- Installing: /home/rtos/dev_ws/install/torcs_interfaces/include/torcs_interfaces/msg/torcs_ctrl.hpp
[8.568s] -- Up-to-date: /home/rtos/dev_ws/install/torcs_interfaces/include/torcs_interfaces
[8.568s] -- Up-to-date: /home/rtos/dev_ws/install/torcs_interfaces/include/torcs_interfaces/msg
[8.568s] -- Up-to-date: /home/rtos/dev_ws/install/torcs_interfaces/include/torcs_interfaces/msg/detail
[8.568s] -- Installing: /home/rtos/dev_ws/install/torcs_interfaces/include/torcs_interfaces/msg/detail/torcs_ctrl__type_support.cpp
[8.568s] -- Installing: /home/rtos/dev_ws/install/torcs_interfaces/include/torcs_interfaces/msg/detail/torcs_sensors__rosidl_typesupport_introspection_cpp.hpp
[8.568s] -- Installing: /home/rtos/dev_ws/install/torcs_interfaces/include/torcs_interfaces/msg/detail/torcs_ctrl__rosidl_typesupport_introspection_cpp.hpp
[8.569s] -- Installing: /home/rtos/dev_ws/install/torcs_interfaces/include/torcs_interfaces/msg/detail/torcs_sensors__type_support.cpp
[8.569s] -- Installing: /home/rtos/dev_ws/install/torcs_interfaces/lib/libtorcs_interfaces__rosidl_typesupport_introspection_cpp.so
[8.569s] -- Set runtime path of "/home/rtos/dev_ws/install/torcs_interfaces/lib/libtorcs_interfaces__rosidl_typesupport_introspection_cpp.so" to ""
[8.569s] -- Installing: /home/rtos/dev_ws/install/torcs_interfaces/lib/libtorcs_interfaces__rosidl_typesupport_cpp.so
[8.569s] -- Set runtime path of "/home/rtos/dev_ws/install/torcs_interfaces/lib/libtorcs_interfaces__rosidl_typesupport_cpp.so" to ""
[8.569s] -- Installing: /home/rtos/dev_ws/install/torcs_interfaces/share/torcs_interfaces/environment/pythonpath.sh
[8.571s] -- Installing: /home/rtos/dev_ws/install/torcs_interfaces/share/torcs_interfaces/environment/pythonpath.dsv
[8.571s] -- Installing: /home/rtos/dev_ws/install/torcs_interfaces/lib/python3.8/site-packages/torcs_interfaces/__init__.py
[8.616s] Compiling '/home/rtos/dev_ws/install/torcs_interfaces/lib/python3.8/site-packages/torcs_interfaces/__init__.py'...
[8.622s] -- Installing: /home/rtos/dev_ws/install/torcs_interfaces/lib/python3.8/site-packages/torcs_interfaces/msg
[8.622s] -- Installing: /home/rtos/dev_ws/install/torcs_interfaces/lib/python3.8/site-packages/torcs_interfaces/msg/_torcs_sensors_s.c
[8.622s] -- Installing: /home/rtos/dev_ws/install/torcs_interfaces/lib/python3.8/site-packages/torcs_interfaces/msg/_torcs_ctrl_s.c
[8.622s] -- Installing: /home/rtos/dev_ws/install/torcs_interfaces/lib/python3.8/site-packages/torcs_interfaces/msg/__init__.py
[8.622s] -- Installing: /home/rtos/dev_ws/install/torcs_interfaces/lib/python3.8/site-packages/torcs_interfaces/msg/_torcs_sensors.py
[8.623s] -- Installing: /home/rtos/dev_ws/install/torcs_interfaces/lib/python3.8/site-packages/torcs_interfaces/msg/_torcs_ctrl.py
[8.623s] -- Installing: /home/rtos/dev_ws/install/torcs_interfaces/lib/python3.8/site-packages/torcs_interfaces/torcs_interfaces_s__rosidl_typesupport_fastrtps_c.cpython-38-x86_64-linux-gnu.so
[8.623s] -- Set runtime path of "/home/rtos/dev_ws/install/torcs_interfaces/lib/python3.8/site-packages/torcs_interfaces/torcs_interfaces_s__rosidl_typesupport_fastrtps_c.cpython-38-x86_64-linux-gnu.so" to ""
[8.623s] -- Installing: /home/rtos/dev_ws/install/torcs_interfaces/lib/python3.8/site-packages/torcs_interfaces/torcs_interfaces_s__rosidl_typesupport_introspection_c.cpython-38-x86_64-linux-gnu.so
[8.624s] -- Set runtime path of "/home/rtos/dev_ws/install/torcs_interfaces/lib/python3.8/site-packages/torcs_interfaces/torcs_interfaces_s__rosidl_typesupport_introspection_c.cpython-38-x86_64-linux-gnu.so" to ""
[8.624s] -- Installing: /home/rtos/dev_ws/install/torcs_interfaces/lib/python3.8/site-packages/torcs_interfaces/torcs_interfaces_s__rosidl_typesupport_c.cpython-38-x86_64-linux-gnu.so
[8.624s] -- Set runtime path of "/home/rtos/dev_ws/install/torcs_interfaces/lib/python3.8/site-packages/torcs_interfaces/torcs_interfaces_s__rosidl_typesupport_c.cpython-38-x86_64-linux-gnu.so" to ""
[8.625s] -- Installing: /home/rtos/dev_ws/install/torcs_interfaces/lib/libtorcs_interfaces__python.so
[8.625s] -- Set runtime path of "/home/rtos/dev_ws/install/torcs_interfaces/lib/libtorcs_interfaces__python.so" to ""
[8.625s] -- Installing: /home/rtos/dev_ws/install/torcs_interfaces/share/torcs_interfaces/msg/TORCSSensors.idl
[8.625s] -- Installing: /home/rtos/dev_ws/install/torcs_interfaces/share/torcs_interfaces/msg/TORCSCtrl.idl
[8.625s] -- Installing: /home/rtos/dev_ws/install/torcs_interfaces/share/torcs_interfaces/msg/TORCSSensors.msg
[8.626s] -- Installing: /home/rtos/dev_ws/install/torcs_interfaces/share/torcs_interfaces/msg/TORCSCtrl.msg
[8.626s] -- Installing: /home/rtos/dev_ws/install/torcs_interfaces/share/ament_index/resource_index/package_run_dependencies/torcs_interfaces
[8.626s] -- Installing: /home/rtos/dev_ws/install/torcs_interfaces/share/ament_index/resource_index/parent_prefix_path/torcs_interfaces
[8.626s] -- Installing: /home/rtos/dev_ws/install/torcs_interfaces/share/torcs_interfaces/environment/ament_prefix_path.sh
[8.626s] -- Installing: /home/rtos/dev_ws/install/torcs_interfaces/share/torcs_interfaces/environment/ament_prefix_path.dsv
[8.626s] -- Installing: /home/rtos/dev_ws/install/torcs_interfaces/share/torcs_interfaces/environment/path.sh
[8.626s] -- Installing: /home/rtos/dev_ws/install/torcs_interfaces/share/torcs_interfaces/environment/path.dsv
[8.627s] -- Installing: /home/rtos/dev_ws/install/torcs_interfaces/share/torcs_interfaces/local_setup.bash
[8.627s] -- Installing: /home/rtos/dev_ws/install/torcs_interfaces/share/torcs_interfaces/local_setup.sh
[8.627s] -- Installing: /home/rtos/dev_ws/install/torcs_interfaces/share/torcs_interfaces/local_setup.zsh
[8.627s] -- Installing: /home/rtos/dev_ws/install/torcs_interfaces/share/torcs_interfaces/local_setup.dsv
[8.627s] -- Installing: /home/rtos/dev_ws/install/torcs_interfaces/share/torcs_interfaces/package.dsv
[8.627s] -- Installing: /home/rtos/dev_ws/install/torcs_interfaces/share/ament_index/resource_index/packages/torcs_interfaces
[8.627s] -- Installing: /home/rtos/dev_ws/install/torcs_interfaces/share/torcs_interfaces/cmake/torcs_interfaces__rosidl_generator_cExport.cmake
[8.627s] -- Installing: /home/rtos/dev_ws/install/torcs_interfaces/share/torcs_interfaces/cmake/torcs_interfaces__rosidl_generator_cExport-noconfig.cmake
[8.628s] -- Installing: /home/rtos/dev_ws/install/torcs_interfaces/share/torcs_interfaces/cmake/torcs_interfaces__rosidl_typesupport_introspection_cExport.cmake
[8.628s] -- Installing: /home/rtos/dev_ws/install/torcs_interfaces/share/torcs_interfaces/cmake/torcs_interfaces__rosidl_typesupport_introspection_cExport-noconfig.cmake
[8.628s] -- Installing: /home/rtos/dev_ws/install/torcs_interfaces/share/torcs_interfaces/cmake/torcs_interfaces__rosidl_typesupport_cExport.cmake
[8.628s] -- Installing: /home/rtos/dev_ws/install/torcs_interfaces/share/torcs_interfaces/cmake/torcs_interfaces__rosidl_typesupport_cExport-noconfig.cmake
[8.628s] -- Installing: /home/rtos/dev_ws/install/torcs_interfaces/share/torcs_interfaces/cmake/torcs_interfaces__rosidl_generator_cppExport.cmake
[8.628s] -- Installing: /home/rtos/dev_ws/install/torcs_interfaces/share/torcs_interfaces/cmake/torcs_interfaces__rosidl_typesupport_introspection_cppExport.cmake
[8.629s] -- Installing: /home/rtos/dev_ws/install/torcs_interfaces/share/torcs_interfaces/cmake/torcs_interfaces__rosidl_typesupport_introspection_cppExport-noconfig.cmake
[8.629s] -- Installing: /home/rtos/dev_ws/install/torcs_interfaces/share/torcs_interfaces/cmake/torcs_interfaces__rosidl_typesupport_cppExport.cmake
[8.629s] -- Installing: /home/rtos/dev_ws/install/torcs_interfaces/share/torcs_interfaces/cmake/torcs_interfaces__rosidl_typesupport_cppExport-noconfig.cmake
[8.629s] -- Installing: /home/rtos/dev_ws/install/torcs_interfaces/share/torcs_interfaces/cmake/rosidl_cmake-extras.cmake
[8.630s] -- Installing: /home/rtos/dev_ws/install/torcs_interfaces/share/torcs_interfaces/cmake/ament_cmake_export_dependencies-extras.cmake
[8.630s] -- Installing: /home/rtos/dev_ws/install/torcs_interfaces/share/torcs_interfaces/cmake/ament_cmake_export_libraries-extras.cmake
[8.630s] -- Installing: /home/rtos/dev_ws/install/torcs_interfaces/share/torcs_interfaces/cmake/ament_cmake_export_targets-extras.cmake
[8.630s] -- Installing: /home/rtos/dev_ws/install/torcs_interfaces/share/torcs_interfaces/cmake/ament_cmake_export_include_directories-extras.cmake
[8.630s] -- Installing: /home/rtos/dev_ws/install/torcs_interfaces/share/torcs_interfaces/cmake/rosidl_cmake_export_typesupport_libraries-extras.cmake
[8.630s] -- Installing: /home/rtos/dev_ws/install/torcs_interfaces/share/torcs_interfaces/cmake/rosidl_cmake_export_typesupport_targets-extras.cmake
[8.630s] -- Installing: /home/rtos/dev_ws/install/torcs_interfaces/share/torcs_interfaces/cmake/torcs_interfacesConfig.cmake
[8.631s] -- Installing: /home/rtos/dev_ws/install/torcs_interfaces/share/torcs_interfaces/cmake/torcs_interfacesConfig-version.cmake
[8.631s] -- Installing: /home/rtos/dev_ws/install/torcs_interfaces/share/torcs_interfaces/package.xml
[8.635s] Invoked command in '/home/rtos/dev_ws/build/torcs_interfaces' returned '0': CMAKE_PREFIX_PATH=${CMAKE_PREFIX_PATH}:/home/rtos/dev_ws/install/Torcs_5:/home/rtos/dev_ws/install/torcs_client:/home/rtos/dev_ws/install/lkas5:/home/rtos/dev_ws/install/scl:/home/rtos/dev_ws/install/srl:/opt/ros/foxy /usr/bin/cmake --install /home/rtos/dev_ws/build/torcs_interfaces
