[0.014s] Invoking command in '/home/rtos/dev_ws/build/torcs_interfaces': CMAKE_PREFIX_PATH=${CMAKE_PREFIX_PATH}:/home/rtos/dev_ws/install/lkas4:/home/rtos/dev_ws/install/Torcs_5:/home/rtos/dev_ws/install/torcs_client:/home/rtos/dev_ws/install/lkas5:/home/rtos/dev_ws/install/scl:/home/rtos/dev_ws/install/srl:/opt/ros/foxy /usr/bin/cmake /home/rtos/dev_ws/src/torcs_interfaces -DCMAKE_INSTALL_PREFIX=/home/rtos/dev_ws/install/torcs_interfaces
[0.068s] -- The C compiler identification is GNU 9.3.0
[0.122s] -- The CXX compiler identification is GNU 9.3.0
[0.126s] -- Check for working C compiler: /usr/bin/cc
[0.194s] -- Check for working C compiler: /usr/bin/cc -- works
[0.195s] -- Detecting C compiler ABI info
[0.259s] -- Detecting C compiler ABI info - done
[0.269s] -- Detecting C compile features
[0.269s] -- Detecting C compile features - done
[0.272s] -- Check for working CXX compiler: /usr/bin/c++
[0.349s] -- Check for working CXX compiler: /usr/bin/c++ -- works
[0.350s] -- Detecting CXX compiler ABI info
[0.427s] -- Detecting CXX compiler ABI info - done
[0.438s] -- Detecting CXX compile features
[0.439s] -- Detecting CXX compile features - done
[0.440s] -- Found ament_cmake: 0.9.7 (/opt/ros/foxy/share/ament_cmake/cmake)
[0.463s] -- Found PythonInterp: /usr/bin/python3 (found suitable version "3.8.5", minimum required is "3") 
[0.463s] -- Using PYTHON_EXECUTABLE: /usr/bin/python3
[0.640s] -- Found rosidl_default_generators: 1.0.0 (/opt/ros/foxy/share/rosidl_default_generators/cmake)
[0.643s] -- Using all available rosidl_typesupport_c: rosidl_typesupport_fastrtps_c;rosidl_typesupport_introspection_c
[0.649s] -- Found rosidl_adapter: 1.1.0 (/opt/ros/foxy/share/rosidl_adapter/cmake)
[0.728s] -- Found OpenSSL: /usr/lib/x86_64-linux-gnu/libcrypto.so (found version "1.1.1f")  
[0.761s] -- Found FastRTPS: /opt/ros/foxy/include  
[0.835s] -- Using all available rosidl_typesupport_cpp: rosidl_typesupport_fastrtps_cpp;rosidl_typesupport_introspection_cpp
[0.859s] -- Found std_msgs: 2.0.3 (/opt/ros/foxy/share/std_msgs/cmake)
[0.909s] -- Found PythonInterp: /usr/bin/python3 (found version "3.8.5") 
[1.058s] -- Found ament_cmake_ros: 0.9.0 (/opt/ros/foxy/share/ament_cmake_ros/cmake)
[1.232s] -- Using all available rosidl_typesupport_c: rosidl_typesupport_fastrtps_c;rosidl_typesupport_introspection_c
[1.292s] -- Using all available rosidl_typesupport_cpp: rosidl_typesupport_fastrtps_cpp;rosidl_typesupport_introspection_cpp
[1.315s] -- Found PythonInterp: /usr/bin/python3 (found suitable version "3.8.5", minimum required is "3.5") 
[1.316s] -- Found python_cmake_module: 0.8.0 (/opt/ros/foxy/share/python_cmake_module/cmake)
[1.341s] -- Found PythonLibs: /usr/lib/x86_64-linux-gnu/libpython3.8.so (found suitable version "3.8.5", minimum required is "3.5") 
[1.341s] -- Using PYTHON_EXECUTABLE: /usr/bin/python3
[1.341s] -- Using PYTHON_INCLUDE_DIRS: /usr/include/python3.8
[1.341s] -- Using PYTHON_LIBRARIES: /usr/lib/x86_64-linux-gnu/libpython3.8.so
[1.360s] -- Found PythonExtra: .so  
[1.421s] -- Found ament_lint_auto: 0.9.5 (/opt/ros/foxy/share/ament_lint_auto/cmake)
[1.438s] -- Added test 'copyright' to check source files copyright and LICENSE
[1.444s] -- Added test 'lint_cmake' to check CMake code style
[1.448s] -- Added test 'xmllint' to check XML markup files
[1.452s] -- Configuring done
[1.496s] -- Generating done
[1.499s] -- Build files have been written to: /home/rtos/dev_ws/build/torcs_interfaces
[1.507s] Invoked command in '/home/rtos/dev_ws/build/torcs_interfaces' returned '0': CMAKE_PREFIX_PATH=${CMAKE_PREFIX_PATH}:/home/rtos/dev_ws/install/lkas4:/home/rtos/dev_ws/install/Torcs_5:/home/rtos/dev_ws/install/torcs_client:/home/rtos/dev_ws/install/lkas5:/home/rtos/dev_ws/install/scl:/home/rtos/dev_ws/install/srl:/opt/ros/foxy /usr/bin/cmake /home/rtos/dev_ws/src/torcs_interfaces -DCMAKE_INSTALL_PREFIX=/home/rtos/dev_ws/install/torcs_interfaces
[1.508s] Invoking command in '/home/rtos/dev_ws/build/torcs_interfaces': CMAKE_PREFIX_PATH=${CMAKE_PREFIX_PATH}:/home/rtos/dev_ws/install/lkas4:/home/rtos/dev_ws/install/Torcs_5:/home/rtos/dev_ws/install/torcs_client:/home/rtos/dev_ws/install/lkas5:/home/rtos/dev_ws/install/scl:/home/rtos/dev_ws/install/srl:/opt/ros/foxy /usr/bin/cmake --build /home/rtos/dev_ws/build/torcs_interfaces -- -j8 -l8
[1.555s] [  2%] [34m[1mGenerating C code for ROS interfaces[0m
[1.555s] [35m[1mScanning dependencies of target torcs_interfaces__cpp[0m
[1.575s] [  5%] [34m[1mGenerating C++ code for ROS interfaces[0m
[2.265s] [  5%] Built target torcs_interfaces__cpp
[2.266s] [35m[1mScanning dependencies of target torcs_interfaces__rosidl_generator_c[0m
[2.284s] [  7%] [34m[1mGenerating C++ introspection for ROS interfaces[0m
[2.285s] [ 10%] [32mBuilding C object CMakeFiles/torcs_interfaces__rosidl_generator_c.dir/rosidl_generator_c/torcs_interfaces/msg/detail/torcs_sensors__functions.c.o[0m
[2.298s] [ 12%] [34m[1mGenerating C++ type support for eProsima Fast-RTPS[0m
[2.317s] [ 15%] [32mBuilding C object CMakeFiles/torcs_interfaces__rosidl_generator_c.dir/rosidl_generator_c/torcs_interfaces/msg/detail/torcs_ctrl__functions.c.o[0m
[2.346s] [ 17%] [34m[1mGenerating C++ type support dispatch for ROS interfaces[0m
[2.507s] [ 20%] [32m[1mLinking C shared library libtorcs_interfaces__rosidl_generator_c.so[0m
[2.667s] [ 20%] Built target torcs_interfaces__rosidl_generator_c
[2.701s] [ 23%] [34m[1mGenerating C introspection for ROS interfaces[0m
[2.707s] [ 25%] [34m[1mGenerating C type support dispatch for ROS interfaces[0m
[3.348s] [35m[1mScanning dependencies of target torcs_interfaces__rosidl_typesupport_introspection_cpp[0m
[3.386s] [35m[1mScanning dependencies of target torcs_interfaces__rosidl_typesupport_cpp[0m
[3.419s] [ 28%] [32mBuilding CXX object CMakeFiles/torcs_interfaces__rosidl_typesupport_introspection_cpp.dir/rosidl_typesupport_introspection_cpp/torcs_interfaces/msg/detail/torcs_sensors__type_support.cpp.o[0m
[3.442s] [ 30%] [32mBuilding CXX object CMakeFiles/torcs_interfaces__rosidl_typesupport_cpp.dir/rosidl_typesupport_cpp/torcs_interfaces/msg/torcs_sensors__type_support.cpp.o[0m
[3.477s] [35m[1mScanning dependencies of target torcs_interfaces__rosidl_typesupport_fastrtps_cpp[0m
[3.483s] [ 33%] [32mBuilding CXX object CMakeFiles/torcs_interfaces__rosidl_typesupport_introspection_cpp.dir/rosidl_typesupport_introspection_cpp/torcs_interfaces/msg/detail/torcs_ctrl__type_support.cpp.o[0m
[3.501s] [ 35%] [32mBuilding CXX object CMakeFiles/torcs_interfaces__rosidl_typesupport_cpp.dir/rosidl_typesupport_cpp/torcs_interfaces/msg/torcs_ctrl__type_support.cpp.o[0m
[3.573s] [ 38%] [32mBuilding CXX object CMakeFiles/torcs_interfaces__rosidl_typesupport_fastrtps_cpp.dir/rosidl_typesupport_fastrtps_cpp/torcs_interfaces/msg/detail/dds_fastrtps/torcs_ctrl__type_support.cpp.o[0m
[3.576s] [ 41%] [32mBuilding CXX object CMakeFiles/torcs_interfaces__rosidl_typesupport_fastrtps_cpp.dir/rosidl_typesupport_fastrtps_cpp/torcs_interfaces/msg/detail/dds_fastrtps/torcs_sensors__type_support.cpp.o[0m
[3.834s] [35m[1mScanning dependencies of target torcs_interfaces__rosidl_typesupport_introspection_c[0m
[3.908s] [ 43%] [32mBuilding C object CMakeFiles/torcs_interfaces__rosidl_typesupport_introspection_c.dir/rosidl_typesupport_introspection_c/torcs_interfaces/msg/detail/torcs_sensors__type_support.c.o[0m
[3.992s] [35m[1mScanning dependencies of target torcs_interfaces__rosidl_typesupport_c[0m
[4.084s] [ 46%] [32mBuilding C object CMakeFiles/torcs_interfaces__rosidl_typesupport_introspection_c.dir/rosidl_typesupport_introspection_c/torcs_interfaces/msg/detail/torcs_ctrl__type_support.c.o[0m
[4.085s] [ 48%] [32mBuilding CXX object CMakeFiles/torcs_interfaces__rosidl_typesupport_c.dir/rosidl_typesupport_c/torcs_interfaces/msg/torcs_sensors__type_support.cpp.o[0m
[4.148s] [ 51%] [32mBuilding CXX object CMakeFiles/torcs_interfaces__rosidl_typesupport_c.dir/rosidl_typesupport_c/torcs_interfaces/msg/torcs_ctrl__type_support.cpp.o[0m
[4.290s] [ 53%] [32m[1mLinking C shared library libtorcs_interfaces__rosidl_typesupport_introspection_c.so[0m
[4.333s] [ 56%] [32m[1mLinking CXX shared library libtorcs_interfaces__rosidl_typesupport_c.so[0m
[4.340s] [ 58%] [32m[1mLinking CXX shared library libtorcs_interfaces__rosidl_typesupport_introspection_cpp.so[0m
[4.392s] [ 61%] [32m[1mLinking CXX shared library libtorcs_interfaces__rosidl_typesupport_cpp.so[0m
[4.433s] [ 61%] Built target torcs_interfaces__rosidl_typesupport_introspection_c
[4.477s] [ 61%] Built target torcs_interfaces__rosidl_typesupport_c
[4.525s] [ 61%] Built target torcs_interfaces__rosidl_typesupport_cpp
[4.545s] [ 61%] Built target torcs_interfaces__rosidl_typesupport_introspection_cpp
[4.652s] [ 64%] [32m[1mLinking CXX shared library libtorcs_interfaces__rosidl_typesupport_fastrtps_cpp.so[0m
[4.741s] [ 64%] Built target torcs_interfaces__rosidl_typesupport_fastrtps_cpp
[4.750s] [ 66%] [34m[1mGenerating C type support for eProsima Fast-RTPS[0m
[5.274s] [35m[1mScanning dependencies of target torcs_interfaces__rosidl_typesupport_fastrtps_c[0m
[5.289s] [ 69%] [32mBuilding CXX object CMakeFiles/torcs_interfaces__rosidl_typesupport_fastrtps_c.dir/rosidl_typesupport_fastrtps_c/torcs_interfaces/msg/detail/torcs_ctrl__type_support_c.cpp.o[0m
[5.290s] [ 71%] [32mBuilding CXX object CMakeFiles/torcs_interfaces__rosidl_typesupport_fastrtps_c.dir/rosidl_typesupport_fastrtps_c/torcs_interfaces/msg/detail/torcs_sensors__type_support_c.cpp.o[0m
[5.796s] [ 74%] [32m[1mLinking CXX shared library libtorcs_interfaces__rosidl_typesupport_fastrtps_c.so[0m
[5.888s] [ 74%] Built target torcs_interfaces__rosidl_typesupport_fastrtps_c
[5.897s] [35m[1mScanning dependencies of target torcs_interfaces[0m
[5.907s] [ 74%] Built target torcs_interfaces
[5.916s] [35m[1mScanning dependencies of target torcs_interfaces__py[0m
[5.926s] [ 76%] [34m[1mGenerating Python code for ROS interfaces[0m
[6.996s] [ 76%] Built target torcs_interfaces__py
[7.009s] [35m[1mScanning dependencies of target torcs_interfaces__python[0m
[7.029s] [ 79%] [32mBuilding C object CMakeFiles/torcs_interfaces__python.dir/rosidl_generator_py/torcs_interfaces/msg/_torcs_ctrl_s.c.o[0m
[7.031s] [ 82%] [32mBuilding C object CMakeFiles/torcs_interfaces__python.dir/rosidl_generator_py/torcs_interfaces/msg/_torcs_sensors_s.c.o[0m
[7.134s] [ 84%] [32m[1mLinking C shared library rosidl_generator_py/torcs_interfaces/libtorcs_interfaces__python.so[0m
[7.182s] [ 84%] Built target torcs_interfaces__python
[7.193s] [35m[1mScanning dependencies of target torcs_interfaces__rosidl_typesupport_fastrtps_c__pyext[0m
[7.196s] [35m[1mScanning dependencies of target torcs_interfaces__rosidl_typesupport_introspection_c__pyext[0m
[7.196s] [35m[1mScanning dependencies of target torcs_interfaces__rosidl_typesupport_c__pyext[0m
[7.220s] [ 87%] [32mBuilding C object CMakeFiles/torcs_interfaces__rosidl_typesupport_fastrtps_c__pyext.dir/rosidl_generator_py/torcs_interfaces/_torcs_interfaces_s.ep.rosidl_typesupport_fastrtps_c.c.o[0m
[7.223s] [ 89%] [32mBuilding C object CMakeFiles/torcs_interfaces__rosidl_typesupport_introspection_c__pyext.dir/rosidl_generator_py/torcs_interfaces/_torcs_interfaces_s.ep.rosidl_typesupport_introspection_c.c.o[0m
[7.224s] [ 92%] [32mBuilding C object CMakeFiles/torcs_interfaces__rosidl_typesupport_c__pyext.dir/rosidl_generator_py/torcs_interfaces/_torcs_interfaces_s.ep.rosidl_typesupport_c.c.o[0m
[7.308s] [ 94%] [32m[1mLinking C shared library rosidl_generator_py/torcs_interfaces/torcs_interfaces_s__rosidl_typesupport_c.cpython-38-x86_64-linux-gnu.so[0m
[7.348s] [ 97%] [32m[1mLinking C shared library rosidl_generator_py/torcs_interfaces/torcs_interfaces_s__rosidl_typesupport_introspection_c.cpython-38-x86_64-linux-gnu.so[0m
[7.349s] [ 97%] Built target torcs_interfaces__rosidl_typesupport_c__pyext
[7.351s] [100%] [32m[1mLinking CXX shared library rosidl_generator_py/torcs_interfaces/torcs_interfaces_s__rosidl_typesupport_fastrtps_c.cpython-38-x86_64-linux-gnu.so[0m
[7.397s] [100%] Built target torcs_interfaces__rosidl_typesupport_introspection_c__pyext
[7.433s] [100%] Built target torcs_interfaces__rosidl_typesupport_fastrtps_c__pyext
[7.599s] Invoked command in '/home/rtos/dev_ws/build/torcs_interfaces' returned '0': CMAKE_PREFIX_PATH=${CMAKE_PREFIX_PATH}:/home/rtos/dev_ws/install/lkas4:/home/rtos/dev_ws/install/Torcs_5:/home/rtos/dev_ws/install/torcs_client:/home/rtos/dev_ws/install/lkas5:/home/rtos/dev_ws/install/scl:/home/rtos/dev_ws/install/srl:/opt/ros/foxy /usr/bin/cmake --build /home/rtos/dev_ws/build/torcs_interfaces -- -j8 -l8
[7.660s] Invoking command in '/home/rtos/dev_ws/build/torcs_interfaces': CMAKE_PREFIX_PATH=${CMAKE_PREFIX_PATH}:/home/rtos/dev_ws/install/lkas4:/home/rtos/dev_ws/install/Torcs_5:/home/rtos/dev_ws/install/torcs_client:/home/rtos/dev_ws/install/lkas5:/home/rtos/dev_ws/install/scl:/home/rtos/dev_ws/install/srl:/opt/ros/foxy /usr/bin/cmake --install /home/rtos/dev_ws/build/torcs_interfaces
[7.669s] -- Install configuration: ""
[7.669s] -- Installing: /home/rtos/dev_ws/install/torcs_interfaces/share/ament_index/resource_index/rosidl_interfaces/torcs_interfaces
[7.670s] -- Installing: /home/rtos/dev_ws/install/torcs_interfaces/include/torcs_interfaces
[7.670s] -- Installing: /home/rtos/dev_ws/install/torcs_interfaces/include/torcs_interfaces/msg
[7.670s] -- Installing: /home/rtos/dev_ws/install/torcs_interfaces/include/torcs_interfaces/msg/detail
[7.670s] -- Installing: /home/rtos/dev_ws/install/torcs_interfaces/include/torcs_interfaces/msg/detail/torcs_sensors__struct.h
[7.670s] -- Installing: /home/rtos/dev_ws/install/torcs_interfaces/include/torcs_interfaces/msg/detail/torcs_ctrl__struct.h
[7.670s] -- Installing: /home/rtos/dev_ws/install/torcs_interfaces/include/torcs_interfaces/msg/detail/torcs_ctrl__type_support.h
[7.670s] -- Installing: /home/rtos/dev_ws/install/torcs_interfaces/include/torcs_interfaces/msg/detail/torcs_sensors__functions.h
[7.670s] -- Installing: /home/rtos/dev_ws/install/torcs_interfaces/include/torcs_interfaces/msg/detail/torcs_sensors__type_support.h
[7.670s] -- Installing: /home/rtos/dev_ws/install/torcs_interfaces/include/torcs_interfaces/msg/detail/torcs_sensors__functions.c
[7.670s] -- Installing: /home/rtos/dev_ws/install/torcs_interfaces/include/torcs_interfaces/msg/detail/torcs_ctrl__functions.c
[7.670s] -- Installing: /home/rtos/dev_ws/install/torcs_interfaces/include/torcs_interfaces/msg/detail/torcs_ctrl__functions.h
[7.670s] -- Installing: /home/rtos/dev_ws/install/torcs_interfaces/include/torcs_interfaces/msg/rosidl_generator_c__visibility_control.h
[7.671s] -- Installing: /home/rtos/dev_ws/install/torcs_interfaces/include/torcs_interfaces/msg/torcs_ctrl.h
[7.671s] -- Installing: /home/rtos/dev_ws/install/torcs_interfaces/include/torcs_interfaces/msg/torcs_sensors.h
[7.671s] -- Installing: /home/rtos/dev_ws/install/torcs_interfaces/share/torcs_interfaces/environment/library_path.sh
[7.671s] -- Installing: /home/rtos/dev_ws/install/torcs_interfaces/share/torcs_interfaces/environment/library_path.dsv
[7.671s] -- Installing: /home/rtos/dev_ws/install/torcs_interfaces/lib/libtorcs_interfaces__rosidl_generator_c.so
[7.671s] -- Set runtime path of "/home/rtos/dev_ws/install/torcs_interfaces/lib/libtorcs_interfaces__rosidl_generator_c.so" to ""
[7.671s] -- Up-to-date: /home/rtos/dev_ws/install/torcs_interfaces/include/torcs_interfaces
[7.671s] -- Up-to-date: /home/rtos/dev_ws/install/torcs_interfaces/include/torcs_interfaces/msg
[7.671s] -- Up-to-date: /home/rtos/dev_ws/install/torcs_interfaces/include/torcs_interfaces/msg/detail
[7.671s] -- Installing: /home/rtos/dev_ws/install/torcs_interfaces/include/torcs_interfaces/msg/detail/torcs_ctrl__rosidl_typesupport_fastrtps_c.h
[7.671s] -- Installing: /home/rtos/dev_ws/install/torcs_interfaces/include/torcs_interfaces/msg/detail/torcs_sensors__rosidl_typesupport_fastrtps_c.h
[7.671s] -- Installing: /home/rtos/dev_ws/install/torcs_interfaces/include/torcs_interfaces/msg/rosidl_typesupport_fastrtps_c__visibility_control.h
[7.672s] -- Installing: /home/rtos/dev_ws/install/torcs_interfaces/lib/libtorcs_interfaces__rosidl_typesupport_fastrtps_c.so
[7.672s] -- Set runtime path of "/home/rtos/dev_ws/install/torcs_interfaces/lib/libtorcs_interfaces__rosidl_typesupport_fastrtps_c.so" to ""
[7.672s] -- Up-to-date: /home/rtos/dev_ws/install/torcs_interfaces/include/torcs_interfaces
[7.672s] -- Up-to-date: /home/rtos/dev_ws/install/torcs_interfaces/include/torcs_interfaces/msg
[7.672s] -- Up-to-date: /home/rtos/dev_ws/install/torcs_interfaces/include/torcs_interfaces/msg/detail
[7.672s] -- Installing: /home/rtos/dev_ws/install/torcs_interfaces/include/torcs_interfaces/msg/detail/dds_fastrtps
[7.672s] -- Installing: /home/rtos/dev_ws/install/torcs_interfaces/include/torcs_interfaces/msg/detail/torcs_ctrl__rosidl_typesupport_fastrtps_cpp.hpp
[7.672s] -- Installing: /home/rtos/dev_ws/install/torcs_interfaces/include/torcs_interfaces/msg/detail/torcs_sensors__rosidl_typesupport_fastrtps_cpp.hpp
[7.672s] -- Installing: /home/rtos/dev_ws/install/torcs_interfaces/include/torcs_interfaces/msg/rosidl_typesupport_fastrtps_cpp__visibility_control.h
[7.673s] -- Installing: /home/rtos/dev_ws/install/torcs_interfaces/lib/libtorcs_interfaces__rosidl_typesupport_fastrtps_cpp.so
[7.673s] -- Set runtime path of "/home/rtos/dev_ws/install/torcs_interfaces/lib/libtorcs_interfaces__rosidl_typesupport_fastrtps_cpp.so" to ""
[7.673s] -- Up-to-date: /home/rtos/dev_ws/install/torcs_interfaces/include/torcs_interfaces
[7.673s] -- Up-to-date: /home/rtos/dev_ws/install/torcs_interfaces/include/torcs_interfaces/msg
[7.673s] -- Up-to-date: /home/rtos/dev_ws/install/torcs_interfaces/include/torcs_interfaces/msg/detail
[7.673s] -- Installing: /home/rtos/dev_ws/install/torcs_interfaces/include/torcs_interfaces/msg/detail/torcs_sensors__type_support.c
[7.673s] -- Installing: /home/rtos/dev_ws/install/torcs_interfaces/include/torcs_interfaces/msg/detail/torcs_sensors__rosidl_typesupport_introspection_c.h
[7.673s] -- Installing: /home/rtos/dev_ws/install/torcs_interfaces/include/torcs_interfaces/msg/detail/torcs_ctrl__rosidl_typesupport_introspection_c.h
[7.673s] -- Installing: /home/rtos/dev_ws/install/torcs_interfaces/include/torcs_interfaces/msg/detail/torcs_ctrl__type_support.c
[7.673s] -- Installing: /home/rtos/dev_ws/install/torcs_interfaces/include/torcs_interfaces/msg/rosidl_typesupport_introspection_c__visibility_control.h
[7.673s] -- Installing: /home/rtos/dev_ws/install/torcs_interfaces/lib/libtorcs_interfaces__rosidl_typesupport_introspection_c.so
[7.674s] -- Set runtime path of "/home/rtos/dev_ws/install/torcs_interfaces/lib/libtorcs_interfaces__rosidl_typesupport_introspection_c.so" to ""
[7.674s] -- Installing: /home/rtos/dev_ws/install/torcs_interfaces/lib/libtorcs_interfaces__rosidl_typesupport_c.so
[7.674s] -- Set runtime path of "/home/rtos/dev_ws/install/torcs_interfaces/lib/libtorcs_interfaces__rosidl_typesupport_c.so" to ""
[7.674s] -- Up-to-date: /home/rtos/dev_ws/install/torcs_interfaces/include/torcs_interfaces
[7.674s] -- Up-to-date: /home/rtos/dev_ws/install/torcs_interfaces/include/torcs_interfaces/msg
[7.674s] -- Up-to-date: /home/rtos/dev_ws/install/torcs_interfaces/include/torcs_interfaces/msg/detail
[7.675s] -- Installing: /home/rtos/dev_ws/install/torcs_interfaces/include/torcs_interfaces/msg/detail/torcs_sensors__traits.hpp
[7.675s] -- Installing: /home/rtos/dev_ws/install/torcs_interfaces/include/torcs_interfaces/msg/detail/torcs_sensors__builder.hpp
[7.675s] -- Installing: /home/rtos/dev_ws/install/torcs_interfaces/include/torcs_interfaces/msg/detail/torcs_ctrl__traits.hpp
[7.675s] -- Installing: /home/rtos/dev_ws/install/torcs_interfaces/include/torcs_interfaces/msg/detail/torcs_ctrl__struct.hpp
[7.675s] -- Installing: /home/rtos/dev_ws/install/torcs_interfaces/include/torcs_interfaces/msg/detail/torcs_sensors__struct.hpp
[7.675s] -- Installing: /home/rtos/dev_ws/install/torcs_interfaces/include/torcs_interfaces/msg/detail/torcs_ctrl__builder.hpp
[7.675s] -- Installing: /home/rtos/dev_ws/install/torcs_interfaces/include/torcs_interfaces/msg/torcs_sensors.hpp
[7.675s] -- Installing: /home/rtos/dev_ws/install/torcs_interfaces/include/torcs_interfaces/msg/torcs_ctrl.hpp
[7.675s] -- Up-to-date: /home/rtos/dev_ws/install/torcs_interfaces/include/torcs_interfaces
[7.675s] -- Up-to-date: /home/rtos/dev_ws/install/torcs_interfaces/include/torcs_interfaces/msg
[7.675s] -- Up-to-date: /home/rtos/dev_ws/install/torcs_interfaces/include/torcs_interfaces/msg/detail
[7.675s] -- Installing: /home/rtos/dev_ws/install/torcs_interfaces/include/torcs_interfaces/msg/detail/torcs_ctrl__type_support.cpp
[7.676s] -- Installing: /home/rtos/dev_ws/install/torcs_interfaces/include/torcs_interfaces/msg/detail/torcs_sensors__rosidl_typesupport_introspection_cpp.hpp
[7.676s] -- Installing: /home/rtos/dev_ws/install/torcs_interfaces/include/torcs_interfaces/msg/detail/torcs_ctrl__rosidl_typesupport_introspection_cpp.hpp
[7.676s] -- Installing: /home/rtos/dev_ws/install/torcs_interfaces/include/torcs_interfaces/msg/detail/torcs_sensors__type_support.cpp
[7.676s] -- Installing: /home/rtos/dev_ws/install/torcs_interfaces/lib/libtorcs_interfaces__rosidl_typesupport_introspection_cpp.so
[7.676s] -- Set runtime path of "/home/rtos/dev_ws/install/torcs_interfaces/lib/libtorcs_interfaces__rosidl_typesupport_introspection_cpp.so" to ""
[7.676s] -- Installing: /home/rtos/dev_ws/install/torcs_interfaces/lib/libtorcs_interfaces__rosidl_typesupport_cpp.so
[7.676s] -- Set runtime path of "/home/rtos/dev_ws/install/torcs_interfaces/lib/libtorcs_interfaces__rosidl_typesupport_cpp.so" to ""
[7.676s] -- Installing: /home/rtos/dev_ws/install/torcs_interfaces/share/torcs_interfaces/environment/pythonpath.sh
[7.676s] -- Installing: /home/rtos/dev_ws/install/torcs_interfaces/share/torcs_interfaces/environment/pythonpath.dsv
[7.677s] -- Installing: /home/rtos/dev_ws/install/torcs_interfaces/lib/python3.8/site-packages/torcs_interfaces/__init__.py
[7.705s] Compiling '/home/rtos/dev_ws/install/torcs_interfaces/lib/python3.8/site-packages/torcs_interfaces/__init__.py'...
[7.708s] -- Installing: /home/rtos/dev_ws/install/torcs_interfaces/lib/python3.8/site-packages/torcs_interfaces/msg
[7.709s] -- Installing: /home/rtos/dev_ws/install/torcs_interfaces/lib/python3.8/site-packages/torcs_interfaces/msg/_torcs_sensors_s.c
[7.709s] -- Installing: /home/rtos/dev_ws/install/torcs_interfaces/lib/python3.8/site-packages/torcs_interfaces/msg/_torcs_ctrl_s.c
[7.709s] -- Installing: /home/rtos/dev_ws/install/torcs_interfaces/lib/python3.8/site-packages/torcs_interfaces/msg/__init__.py
[7.709s] -- Installing: /home/rtos/dev_ws/install/torcs_interfaces/lib/python3.8/site-packages/torcs_interfaces/msg/_torcs_sensors.py
[7.709s] -- Installing: /home/rtos/dev_ws/install/torcs_interfaces/lib/python3.8/site-packages/torcs_interfaces/msg/_torcs_ctrl.py
[7.709s] -- Installing: /home/rtos/dev_ws/install/torcs_interfaces/lib/python3.8/site-packages/torcs_interfaces/torcs_interfaces_s__rosidl_typesupport_fastrtps_c.cpython-38-x86_64-linux-gnu.so
[7.710s] -- Set runtime path of "/home/rtos/dev_ws/install/torcs_interfaces/lib/python3.8/site-packages/torcs_interfaces/torcs_interfaces_s__rosidl_typesupport_fastrtps_c.cpython-38-x86_64-linux-gnu.so" to ""
[7.710s] -- Installing: /home/rtos/dev_ws/install/torcs_interfaces/lib/python3.8/site-packages/torcs_interfaces/torcs_interfaces_s__rosidl_typesupport_introspection_c.cpython-38-x86_64-linux-gnu.so
[7.710s] -- Set runtime path of "/home/rtos/dev_ws/install/torcs_interfaces/lib/python3.8/site-packages/torcs_interfaces/torcs_interfaces_s__rosidl_typesupport_introspection_c.cpython-38-x86_64-linux-gnu.so" to ""
[7.711s] -- Installing: /home/rtos/dev_ws/install/torcs_interfaces/lib/python3.8/site-packages/torcs_interfaces/torcs_interfaces_s__rosidl_typesupport_c.cpython-38-x86_64-linux-gnu.so
[7.711s] -- Set runtime path of "/home/rtos/dev_ws/install/torcs_interfaces/lib/python3.8/site-packages/torcs_interfaces/torcs_interfaces_s__rosidl_typesupport_c.cpython-38-x86_64-linux-gnu.so" to ""
[7.711s] -- Installing: /home/rtos/dev_ws/install/torcs_interfaces/lib/libtorcs_interfaces__python.so
[7.712s] -- Set runtime path of "/home/rtos/dev_ws/install/torcs_interfaces/lib/libtorcs_interfaces__python.so" to ""
[7.712s] -- Installing: /home/rtos/dev_ws/install/torcs_interfaces/share/torcs_interfaces/msg/TORCSSensors.idl
[7.712s] -- Installing: /home/rtos/dev_ws/install/torcs_interfaces/share/torcs_interfaces/msg/TORCSCtrl.idl
[7.712s] -- Installing: /home/rtos/dev_ws/install/torcs_interfaces/share/torcs_interfaces/msg/TORCSSensors.msg
[7.712s] -- Installing: /home/rtos/dev_ws/install/torcs_interfaces/share/torcs_interfaces/msg/TORCSCtrl.msg
[7.712s] -- Installing: /home/rtos/dev_ws/install/torcs_interfaces/share/ament_index/resource_index/package_run_dependencies/torcs_interfaces
[7.712s] -- Installing: /home/rtos/dev_ws/install/torcs_interfaces/share/ament_index/resource_index/parent_prefix_path/torcs_interfaces
[7.713s] -- Installing: /home/rtos/dev_ws/install/torcs_interfaces/share/torcs_interfaces/environment/ament_prefix_path.sh
[7.713s] -- Installing: /home/rtos/dev_ws/install/torcs_interfaces/share/torcs_interfaces/environment/ament_prefix_path.dsv
[7.713s] -- Installing: /home/rtos/dev_ws/install/torcs_interfaces/share/torcs_interfaces/environment/path.sh
[7.713s] -- Installing: /home/rtos/dev_ws/install/torcs_interfaces/share/torcs_interfaces/environment/path.dsv
[7.713s] -- Installing: /home/rtos/dev_ws/install/torcs_interfaces/share/torcs_interfaces/local_setup.bash
[7.713s] -- Installing: /home/rtos/dev_ws/install/torcs_interfaces/share/torcs_interfaces/local_setup.sh
[7.713s] -- Installing: /home/rtos/dev_ws/install/torcs_interfaces/share/torcs_interfaces/local_setup.zsh
[7.713s] -- Installing: /home/rtos/dev_ws/install/torcs_interfaces/share/torcs_interfaces/local_setup.dsv
[7.714s] -- Installing: /home/rtos/dev_ws/install/torcs_interfaces/share/torcs_interfaces/package.dsv
[7.714s] -- Installing: /home/rtos/dev_ws/install/torcs_interfaces/share/ament_index/resource_index/packages/torcs_interfaces
[7.714s] -- Installing: /home/rtos/dev_ws/install/torcs_interfaces/share/torcs_interfaces/cmake/torcs_interfaces__rosidl_generator_cExport.cmake
[7.714s] -- Installing: /home/rtos/dev_ws/install/torcs_interfaces/share/torcs_interfaces/cmake/torcs_interfaces__rosidl_generator_cExport-noconfig.cmake
[7.714s] -- Installing: /home/rtos/dev_ws/install/torcs_interfaces/share/torcs_interfaces/cmake/torcs_interfaces__rosidl_typesupport_introspection_cExport.cmake
[7.714s] -- Installing: /home/rtos/dev_ws/install/torcs_interfaces/share/torcs_interfaces/cmake/torcs_interfaces__rosidl_typesupport_introspection_cExport-noconfig.cmake
[7.715s] -- Installing: /home/rtos/dev_ws/install/torcs_interfaces/share/torcs_interfaces/cmake/torcs_interfaces__rosidl_typesupport_cExport.cmake
[7.715s] -- Installing: /home/rtos/dev_ws/install/torcs_interfaces/share/torcs_interfaces/cmake/torcs_interfaces__rosidl_typesupport_cExport-noconfig.cmake
[7.715s] -- Installing: /home/rtos/dev_ws/install/torcs_interfaces/share/torcs_interfaces/cmake/torcs_interfaces__rosidl_generator_cppExport.cmake
[7.715s] -- Installing: /home/rtos/dev_ws/install/torcs_interfaces/share/torcs_interfaces/cmake/torcs_interfaces__rosidl_typesupport_introspection_cppExport.cmake
[7.715s] -- Installing: /home/rtos/dev_ws/install/torcs_interfaces/share/torcs_interfaces/cmake/torcs_interfaces__rosidl_typesupport_introspection_cppExport-noconfig.cmake
[7.715s] -- Installing: /home/rtos/dev_ws/install/torcs_interfaces/share/torcs_interfaces/cmake/torcs_interfaces__rosidl_typesupport_cppExport.cmake
[7.716s] -- Installing: /home/rtos/dev_ws/install/torcs_interfaces/share/torcs_interfaces/cmake/torcs_interfaces__rosidl_typesupport_cppExport-noconfig.cmake
[7.716s] -- Installing: /home/rtos/dev_ws/install/torcs_interfaces/share/torcs_interfaces/cmake/rosidl_cmake-extras.cmake
[7.716s] -- Installing: /home/rtos/dev_ws/install/torcs_interfaces/share/torcs_interfaces/cmake/ament_cmake_export_dependencies-extras.cmake
[7.716s] -- Installing: /home/rtos/dev_ws/install/torcs_interfaces/share/torcs_interfaces/cmake/ament_cmake_export_libraries-extras.cmake
[7.716s] -- Installing: /home/rtos/dev_ws/install/torcs_interfaces/share/torcs_interfaces/cmake/ament_cmake_export_targets-extras.cmake
[7.716s] -- Installing: /home/rtos/dev_ws/install/torcs_interfaces/share/torcs_interfaces/cmake/ament_cmake_export_include_directories-extras.cmake
[7.716s] -- Installing: /home/rtos/dev_ws/install/torcs_interfaces/share/torcs_interfaces/cmake/rosidl_cmake_export_typesupport_libraries-extras.cmake
[7.717s] -- Installing: /home/rtos/dev_ws/install/torcs_interfaces/share/torcs_interfaces/cmake/rosidl_cmake_export_typesupport_targets-extras.cmake
[7.717s] -- Installing: /home/rtos/dev_ws/install/torcs_interfaces/share/torcs_interfaces/cmake/torcs_interfacesConfig.cmake
[7.717s] -- Installing: /home/rtos/dev_ws/install/torcs_interfaces/share/torcs_interfaces/cmake/torcs_interfacesConfig-version.cmake
[7.717s] -- Installing: /home/rtos/dev_ws/install/torcs_interfaces/share/torcs_interfaces/package.xml
[7.721s] Invoked command in '/home/rtos/dev_ws/build/torcs_interfaces' returned '0': CMAKE_PREFIX_PATH=${CMAKE_PREFIX_PATH}:/home/rtos/dev_ws/install/lkas4:/home/rtos/dev_ws/install/Torcs_5:/home/rtos/dev_ws/install/torcs_client:/home/rtos/dev_ws/install/lkas5:/home/rtos/dev_ws/install/scl:/home/rtos/dev_ws/install/srl:/opt/ros/foxy /usr/bin/cmake --install /home/rtos/dev_ws/build/torcs_interfaces
