running egg_info
writing ../../build/lkas5/lkas5.egg-info/PKG-INFO
writing dependency_links to ../../build/lkas5/lkas5.egg-info/dependency_links.txt
writing entry points to ../../build/lkas5/lkas5.egg-info/entry_points.txt
writing requirements to ../../build/lkas5/lkas5.egg-info/requires.txt
writing top-level names to ../../build/lkas5/lkas5.egg-info/top_level.txt
reading manifest file '../../build/lkas5/lkas5.egg-info/SOURCES.txt'
writing manifest file '../../build/lkas5/lkas5.egg-info/SOURCES.txt'
running build
running build_py
copying lkas5/splash/build_unit/default_build_unit.py -> /home/rtos/dev_ws/build/lkas5/build/lib/lkas5/splash/build_unit
running install
running install_lib
copying /home/rtos/dev_ws/build/lkas5/build/lib/lkas5/splash/build_unit/default_build_unit.py -> /home/rtos/dev_ws/install/lkas5/lib/python3.8/site-packages/lkas5/splash/build_unit
byte-compiling /home/rtos/dev_ws/install/lkas5/lib/python3.8/site-packages/lkas5/splash/build_unit/default_build_unit.py to default_build_unit.cpython-38.pyc
running install_data
running install_egg_info
removing '/home/rtos/dev_ws/install/lkas5/lib/python3.8/site-packages/lkas5-0.0.0-py3.8.egg-info' (and everything under it)
Copying ../../build/lkas5/lkas5.egg-info to /home/rtos/dev_ws/install/lkas5/lib/python3.8/site-packages/lkas5-0.0.0-py3.8.egg-info
running install_scripts
Installing default_build_unit script to /home/rtos/dev_ws/install/lkas5/lib/lkas5
Installing splash_server script to /home/rtos/dev_ws/install/lkas5/lib/lkas5
writing list of installed files to '/home/rtos/dev_ws/build/lkas5/install.log'
