[0.015s] Invoking command in '/home/rtos/dev_ws/build/splash_interfaces': CMAKE_PREFIX_PATH=/opt/ros/foxy /usr/bin/cmake /home/rtos/dev_ws/src/splash_interfaces -DCMAKE_INSTALL_PREFIX=/home/rtos/dev_ws/install/splash_interfaces
[0.077s] -- The C compiler identification is GNU 9.3.0
[0.126s] -- The CXX compiler identification is GNU 9.3.0
[0.131s] -- Check for working C compiler: /usr/bin/cc
[0.194s] -- Check for working C compiler: /usr/bin/cc -- works
[0.195s] -- Detecting C compiler ABI info
[0.257s] -- Detecting C compiler ABI info - done
[0.268s] -- Detecting C compile features
[0.268s] -- Detecting C compile features - done
[0.271s] -- Check for working CXX compiler: /usr/bin/c++
[0.349s] -- Check for working CXX compiler: /usr/bin/c++ -- works
[0.350s] -- Detecting CXX compiler ABI info
[0.421s] -- Detecting CXX compiler ABI info - done
[0.432s] -- Detecting CXX compile features
[0.433s] -- Detecting CXX compile features - done
[0.435s] -- Found ament_cmake: 0.9.7 (/opt/ros/foxy/share/ament_cmake/cmake)
[0.457s] -- Found PythonInterp: /usr/bin/python3 (found suitable version "3.8.5", minimum required is "3") 
[0.457s] -- Using PYTHON_EXECUTABLE: /usr/bin/python3
[0.626s] -- Found std_msgs: 2.0.3 (/opt/ros/foxy/share/std_msgs/cmake)
[0.639s] -- Using all available rosidl_typesupport_c: rosidl_typesupport_fastrtps_c;rosidl_typesupport_introspection_c
[0.645s] -- Found rosidl_adapter: 1.1.0 (/opt/ros/foxy/share/rosidl_adapter/cmake)
[0.707s] -- Found OpenSSL: /usr/lib/x86_64-linux-gnu/libcrypto.so (found version "1.1.1f")  
[0.730s] -- Found FastRTPS: /opt/ros/foxy/include  
[0.800s] -- Using all available rosidl_typesupport_cpp: rosidl_typesupport_fastrtps_cpp;rosidl_typesupport_introspection_cpp
[0.843s] -- Found rosidl_default_generators: 1.0.0 (/opt/ros/foxy/share/rosidl_default_generators/cmake)
[0.872s] -- Found PythonInterp: /usr/bin/python3 (found version "3.8.5") 
[1.031s] -- Found ament_cmake_ros: 0.9.0 (/opt/ros/foxy/share/ament_cmake_ros/cmake)
[1.190s] -- Using all available rosidl_typesupport_c: rosidl_typesupport_fastrtps_c;rosidl_typesupport_introspection_c
[1.250s] -- Using all available rosidl_typesupport_cpp: rosidl_typesupport_fastrtps_cpp;rosidl_typesupport_introspection_cpp
[1.272s] -- Found PythonInterp: /usr/bin/python3 (found suitable version "3.8.5", minimum required is "3.5") 
[1.273s] -- Found python_cmake_module: 0.8.0 (/opt/ros/foxy/share/python_cmake_module/cmake)
[1.296s] -- Found PythonLibs: /usr/lib/x86_64-linux-gnu/libpython3.8.so (found suitable version "3.8.5", minimum required is "3.5") 
[1.296s] -- Using PYTHON_EXECUTABLE: /usr/bin/python3
[1.297s] -- Using PYTHON_INCLUDE_DIRS: /usr/include/python3.8
[1.297s] -- Using PYTHON_LIBRARIES: /usr/lib/x86_64-linux-gnu/libpython3.8.so
[1.315s] -- Found PythonExtra: .so  
[1.377s] -- Configuring done
[1.424s] -- Generating done
[1.427s] -- Build files have been written to: /home/rtos/dev_ws/build/splash_interfaces
[1.433s] Invoked command in '/home/rtos/dev_ws/build/splash_interfaces' returned '0': CMAKE_PREFIX_PATH=/opt/ros/foxy /usr/bin/cmake /home/rtos/dev_ws/src/splash_interfaces -DCMAKE_INSTALL_PREFIX=/home/rtos/dev_ws/install/splash_interfaces
[1.436s] Invoking command in '/home/rtos/dev_ws/build/splash_interfaces': CMAKE_PREFIX_PATH=/opt/ros/foxy /usr/bin/cmake --build /home/rtos/dev_ws/build/splash_interfaces -- -j8 -l8
[1.472s] [35m[1mScanning dependencies of target splash_interfaces__cpp[0m
[1.474s] [  1%] [34m[1mGenerating C code for ROS interfaces[0m
[1.483s] [  3%] [34m[1mGenerating C++ code for ROS interfaces[0m
[1.897s] [  3%] Built target splash_interfaces__cpp
[1.910s] [  7%] [34m[1mGenerating C++ type support dispatch for ROS interfaces[0m
[1.911s] [  7%] [34m[1mGenerating C++ introspection for ROS interfaces[0m
[1.913s] [  9%] [34m[1mGenerating C++ type support for eProsima Fast-RTPS[0m
[1.918s] [35m[1mScanning dependencies of target splash_interfaces__rosidl_generator_c[0m
[1.936s] [ 12%] [32mBuilding C object CMakeFiles/splash_interfaces__rosidl_generator_c.dir/rosidl_generator_c/splash_interfaces/srv/detail/register_mode__functions.c.o[0m
[1.936s] [ 12%] [32mBuilding C object CMakeFiles/splash_interfaces__rosidl_generator_c.dir/rosidl_generator_c/splash_interfaces/srv/detail/request_mode_change__functions.c.o[0m
[1.938s] [ 14%] [32mBuilding C object CMakeFiles/splash_interfaces__rosidl_generator_c.dir/rosidl_generator_c/splash_interfaces/srv/detail/unregister_mode__functions.c.o[0m
[1.947s] [ 16%] [32mBuilding C object CMakeFiles/splash_interfaces__rosidl_generator_c.dir/rosidl_generator_c/splash_interfaces/msg/detail/splash_message__functions.c.o[0m
[2.032s] [ 18%] [32m[1mLinking C shared library libsplash_interfaces__rosidl_generator_c.so[0m
[2.085s] [ 18%] Built target splash_interfaces__rosidl_generator_c
[2.098s] [ 21%] [34m[1mGenerating C introspection for ROS interfaces[0m
[2.099s] [ 21%] [34m[1mGenerating C type support dispatch for ROS interfaces[0m
[2.412s] [35m[1mScanning dependencies of target splash_interfaces__rosidl_typesupport_cpp[0m
[2.440s] [ 23%] [32mBuilding CXX object CMakeFiles/splash_interfaces__rosidl_typesupport_cpp.dir/rosidl_typesupport_cpp/splash_interfaces/srv/request_mode_change__type_support.cpp.o[0m
[2.462s] [ 27%] [32mBuilding CXX object CMakeFiles/splash_interfaces__rosidl_typesupport_cpp.dir/rosidl_typesupport_cpp/splash_interfaces/srv/register_mode__type_support.cpp.o[0m
[2.465s] [ 25%] [32mBuilding CXX object CMakeFiles/splash_interfaces__rosidl_typesupport_cpp.dir/rosidl_typesupport_cpp/splash_interfaces/srv/unregister_mode__type_support.cpp.o[0m
[2.578s] [ 29%] [32mBuilding CXX object CMakeFiles/splash_interfaces__rosidl_typesupport_cpp.dir/rosidl_typesupport_cpp/splash_interfaces/msg/splash_message__type_support.cpp.o[0m
[2.611s] [35m[1mScanning dependencies of target splash_interfaces__rosidl_typesupport_introspection_cpp[0m
[2.706s] [ 30%] [32mBuilding CXX object CMakeFiles/splash_interfaces__rosidl_typesupport_introspection_cpp.dir/rosidl_typesupport_introspection_cpp/splash_interfaces/srv/detail/request_mode_change__type_support.cpp.o[0m
[2.757s] [35m[1mScanning dependencies of target splash_interfaces__rosidl_typesupport_c[0m
[2.846s] [ 32%] [32mBuilding CXX object CMakeFiles/splash_interfaces__rosidl_typesupport_c.dir/rosidl_typesupport_c/splash_interfaces/srv/request_mode_change__type_support.cpp.o[0m
[2.941s] [35m[1mScanning dependencies of target splash_interfaces__rosidl_typesupport_fastrtps_cpp[0m
[2.948s] [ 34%] [32mBuilding CXX object CMakeFiles/splash_interfaces__rosidl_typesupport_c.dir/rosidl_typesupport_c/splash_interfaces/srv/register_mode__type_support.cpp.o[0m
[3.007s] [35m[1mScanning dependencies of target splash_interfaces__rosidl_typesupport_introspection_c[0m
[3.019s] [ 36%] [32mBuilding CXX object CMakeFiles/splash_interfaces__rosidl_typesupport_c.dir/rosidl_typesupport_c/splash_interfaces/srv/unregister_mode__type_support.cpp.o[0m
[3.027s] [ 38%] [32mBuilding CXX object CMakeFiles/splash_interfaces__rosidl_typesupport_fastrtps_cpp.dir/rosidl_typesupport_fastrtps_cpp/splash_interfaces/srv/detail/dds_fastrtps/request_mode_change__type_support.cpp.o[0m
[3.063s] [ 40%] [32mBuilding C object CMakeFiles/splash_interfaces__rosidl_typesupport_introspection_c.dir/rosidl_typesupport_introspection_c/splash_interfaces/srv/detail/request_mode_change__type_support.c.o[0m
[3.091s] [ 43%] [32mBuilding C object CMakeFiles/splash_interfaces__rosidl_typesupport_introspection_c.dir/rosidl_typesupport_introspection_c/splash_interfaces/srv/detail/register_mode__type_support.c.o[0m
[3.099s] [ 43%] [32mBuilding CXX object CMakeFiles/splash_interfaces__rosidl_typesupport_fastrtps_cpp.dir/rosidl_typesupport_fastrtps_cpp/splash_interfaces/srv/detail/dds_fastrtps/register_mode__type_support.cpp.o[0m
[3.186s] [ 45%] [32mBuilding CXX object CMakeFiles/splash_interfaces__rosidl_typesupport_c.dir/rosidl_typesupport_c/splash_interfaces/msg/splash_message__type_support.cpp.o[0m
[3.238s] [ 47%] [32mBuilding CXX object CMakeFiles/splash_interfaces__rosidl_typesupport_fastrtps_cpp.dir/rosidl_typesupport_fastrtps_cpp/splash_interfaces/srv/detail/dds_fastrtps/unregister_mode__type_support.cpp.o[0m
[3.276s] [ 49%] [32mBuilding C object CMakeFiles/splash_interfaces__rosidl_typesupport_introspection_c.dir/rosidl_typesupport_introspection_c/splash_interfaces/srv/detail/unregister_mode__type_support.c.o[0m
[3.312s] [ 50%] [32m[1mLinking CXX shared library libsplash_interfaces__rosidl_typesupport_cpp.so[0m
[3.363s] [ 52%] [32m[1mLinking CXX shared library libsplash_interfaces__rosidl_typesupport_c.so[0m
[3.364s] [ 54%] [32mBuilding CXX object CMakeFiles/splash_interfaces__rosidl_typesupport_fastrtps_cpp.dir/rosidl_typesupport_fastrtps_cpp/splash_interfaces/msg/detail/dds_fastrtps/splash_message__type_support.cpp.o[0m
[3.440s] [ 56%] [32mBuilding CXX object CMakeFiles/splash_interfaces__rosidl_typesupport_introspection_cpp.dir/rosidl_typesupport_introspection_cpp/splash_interfaces/srv/detail/register_mode__type_support.cpp.o[0m
[3.555s] [ 58%] [32mBuilding C object CMakeFiles/splash_interfaces__rosidl_typesupport_introspection_c.dir/rosidl_typesupport_introspection_c/splash_interfaces/msg/detail/splash_message__type_support.c.o[0m
[3.655s] [ 58%] Built target splash_interfaces__rosidl_typesupport_cpp
[3.739s] [ 60%] [32mBuilding CXX object CMakeFiles/splash_interfaces__rosidl_typesupport_introspection_cpp.dir/rosidl_typesupport_introspection_cpp/splash_interfaces/srv/detail/unregister_mode__type_support.cpp.o[0m
[3.763s] [ 60%] Built target splash_interfaces__rosidl_typesupport_c
[3.815s] [ 61%] [32m[1mLinking C shared library libsplash_interfaces__rosidl_typesupport_introspection_c.so[0m
[3.824s] [ 63%] [32mBuilding CXX object CMakeFiles/splash_interfaces__rosidl_typesupport_introspection_cpp.dir/rosidl_typesupport_introspection_cpp/splash_interfaces/msg/detail/splash_message__type_support.cpp.o[0m
[4.019s] [ 63%] Built target splash_interfaces__rosidl_typesupport_introspection_c
[4.424s] [ 65%] [32m[1mLinking CXX shared library libsplash_interfaces__rosidl_typesupport_fastrtps_cpp.so[0m
[4.442s] [ 67%] [32m[1mLinking CXX shared library libsplash_interfaces__rosidl_typesupport_introspection_cpp.so[0m
[4.540s] [ 67%] Built target splash_interfaces__rosidl_typesupport_introspection_cpp
[4.557s] [ 67%] Built target splash_interfaces__rosidl_typesupport_fastrtps_cpp
[4.570s] [ 69%] [34m[1mGenerating C type support for eProsima Fast-RTPS[0m
[4.961s] [35m[1mScanning dependencies of target splash_interfaces__rosidl_typesupport_fastrtps_c[0m
[4.986s] [ 70%] [32mBuilding CXX object CMakeFiles/splash_interfaces__rosidl_typesupport_fastrtps_c.dir/rosidl_typesupport_fastrtps_c/splash_interfaces/srv/detail/register_mode__type_support_c.cpp.o[0m
[4.987s] [ 72%] [32mBuilding CXX object CMakeFiles/splash_interfaces__rosidl_typesupport_fastrtps_c.dir/rosidl_typesupport_fastrtps_c/splash_interfaces/srv/detail/request_mode_change__type_support_c.cpp.o[0m
[4.989s] [ 74%] [32mBuilding CXX object CMakeFiles/splash_interfaces__rosidl_typesupport_fastrtps_c.dir/rosidl_typesupport_fastrtps_c/splash_interfaces/srv/detail/unregister_mode__type_support_c.cpp.o[0m
[4.992s] [ 76%] [32mBuilding CXX object CMakeFiles/splash_interfaces__rosidl_typesupport_fastrtps_c.dir/rosidl_typesupport_fastrtps_c/splash_interfaces/msg/detail/splash_message__type_support_c.cpp.o[0m
[5.565s] [ 78%] [32m[1mLinking CXX shared library libsplash_interfaces__rosidl_typesupport_fastrtps_c.so[0m
[5.655s] [ 78%] Built target splash_interfaces__rosidl_typesupport_fastrtps_c
[5.665s] [35m[1mScanning dependencies of target splash_interfaces[0m
[5.676s] [ 78%] Built target splash_interfaces
[5.689s] [35m[1mScanning dependencies of target splash_interfaces__py[0m
[5.700s] [ 80%] [34m[1mGenerating Python code for ROS interfaces[0m
[6.520s] [ 80%] Built target splash_interfaces__py
[6.533s] [35m[1mScanning dependencies of target splash_interfaces__python[0m
[6.566s] [ 83%] [32mBuilding C object CMakeFiles/splash_interfaces__python.dir/rosidl_generator_py/splash_interfaces/srv/_request_mode_change_s.c.o[0m
[6.566s] [ 83%] [32mBuilding C object CMakeFiles/splash_interfaces__python.dir/rosidl_generator_py/splash_interfaces/srv/_register_mode_s.c.o[0m
[6.566s] [ 85%] [32mBuilding C object CMakeFiles/splash_interfaces__python.dir/rosidl_generator_py/splash_interfaces/msg/_splash_message_s.c.o[0m
[6.567s] [ 87%] [32mBuilding C object CMakeFiles/splash_interfaces__python.dir/rosidl_generator_py/splash_interfaces/srv/_unregister_mode_s.c.o[0m
[6.709s] [ 89%] [32m[1mLinking C shared library rosidl_generator_py/splash_interfaces/libsplash_interfaces__python.so[0m
[6.751s] [ 89%] Built target splash_interfaces__python
[6.761s] [35m[1mScanning dependencies of target splash_interfaces__rosidl_typesupport_fastrtps_c__pyext[0m
[6.763s] [35m[1mScanning dependencies of target splash_interfaces__rosidl_typesupport_introspection_c__pyext[0m
[6.763s] [35m[1mScanning dependencies of target splash_interfaces__rosidl_typesupport_c__pyext[0m
[6.783s] [ 90%] [32mBuilding C object CMakeFiles/splash_interfaces__rosidl_typesupport_introspection_c__pyext.dir/rosidl_generator_py/splash_interfaces/_splash_interfaces_s.ep.rosidl_typesupport_introspection_c.c.o[0m
[6.783s] [ 92%] [32mBuilding C object CMakeFiles/splash_interfaces__rosidl_typesupport_fastrtps_c__pyext.dir/rosidl_generator_py/splash_interfaces/_splash_interfaces_s.ep.rosidl_typesupport_fastrtps_c.c.o[0m
[6.786s] [ 94%] [32mBuilding C object CMakeFiles/splash_interfaces__rosidl_typesupport_c__pyext.dir/rosidl_generator_py/splash_interfaces/_splash_interfaces_s.ep.rosidl_typesupport_c.c.o[0m
[6.885s] [ 96%] [32m[1mLinking CXX shared library rosidl_generator_py/splash_interfaces/splash_interfaces_s__rosidl_typesupport_fastrtps_c.cpython-38-x86_64-linux-gnu.so[0m
[6.887s] [ 98%] [32m[1mLinking C shared library rosidl_generator_py/splash_interfaces/splash_interfaces_s__rosidl_typesupport_c.cpython-38-x86_64-linux-gnu.so[0m
[6.906s] [100%] [32m[1mLinking C shared library rosidl_generator_py/splash_interfaces/splash_interfaces_s__rosidl_typesupport_introspection_c.cpython-38-x86_64-linux-gnu.so[0m
[6.927s] [100%] Built target splash_interfaces__rosidl_typesupport_c__pyext
[6.949s] [100%] Built target splash_interfaces__rosidl_typesupport_introspection_c__pyext
[6.952s] [100%] Built target splash_interfaces__rosidl_typesupport_fastrtps_c__pyext
[6.963s] Invoked command in '/home/rtos/dev_ws/build/splash_interfaces' returned '0': CMAKE_PREFIX_PATH=/opt/ros/foxy /usr/bin/cmake --build /home/rtos/dev_ws/build/splash_interfaces -- -j8 -l8
[7.055s] Invoking command in '/home/rtos/dev_ws/build/splash_interfaces': CMAKE_PREFIX_PATH=/opt/ros/foxy /usr/bin/cmake --install /home/rtos/dev_ws/build/splash_interfaces
[7.067s] -- Install configuration: ""
[7.067s] -- Installing: /home/rtos/dev_ws/install/splash_interfaces/share/ament_index/resource_index/rosidl_interfaces/splash_interfaces
[7.067s] -- Installing: /home/rtos/dev_ws/install/splash_interfaces/include/splash_interfaces
[7.068s] -- Installing: /home/rtos/dev_ws/install/splash_interfaces/include/splash_interfaces/msg
[7.068s] -- Installing: /home/rtos/dev_ws/install/splash_interfaces/include/splash_interfaces/msg/detail
[7.068s] -- Installing: /home/rtos/dev_ws/install/splash_interfaces/include/splash_interfaces/msg/detail/splash_message__functions.h
[7.068s] -- Installing: /home/rtos/dev_ws/install/splash_interfaces/include/splash_interfaces/msg/detail/splash_message__struct.h
[7.068s] -- Installing: /home/rtos/dev_ws/install/splash_interfaces/include/splash_interfaces/msg/detail/splash_message__type_support.h
[7.068s] -- Installing: /home/rtos/dev_ws/install/splash_interfaces/include/splash_interfaces/msg/detail/splash_message__functions.c
[7.068s] -- Installing: /home/rtos/dev_ws/install/splash_interfaces/include/splash_interfaces/msg/rosidl_generator_c__visibility_control.h
[7.069s] -- Installing: /home/rtos/dev_ws/install/splash_interfaces/include/splash_interfaces/msg/splash_message.h
[7.069s] -- Installing: /home/rtos/dev_ws/install/splash_interfaces/include/splash_interfaces/srv
[7.069s] -- Installing: /home/rtos/dev_ws/install/splash_interfaces/include/splash_interfaces/srv/detail
[7.069s] -- Installing: /home/rtos/dev_ws/install/splash_interfaces/include/splash_interfaces/srv/detail/unregister_mode__functions.h
[7.069s] -- Installing: /home/rtos/dev_ws/install/splash_interfaces/include/splash_interfaces/srv/detail/register_mode__type_support.h
[7.069s] -- Installing: /home/rtos/dev_ws/install/splash_interfaces/include/splash_interfaces/srv/detail/unregister_mode__functions.c
[7.069s] -- Installing: /home/rtos/dev_ws/install/splash_interfaces/include/splash_interfaces/srv/detail/unregister_mode__type_support.h
[7.070s] -- Installing: /home/rtos/dev_ws/install/splash_interfaces/include/splash_interfaces/srv/detail/request_mode_change__struct.h
[7.070s] -- Installing: /home/rtos/dev_ws/install/splash_interfaces/include/splash_interfaces/srv/detail/request_mode_change__functions.c
[7.070s] -- Installing: /home/rtos/dev_ws/install/splash_interfaces/include/splash_interfaces/srv/detail/request_mode_change__type_support.h
[7.070s] -- Installing: /home/rtos/dev_ws/install/splash_interfaces/include/splash_interfaces/srv/detail/unregister_mode__struct.h
[7.070s] -- Installing: /home/rtos/dev_ws/install/splash_interfaces/include/splash_interfaces/srv/detail/register_mode__struct.h
[7.070s] -- Installing: /home/rtos/dev_ws/install/splash_interfaces/include/splash_interfaces/srv/detail/register_mode__functions.h
[7.071s] -- Installing: /home/rtos/dev_ws/install/splash_interfaces/include/splash_interfaces/srv/detail/request_mode_change__functions.h
[7.071s] -- Installing: /home/rtos/dev_ws/install/splash_interfaces/include/splash_interfaces/srv/detail/register_mode__functions.c
[7.071s] -- Installing: /home/rtos/dev_ws/install/splash_interfaces/include/splash_interfaces/srv/unregister_mode.h
[7.071s] -- Installing: /home/rtos/dev_ws/install/splash_interfaces/include/splash_interfaces/srv/register_mode.h
[7.071s] -- Installing: /home/rtos/dev_ws/install/splash_interfaces/include/splash_interfaces/srv/request_mode_change.h
[7.071s] -- Installing: /home/rtos/dev_ws/install/splash_interfaces/share/splash_interfaces/environment/library_path.sh
[7.071s] -- Installing: /home/rtos/dev_ws/install/splash_interfaces/share/splash_interfaces/environment/library_path.dsv
[7.072s] -- Installing: /home/rtos/dev_ws/install/splash_interfaces/lib/libsplash_interfaces__rosidl_generator_c.so
[7.072s] -- Set runtime path of "/home/rtos/dev_ws/install/splash_interfaces/lib/libsplash_interfaces__rosidl_generator_c.so" to ""
[7.072s] -- Up-to-date: /home/rtos/dev_ws/install/splash_interfaces/include/splash_interfaces
[7.072s] -- Up-to-date: /home/rtos/dev_ws/install/splash_interfaces/include/splash_interfaces/msg
[7.072s] -- Up-to-date: /home/rtos/dev_ws/install/splash_interfaces/include/splash_interfaces/msg/detail
[7.072s] -- Installing: /home/rtos/dev_ws/install/splash_interfaces/include/splash_interfaces/msg/detail/splash_message__rosidl_typesupport_fastrtps_c.h
[7.072s] -- Installing: /home/rtos/dev_ws/install/splash_interfaces/include/splash_interfaces/msg/rosidl_typesupport_fastrtps_c__visibility_control.h
[7.073s] -- Up-to-date: /home/rtos/dev_ws/install/splash_interfaces/include/splash_interfaces/srv
[7.073s] -- Up-to-date: /home/rtos/dev_ws/install/splash_interfaces/include/splash_interfaces/srv/detail
[7.073s] -- Installing: /home/rtos/dev_ws/install/splash_interfaces/include/splash_interfaces/srv/detail/register_mode__rosidl_typesupport_fastrtps_c.h
[7.073s] -- Installing: /home/rtos/dev_ws/install/splash_interfaces/include/splash_interfaces/srv/detail/unregister_mode__rosidl_typesupport_fastrtps_c.h
[7.073s] -- Installing: /home/rtos/dev_ws/install/splash_interfaces/include/splash_interfaces/srv/detail/request_mode_change__rosidl_typesupport_fastrtps_c.h
[7.073s] -- Installing: /home/rtos/dev_ws/install/splash_interfaces/lib/libsplash_interfaces__rosidl_typesupport_fastrtps_c.so
[7.073s] -- Set runtime path of "/home/rtos/dev_ws/install/splash_interfaces/lib/libsplash_interfaces__rosidl_typesupport_fastrtps_c.so" to ""
[7.074s] -- Up-to-date: /home/rtos/dev_ws/install/splash_interfaces/include/splash_interfaces
[7.074s] -- Up-to-date: /home/rtos/dev_ws/install/splash_interfaces/include/splash_interfaces/msg
[7.074s] -- Up-to-date: /home/rtos/dev_ws/install/splash_interfaces/include/splash_interfaces/msg/detail
[7.074s] -- Installing: /home/rtos/dev_ws/install/splash_interfaces/include/splash_interfaces/msg/detail/dds_fastrtps
[7.074s] -- Installing: /home/rtos/dev_ws/install/splash_interfaces/include/splash_interfaces/msg/detail/splash_message__rosidl_typesupport_fastrtps_cpp.hpp
[7.075s] -- Installing: /home/rtos/dev_ws/install/splash_interfaces/include/splash_interfaces/msg/rosidl_typesupport_fastrtps_cpp__visibility_control.h
[7.075s] -- Up-to-date: /home/rtos/dev_ws/install/splash_interfaces/include/splash_interfaces/srv
[7.075s] -- Up-to-date: /home/rtos/dev_ws/install/splash_interfaces/include/splash_interfaces/srv/detail
[7.075s] -- Installing: /home/rtos/dev_ws/install/splash_interfaces/include/splash_interfaces/srv/detail/dds_fastrtps
[7.075s] -- Installing: /home/rtos/dev_ws/install/splash_interfaces/include/splash_interfaces/srv/detail/register_mode__rosidl_typesupport_fastrtps_cpp.hpp
[7.075s] -- Installing: /home/rtos/dev_ws/install/splash_interfaces/include/splash_interfaces/srv/detail/request_mode_change__rosidl_typesupport_fastrtps_cpp.hpp
[7.076s] -- Installing: /home/rtos/dev_ws/install/splash_interfaces/include/splash_interfaces/srv/detail/unregister_mode__rosidl_typesupport_fastrtps_cpp.hpp
[7.076s] -- Installing: /home/rtos/dev_ws/install/splash_interfaces/lib/libsplash_interfaces__rosidl_typesupport_fastrtps_cpp.so
[7.076s] -- Set runtime path of "/home/rtos/dev_ws/install/splash_interfaces/lib/libsplash_interfaces__rosidl_typesupport_fastrtps_cpp.so" to ""
[7.076s] -- Up-to-date: /home/rtos/dev_ws/install/splash_interfaces/include/splash_interfaces
[7.076s] -- Up-to-date: /home/rtos/dev_ws/install/splash_interfaces/include/splash_interfaces/msg
[7.076s] -- Up-to-date: /home/rtos/dev_ws/install/splash_interfaces/include/splash_interfaces/msg/detail
[7.076s] -- Installing: /home/rtos/dev_ws/install/splash_interfaces/include/splash_interfaces/msg/detail/splash_message__rosidl_typesupport_introspection_c.h
[7.076s] -- Installing: /home/rtos/dev_ws/install/splash_interfaces/include/splash_interfaces/msg/detail/splash_message__type_support.c
[7.077s] -- Installing: /home/rtos/dev_ws/install/splash_interfaces/include/splash_interfaces/msg/rosidl_typesupport_introspection_c__visibility_control.h
[7.077s] -- Up-to-date: /home/rtos/dev_ws/install/splash_interfaces/include/splash_interfaces/srv
[7.077s] -- Up-to-date: /home/rtos/dev_ws/install/splash_interfaces/include/splash_interfaces/srv/detail
[7.077s] -- Installing: /home/rtos/dev_ws/install/splash_interfaces/include/splash_interfaces/srv/detail/register_mode__type_support.c
[7.077s] -- Installing: /home/rtos/dev_ws/install/splash_interfaces/include/splash_interfaces/srv/detail/register_mode__rosidl_typesupport_introspection_c.h
[7.077s] -- Installing: /home/rtos/dev_ws/install/splash_interfaces/include/splash_interfaces/srv/detail/request_mode_change__type_support.c
[7.077s] -- Installing: /home/rtos/dev_ws/install/splash_interfaces/include/splash_interfaces/srv/detail/unregister_mode__rosidl_typesupport_introspection_c.h
[7.078s] -- Installing: /home/rtos/dev_ws/install/splash_interfaces/include/splash_interfaces/srv/detail/request_mode_change__rosidl_typesupport_introspection_c.h
[7.078s] -- Installing: /home/rtos/dev_ws/install/splash_interfaces/include/splash_interfaces/srv/detail/unregister_mode__type_support.c
[7.078s] -- Installing: /home/rtos/dev_ws/install/splash_interfaces/lib/libsplash_interfaces__rosidl_typesupport_introspection_c.so
[7.078s] -- Set runtime path of "/home/rtos/dev_ws/install/splash_interfaces/lib/libsplash_interfaces__rosidl_typesupport_introspection_c.so" to ""
[7.078s] -- Installing: /home/rtos/dev_ws/install/splash_interfaces/lib/libsplash_interfaces__rosidl_typesupport_c.so
[7.078s] -- Set runtime path of "/home/rtos/dev_ws/install/splash_interfaces/lib/libsplash_interfaces__rosidl_typesupport_c.so" to ""
[7.078s] -- Up-to-date: /home/rtos/dev_ws/install/splash_interfaces/include/splash_interfaces
[7.079s] -- Up-to-date: /home/rtos/dev_ws/install/splash_interfaces/include/splash_interfaces/msg
[7.079s] -- Up-to-date: /home/rtos/dev_ws/install/splash_interfaces/include/splash_interfaces/msg/detail
[7.079s] -- Installing: /home/rtos/dev_ws/install/splash_interfaces/include/splash_interfaces/msg/detail/splash_message__traits.hpp
[7.079s] -- Installing: /home/rtos/dev_ws/install/splash_interfaces/include/splash_interfaces/msg/detail/splash_message__struct.hpp
[7.079s] -- Installing: /home/rtos/dev_ws/install/splash_interfaces/include/splash_interfaces/msg/detail/splash_message__builder.hpp
[7.079s] -- Installing: /home/rtos/dev_ws/install/splash_interfaces/include/splash_interfaces/msg/splash_message.hpp
[7.079s] -- Up-to-date: /home/rtos/dev_ws/install/splash_interfaces/include/splash_interfaces/srv
[7.079s] -- Up-to-date: /home/rtos/dev_ws/install/splash_interfaces/include/splash_interfaces/srv/detail
[7.079s] -- Installing: /home/rtos/dev_ws/install/splash_interfaces/include/splash_interfaces/srv/detail/unregister_mode__struct.hpp
[7.080s] -- Installing: /home/rtos/dev_ws/install/splash_interfaces/include/splash_interfaces/srv/detail/register_mode__traits.hpp
[7.080s] -- Installing: /home/rtos/dev_ws/install/splash_interfaces/include/splash_interfaces/srv/detail/register_mode__struct.hpp
[7.080s] -- Installing: /home/rtos/dev_ws/install/splash_interfaces/include/splash_interfaces/srv/detail/request_mode_change__traits.hpp
[7.080s] -- Installing: /home/rtos/dev_ws/install/splash_interfaces/include/splash_interfaces/srv/detail/unregister_mode__traits.hpp
[7.080s] -- Installing: /home/rtos/dev_ws/install/splash_interfaces/include/splash_interfaces/srv/detail/request_mode_change__struct.hpp
[7.080s] -- Installing: /home/rtos/dev_ws/install/splash_interfaces/include/splash_interfaces/srv/detail/unregister_mode__builder.hpp
[7.080s] -- Installing: /home/rtos/dev_ws/install/splash_interfaces/include/splash_interfaces/srv/detail/request_mode_change__builder.hpp
[7.080s] -- Installing: /home/rtos/dev_ws/install/splash_interfaces/include/splash_interfaces/srv/detail/register_mode__builder.hpp
[7.081s] -- Installing: /home/rtos/dev_ws/install/splash_interfaces/include/splash_interfaces/srv/request_mode_change.hpp
[7.081s] -- Installing: /home/rtos/dev_ws/install/splash_interfaces/include/splash_interfaces/srv/register_mode.hpp
[7.081s] -- Installing: /home/rtos/dev_ws/install/splash_interfaces/include/splash_interfaces/srv/unregister_mode.hpp
[7.081s] -- Up-to-date: /home/rtos/dev_ws/install/splash_interfaces/include/splash_interfaces
[7.081s] -- Up-to-date: /home/rtos/dev_ws/install/splash_interfaces/include/splash_interfaces/msg
[7.081s] -- Up-to-date: /home/rtos/dev_ws/install/splash_interfaces/include/splash_interfaces/msg/detail
[7.081s] -- Installing: /home/rtos/dev_ws/install/splash_interfaces/include/splash_interfaces/msg/detail/splash_message__type_support.cpp
[7.081s] -- Installing: /home/rtos/dev_ws/install/splash_interfaces/include/splash_interfaces/msg/detail/splash_message__rosidl_typesupport_introspection_cpp.hpp
[7.082s] -- Up-to-date: /home/rtos/dev_ws/install/splash_interfaces/include/splash_interfaces/srv
[7.082s] -- Up-to-date: /home/rtos/dev_ws/install/splash_interfaces/include/splash_interfaces/srv/detail
[7.082s] -- Installing: /home/rtos/dev_ws/install/splash_interfaces/include/splash_interfaces/srv/detail/register_mode__rosidl_typesupport_introspection_cpp.hpp
[7.082s] -- Installing: /home/rtos/dev_ws/install/splash_interfaces/include/splash_interfaces/srv/detail/request_mode_change__type_support.cpp
[7.082s] -- Installing: /home/rtos/dev_ws/install/splash_interfaces/include/splash_interfaces/srv/detail/unregister_mode__type_support.cpp
[7.082s] -- Installing: /home/rtos/dev_ws/install/splash_interfaces/include/splash_interfaces/srv/detail/request_mode_change__rosidl_typesupport_introspection_cpp.hpp
[7.082s] -- Installing: /home/rtos/dev_ws/install/splash_interfaces/include/splash_interfaces/srv/detail/unregister_mode__rosidl_typesupport_introspection_cpp.hpp
[7.082s] -- Installing: /home/rtos/dev_ws/install/splash_interfaces/include/splash_interfaces/srv/detail/register_mode__type_support.cpp
[7.082s] -- Installing: /home/rtos/dev_ws/install/splash_interfaces/lib/libsplash_interfaces__rosidl_typesupport_introspection_cpp.so
[7.083s] -- Set runtime path of "/home/rtos/dev_ws/install/splash_interfaces/lib/libsplash_interfaces__rosidl_typesupport_introspection_cpp.so" to ""
[7.083s] -- Installing: /home/rtos/dev_ws/install/splash_interfaces/lib/libsplash_interfaces__rosidl_typesupport_cpp.so
[7.083s] -- Set runtime path of "/home/rtos/dev_ws/install/splash_interfaces/lib/libsplash_interfaces__rosidl_typesupport_cpp.so" to ""
[7.083s] -- Installing: /home/rtos/dev_ws/install/splash_interfaces/share/splash_interfaces/environment/pythonpath.sh
[7.083s] -- Installing: /home/rtos/dev_ws/install/splash_interfaces/share/splash_interfaces/environment/pythonpath.dsv
[7.083s] -- Installing: /home/rtos/dev_ws/install/splash_interfaces/lib/python3.8/site-packages/splash_interfaces/__init__.py
[7.105s] Compiling '/home/rtos/dev_ws/install/splash_interfaces/lib/python3.8/site-packages/splash_interfaces/__init__.py'...
[7.110s] -- Installing: /home/rtos/dev_ws/install/splash_interfaces/lib/python3.8/site-packages/splash_interfaces/srv
[7.110s] -- Installing: /home/rtos/dev_ws/install/splash_interfaces/lib/python3.8/site-packages/splash_interfaces/srv/_register_mode_s.c
[7.110s] -- Installing: /home/rtos/dev_ws/install/splash_interfaces/lib/python3.8/site-packages/splash_interfaces/srv/_request_mode_change_s.c
[7.110s] -- Installing: /home/rtos/dev_ws/install/splash_interfaces/lib/python3.8/site-packages/splash_interfaces/srv/__init__.py
[7.111s] -- Installing: /home/rtos/dev_ws/install/splash_interfaces/lib/python3.8/site-packages/splash_interfaces/srv/_request_mode_change.py
[7.111s] -- Installing: /home/rtos/dev_ws/install/splash_interfaces/lib/python3.8/site-packages/splash_interfaces/srv/_register_mode.py
[7.111s] -- Installing: /home/rtos/dev_ws/install/splash_interfaces/lib/python3.8/site-packages/splash_interfaces/srv/_unregister_mode.py
[7.111s] -- Installing: /home/rtos/dev_ws/install/splash_interfaces/lib/python3.8/site-packages/splash_interfaces/srv/_unregister_mode_s.c
[7.111s] -- Installing: /home/rtos/dev_ws/install/splash_interfaces/lib/python3.8/site-packages/splash_interfaces/msg
[7.111s] -- Installing: /home/rtos/dev_ws/install/splash_interfaces/lib/python3.8/site-packages/splash_interfaces/msg/_splash_message.py
[7.111s] -- Installing: /home/rtos/dev_ws/install/splash_interfaces/lib/python3.8/site-packages/splash_interfaces/msg/__init__.py
[7.112s] -- Installing: /home/rtos/dev_ws/install/splash_interfaces/lib/python3.8/site-packages/splash_interfaces/msg/_splash_message_s.c
[7.112s] -- Installing: /home/rtos/dev_ws/install/splash_interfaces/lib/python3.8/site-packages/splash_interfaces/splash_interfaces_s__rosidl_typesupport_fastrtps_c.cpython-38-x86_64-linux-gnu.so
[7.112s] -- Set runtime path of "/home/rtos/dev_ws/install/splash_interfaces/lib/python3.8/site-packages/splash_interfaces/splash_interfaces_s__rosidl_typesupport_fastrtps_c.cpython-38-x86_64-linux-gnu.so" to ""
[7.112s] -- Installing: /home/rtos/dev_ws/install/splash_interfaces/lib/python3.8/site-packages/splash_interfaces/splash_interfaces_s__rosidl_typesupport_introspection_c.cpython-38-x86_64-linux-gnu.so
[7.112s] -- Set runtime path of "/home/rtos/dev_ws/install/splash_interfaces/lib/python3.8/site-packages/splash_interfaces/splash_interfaces_s__rosidl_typesupport_introspection_c.cpython-38-x86_64-linux-gnu.so" to ""
[7.113s] -- Installing: /home/rtos/dev_ws/install/splash_interfaces/lib/python3.8/site-packages/splash_interfaces/splash_interfaces_s__rosidl_typesupport_c.cpython-38-x86_64-linux-gnu.so
[7.113s] -- Set runtime path of "/home/rtos/dev_ws/install/splash_interfaces/lib/python3.8/site-packages/splash_interfaces/splash_interfaces_s__rosidl_typesupport_c.cpython-38-x86_64-linux-gnu.so" to ""
[7.113s] -- Installing: /home/rtos/dev_ws/install/splash_interfaces/lib/libsplash_interfaces__python.so
[7.114s] -- Set runtime path of "/home/rtos/dev_ws/install/splash_interfaces/lib/libsplash_interfaces__python.so" to ""
[7.114s] -- Installing: /home/rtos/dev_ws/install/splash_interfaces/share/splash_interfaces/srv/RequestModeChange.idl
[7.114s] -- Installing: /home/rtos/dev_ws/install/splash_interfaces/share/splash_interfaces/srv/RegisterMode.idl
[7.114s] -- Installing: /home/rtos/dev_ws/install/splash_interfaces/share/splash_interfaces/srv/UnregisterMode.idl
[7.114s] -- Installing: /home/rtos/dev_ws/install/splash_interfaces/share/splash_interfaces/msg/SplashMessage.idl
[7.114s] -- Installing: /home/rtos/dev_ws/install/splash_interfaces/share/splash_interfaces/srv/RequestModeChange.srv
[7.114s] -- Installing: /home/rtos/dev_ws/install/splash_interfaces/share/splash_interfaces/srv/RequestModeChange_Request.msg
[7.115s] -- Installing: /home/rtos/dev_ws/install/splash_interfaces/share/splash_interfaces/srv/RequestModeChange_Response.msg
[7.115s] -- Installing: /home/rtos/dev_ws/install/splash_interfaces/share/splash_interfaces/srv/RegisterMode.srv
[7.115s] -- Installing: /home/rtos/dev_ws/install/splash_interfaces/share/splash_interfaces/srv/RegisterMode_Request.msg
[7.115s] -- Installing: /home/rtos/dev_ws/install/splash_interfaces/share/splash_interfaces/srv/RegisterMode_Response.msg
[7.115s] -- Installing: /home/rtos/dev_ws/install/splash_interfaces/share/splash_interfaces/srv/UnregisterMode.srv
[7.115s] -- Installing: /home/rtos/dev_ws/install/splash_interfaces/share/splash_interfaces/srv/UnregisterMode_Request.msg
[7.115s] -- Installing: /home/rtos/dev_ws/install/splash_interfaces/share/splash_interfaces/srv/UnregisterMode_Response.msg
[7.115s] -- Installing: /home/rtos/dev_ws/install/splash_interfaces/share/splash_interfaces/msg/SplashMessage.msg
[7.116s] -- Installing: /home/rtos/dev_ws/install/splash_interfaces/share/ament_index/resource_index/package_run_dependencies/splash_interfaces
[7.116s] -- Installing: /home/rtos/dev_ws/install/splash_interfaces/share/ament_index/resource_index/parent_prefix_path/splash_interfaces
[7.116s] -- Installing: /home/rtos/dev_ws/install/splash_interfaces/share/splash_interfaces/environment/ament_prefix_path.sh
[7.116s] -- Installing: /home/rtos/dev_ws/install/splash_interfaces/share/splash_interfaces/environment/ament_prefix_path.dsv
[7.116s] -- Installing: /home/rtos/dev_ws/install/splash_interfaces/share/splash_interfaces/environment/path.sh
[7.116s] -- Installing: /home/rtos/dev_ws/install/splash_interfaces/share/splash_interfaces/environment/path.dsv
[7.116s] -- Installing: /home/rtos/dev_ws/install/splash_interfaces/share/splash_interfaces/local_setup.bash
[7.117s] -- Installing: /home/rtos/dev_ws/install/splash_interfaces/share/splash_interfaces/local_setup.sh
[7.117s] -- Installing: /home/rtos/dev_ws/install/splash_interfaces/share/splash_interfaces/local_setup.zsh
[7.117s] -- Installing: /home/rtos/dev_ws/install/splash_interfaces/share/splash_interfaces/local_setup.dsv
[7.117s] -- Installing: /home/rtos/dev_ws/install/splash_interfaces/share/splash_interfaces/package.dsv
[7.117s] -- Installing: /home/rtos/dev_ws/install/splash_interfaces/share/ament_index/resource_index/packages/splash_interfaces
[7.117s] -- Installing: /home/rtos/dev_ws/install/splash_interfaces/share/splash_interfaces/cmake/splash_interfaces__rosidl_generator_cExport.cmake
[7.117s] -- Installing: /home/rtos/dev_ws/install/splash_interfaces/share/splash_interfaces/cmake/splash_interfaces__rosidl_generator_cExport-noconfig.cmake
[7.117s] -- Installing: /home/rtos/dev_ws/install/splash_interfaces/share/splash_interfaces/cmake/splash_interfaces__rosidl_typesupport_introspection_cExport.cmake
[7.118s] -- Installing: /home/rtos/dev_ws/install/splash_interfaces/share/splash_interfaces/cmake/splash_interfaces__rosidl_typesupport_introspection_cExport-noconfig.cmake
[7.118s] -- Installing: /home/rtos/dev_ws/install/splash_interfaces/share/splash_interfaces/cmake/splash_interfaces__rosidl_typesupport_cExport.cmake
[7.118s] -- Installing: /home/rtos/dev_ws/install/splash_interfaces/share/splash_interfaces/cmake/splash_interfaces__rosidl_typesupport_cExport-noconfig.cmake
[7.118s] -- Installing: /home/rtos/dev_ws/install/splash_interfaces/share/splash_interfaces/cmake/splash_interfaces__rosidl_generator_cppExport.cmake
[7.118s] -- Installing: /home/rtos/dev_ws/install/splash_interfaces/share/splash_interfaces/cmake/splash_interfaces__rosidl_typesupport_introspection_cppExport.cmake
[7.118s] -- Installing: /home/rtos/dev_ws/install/splash_interfaces/share/splash_interfaces/cmake/splash_interfaces__rosidl_typesupport_introspection_cppExport-noconfig.cmake
[7.118s] -- Installing: /home/rtos/dev_ws/install/splash_interfaces/share/splash_interfaces/cmake/splash_interfaces__rosidl_typesupport_cppExport.cmake
[7.118s] -- Installing: /home/rtos/dev_ws/install/splash_interfaces/share/splash_interfaces/cmake/splash_interfaces__rosidl_typesupport_cppExport-noconfig.cmake
[7.119s] -- Installing: /home/rtos/dev_ws/install/splash_interfaces/share/splash_interfaces/cmake/rosidl_cmake-extras.cmake
[7.119s] -- Installing: /home/rtos/dev_ws/install/splash_interfaces/share/splash_interfaces/cmake/ament_cmake_export_dependencies-extras.cmake
[7.119s] -- Installing: /home/rtos/dev_ws/install/splash_interfaces/share/splash_interfaces/cmake/ament_cmake_export_libraries-extras.cmake
[7.119s] -- Installing: /home/rtos/dev_ws/install/splash_interfaces/share/splash_interfaces/cmake/ament_cmake_export_targets-extras.cmake
[7.119s] -- Installing: /home/rtos/dev_ws/install/splash_interfaces/share/splash_interfaces/cmake/ament_cmake_export_include_directories-extras.cmake
[7.119s] -- Installing: /home/rtos/dev_ws/install/splash_interfaces/share/splash_interfaces/cmake/rosidl_cmake_export_typesupport_libraries-extras.cmake
[7.119s] -- Installing: /home/rtos/dev_ws/install/splash_interfaces/share/splash_interfaces/cmake/rosidl_cmake_export_typesupport_targets-extras.cmake
[7.120s] -- Installing: /home/rtos/dev_ws/install/splash_interfaces/share/splash_interfaces/cmake/splash_interfacesConfig.cmake
[7.120s] -- Installing: /home/rtos/dev_ws/install/splash_interfaces/share/splash_interfaces/cmake/splash_interfacesConfig-version.cmake
[7.120s] -- Installing: /home/rtos/dev_ws/install/splash_interfaces/share/splash_interfaces/package.xml
[7.122s] Invoked command in '/home/rtos/dev_ws/build/splash_interfaces' returned '0': CMAKE_PREFIX_PATH=/opt/ros/foxy /usr/bin/cmake --install /home/rtos/dev_ws/build/splash_interfaces
