[0.019s] Invoking command in '/home/rtos/dev_ws/build/torcs_interfaces': CMAKE_PREFIX_PATH=${CMAKE_PREFIX_PATH}:/home/rtos/dev_ws/install/Torcs_5:/home/rtos/dev_ws/install/torcs_client:/home/rtos/dev_ws/install/lkas5:/home/rtos/dev_ws/install/scl:/home/rtos/dev_ws/install/srl:/opt/ros/foxy /usr/bin/cmake --build /home/rtos/dev_ws/build/torcs_interfaces -- -j8 -l8
[0.073s] [  2%] Built target torcs_interfaces__cpp
[0.080s] [ 12%] Built target torcs_interfaces__rosidl_generator_c
[0.118s] [ 23%] Built target torcs_interfaces__rosidl_typesupport_introspection_cpp
[0.119s] [ 33%] Built target torcs_interfaces__rosidl_typesupport_c
[0.120s] [ 43%] Built target torcs_interfaces__rosidl_typesupport_fastrtps_cpp
[0.120s] [ 53%] Built target torcs_interfaces__rosidl_typesupport_cpp
[0.125s] [ 64%] Built target torcs_interfaces__rosidl_typesupport_introspection_c
[0.145s] [ 74%] Built target torcs_interfaces__rosidl_typesupport_fastrtps_c
[0.164s] [ 74%] Built target torcs_interfaces
[0.184s] [ 76%] Built target torcs_interfaces__py
[0.214s] [ 84%] Built target torcs_interfaces__python
[0.245s] [ 89%] Built target torcs_interfaces__rosidl_typesupport_fastrtps_c__pyext
[0.246s] [ 94%] Built target torcs_interfaces__rosidl_typesupport_c__pyext
[0.249s] [100%] Built target torcs_interfaces__rosidl_typesupport_introspection_c__pyext
[0.261s] Invoked command in '/home/rtos/dev_ws/build/torcs_interfaces' returned '0': CMAKE_PREFIX_PATH=${CMAKE_PREFIX_PATH}:/home/rtos/dev_ws/install/Torcs_5:/home/rtos/dev_ws/install/torcs_client:/home/rtos/dev_ws/install/lkas5:/home/rtos/dev_ws/install/scl:/home/rtos/dev_ws/install/srl:/opt/ros/foxy /usr/bin/cmake --build /home/rtos/dev_ws/build/torcs_interfaces -- -j8 -l8
[0.328s] Invoking command in '/home/rtos/dev_ws/build/torcs_interfaces': CMAKE_PREFIX_PATH=${CMAKE_PREFIX_PATH}:/home/rtos/dev_ws/install/Torcs_5:/home/rtos/dev_ws/install/torcs_client:/home/rtos/dev_ws/install/lkas5:/home/rtos/dev_ws/install/scl:/home/rtos/dev_ws/install/srl:/opt/ros/foxy /usr/bin/cmake --install /home/rtos/dev_ws/build/torcs_interfaces
[0.337s] -- Install configuration: ""
[0.337s] -- Up-to-date: /home/rtos/dev_ws/install/torcs_interfaces/share/ament_index/resource_index/rosidl_interfaces/torcs_interfaces
[0.337s] -- Up-to-date: /home/rtos/dev_ws/install/torcs_interfaces/include/torcs_interfaces
[0.338s] -- Up-to-date: /home/rtos/dev_ws/install/torcs_interfaces/include/torcs_interfaces/msg
[0.338s] -- Up-to-date: /home/rtos/dev_ws/install/torcs_interfaces/include/torcs_interfaces/msg/detail
[0.338s] -- Up-to-date: /home/rtos/dev_ws/install/torcs_interfaces/include/torcs_interfaces/msg/detail/torcs_sensors__struct.h
[0.338s] -- Up-to-date: /home/rtos/dev_ws/install/torcs_interfaces/include/torcs_interfaces/msg/detail/torcs_ctrl__struct.h
[0.338s] -- Up-to-date: /home/rtos/dev_ws/install/torcs_interfaces/include/torcs_interfaces/msg/detail/torcs_ctrl__type_support.h
[0.339s] -- Up-to-date: /home/rtos/dev_ws/install/torcs_interfaces/include/torcs_interfaces/msg/detail/torcs_sensors__functions.h
[0.339s] -- Up-to-date: /home/rtos/dev_ws/install/torcs_interfaces/include/torcs_interfaces/msg/detail/torcs_sensors__type_support.h
[0.339s] -- Up-to-date: /home/rtos/dev_ws/install/torcs_interfaces/include/torcs_interfaces/msg/detail/torcs_sensors__functions.c
[0.339s] -- Up-to-date: /home/rtos/dev_ws/install/torcs_interfaces/include/torcs_interfaces/msg/detail/torcs_ctrl__functions.c
[0.339s] -- Up-to-date: /home/rtos/dev_ws/install/torcs_interfaces/include/torcs_interfaces/msg/detail/torcs_ctrl__functions.h
[0.340s] -- Up-to-date: /home/rtos/dev_ws/install/torcs_interfaces/include/torcs_interfaces/msg/rosidl_generator_c__visibility_control.h
[0.340s] -- Up-to-date: /home/rtos/dev_ws/install/torcs_interfaces/include/torcs_interfaces/msg/torcs_ctrl.h
[0.340s] -- Up-to-date: /home/rtos/dev_ws/install/torcs_interfaces/include/torcs_interfaces/msg/torcs_sensors.h
[0.340s] -- Up-to-date: /home/rtos/dev_ws/install/torcs_interfaces/share/torcs_interfaces/environment/library_path.sh
[0.340s] -- Up-to-date: /home/rtos/dev_ws/install/torcs_interfaces/share/torcs_interfaces/environment/library_path.dsv
[0.341s] -- Up-to-date: /home/rtos/dev_ws/install/torcs_interfaces/lib/libtorcs_interfaces__rosidl_generator_c.so
[0.341s] -- Up-to-date: /home/rtos/dev_ws/install/torcs_interfaces/include/torcs_interfaces
[0.341s] -- Up-to-date: /home/rtos/dev_ws/install/torcs_interfaces/include/torcs_interfaces/msg
[0.341s] -- Up-to-date: /home/rtos/dev_ws/install/torcs_interfaces/include/torcs_interfaces/msg/detail
[0.342s] -- Up-to-date: /home/rtos/dev_ws/install/torcs_interfaces/include/torcs_interfaces/msg/detail/torcs_ctrl__rosidl_typesupport_fastrtps_c.h
[0.344s] -- Up-to-date: /home/rtos/dev_ws/install/torcs_interfaces/include/torcs_interfaces/msg/detail/torcs_sensors__rosidl_typesupport_fastrtps_c.h
[0.344s] -- Up-to-date: /home/rtos/dev_ws/install/torcs_interfaces/include/torcs_interfaces/msg/rosidl_typesupport_fastrtps_c__visibility_control.h
[0.344s] -- Up-to-date: /home/rtos/dev_ws/install/torcs_interfaces/lib/libtorcs_interfaces__rosidl_typesupport_fastrtps_c.so
[0.345s] -- Up-to-date: /home/rtos/dev_ws/install/torcs_interfaces/include/torcs_interfaces
[0.345s] -- Up-to-date: /home/rtos/dev_ws/install/torcs_interfaces/include/torcs_interfaces/msg
[0.345s] -- Up-to-date: /home/rtos/dev_ws/install/torcs_interfaces/include/torcs_interfaces/msg/detail
[0.346s] -- Up-to-date: /home/rtos/dev_ws/install/torcs_interfaces/include/torcs_interfaces/msg/detail/dds_fastrtps
[0.346s] -- Up-to-date: /home/rtos/dev_ws/install/torcs_interfaces/include/torcs_interfaces/msg/detail/torcs_ctrl__rosidl_typesupport_fastrtps_cpp.hpp
[0.346s] -- Up-to-date: /home/rtos/dev_ws/install/torcs_interfaces/include/torcs_interfaces/msg/detail/torcs_sensors__rosidl_typesupport_fastrtps_cpp.hpp
[0.346s] -- Up-to-date: /home/rtos/dev_ws/install/torcs_interfaces/include/torcs_interfaces/msg/rosidl_typesupport_fastrtps_cpp__visibility_control.h
[0.346s] -- Up-to-date: /home/rtos/dev_ws/install/torcs_interfaces/lib/libtorcs_interfaces__rosidl_typesupport_fastrtps_cpp.so
[0.346s] -- Up-to-date: /home/rtos/dev_ws/install/torcs_interfaces/include/torcs_interfaces
[0.346s] -- Up-to-date: /home/rtos/dev_ws/install/torcs_interfaces/include/torcs_interfaces/msg
[0.347s] -- Up-to-date: /home/rtos/dev_ws/install/torcs_interfaces/include/torcs_interfaces/msg/detail
[0.347s] -- Up-to-date: /home/rtos/dev_ws/install/torcs_interfaces/include/torcs_interfaces/msg/detail/torcs_sensors__type_support.c
[0.347s] -- Up-to-date: /home/rtos/dev_ws/install/torcs_interfaces/include/torcs_interfaces/msg/detail/torcs_sensors__rosidl_typesupport_introspection_c.h
[0.347s] -- Up-to-date: /home/rtos/dev_ws/install/torcs_interfaces/include/torcs_interfaces/msg/detail/torcs_ctrl__rosidl_typesupport_introspection_c.h
[0.347s] -- Up-to-date: /home/rtos/dev_ws/install/torcs_interfaces/include/torcs_interfaces/msg/detail/torcs_ctrl__type_support.c
[0.347s] -- Up-to-date: /home/rtos/dev_ws/install/torcs_interfaces/include/torcs_interfaces/msg/rosidl_typesupport_introspection_c__visibility_control.h
[0.347s] -- Up-to-date: /home/rtos/dev_ws/install/torcs_interfaces/lib/libtorcs_interfaces__rosidl_typesupport_introspection_c.so
[0.347s] -- Up-to-date: /home/rtos/dev_ws/install/torcs_interfaces/lib/libtorcs_interfaces__rosidl_typesupport_c.so
[0.347s] -- Up-to-date: /home/rtos/dev_ws/install/torcs_interfaces/include/torcs_interfaces
[0.348s] -- Up-to-date: /home/rtos/dev_ws/install/torcs_interfaces/include/torcs_interfaces/msg
[0.348s] -- Up-to-date: /home/rtos/dev_ws/install/torcs_interfaces/include/torcs_interfaces/msg/detail
[0.348s] -- Up-to-date: /home/rtos/dev_ws/install/torcs_interfaces/include/torcs_interfaces/msg/detail/torcs_sensors__traits.hpp
[0.348s] -- Up-to-date: /home/rtos/dev_ws/install/torcs_interfaces/include/torcs_interfaces/msg/detail/torcs_sensors__builder.hpp
[0.348s] -- Up-to-date: /home/rtos/dev_ws/install/torcs_interfaces/include/torcs_interfaces/msg/detail/torcs_ctrl__traits.hpp
[0.348s] -- Up-to-date: /home/rtos/dev_ws/install/torcs_interfaces/include/torcs_interfaces/msg/detail/torcs_ctrl__struct.hpp
[0.348s] -- Up-to-date: /home/rtos/dev_ws/install/torcs_interfaces/include/torcs_interfaces/msg/detail/torcs_sensors__struct.hpp
[0.348s] -- Up-to-date: /home/rtos/dev_ws/install/torcs_interfaces/include/torcs_interfaces/msg/detail/torcs_ctrl__builder.hpp
[0.349s] -- Up-to-date: /home/rtos/dev_ws/install/torcs_interfaces/include/torcs_interfaces/msg/torcs_sensors.hpp
[0.349s] -- Up-to-date: /home/rtos/dev_ws/install/torcs_interfaces/include/torcs_interfaces/msg/torcs_ctrl.hpp
[0.349s] -- Up-to-date: /home/rtos/dev_ws/install/torcs_interfaces/include/torcs_interfaces
[0.349s] -- Up-to-date: /home/rtos/dev_ws/install/torcs_interfaces/include/torcs_interfaces/msg
[0.349s] -- Up-to-date: /home/rtos/dev_ws/install/torcs_interfaces/include/torcs_interfaces/msg/detail
[0.349s] -- Up-to-date: /home/rtos/dev_ws/install/torcs_interfaces/include/torcs_interfaces/msg/detail/torcs_ctrl__type_support.cpp
[0.349s] -- Up-to-date: /home/rtos/dev_ws/install/torcs_interfaces/include/torcs_interfaces/msg/detail/torcs_sensors__rosidl_typesupport_introspection_cpp.hpp
[0.349s] -- Up-to-date: /home/rtos/dev_ws/install/torcs_interfaces/include/torcs_interfaces/msg/detail/torcs_ctrl__rosidl_typesupport_introspection_cpp.hpp
[0.349s] -- Up-to-date: /home/rtos/dev_ws/install/torcs_interfaces/include/torcs_interfaces/msg/detail/torcs_sensors__type_support.cpp
[0.350s] -- Up-to-date: /home/rtos/dev_ws/install/torcs_interfaces/lib/libtorcs_interfaces__rosidl_typesupport_introspection_cpp.so
[0.350s] -- Up-to-date: /home/rtos/dev_ws/install/torcs_interfaces/lib/libtorcs_interfaces__rosidl_typesupport_cpp.so
[0.350s] -- Up-to-date: /home/rtos/dev_ws/install/torcs_interfaces/share/torcs_interfaces/environment/pythonpath.sh
[0.350s] -- Up-to-date: /home/rtos/dev_ws/install/torcs_interfaces/share/torcs_interfaces/environment/pythonpath.dsv
[0.350s] -- Up-to-date: /home/rtos/dev_ws/install/torcs_interfaces/lib/python3.8/site-packages/torcs_interfaces/__init__.py
[0.384s] -- Up-to-date: /home/rtos/dev_ws/install/torcs_interfaces/lib/python3.8/site-packages/torcs_interfaces/msg
[0.384s] -- Up-to-date: /home/rtos/dev_ws/install/torcs_interfaces/lib/python3.8/site-packages/torcs_interfaces/msg/_torcs_sensors_s.c
[0.384s] -- Up-to-date: /home/rtos/dev_ws/install/torcs_interfaces/lib/python3.8/site-packages/torcs_interfaces/msg/_torcs_ctrl_s.c
[0.384s] -- Up-to-date: /home/rtos/dev_ws/install/torcs_interfaces/lib/python3.8/site-packages/torcs_interfaces/msg/__init__.py
[0.384s] -- Up-to-date: /home/rtos/dev_ws/install/torcs_interfaces/lib/python3.8/site-packages/torcs_interfaces/msg/_torcs_sensors.py
[0.385s] -- Up-to-date: /home/rtos/dev_ws/install/torcs_interfaces/lib/python3.8/site-packages/torcs_interfaces/msg/_torcs_ctrl.py
[0.385s] -- Up-to-date: /home/rtos/dev_ws/install/torcs_interfaces/lib/python3.8/site-packages/torcs_interfaces/torcs_interfaces_s__rosidl_typesupport_fastrtps_c.cpython-38-x86_64-linux-gnu.so
[0.385s] -- Up-to-date: /home/rtos/dev_ws/install/torcs_interfaces/lib/python3.8/site-packages/torcs_interfaces/torcs_interfaces_s__rosidl_typesupport_introspection_c.cpython-38-x86_64-linux-gnu.so
[0.386s] -- Up-to-date: /home/rtos/dev_ws/install/torcs_interfaces/lib/python3.8/site-packages/torcs_interfaces/torcs_interfaces_s__rosidl_typesupport_c.cpython-38-x86_64-linux-gnu.so
[0.386s] -- Up-to-date: /home/rtos/dev_ws/install/torcs_interfaces/lib/libtorcs_interfaces__python.so
[0.387s] -- Up-to-date: /home/rtos/dev_ws/install/torcs_interfaces/share/torcs_interfaces/msg/TORCSSensors.idl
[0.387s] -- Up-to-date: /home/rtos/dev_ws/install/torcs_interfaces/share/torcs_interfaces/msg/TORCSCtrl.idl
[0.387s] -- Up-to-date: /home/rtos/dev_ws/install/torcs_interfaces/share/torcs_interfaces/msg/TORCSSensors.msg
[0.387s] -- Up-to-date: /home/rtos/dev_ws/install/torcs_interfaces/share/torcs_interfaces/msg/TORCSCtrl.msg
[0.387s] -- Up-to-date: /home/rtos/dev_ws/install/torcs_interfaces/share/ament_index/resource_index/package_run_dependencies/torcs_interfaces
[0.388s] -- Up-to-date: /home/rtos/dev_ws/install/torcs_interfaces/share/ament_index/resource_index/parent_prefix_path/torcs_interfaces
[0.388s] -- Up-to-date: /home/rtos/dev_ws/install/torcs_interfaces/share/torcs_interfaces/environment/ament_prefix_path.sh
[0.388s] -- Up-to-date: /home/rtos/dev_ws/install/torcs_interfaces/share/torcs_interfaces/environment/ament_prefix_path.dsv
[0.388s] -- Up-to-date: /home/rtos/dev_ws/install/torcs_interfaces/share/torcs_interfaces/environment/path.sh
[0.388s] -- Up-to-date: /home/rtos/dev_ws/install/torcs_interfaces/share/torcs_interfaces/environment/path.dsv
[0.388s] -- Up-to-date: /home/rtos/dev_ws/install/torcs_interfaces/share/torcs_interfaces/local_setup.bash
[0.389s] -- Up-to-date: /home/rtos/dev_ws/install/torcs_interfaces/share/torcs_interfaces/local_setup.sh
[0.389s] -- Up-to-date: /home/rtos/dev_ws/install/torcs_interfaces/share/torcs_interfaces/local_setup.zsh
[0.389s] -- Up-to-date: /home/rtos/dev_ws/install/torcs_interfaces/share/torcs_interfaces/local_setup.dsv
[0.389s] -- Installing: /home/rtos/dev_ws/install/torcs_interfaces/share/torcs_interfaces/package.dsv
[0.389s] -- Up-to-date: /home/rtos/dev_ws/install/torcs_interfaces/share/ament_index/resource_index/packages/torcs_interfaces
[0.390s] -- Up-to-date: /home/rtos/dev_ws/install/torcs_interfaces/share/torcs_interfaces/cmake/torcs_interfaces__rosidl_generator_cExport.cmake
[0.390s] -- Up-to-date: /home/rtos/dev_ws/install/torcs_interfaces/share/torcs_interfaces/cmake/torcs_interfaces__rosidl_generator_cExport-noconfig.cmake
[0.390s] -- Up-to-date: /home/rtos/dev_ws/install/torcs_interfaces/share/torcs_interfaces/cmake/torcs_interfaces__rosidl_typesupport_introspection_cExport.cmake
[0.390s] -- Up-to-date: /home/rtos/dev_ws/install/torcs_interfaces/share/torcs_interfaces/cmake/torcs_interfaces__rosidl_typesupport_introspection_cExport-noconfig.cmake
[0.390s] -- Up-to-date: /home/rtos/dev_ws/install/torcs_interfaces/share/torcs_interfaces/cmake/torcs_interfaces__rosidl_typesupport_cExport.cmake
[0.390s] -- Up-to-date: /home/rtos/dev_ws/install/torcs_interfaces/share/torcs_interfaces/cmake/torcs_interfaces__rosidl_typesupport_cExport-noconfig.cmake
[0.390s] -- Up-to-date: /home/rtos/dev_ws/install/torcs_interfaces/share/torcs_interfaces/cmake/torcs_interfaces__rosidl_generator_cppExport.cmake
[0.390s] -- Up-to-date: /home/rtos/dev_ws/install/torcs_interfaces/share/torcs_interfaces/cmake/torcs_interfaces__rosidl_typesupport_introspection_cppExport.cmake
[0.391s] -- Up-to-date: /home/rtos/dev_ws/install/torcs_interfaces/share/torcs_interfaces/cmake/torcs_interfaces__rosidl_typesupport_introspection_cppExport-noconfig.cmake
[0.391s] -- Up-to-date: /home/rtos/dev_ws/install/torcs_interfaces/share/torcs_interfaces/cmake/torcs_interfaces__rosidl_typesupport_cppExport.cmake
[0.391s] -- Up-to-date: /home/rtos/dev_ws/install/torcs_interfaces/share/torcs_interfaces/cmake/torcs_interfaces__rosidl_typesupport_cppExport-noconfig.cmake
[0.393s] -- Up-to-date: /home/rtos/dev_ws/install/torcs_interfaces/share/torcs_interfaces/cmake/rosidl_cmake-extras.cmake
[0.393s] -- Up-to-date: /home/rtos/dev_ws/install/torcs_interfaces/share/torcs_interfaces/cmake/ament_cmake_export_dependencies-extras.cmake
[0.393s] -- Up-to-date: /home/rtos/dev_ws/install/torcs_interfaces/share/torcs_interfaces/cmake/ament_cmake_export_libraries-extras.cmake
[0.393s] -- Up-to-date: /home/rtos/dev_ws/install/torcs_interfaces/share/torcs_interfaces/cmake/ament_cmake_export_targets-extras.cmake
[0.394s] -- Up-to-date: /home/rtos/dev_ws/install/torcs_interfaces/share/torcs_interfaces/cmake/ament_cmake_export_include_directories-extras.cmake
[0.394s] -- Up-to-date: /home/rtos/dev_ws/install/torcs_interfaces/share/torcs_interfaces/cmake/rosidl_cmake_export_typesupport_libraries-extras.cmake
[0.394s] -- Up-to-date: /home/rtos/dev_ws/install/torcs_interfaces/share/torcs_interfaces/cmake/rosidl_cmake_export_typesupport_targets-extras.cmake
[0.394s] -- Up-to-date: /home/rtos/dev_ws/install/torcs_interfaces/share/torcs_interfaces/cmake/torcs_interfacesConfig.cmake
[0.395s] -- Up-to-date: /home/rtos/dev_ws/install/torcs_interfaces/share/torcs_interfaces/cmake/torcs_interfacesConfig-version.cmake
[0.395s] -- Up-to-date: /home/rtos/dev_ws/install/torcs_interfaces/share/torcs_interfaces/package.xml
[0.395s] Invoked command in '/home/rtos/dev_ws/build/torcs_interfaces' returned '0': CMAKE_PREFIX_PATH=${CMAKE_PREFIX_PATH}:/home/rtos/dev_ws/install/Torcs_5:/home/rtos/dev_ws/install/torcs_client:/home/rtos/dev_ws/install/lkas5:/home/rtos/dev_ws/install/scl:/home/rtos/dev_ws/install/srl:/opt/ros/foxy /usr/bin/cmake --install /home/rtos/dev_ws/build/torcs_interfaces
