[0.209s] Invoking command in '/home/rtos/dev_ws/src/lkas5': AMENT_PREFIX_PATH=/home/rtos/dev_ws/install/scl:/home/rtos/dev_ws/install/srl:/home/rtos/dev_ws/install/splash_interfaces:${AMENT_PREFIX_PATH} CMAKE_PREFIX_PATH=/home/rtos/dev_ws/install/splash_interfaces LD_LIBRARY_PATH=/home/rtos/dev_ws/install/splash_interfaces/lib:${LD_LIBRARY_PATH} PYTHONPATH=/home/rtos/dev_ws/install/lkas5/lib/python3.8/site-packages:/home/rtos/dev_ws/install/scl/lib/python3.8/site-packages:/home/rtos/dev_ws/install/srl/lib/python3.8/site-packages:/home/rtos/dev_ws/install/splash_interfaces/lib/python3.8/site-packages:${PYTHONPATH} /usr/bin/python3 setup.py egg_info --egg-base ../../build/lkas5 build --build-base /home/rtos/dev_ws/build/lkas5/build install --prefix /home/rtos/dev_ws/install/lkas5 --record /home/rtos/dev_ws/build/lkas5/install.log --single-version-externally-managed
[0.390s] running egg_info
[0.390s] creating ../../build/lkas5/lkas5.egg-info
[0.390s] writing ../../build/lkas5/lkas5.egg-info/PKG-INFO
[0.391s] writing dependency_links to ../../build/lkas5/lkas5.egg-info/dependency_links.txt
[0.391s] writing entry points to ../../build/lkas5/lkas5.egg-info/entry_points.txt
[0.391s] writing requirements to ../../build/lkas5/lkas5.egg-info/requires.txt
[0.391s] writing top-level names to ../../build/lkas5/lkas5.egg-info/top_level.txt
[0.392s] writing manifest file '../../build/lkas5/lkas5.egg-info/SOURCES.txt'
[0.420s] reading manifest file '../../build/lkas5/lkas5.egg-info/SOURCES.txt'
[0.420s] writing manifest file '../../build/lkas5/lkas5.egg-info/SOURCES.txt'
[0.421s] running build
[0.421s] running build_py
[0.421s] creating /home/rtos/dev_ws/build/lkas5/build
[0.421s] creating /home/rtos/dev_ws/build/lkas5/build/lib
[0.421s] creating /home/rtos/dev_ws/build/lkas5/build/lib/lkas5
[0.421s] copying lkas5/__init__.py -> /home/rtos/dev_ws/build/lkas5/build/lib/lkas5
[0.422s] copying lkas5/default_build_unit_exec.py -> /home/rtos/dev_ws/build/lkas5/build/lib/lkas5
[0.422s] creating /home/rtos/dev_ws/build/lkas5/build/lib/lkas5/splash
[0.422s] copying lkas5/splash/__init__.py -> /home/rtos/dev_ws/build/lkas5/build/lib/lkas5/splash
[0.422s] creating /home/rtos/dev_ws/build/lkas5/build/lib/lkas5/splash/component
[0.422s] copying lkas5/splash/component/source_angle_z.py -> /home/rtos/dev_ws/build/lkas5/build/lib/lkas5/splash/component
[0.422s] copying lkas5/splash/component/processing_accel.py -> /home/rtos/dev_ws/build/lkas5/build/lib/lkas5/splash/component
[0.422s] copying lkas5/splash/component/__init__.py -> /home/rtos/dev_ws/build/lkas5/build/lib/lkas5/splash/component
[0.423s] copying lkas5/splash/component/source_linear_x.py -> /home/rtos/dev_ws/build/lkas5/build/lib/lkas5/splash/component
[0.423s] copying lkas5/splash/component/sink_steering.py -> /home/rtos/dev_ws/build/lkas5/build/lib/lkas5/splash/component
[0.423s] copying lkas5/splash/component/source_distance_mid.py -> /home/rtos/dev_ws/build/lkas5/build/lib/lkas5/splash/component
[0.423s] copying lkas5/splash/component/fusion_operator_1.py -> /home/rtos/dev_ws/build/lkas5/build/lib/lkas5/splash/component
[0.423s] copying lkas5/splash/component/processing_steering.py -> /home/rtos/dev_ws/build/lkas5/build/lib/lkas5/splash/component
[0.423s] copying lkas5/splash/component/sink_accel.py -> /home/rtos/dev_ws/build/lkas5/build/lib/lkas5/splash/component
[0.423s] creating /home/rtos/dev_ws/build/lkas5/build/lib/lkas5/splash/stream_port
[0.424s] copying lkas5/splash/stream_port/__init__.py -> /home/rtos/dev_ws/build/lkas5/build/lib/lkas5/splash/stream_port
[0.424s] creating /home/rtos/dev_ws/build/lkas5/build/lib/lkas5/splash/factory
[0.424s] copying lkas5/splash/factory/__init__.py -> /home/rtos/dev_ws/build/lkas5/build/lib/lkas5/splash/factory
[0.424s] creating /home/rtos/dev_ws/build/lkas5/build/lib/lkas5/splash/build_unit
[0.424s] copying lkas5/splash/build_unit/default_build_unit.py -> /home/rtos/dev_ws/build/lkas5/build/lib/lkas5/splash/build_unit
[0.424s] copying lkas5/splash/build_unit/__init__.py -> /home/rtos/dev_ws/build/lkas5/build/lib/lkas5/splash/build_unit
[0.425s] running install
[0.426s] running install_lib
[0.426s] creating /home/rtos/dev_ws/install/lkas5/lib/python3.8/site-packages/lkas5
[0.426s] copying /home/rtos/dev_ws/build/lkas5/build/lib/lkas5/__init__.py -> /home/rtos/dev_ws/install/lkas5/lib/python3.8/site-packages/lkas5
[0.427s] copying /home/rtos/dev_ws/build/lkas5/build/lib/lkas5/default_build_unit_exec.py -> /home/rtos/dev_ws/install/lkas5/lib/python3.8/site-packages/lkas5
[0.427s] creating /home/rtos/dev_ws/install/lkas5/lib/python3.8/site-packages/lkas5/splash
[0.427s] creating /home/rtos/dev_ws/install/lkas5/lib/python3.8/site-packages/lkas5/splash/component
[0.427s] copying /home/rtos/dev_ws/build/lkas5/build/lib/lkas5/splash/component/source_angle_z.py -> /home/rtos/dev_ws/install/lkas5/lib/python3.8/site-packages/lkas5/splash/component
[0.427s] copying /home/rtos/dev_ws/build/lkas5/build/lib/lkas5/splash/component/processing_accel.py -> /home/rtos/dev_ws/install/lkas5/lib/python3.8/site-packages/lkas5/splash/component
[0.427s] copying /home/rtos/dev_ws/build/lkas5/build/lib/lkas5/splash/component/__init__.py -> /home/rtos/dev_ws/install/lkas5/lib/python3.8/site-packages/lkas5/splash/component
[0.428s] copying /home/rtos/dev_ws/build/lkas5/build/lib/lkas5/splash/component/source_linear_x.py -> /home/rtos/dev_ws/install/lkas5/lib/python3.8/site-packages/lkas5/splash/component
[0.428s] copying /home/rtos/dev_ws/build/lkas5/build/lib/lkas5/splash/component/sink_steering.py -> /home/rtos/dev_ws/install/lkas5/lib/python3.8/site-packages/lkas5/splash/component
[0.428s] copying /home/rtos/dev_ws/build/lkas5/build/lib/lkas5/splash/component/source_distance_mid.py -> /home/rtos/dev_ws/install/lkas5/lib/python3.8/site-packages/lkas5/splash/component
[0.428s] copying /home/rtos/dev_ws/build/lkas5/build/lib/lkas5/splash/component/fusion_operator_1.py -> /home/rtos/dev_ws/install/lkas5/lib/python3.8/site-packages/lkas5/splash/component
[0.428s] copying /home/rtos/dev_ws/build/lkas5/build/lib/lkas5/splash/component/processing_steering.py -> /home/rtos/dev_ws/install/lkas5/lib/python3.8/site-packages/lkas5/splash/component
[0.428s] copying /home/rtos/dev_ws/build/lkas5/build/lib/lkas5/splash/component/sink_accel.py -> /home/rtos/dev_ws/install/lkas5/lib/python3.8/site-packages/lkas5/splash/component
[0.428s] copying /home/rtos/dev_ws/build/lkas5/build/lib/lkas5/splash/__init__.py -> /home/rtos/dev_ws/install/lkas5/lib/python3.8/site-packages/lkas5/splash
[0.429s] creating /home/rtos/dev_ws/install/lkas5/lib/python3.8/site-packages/lkas5/splash/stream_port
[0.429s] copying /home/rtos/dev_ws/build/lkas5/build/lib/lkas5/splash/stream_port/__init__.py -> /home/rtos/dev_ws/install/lkas5/lib/python3.8/site-packages/lkas5/splash/stream_port
[0.429s] creating /home/rtos/dev_ws/install/lkas5/lib/python3.8/site-packages/lkas5/splash/factory
[0.429s] copying /home/rtos/dev_ws/build/lkas5/build/lib/lkas5/splash/factory/__init__.py -> /home/rtos/dev_ws/install/lkas5/lib/python3.8/site-packages/lkas5/splash/factory
[0.429s] creating /home/rtos/dev_ws/install/lkas5/lib/python3.8/site-packages/lkas5/splash/build_unit
[0.429s] copying /home/rtos/dev_ws/build/lkas5/build/lib/lkas5/splash/build_unit/default_build_unit.py -> /home/rtos/dev_ws/install/lkas5/lib/python3.8/site-packages/lkas5/splash/build_unit
[0.429s] copying /home/rtos/dev_ws/build/lkas5/build/lib/lkas5/splash/build_unit/__init__.py -> /home/rtos/dev_ws/install/lkas5/lib/python3.8/site-packages/lkas5/splash/build_unit
[0.430s] byte-compiling /home/rtos/dev_ws/install/lkas5/lib/python3.8/site-packages/lkas5/__init__.py to __init__.cpython-38.pyc
[0.431s] byte-compiling /home/rtos/dev_ws/install/lkas5/lib/python3.8/site-packages/lkas5/default_build_unit_exec.py to default_build_unit_exec.cpython-38.pyc
[0.431s] byte-compiling /home/rtos/dev_ws/install/lkas5/lib/python3.8/site-packages/lkas5/splash/component/source_angle_z.py to source_angle_z.cpython-38.pyc
[0.431s] byte-compiling /home/rtos/dev_ws/install/lkas5/lib/python3.8/site-packages/lkas5/splash/component/processing_accel.py to processing_accel.cpython-38.pyc
[0.432s] byte-compiling /home/rtos/dev_ws/install/lkas5/lib/python3.8/site-packages/lkas5/splash/component/__init__.py to __init__.cpython-38.pyc
[0.432s] byte-compiling /home/rtos/dev_ws/install/lkas5/lib/python3.8/site-packages/lkas5/splash/component/source_linear_x.py to source_linear_x.cpython-38.pyc
[0.432s] byte-compiling /home/rtos/dev_ws/install/lkas5/lib/python3.8/site-packages/lkas5/splash/component/sink_steering.py to sink_steering.cpython-38.pyc
[0.433s] byte-compiling /home/rtos/dev_ws/install/lkas5/lib/python3.8/site-packages/lkas5/splash/component/source_distance_mid.py to source_distance_mid.cpython-38.pyc
[0.433s] byte-compiling /home/rtos/dev_ws/install/lkas5/lib/python3.8/site-packages/lkas5/splash/component/fusion_operator_1.py to fusion_operator_1.cpython-38.pyc
[0.434s] byte-compiling /home/rtos/dev_ws/install/lkas5/lib/python3.8/site-packages/lkas5/splash/component/processing_steering.py to processing_steering.cpython-38.pyc
[0.434s] byte-compiling /home/rtos/dev_ws/install/lkas5/lib/python3.8/site-packages/lkas5/splash/component/sink_accel.py to sink_accel.cpython-38.pyc
[0.435s] byte-compiling /home/rtos/dev_ws/install/lkas5/lib/python3.8/site-packages/lkas5/splash/__init__.py to __init__.cpython-38.pyc
[0.435s] byte-compiling /home/rtos/dev_ws/install/lkas5/lib/python3.8/site-packages/lkas5/splash/stream_port/__init__.py to __init__.cpython-38.pyc
[0.436s] byte-compiling /home/rtos/dev_ws/install/lkas5/lib/python3.8/site-packages/lkas5/splash/factory/__init__.py to __init__.cpython-38.pyc
[0.436s] byte-compiling /home/rtos/dev_ws/install/lkas5/lib/python3.8/site-packages/lkas5/splash/build_unit/default_build_unit.py to default_build_unit.cpython-38.pyc
[0.437s] byte-compiling /home/rtos/dev_ws/install/lkas5/lib/python3.8/site-packages/lkas5/splash/build_unit/__init__.py to __init__.cpython-38.pyc
[0.437s] running install_data
[0.437s] creating /home/rtos/dev_ws/install/lkas5/share/ament_index
[0.438s] creating /home/rtos/dev_ws/install/lkas5/share/ament_index/resource_index
[0.438s] creating /home/rtos/dev_ws/install/lkas5/share/ament_index/resource_index/packages
[0.438s] copying resource/lkas5 -> /home/rtos/dev_ws/install/lkas5/share/ament_index/resource_index/packages
[0.438s] copying package.xml -> /home/rtos/dev_ws/install/lkas5/share/lkas5
[0.438s] copying launch/splash.launch.py -> /home/rtos/dev_ws/install/lkas5/share/lkas5
[0.438s] running install_egg_info
[0.439s] Copying ../../build/lkas5/lkas5.egg-info to /home/rtos/dev_ws/install/lkas5/lib/python3.8/site-packages/lkas5-0.0.0-py3.8.egg-info
[0.440s] running install_scripts
[0.455s] Installing default_build_unit script to /home/rtos/dev_ws/install/lkas5/lib/lkas5
[0.455s] Installing splash_server script to /home/rtos/dev_ws/install/lkas5/lib/lkas5
[0.456s] writing list of installed files to '/home/rtos/dev_ws/build/lkas5/install.log'
[0.477s] Invoked command in '/home/rtos/dev_ws/src/lkas5' returned '0': AMENT_PREFIX_PATH=/home/rtos/dev_ws/install/scl:/home/rtos/dev_ws/install/srl:/home/rtos/dev_ws/install/splash_interfaces:${AMENT_PREFIX_PATH} CMAKE_PREFIX_PATH=/home/rtos/dev_ws/install/splash_interfaces LD_LIBRARY_PATH=/home/rtos/dev_ws/install/splash_interfaces/lib:${LD_LIBRARY_PATH} PYTHONPATH=/home/rtos/dev_ws/install/lkas5/lib/python3.8/site-packages:/home/rtos/dev_ws/install/scl/lib/python3.8/site-packages:/home/rtos/dev_ws/install/srl/lib/python3.8/site-packages:/home/rtos/dev_ws/install/splash_interfaces/lib/python3.8/site-packages:${PYTHONPATH} /usr/bin/python3 setup.py egg_info --egg-base ../../build/lkas5 build --build-base /home/rtos/dev_ws/build/lkas5/build install --prefix /home/rtos/dev_ws/install/lkas5 --record /home/rtos/dev_ws/build/lkas5/install.log --single-version-externally-managed
