[0.420s] Invoking command in '/home/rtos/dev_ws/src/lkas5': AMENT_PREFIX_PATH=/home/rtos/dev_ws/install/scl:/home/rtos/dev_ws/install/srl:/home/rtos/dev_ws/install/Torcs_5:/home/rtos/dev_ws/install/torcs_client:/home/rtos/dev_ws/install/torcs_interfaces:/home/rtos/dev_ws/install/lkas5:/home/rtos/dev_ws/install/splash_interfaces:/opt/ros/foxy CMAKE_PREFIX_PATH=/home/rtos/dev_ws/install/splash_interfaces:/home/rtos/dev_ws/install/torcs_interfaces LD_LIBRARY_PATH=/home/rtos/dev_ws/install/splash_interfaces/lib:/home/rtos/dev_ws/install/torcs_interfaces/lib:/opt/ros/foxy/opt/yaml_cpp_vendor/lib:/opt/ros/foxy/opt/rviz_ogre_vendor/lib:/opt/ros/foxy/lib/x86_64-linux-gnu:/opt/ros/foxy/lib PYTHONPATH=/home/rtos/dev_ws/install/lkas5/lib/python3.8/site-packages:/home/rtos/dev_ws/install/scl/lib/python3.8/site-packages:/home/rtos/dev_ws/install/srl/lib/python3.8/site-packages:/home/rtos/dev_ws/install/splash_interfaces/lib/python3.8/site-packages:/home/rtos/dev_ws/install/Torcs_5/lib/python3.8/site-packages:/home/rtos/dev_ws/install/torcs_client/lib/python3.8/site-packages:/home/rtos/dev_ws/install/torcs_interfaces/lib/python3.8/site-packages:/home/rtos/dev_ws/install/lkas5/lib/python3.8/site-packages:/opt/ros/foxy/lib/python3.8/site-packages /usr/bin/python3 setup.py egg_info --egg-base ../../build/lkas5 build --build-base /home/rtos/dev_ws/build/lkas5/build install --prefix /home/rtos/dev_ws/install/lkas5 --record /home/rtos/dev_ws/build/lkas5/install.log --single-version-externally-managed
[0.607s] running egg_info
[0.607s] creating ../../build/lkas5/lkas5.egg-info
[0.608s] writing ../../build/lkas5/lkas5.egg-info/PKG-INFO
[0.608s] writing dependency_links to ../../build/lkas5/lkas5.egg-info/dependency_links.txt
[0.608s] writing entry points to ../../build/lkas5/lkas5.egg-info/entry_points.txt
[0.608s] writing requirements to ../../build/lkas5/lkas5.egg-info/requires.txt
[0.608s] writing top-level names to ../../build/lkas5/lkas5.egg-info/top_level.txt
[0.609s] writing manifest file '../../build/lkas5/lkas5.egg-info/SOURCES.txt'
[0.639s] reading manifest file '../../build/lkas5/lkas5.egg-info/SOURCES.txt'
[0.640s] writing manifest file '../../build/lkas5/lkas5.egg-info/SOURCES.txt'
[0.640s] running build
[0.640s] running build_py
[0.641s] creating /home/rtos/dev_ws/build/lkas5/build
[0.641s] creating /home/rtos/dev_ws/build/lkas5/build/lib
[0.641s] creating /home/rtos/dev_ws/build/lkas5/build/lib/lkas5
[0.641s] copying lkas5/__init__.py -> /home/rtos/dev_ws/build/lkas5/build/lib/lkas5
[0.641s] copying lkas5/default_build_unit_exec.py -> /home/rtos/dev_ws/build/lkas5/build/lib/lkas5
[0.642s] creating /home/rtos/dev_ws/build/lkas5/build/lib/lkas5/splash
[0.642s] copying lkas5/splash/__init__.py -> /home/rtos/dev_ws/build/lkas5/build/lib/lkas5/splash
[0.642s] creating /home/rtos/dev_ws/build/lkas5/build/lib/lkas5/splash/component
[0.642s] copying lkas5/splash/component/source_angle_z.py -> /home/rtos/dev_ws/build/lkas5/build/lib/lkas5/splash/component
[0.642s] copying lkas5/splash/component/processing_accel.py -> /home/rtos/dev_ws/build/lkas5/build/lib/lkas5/splash/component
[0.642s] copying lkas5/splash/component/__init__.py -> /home/rtos/dev_ws/build/lkas5/build/lib/lkas5/splash/component
[0.642s] copying lkas5/splash/component/source_linear_x.py -> /home/rtos/dev_ws/build/lkas5/build/lib/lkas5/splash/component
[0.643s] copying lkas5/splash/component/sink_steering.py -> /home/rtos/dev_ws/build/lkas5/build/lib/lkas5/splash/component
[0.643s] copying lkas5/splash/component/source_distance_mid.py -> /home/rtos/dev_ws/build/lkas5/build/lib/lkas5/splash/component
[0.643s] copying lkas5/splash/component/fusion_operator_1.py -> /home/rtos/dev_ws/build/lkas5/build/lib/lkas5/splash/component
[0.643s] copying lkas5/splash/component/processing_steering.py -> /home/rtos/dev_ws/build/lkas5/build/lib/lkas5/splash/component
[0.643s] copying lkas5/splash/component/sink_accel.py -> /home/rtos/dev_ws/build/lkas5/build/lib/lkas5/splash/component
[0.643s] creating /home/rtos/dev_ws/build/lkas5/build/lib/lkas5/splash/stream_port
[0.643s] copying lkas5/splash/stream_port/__init__.py -> /home/rtos/dev_ws/build/lkas5/build/lib/lkas5/splash/stream_port
[0.643s] creating /home/rtos/dev_ws/build/lkas5/build/lib/lkas5/splash/factory
[0.643s] copying lkas5/splash/factory/__init__.py -> /home/rtos/dev_ws/build/lkas5/build/lib/lkas5/splash/factory
[0.643s] creating /home/rtos/dev_ws/build/lkas5/build/lib/lkas5/splash/build_unit
[0.644s] copying lkas5/splash/build_unit/default_build_unit.py -> /home/rtos/dev_ws/build/lkas5/build/lib/lkas5/splash/build_unit
[0.644s] copying lkas5/splash/build_unit/__init__.py -> /home/rtos/dev_ws/build/lkas5/build/lib/lkas5/splash/build_unit
[0.644s] running install
[0.644s] running install_lib
[0.645s] creating /home/rtos/dev_ws/install/lkas5/lib/python3.8/site-packages/lkas5
[0.645s] copying /home/rtos/dev_ws/build/lkas5/build/lib/lkas5/__init__.py -> /home/rtos/dev_ws/install/lkas5/lib/python3.8/site-packages/lkas5
[0.645s] copying /home/rtos/dev_ws/build/lkas5/build/lib/lkas5/default_build_unit_exec.py -> /home/rtos/dev_ws/install/lkas5/lib/python3.8/site-packages/lkas5
[0.645s] creating /home/rtos/dev_ws/install/lkas5/lib/python3.8/site-packages/lkas5/splash
[0.646s] creating /home/rtos/dev_ws/install/lkas5/lib/python3.8/site-packages/lkas5/splash/component
[0.646s] copying /home/rtos/dev_ws/build/lkas5/build/lib/lkas5/splash/component/source_angle_z.py -> /home/rtos/dev_ws/install/lkas5/lib/python3.8/site-packages/lkas5/splash/component
[0.646s] copying /home/rtos/dev_ws/build/lkas5/build/lib/lkas5/splash/component/processing_accel.py -> /home/rtos/dev_ws/install/lkas5/lib/python3.8/site-packages/lkas5/splash/component
[0.646s] copying /home/rtos/dev_ws/build/lkas5/build/lib/lkas5/splash/component/__init__.py -> /home/rtos/dev_ws/install/lkas5/lib/python3.8/site-packages/lkas5/splash/component
[0.646s] copying /home/rtos/dev_ws/build/lkas5/build/lib/lkas5/splash/component/source_linear_x.py -> /home/rtos/dev_ws/install/lkas5/lib/python3.8/site-packages/lkas5/splash/component
[0.646s] copying /home/rtos/dev_ws/build/lkas5/build/lib/lkas5/splash/component/sink_steering.py -> /home/rtos/dev_ws/install/lkas5/lib/python3.8/site-packages/lkas5/splash/component
[0.647s] copying /home/rtos/dev_ws/build/lkas5/build/lib/lkas5/splash/component/source_distance_mid.py -> /home/rtos/dev_ws/install/lkas5/lib/python3.8/site-packages/lkas5/splash/component
[0.647s] copying /home/rtos/dev_ws/build/lkas5/build/lib/lkas5/splash/component/fusion_operator_1.py -> /home/rtos/dev_ws/install/lkas5/lib/python3.8/site-packages/lkas5/splash/component
[0.647s] copying /home/rtos/dev_ws/build/lkas5/build/lib/lkas5/splash/component/processing_steering.py -> /home/rtos/dev_ws/install/lkas5/lib/python3.8/site-packages/lkas5/splash/component
[0.647s] copying /home/rtos/dev_ws/build/lkas5/build/lib/lkas5/splash/component/sink_accel.py -> /home/rtos/dev_ws/install/lkas5/lib/python3.8/site-packages/lkas5/splash/component
[0.647s] copying /home/rtos/dev_ws/build/lkas5/build/lib/lkas5/splash/__init__.py -> /home/rtos/dev_ws/install/lkas5/lib/python3.8/site-packages/lkas5/splash
[0.648s] creating /home/rtos/dev_ws/install/lkas5/lib/python3.8/site-packages/lkas5/splash/stream_port
[0.648s] copying /home/rtos/dev_ws/build/lkas5/build/lib/lkas5/splash/stream_port/__init__.py -> /home/rtos/dev_ws/install/lkas5/lib/python3.8/site-packages/lkas5/splash/stream_port
[0.648s] creating /home/rtos/dev_ws/install/lkas5/lib/python3.8/site-packages/lkas5/splash/factory
[0.648s] copying /home/rtos/dev_ws/build/lkas5/build/lib/lkas5/splash/factory/__init__.py -> /home/rtos/dev_ws/install/lkas5/lib/python3.8/site-packages/lkas5/splash/factory
[0.648s] creating /home/rtos/dev_ws/install/lkas5/lib/python3.8/site-packages/lkas5/splash/build_unit
[0.648s] copying /home/rtos/dev_ws/build/lkas5/build/lib/lkas5/splash/build_unit/default_build_unit.py -> /home/rtos/dev_ws/install/lkas5/lib/python3.8/site-packages/lkas5/splash/build_unit
[0.648s] copying /home/rtos/dev_ws/build/lkas5/build/lib/lkas5/splash/build_unit/__init__.py -> /home/rtos/dev_ws/install/lkas5/lib/python3.8/site-packages/lkas5/splash/build_unit
[0.649s] byte-compiling /home/rtos/dev_ws/install/lkas5/lib/python3.8/site-packages/lkas5/__init__.py to __init__.cpython-38.pyc
[0.649s] byte-compiling /home/rtos/dev_ws/install/lkas5/lib/python3.8/site-packages/lkas5/default_build_unit_exec.py to default_build_unit_exec.cpython-38.pyc
[0.649s] byte-compiling /home/rtos/dev_ws/install/lkas5/lib/python3.8/site-packages/lkas5/splash/component/source_angle_z.py to source_angle_z.cpython-38.pyc
[0.650s] byte-compiling /home/rtos/dev_ws/install/lkas5/lib/python3.8/site-packages/lkas5/splash/component/processing_accel.py to processing_accel.cpython-38.pyc
[0.650s] byte-compiling /home/rtos/dev_ws/install/lkas5/lib/python3.8/site-packages/lkas5/splash/component/__init__.py to __init__.cpython-38.pyc
[0.650s] byte-compiling /home/rtos/dev_ws/install/lkas5/lib/python3.8/site-packages/lkas5/splash/component/source_linear_x.py to source_linear_x.cpython-38.pyc
[0.650s] byte-compiling /home/rtos/dev_ws/install/lkas5/lib/python3.8/site-packages/lkas5/splash/component/sink_steering.py to sink_steering.cpython-38.pyc
[0.651s] byte-compiling /home/rtos/dev_ws/install/lkas5/lib/python3.8/site-packages/lkas5/splash/component/source_distance_mid.py to source_distance_mid.cpython-38.pyc
[0.651s] byte-compiling /home/rtos/dev_ws/install/lkas5/lib/python3.8/site-packages/lkas5/splash/component/fusion_operator_1.py to fusion_operator_1.cpython-38.pyc
[0.651s] byte-compiling /home/rtos/dev_ws/install/lkas5/lib/python3.8/site-packages/lkas5/splash/component/processing_steering.py to processing_steering.cpython-38.pyc
[0.652s] byte-compiling /home/rtos/dev_ws/install/lkas5/lib/python3.8/site-packages/lkas5/splash/component/sink_accel.py to sink_accel.cpython-38.pyc
[0.652s] byte-compiling /home/rtos/dev_ws/install/lkas5/lib/python3.8/site-packages/lkas5/splash/__init__.py to __init__.cpython-38.pyc
[0.653s] byte-compiling /home/rtos/dev_ws/install/lkas5/lib/python3.8/site-packages/lkas5/splash/stream_port/__init__.py to __init__.cpython-38.pyc
[0.653s] byte-compiling /home/rtos/dev_ws/install/lkas5/lib/python3.8/site-packages/lkas5/splash/factory/__init__.py to __init__.cpython-38.pyc
[0.653s] byte-compiling /home/rtos/dev_ws/install/lkas5/lib/python3.8/site-packages/lkas5/splash/build_unit/default_build_unit.py to default_build_unit.cpython-38.pyc
[0.653s] byte-compiling /home/rtos/dev_ws/install/lkas5/lib/python3.8/site-packages/lkas5/splash/build_unit/__init__.py to __init__.cpython-38.pyc
[0.653s] running install_data
[0.653s] creating /home/rtos/dev_ws/install/lkas5/share/ament_index
[0.654s] creating /home/rtos/dev_ws/install/lkas5/share/ament_index/resource_index
[0.654s] creating /home/rtos/dev_ws/install/lkas5/share/ament_index/resource_index/packages
[0.654s] copying resource/lkas5 -> /home/rtos/dev_ws/install/lkas5/share/ament_index/resource_index/packages
[0.654s] copying package.xml -> /home/rtos/dev_ws/install/lkas5/share/lkas5
[0.654s] copying launch/splash.launch.py -> /home/rtos/dev_ws/install/lkas5/share/lkas5
[0.654s] running install_egg_info
[0.655s] Copying ../../build/lkas5/lkas5.egg-info to /home/rtos/dev_ws/install/lkas5/lib/python3.8/site-packages/lkas5-0.0.0-py3.8.egg-info
[0.656s] running install_scripts
[0.673s] Installing default_build_unit script to /home/rtos/dev_ws/install/lkas5/lib/lkas5
[0.673s] Installing splash_server script to /home/rtos/dev_ws/install/lkas5/lib/lkas5
[0.674s] writing list of installed files to '/home/rtos/dev_ws/build/lkas5/install.log'
[0.703s] Invoked command in '/home/rtos/dev_ws/src/lkas5' returned '0': AMENT_PREFIX_PATH=/home/rtos/dev_ws/install/scl:/home/rtos/dev_ws/install/srl:/home/rtos/dev_ws/install/Torcs_5:/home/rtos/dev_ws/install/torcs_client:/home/rtos/dev_ws/install/torcs_interfaces:/home/rtos/dev_ws/install/lkas5:/home/rtos/dev_ws/install/splash_interfaces:/opt/ros/foxy CMAKE_PREFIX_PATH=/home/rtos/dev_ws/install/splash_interfaces:/home/rtos/dev_ws/install/torcs_interfaces LD_LIBRARY_PATH=/home/rtos/dev_ws/install/splash_interfaces/lib:/home/rtos/dev_ws/install/torcs_interfaces/lib:/opt/ros/foxy/opt/yaml_cpp_vendor/lib:/opt/ros/foxy/opt/rviz_ogre_vendor/lib:/opt/ros/foxy/lib/x86_64-linux-gnu:/opt/ros/foxy/lib PYTHONPATH=/home/rtos/dev_ws/install/lkas5/lib/python3.8/site-packages:/home/rtos/dev_ws/install/scl/lib/python3.8/site-packages:/home/rtos/dev_ws/install/srl/lib/python3.8/site-packages:/home/rtos/dev_ws/install/splash_interfaces/lib/python3.8/site-packages:/home/rtos/dev_ws/install/Torcs_5/lib/python3.8/site-packages:/home/rtos/dev_ws/install/torcs_client/lib/python3.8/site-packages:/home/rtos/dev_ws/install/torcs_interfaces/lib/python3.8/site-packages:/home/rtos/dev_ws/install/lkas5/lib/python3.8/site-packages:/opt/ros/foxy/lib/python3.8/site-packages /usr/bin/python3 setup.py egg_info --egg-base ../../build/lkas5 build --build-base /home/rtos/dev_ws/build/lkas5/build install --prefix /home/rtos/dev_ws/install/lkas5 --record /home/rtos/dev_ws/build/lkas5/install.log --single-version-externally-managed
