running egg_info
writing ../../build/torcs_client/torcs_client.egg-info/PKG-INFO
writing dependency_links to ../../build/torcs_client/torcs_client.egg-info/dependency_links.txt
writing entry points to ../../build/torcs_client/torcs_client.egg-info/entry_points.txt
writing requirements to ../../build/torcs_client/torcs_client.egg-info/requires.txt
writing top-level names to ../../build/torcs_client/torcs_client.egg-info/top_level.txt
reading manifest file '../../build/torcs_client/torcs_client.egg-info/SOURCES.txt'
writing manifest file '../../build/torcs_client/torcs_client.egg-info/SOURCES.txt'
running build
running build_py
copying torcs_client/torcs_client.py -> /home/rtos/dev_ws/build/torcs_client/build/lib/torcs_client
running install
running install_lib
copying /home/rtos/dev_ws/build/torcs_client/build/lib/torcs_client/torcs_client.py -> /home/rtos/dev_ws/install/torcs_client/lib/python3.8/site-packages/torcs_client
byte-compiling /home/rtos/dev_ws/install/torcs_client/lib/python3.8/site-packages/torcs_client/torcs_client.py to torcs_client.cpython-38.pyc
running install_data
running install_egg_info
removing '/home/rtos/dev_ws/install/torcs_client/lib/python3.8/site-packages/torcs_client-0.0.0-py3.8.egg-info' (and everything under it)
Copying ../../build/torcs_client/torcs_client.egg-info to /home/rtos/dev_ws/install/torcs_client/lib/python3.8/site-packages/torcs_client-0.0.0-py3.8.egg-info
running install_scripts
Installing main script to /home/rtos/dev_ws/install/torcs_client/lib/torcs_client
writing list of installed files to '/home/rtos/dev_ws/build/torcs_client/install.log'
