[0.017s] Invoking command in '/home/rtos/dev_ws/build/splash_interfaces': CMAKE_PREFIX_PATH=${CMAKE_PREFIX_PATH}:/home/rtos/dev_ws/install/Torcs_5:/home/rtos/dev_ws/install/torcs_client:/home/rtos/dev_ws/install/lkas5:/home/rtos/dev_ws/install/scl:/home/rtos/dev_ws/install/srl:/opt/ros/foxy /usr/bin/cmake /home/rtos/dev_ws/src/splash_interfaces -DCMAKE_INSTALL_PREFIX=/home/rtos/dev_ws/install/splash_interfaces
[0.076s] -- The C compiler identification is GNU 9.3.0
[0.141s] -- The CXX compiler identification is GNU 9.3.0
[0.148s] -- Check for working C compiler: /usr/bin/cc
[0.225s] -- Check for working C compiler: /usr/bin/cc -- works
[0.225s] -- Detecting C compiler ABI info
[0.300s] -- Detecting C compiler ABI info - done
[0.311s] -- Detecting C compile features
[0.311s] -- Detecting C compile features - done
[0.314s] -- Check for working CXX compiler: /usr/bin/c++
[0.392s] -- Check for working CXX compiler: /usr/bin/c++ -- works
[0.393s] -- Detecting CXX compiler ABI info
[0.473s] -- Detecting CXX compiler ABI info - done
[0.485s] -- Detecting CXX compile features
[0.486s] -- Detecting CXX compile features - done
[0.489s] -- Found ament_cmake: 0.9.7 (/opt/ros/foxy/share/ament_cmake/cmake)
[0.512s] -- Found PythonInterp: /usr/bin/python3 (found suitable version "3.8.5", minimum required is "3") 
[0.512s] -- Using PYTHON_EXECUTABLE: /usr/bin/python3
[0.706s] -- Found std_msgs: 2.0.3 (/opt/ros/foxy/share/std_msgs/cmake)
[0.720s] -- Using all available rosidl_typesupport_c: rosidl_typesupport_fastrtps_c;rosidl_typesupport_introspection_c
[0.726s] -- Found rosidl_adapter: 1.1.0 (/opt/ros/foxy/share/rosidl_adapter/cmake)
[0.798s] -- Found OpenSSL: /usr/lib/x86_64-linux-gnu/libcrypto.so (found version "1.1.1f")  
[0.825s] -- Found FastRTPS: /opt/ros/foxy/include  
[0.902s] -- Using all available rosidl_typesupport_cpp: rosidl_typesupport_fastrtps_cpp;rosidl_typesupport_introspection_cpp
[0.946s] -- Found rosidl_default_generators: 1.0.0 (/opt/ros/foxy/share/rosidl_default_generators/cmake)
[0.977s] -- Found PythonInterp: /usr/bin/python3 (found version "3.8.5") 
[1.151s] -- Found ament_cmake_ros: 0.9.0 (/opt/ros/foxy/share/ament_cmake_ros/cmake)
[1.325s] -- Using all available rosidl_typesupport_c: rosidl_typesupport_fastrtps_c;rosidl_typesupport_introspection_c
[1.402s] -- Using all available rosidl_typesupport_cpp: rosidl_typesupport_fastrtps_cpp;rosidl_typesupport_introspection_cpp
[1.433s] -- Found PythonInterp: /usr/bin/python3 (found suitable version "3.8.5", minimum required is "3.5") 
[1.434s] -- Found python_cmake_module: 0.8.0 (/opt/ros/foxy/share/python_cmake_module/cmake)
[1.464s] -- Found PythonLibs: /usr/lib/x86_64-linux-gnu/libpython3.8.so (found suitable version "3.8.5", minimum required is "3.5") 
[1.464s] -- Using PYTHON_EXECUTABLE: /usr/bin/python3
[1.465s] -- Using PYTHON_INCLUDE_DIRS: /usr/include/python3.8
[1.465s] -- Using PYTHON_LIBRARIES: /usr/lib/x86_64-linux-gnu/libpython3.8.so
[1.492s] -- Found PythonExtra: .so  
[1.565s] -- Configuring done
[1.618s] -- Generating done
[1.620s] -- Build files have been written to: /home/rtos/dev_ws/build/splash_interfaces
[1.633s] Invoked command in '/home/rtos/dev_ws/build/splash_interfaces' returned '0': CMAKE_PREFIX_PATH=${CMAKE_PREFIX_PATH}:/home/rtos/dev_ws/install/Torcs_5:/home/rtos/dev_ws/install/torcs_client:/home/rtos/dev_ws/install/lkas5:/home/rtos/dev_ws/install/scl:/home/rtos/dev_ws/install/srl:/opt/ros/foxy /usr/bin/cmake /home/rtos/dev_ws/src/splash_interfaces -DCMAKE_INSTALL_PREFIX=/home/rtos/dev_ws/install/splash_interfaces
[1.635s] Invoking command in '/home/rtos/dev_ws/build/splash_interfaces': CMAKE_PREFIX_PATH=${CMAKE_PREFIX_PATH}:/home/rtos/dev_ws/install/Torcs_5:/home/rtos/dev_ws/install/torcs_client:/home/rtos/dev_ws/install/lkas5:/home/rtos/dev_ws/install/scl:/home/rtos/dev_ws/install/srl:/opt/ros/foxy /usr/bin/cmake --build /home/rtos/dev_ws/build/splash_interfaces -- -j8 -l8
[1.690s] [35m[1mScanning dependencies of target splash_interfaces__cpp[0m
[1.692s] [  1%] [34m[1mGenerating C code for ROS interfaces[0m
[1.704s] [  3%] [34m[1mGenerating C++ code for ROS interfaces[0m
[2.184s] [35m[1mScanning dependencies of target splash_interfaces__rosidl_generator_c[0m
[2.201s] [  5%] [32mBuilding C object CMakeFiles/splash_interfaces__rosidl_generator_c.dir/rosidl_generator_c/splash_interfaces/srv/detail/request_mode_change__functions.c.o[0m
[2.201s] [  7%] [32mBuilding C object CMakeFiles/splash_interfaces__rosidl_generator_c.dir/rosidl_generator_c/splash_interfaces/srv/detail/unregister_mode__functions.c.o[0m
[2.201s] [  9%] [32mBuilding C object CMakeFiles/splash_interfaces__rosidl_generator_c.dir/rosidl_generator_c/splash_interfaces/srv/detail/register_mode__functions.c.o[0m
[2.212s] [ 10%] [32mBuilding C object CMakeFiles/splash_interfaces__rosidl_generator_c.dir/rosidl_generator_c/splash_interfaces/msg/detail/splash_message__functions.c.o[0m
[2.276s] [ 12%] [32m[1mLinking C shared library libsplash_interfaces__rosidl_generator_c.so[0m
[2.335s] [ 12%] Built target splash_interfaces__cpp
[2.344s] [ 12%] Built target splash_interfaces__rosidl_generator_c
[2.347s] [ 14%] [34m[1mGenerating C++ type support dispatch for ROS interfaces[0m
[2.353s] [ 16%] [34m[1mGenerating C++ type support for eProsima Fast-RTPS[0m
[2.356s] [ 18%] [34m[1mGenerating C++ introspection for ROS interfaces[0m
[2.358s] [ 20%] [34m[1mGenerating C type support dispatch for ROS interfaces[0m
[2.363s] [ 21%] [34m[1mGenerating C introspection for ROS interfaces[0m
[2.927s] [35m[1mScanning dependencies of target splash_interfaces__rosidl_typesupport_cpp[0m
[2.951s] [35m[1mScanning dependencies of target splash_interfaces__rosidl_typesupport_c[0m
[2.962s] [ 23%] [32mBuilding CXX object CMakeFiles/splash_interfaces__rosidl_typesupport_cpp.dir/rosidl_typesupport_cpp/splash_interfaces/srv/register_mode__type_support.cpp.o[0m
[2.975s] [ 27%] [32mBuilding CXX object CMakeFiles/splash_interfaces__rosidl_typesupport_cpp.dir/rosidl_typesupport_cpp/splash_interfaces/srv/request_mode_change__type_support.cpp.o[0m
[2.983s] [ 27%] [32mBuilding CXX object CMakeFiles/splash_interfaces__rosidl_typesupport_cpp.dir/rosidl_typesupport_cpp/splash_interfaces/srv/unregister_mode__type_support.cpp.o[0m
[2.985s] [ 29%] [32mBuilding CXX object CMakeFiles/splash_interfaces__rosidl_typesupport_cpp.dir/rosidl_typesupport_cpp/splash_interfaces/msg/splash_message__type_support.cpp.o[0m
[2.999s] [ 30%] [32mBuilding CXX object CMakeFiles/splash_interfaces__rosidl_typesupport_c.dir/rosidl_typesupport_c/splash_interfaces/srv/request_mode_change__type_support.cpp.o[0m
[3.188s] [ 32%] [32mBuilding CXX object CMakeFiles/splash_interfaces__rosidl_typesupport_c.dir/rosidl_typesupport_c/splash_interfaces/srv/register_mode__type_support.cpp.o[0m
[3.319s] [35m[1mScanning dependencies of target splash_interfaces__rosidl_typesupport_introspection_cpp[0m
[3.392s] [ 34%] [32mBuilding CXX object CMakeFiles/splash_interfaces__rosidl_typesupport_introspection_cpp.dir/rosidl_typesupport_introspection_cpp/splash_interfaces/srv/detail/request_mode_change__type_support.cpp.o[0m
[3.410s] [35m[1mScanning dependencies of target splash_interfaces__rosidl_typesupport_fastrtps_cpp[0m
[3.420s] [35m[1mScanning dependencies of target splash_interfaces__rosidl_typesupport_introspection_c[0m
[3.436s] [ 36%] [32mBuilding CXX object CMakeFiles/splash_interfaces__rosidl_typesupport_c.dir/rosidl_typesupport_c/splash_interfaces/srv/unregister_mode__type_support.cpp.o[0m
[3.473s] [ 38%] [32mBuilding C object CMakeFiles/splash_interfaces__rosidl_typesupport_introspection_c.dir/rosidl_typesupport_introspection_c/splash_interfaces/srv/detail/request_mode_change__type_support.c.o[0m
[3.500s] [ 40%] [32mBuilding CXX object CMakeFiles/splash_interfaces__rosidl_typesupport_fastrtps_cpp.dir/rosidl_typesupport_fastrtps_cpp/splash_interfaces/srv/detail/dds_fastrtps/request_mode_change__type_support.cpp.o[0m
[3.512s] [ 41%] [32mBuilding C object CMakeFiles/splash_interfaces__rosidl_typesupport_introspection_c.dir/rosidl_typesupport_introspection_c/splash_interfaces/srv/detail/register_mode__type_support.c.o[0m
[3.554s] [ 43%] [32mBuilding CXX object CMakeFiles/splash_interfaces__rosidl_typesupport_c.dir/rosidl_typesupport_c/splash_interfaces/msg/splash_message__type_support.cpp.o[0m
[3.616s] [ 45%] [32mBuilding CXX object CMakeFiles/splash_interfaces__rosidl_typesupport_fastrtps_cpp.dir/rosidl_typesupport_fastrtps_cpp/splash_interfaces/srv/detail/dds_fastrtps/register_mode__type_support.cpp.o[0m
[3.648s] [ 47%] [32mBuilding C object CMakeFiles/splash_interfaces__rosidl_typesupport_introspection_c.dir/rosidl_typesupport_introspection_c/splash_interfaces/srv/detail/unregister_mode__type_support.c.o[0m
[3.648s] [ 49%] [32mBuilding CXX object CMakeFiles/splash_interfaces__rosidl_typesupport_fastrtps_cpp.dir/rosidl_typesupport_fastrtps_cpp/splash_interfaces/srv/detail/dds_fastrtps/unregister_mode__type_support.cpp.o[0m
[3.651s] [ 50%] [32mBuilding CXX object CMakeFiles/splash_interfaces__rosidl_typesupport_fastrtps_cpp.dir/rosidl_typesupport_fastrtps_cpp/splash_interfaces/msg/detail/dds_fastrtps/splash_message__type_support.cpp.o[0m
[3.707s] [ 52%] [32m[1mLinking CXX shared library libsplash_interfaces__rosidl_typesupport_c.so[0m
[3.715s] [ 54%] [32m[1mLinking CXX shared library libsplash_interfaces__rosidl_typesupport_cpp.so[0m
[3.931s] [ 56%] [32mBuilding C object CMakeFiles/splash_interfaces__rosidl_typesupport_introspection_c.dir/rosidl_typesupport_introspection_c/splash_interfaces/msg/detail/splash_message__type_support.c.o[0m
[4.005s] [ 56%] Built target splash_interfaces__rosidl_typesupport_c
[4.005s] [ 56%] Built target splash_interfaces__rosidl_typesupport_cpp
[4.078s] [ 58%] [32mBuilding CXX object CMakeFiles/splash_interfaces__rosidl_typesupport_introspection_cpp.dir/rosidl_typesupport_introspection_cpp/splash_interfaces/srv/detail/register_mode__type_support.cpp.o[0m
[4.079s] [ 60%] [32mBuilding CXX object CMakeFiles/splash_interfaces__rosidl_typesupport_introspection_cpp.dir/rosidl_typesupport_introspection_cpp/splash_interfaces/srv/detail/unregister_mode__type_support.cpp.o[0m
[4.135s] [ 61%] [32m[1mLinking C shared library libsplash_interfaces__rosidl_typesupport_introspection_c.so[0m
[4.191s] [ 63%] [32mBuilding CXX object CMakeFiles/splash_interfaces__rosidl_typesupport_introspection_cpp.dir/rosidl_typesupport_introspection_cpp/splash_interfaces/msg/detail/splash_message__type_support.cpp.o[0m
[4.307s] [ 63%] Built target splash_interfaces__rosidl_typesupport_introspection_c
[4.927s] [ 65%] [32m[1mLinking CXX shared library libsplash_interfaces__rosidl_typesupport_introspection_cpp.so[0m
[4.960s] [ 67%] [32m[1mLinking CXX shared library libsplash_interfaces__rosidl_typesupport_fastrtps_cpp.so[0m
[5.037s] [ 67%] Built target splash_interfaces__rosidl_typesupport_introspection_cpp
[5.098s] [ 67%] Built target splash_interfaces__rosidl_typesupport_fastrtps_cpp
[5.108s] [ 69%] [34m[1mGenerating C type support for eProsima Fast-RTPS[0m
[5.487s] [35m[1mScanning dependencies of target splash_interfaces__rosidl_typesupport_fastrtps_c[0m
[5.508s] [ 70%] [32mBuilding CXX object CMakeFiles/splash_interfaces__rosidl_typesupport_fastrtps_c.dir/rosidl_typesupport_fastrtps_c/splash_interfaces/srv/detail/request_mode_change__type_support_c.cpp.o[0m
[5.509s] [ 72%] [32mBuilding CXX object CMakeFiles/splash_interfaces__rosidl_typesupport_fastrtps_c.dir/rosidl_typesupport_fastrtps_c/splash_interfaces/srv/detail/unregister_mode__type_support_c.cpp.o[0m
[5.510s] [ 76%] [32mBuilding CXX object CMakeFiles/splash_interfaces__rosidl_typesupport_fastrtps_c.dir/rosidl_typesupport_fastrtps_c/splash_interfaces/msg/detail/splash_message__type_support_c.cpp.o[0m
[5.511s] [ 76%] [32mBuilding CXX object CMakeFiles/splash_interfaces__rosidl_typesupport_fastrtps_c.dir/rosidl_typesupport_fastrtps_c/splash_interfaces/srv/detail/register_mode__type_support_c.cpp.o[0m
[6.029s] [ 78%] [32m[1mLinking CXX shared library libsplash_interfaces__rosidl_typesupport_fastrtps_c.so[0m
[6.127s] [ 78%] Built target splash_interfaces__rosidl_typesupport_fastrtps_c
[6.137s] [35m[1mScanning dependencies of target splash_interfaces[0m
[6.151s] [ 78%] Built target splash_interfaces
[6.163s] [35m[1mScanning dependencies of target splash_interfaces__py[0m
[6.176s] [ 80%] [34m[1mGenerating Python code for ROS interfaces[0m
[6.952s] [ 80%] Built target splash_interfaces__py
[6.963s] [35m[1mScanning dependencies of target splash_interfaces__python[0m
[6.992s] [ 81%] [32mBuilding C object CMakeFiles/splash_interfaces__python.dir/rosidl_generator_py/splash_interfaces/srv/_request_mode_change_s.c.o[0m
[6.995s] [ 85%] [32mBuilding C object CMakeFiles/splash_interfaces__python.dir/rosidl_generator_py/splash_interfaces/srv/_unregister_mode_s.c.o[0m
[6.995s] [ 85%] [32mBuilding C object CMakeFiles/splash_interfaces__python.dir/rosidl_generator_py/splash_interfaces/srv/_register_mode_s.c.o[0m
[6.996s] [ 87%] [32mBuilding C object CMakeFiles/splash_interfaces__python.dir/rosidl_generator_py/splash_interfaces/msg/_splash_message_s.c.o[0m
[7.139s] [ 89%] [32m[1mLinking C shared library rosidl_generator_py/splash_interfaces/libsplash_interfaces__python.so[0m
[7.182s] [ 89%] Built target splash_interfaces__python
[7.192s] [35m[1mScanning dependencies of target splash_interfaces__rosidl_typesupport_c__pyext[0m
[7.193s] [35m[1mScanning dependencies of target splash_interfaces__rosidl_typesupport_introspection_c__pyext[0m
[7.193s] [35m[1mScanning dependencies of target splash_interfaces__rosidl_typesupport_fastrtps_c__pyext[0m
[7.210s] [ 90%] [32mBuilding C object CMakeFiles/splash_interfaces__rosidl_typesupport_c__pyext.dir/rosidl_generator_py/splash_interfaces/_splash_interfaces_s.ep.rosidl_typesupport_c.c.o[0m
[7.213s] [ 92%] [32mBuilding C object CMakeFiles/splash_interfaces__rosidl_typesupport_introspection_c__pyext.dir/rosidl_generator_py/splash_interfaces/_splash_interfaces_s.ep.rosidl_typesupport_introspection_c.c.o[0m
[7.221s] [ 94%] [32mBuilding C object CMakeFiles/splash_interfaces__rosidl_typesupport_fastrtps_c__pyext.dir/rosidl_generator_py/splash_interfaces/_splash_interfaces_s.ep.rosidl_typesupport_fastrtps_c.c.o[0m
[7.344s] [ 96%] [32m[1mLinking C shared library rosidl_generator_py/splash_interfaces/splash_interfaces_s__rosidl_typesupport_introspection_c.cpython-38-x86_64-linux-gnu.so[0m
[7.348s] [ 98%] [32m[1mLinking C shared library rosidl_generator_py/splash_interfaces/splash_interfaces_s__rosidl_typesupport_c.cpython-38-x86_64-linux-gnu.so[0m
[7.353s] [100%] [32m[1mLinking CXX shared library rosidl_generator_py/splash_interfaces/splash_interfaces_s__rosidl_typesupport_fastrtps_c.cpython-38-x86_64-linux-gnu.so[0m
[7.394s] [100%] Built target splash_interfaces__rosidl_typesupport_introspection_c__pyext
[7.395s] [100%] Built target splash_interfaces__rosidl_typesupport_c__pyext
[7.439s] [100%] Built target splash_interfaces__rosidl_typesupport_fastrtps_c__pyext
[7.454s] Invoked command in '/home/rtos/dev_ws/build/splash_interfaces' returned '0': CMAKE_PREFIX_PATH=${CMAKE_PREFIX_PATH}:/home/rtos/dev_ws/install/Torcs_5:/home/rtos/dev_ws/install/torcs_client:/home/rtos/dev_ws/install/lkas5:/home/rtos/dev_ws/install/scl:/home/rtos/dev_ws/install/srl:/opt/ros/foxy /usr/bin/cmake --build /home/rtos/dev_ws/build/splash_interfaces -- -j8 -l8
[7.547s] Invoking command in '/home/rtos/dev_ws/build/splash_interfaces': CMAKE_PREFIX_PATH=${CMAKE_PREFIX_PATH}:/home/rtos/dev_ws/install/Torcs_5:/home/rtos/dev_ws/install/torcs_client:/home/rtos/dev_ws/install/lkas5:/home/rtos/dev_ws/install/scl:/home/rtos/dev_ws/install/srl:/opt/ros/foxy /usr/bin/cmake --install /home/rtos/dev_ws/build/splash_interfaces
[7.556s] -- Install configuration: ""
[7.556s] -- Installing: /home/rtos/dev_ws/install/splash_interfaces/share/ament_index/resource_index/rosidl_interfaces/splash_interfaces
[7.557s] -- Installing: /home/rtos/dev_ws/install/splash_interfaces/include/splash_interfaces
[7.557s] -- Installing: /home/rtos/dev_ws/install/splash_interfaces/include/splash_interfaces/msg
[7.557s] -- Installing: /home/rtos/dev_ws/install/splash_interfaces/include/splash_interfaces/msg/detail
[7.557s] -- Installing: /home/rtos/dev_ws/install/splash_interfaces/include/splash_interfaces/msg/detail/splash_message__functions.h
[7.557s] -- Installing: /home/rtos/dev_ws/install/splash_interfaces/include/splash_interfaces/msg/detail/splash_message__struct.h
[7.557s] -- Installing: /home/rtos/dev_ws/install/splash_interfaces/include/splash_interfaces/msg/detail/splash_message__type_support.h
[7.558s] -- Installing: /home/rtos/dev_ws/install/splash_interfaces/include/splash_interfaces/msg/detail/splash_message__functions.c
[7.558s] -- Installing: /home/rtos/dev_ws/install/splash_interfaces/include/splash_interfaces/msg/rosidl_generator_c__visibility_control.h
[7.558s] -- Installing: /home/rtos/dev_ws/install/splash_interfaces/include/splash_interfaces/msg/splash_message.h
[7.558s] -- Installing: /home/rtos/dev_ws/install/splash_interfaces/include/splash_interfaces/srv
[7.558s] -- Installing: /home/rtos/dev_ws/install/splash_interfaces/include/splash_interfaces/srv/detail
[7.558s] -- Installing: /home/rtos/dev_ws/install/splash_interfaces/include/splash_interfaces/srv/detail/unregister_mode__functions.h
[7.559s] -- Installing: /home/rtos/dev_ws/install/splash_interfaces/include/splash_interfaces/srv/detail/register_mode__type_support.h
[7.559s] -- Installing: /home/rtos/dev_ws/install/splash_interfaces/include/splash_interfaces/srv/detail/unregister_mode__functions.c
[7.559s] -- Installing: /home/rtos/dev_ws/install/splash_interfaces/include/splash_interfaces/srv/detail/unregister_mode__type_support.h
[7.559s] -- Installing: /home/rtos/dev_ws/install/splash_interfaces/include/splash_interfaces/srv/detail/request_mode_change__struct.h
[7.559s] -- Installing: /home/rtos/dev_ws/install/splash_interfaces/include/splash_interfaces/srv/detail/request_mode_change__functions.c
[7.560s] -- Installing: /home/rtos/dev_ws/install/splash_interfaces/include/splash_interfaces/srv/detail/request_mode_change__type_support.h
[7.560s] -- Installing: /home/rtos/dev_ws/install/splash_interfaces/include/splash_interfaces/srv/detail/unregister_mode__struct.h
[7.560s] -- Installing: /home/rtos/dev_ws/install/splash_interfaces/include/splash_interfaces/srv/detail/register_mode__struct.h
[7.560s] -- Installing: /home/rtos/dev_ws/install/splash_interfaces/include/splash_interfaces/srv/detail/register_mode__functions.h
[7.560s] -- Installing: /home/rtos/dev_ws/install/splash_interfaces/include/splash_interfaces/srv/detail/request_mode_change__functions.h
[7.561s] -- Installing: /home/rtos/dev_ws/install/splash_interfaces/include/splash_interfaces/srv/detail/register_mode__functions.c
[7.561s] -- Installing: /home/rtos/dev_ws/install/splash_interfaces/include/splash_interfaces/srv/unregister_mode.h
[7.561s] -- Installing: /home/rtos/dev_ws/install/splash_interfaces/include/splash_interfaces/srv/register_mode.h
[7.561s] -- Installing: /home/rtos/dev_ws/install/splash_interfaces/include/splash_interfaces/srv/request_mode_change.h
[7.561s] -- Installing: /home/rtos/dev_ws/install/splash_interfaces/share/splash_interfaces/environment/library_path.sh
[7.561s] -- Installing: /home/rtos/dev_ws/install/splash_interfaces/share/splash_interfaces/environment/library_path.dsv
[7.562s] -- Installing: /home/rtos/dev_ws/install/splash_interfaces/lib/libsplash_interfaces__rosidl_generator_c.so
[7.562s] -- Set runtime path of "/home/rtos/dev_ws/install/splash_interfaces/lib/libsplash_interfaces__rosidl_generator_c.so" to ""
[7.562s] -- Up-to-date: /home/rtos/dev_ws/install/splash_interfaces/include/splash_interfaces
[7.562s] -- Up-to-date: /home/rtos/dev_ws/install/splash_interfaces/include/splash_interfaces/msg
[7.562s] -- Up-to-date: /home/rtos/dev_ws/install/splash_interfaces/include/splash_interfaces/msg/detail
[7.562s] -- Installing: /home/rtos/dev_ws/install/splash_interfaces/include/splash_interfaces/msg/detail/splash_message__rosidl_typesupport_fastrtps_c.h
[7.563s] -- Installing: /home/rtos/dev_ws/install/splash_interfaces/include/splash_interfaces/msg/rosidl_typesupport_fastrtps_c__visibility_control.h
[7.563s] -- Up-to-date: /home/rtos/dev_ws/install/splash_interfaces/include/splash_interfaces/srv
[7.563s] -- Up-to-date: /home/rtos/dev_ws/install/splash_interfaces/include/splash_interfaces/srv/detail
[7.563s] -- Installing: /home/rtos/dev_ws/install/splash_interfaces/include/splash_interfaces/srv/detail/register_mode__rosidl_typesupport_fastrtps_c.h
[7.563s] -- Installing: /home/rtos/dev_ws/install/splash_interfaces/include/splash_interfaces/srv/detail/unregister_mode__rosidl_typesupport_fastrtps_c.h
[7.563s] -- Installing: /home/rtos/dev_ws/install/splash_interfaces/include/splash_interfaces/srv/detail/request_mode_change__rosidl_typesupport_fastrtps_c.h
[7.564s] -- Installing: /home/rtos/dev_ws/install/splash_interfaces/lib/libsplash_interfaces__rosidl_typesupport_fastrtps_c.so
[7.564s] -- Set runtime path of "/home/rtos/dev_ws/install/splash_interfaces/lib/libsplash_interfaces__rosidl_typesupport_fastrtps_c.so" to ""
[7.564s] -- Up-to-date: /home/rtos/dev_ws/install/splash_interfaces/include/splash_interfaces
[7.564s] -- Up-to-date: /home/rtos/dev_ws/install/splash_interfaces/include/splash_interfaces/msg
[7.564s] -- Up-to-date: /home/rtos/dev_ws/install/splash_interfaces/include/splash_interfaces/msg/detail
[7.564s] -- Installing: /home/rtos/dev_ws/install/splash_interfaces/include/splash_interfaces/msg/detail/dds_fastrtps
[7.564s] -- Installing: /home/rtos/dev_ws/install/splash_interfaces/include/splash_interfaces/msg/detail/splash_message__rosidl_typesupport_fastrtps_cpp.hpp
[7.565s] -- Installing: /home/rtos/dev_ws/install/splash_interfaces/include/splash_interfaces/msg/rosidl_typesupport_fastrtps_cpp__visibility_control.h
[7.565s] -- Up-to-date: /home/rtos/dev_ws/install/splash_interfaces/include/splash_interfaces/srv
[7.565s] -- Up-to-date: /home/rtos/dev_ws/install/splash_interfaces/include/splash_interfaces/srv/detail
[7.565s] -- Installing: /home/rtos/dev_ws/install/splash_interfaces/include/splash_interfaces/srv/detail/dds_fastrtps
[7.565s] -- Installing: /home/rtos/dev_ws/install/splash_interfaces/include/splash_interfaces/srv/detail/register_mode__rosidl_typesupport_fastrtps_cpp.hpp
[7.565s] -- Installing: /home/rtos/dev_ws/install/splash_interfaces/include/splash_interfaces/srv/detail/request_mode_change__rosidl_typesupport_fastrtps_cpp.hpp
[7.566s] -- Installing: /home/rtos/dev_ws/install/splash_interfaces/include/splash_interfaces/srv/detail/unregister_mode__rosidl_typesupport_fastrtps_cpp.hpp
[7.566s] -- Installing: /home/rtos/dev_ws/install/splash_interfaces/lib/libsplash_interfaces__rosidl_typesupport_fastrtps_cpp.so
[7.566s] -- Set runtime path of "/home/rtos/dev_ws/install/splash_interfaces/lib/libsplash_interfaces__rosidl_typesupport_fastrtps_cpp.so" to ""
[7.566s] -- Up-to-date: /home/rtos/dev_ws/install/splash_interfaces/include/splash_interfaces
[7.566s] -- Up-to-date: /home/rtos/dev_ws/install/splash_interfaces/include/splash_interfaces/msg
[7.566s] -- Up-to-date: /home/rtos/dev_ws/install/splash_interfaces/include/splash_interfaces/msg/detail
[7.567s] -- Installing: /home/rtos/dev_ws/install/splash_interfaces/include/splash_interfaces/msg/detail/splash_message__rosidl_typesupport_introspection_c.h
[7.567s] -- Installing: /home/rtos/dev_ws/install/splash_interfaces/include/splash_interfaces/msg/detail/splash_message__type_support.c
[7.567s] -- Installing: /home/rtos/dev_ws/install/splash_interfaces/include/splash_interfaces/msg/rosidl_typesupport_introspection_c__visibility_control.h
[7.567s] -- Up-to-date: /home/rtos/dev_ws/install/splash_interfaces/include/splash_interfaces/srv
[7.567s] -- Up-to-date: /home/rtos/dev_ws/install/splash_interfaces/include/splash_interfaces/srv/detail
[7.567s] -- Installing: /home/rtos/dev_ws/install/splash_interfaces/include/splash_interfaces/srv/detail/register_mode__type_support.c
[7.568s] -- Installing: /home/rtos/dev_ws/install/splash_interfaces/include/splash_interfaces/srv/detail/register_mode__rosidl_typesupport_introspection_c.h
[7.568s] -- Installing: /home/rtos/dev_ws/install/splash_interfaces/include/splash_interfaces/srv/detail/request_mode_change__type_support.c
[7.568s] -- Installing: /home/rtos/dev_ws/install/splash_interfaces/include/splash_interfaces/srv/detail/unregister_mode__rosidl_typesupport_introspection_c.h
[7.568s] -- Installing: /home/rtos/dev_ws/install/splash_interfaces/include/splash_interfaces/srv/detail/request_mode_change__rosidl_typesupport_introspection_c.h
[7.568s] -- Installing: /home/rtos/dev_ws/install/splash_interfaces/include/splash_interfaces/srv/detail/unregister_mode__type_support.c
[7.568s] -- Installing: /home/rtos/dev_ws/install/splash_interfaces/lib/libsplash_interfaces__rosidl_typesupport_introspection_c.so
[7.568s] -- Set runtime path of "/home/rtos/dev_ws/install/splash_interfaces/lib/libsplash_interfaces__rosidl_typesupport_introspection_c.so" to ""
[7.569s] -- Installing: /home/rtos/dev_ws/install/splash_interfaces/lib/libsplash_interfaces__rosidl_typesupport_c.so
[7.569s] -- Set runtime path of "/home/rtos/dev_ws/install/splash_interfaces/lib/libsplash_interfaces__rosidl_typesupport_c.so" to ""
[7.569s] -- Up-to-date: /home/rtos/dev_ws/install/splash_interfaces/include/splash_interfaces
[7.569s] -- Up-to-date: /home/rtos/dev_ws/install/splash_interfaces/include/splash_interfaces/msg
[7.569s] -- Up-to-date: /home/rtos/dev_ws/install/splash_interfaces/include/splash_interfaces/msg/detail
[7.569s] -- Installing: /home/rtos/dev_ws/install/splash_interfaces/include/splash_interfaces/msg/detail/splash_message__traits.hpp
[7.569s] -- Installing: /home/rtos/dev_ws/install/splash_interfaces/include/splash_interfaces/msg/detail/splash_message__struct.hpp
[7.570s] -- Installing: /home/rtos/dev_ws/install/splash_interfaces/include/splash_interfaces/msg/detail/splash_message__builder.hpp
[7.570s] -- Installing: /home/rtos/dev_ws/install/splash_interfaces/include/splash_interfaces/msg/splash_message.hpp
[7.570s] -- Up-to-date: /home/rtos/dev_ws/install/splash_interfaces/include/splash_interfaces/srv
[7.570s] -- Up-to-date: /home/rtos/dev_ws/install/splash_interfaces/include/splash_interfaces/srv/detail
[7.570s] -- Installing: /home/rtos/dev_ws/install/splash_interfaces/include/splash_interfaces/srv/detail/unregister_mode__struct.hpp
[7.570s] -- Installing: /home/rtos/dev_ws/install/splash_interfaces/include/splash_interfaces/srv/detail/register_mode__traits.hpp
[7.570s] -- Installing: /home/rtos/dev_ws/install/splash_interfaces/include/splash_interfaces/srv/detail/register_mode__struct.hpp
[7.571s] -- Installing: /home/rtos/dev_ws/install/splash_interfaces/include/splash_interfaces/srv/detail/request_mode_change__traits.hpp
[7.571s] -- Installing: /home/rtos/dev_ws/install/splash_interfaces/include/splash_interfaces/srv/detail/unregister_mode__traits.hpp
[7.571s] -- Installing: /home/rtos/dev_ws/install/splash_interfaces/include/splash_interfaces/srv/detail/request_mode_change__struct.hpp
[7.571s] -- Installing: /home/rtos/dev_ws/install/splash_interfaces/include/splash_interfaces/srv/detail/unregister_mode__builder.hpp
[7.571s] -- Installing: /home/rtos/dev_ws/install/splash_interfaces/include/splash_interfaces/srv/detail/request_mode_change__builder.hpp
[7.571s] -- Installing: /home/rtos/dev_ws/install/splash_interfaces/include/splash_interfaces/srv/detail/register_mode__builder.hpp
[7.571s] -- Installing: /home/rtos/dev_ws/install/splash_interfaces/include/splash_interfaces/srv/request_mode_change.hpp
[7.571s] -- Installing: /home/rtos/dev_ws/install/splash_interfaces/include/splash_interfaces/srv/register_mode.hpp
[7.572s] -- Installing: /home/rtos/dev_ws/install/splash_interfaces/include/splash_interfaces/srv/unregister_mode.hpp
[7.572s] -- Up-to-date: /home/rtos/dev_ws/install/splash_interfaces/include/splash_interfaces
[7.572s] -- Up-to-date: /home/rtos/dev_ws/install/splash_interfaces/include/splash_interfaces/msg
[7.572s] -- Up-to-date: /home/rtos/dev_ws/install/splash_interfaces/include/splash_interfaces/msg/detail
[7.572s] -- Installing: /home/rtos/dev_ws/install/splash_interfaces/include/splash_interfaces/msg/detail/splash_message__type_support.cpp
[7.572s] -- Installing: /home/rtos/dev_ws/install/splash_interfaces/include/splash_interfaces/msg/detail/splash_message__rosidl_typesupport_introspection_cpp.hpp
[7.572s] -- Up-to-date: /home/rtos/dev_ws/install/splash_interfaces/include/splash_interfaces/srv
[7.572s] -- Up-to-date: /home/rtos/dev_ws/install/splash_interfaces/include/splash_interfaces/srv/detail
[7.572s] -- Installing: /home/rtos/dev_ws/install/splash_interfaces/include/splash_interfaces/srv/detail/register_mode__rosidl_typesupport_introspection_cpp.hpp
[7.572s] -- Installing: /home/rtos/dev_ws/install/splash_interfaces/include/splash_interfaces/srv/detail/request_mode_change__type_support.cpp
[7.573s] -- Installing: /home/rtos/dev_ws/install/splash_interfaces/include/splash_interfaces/srv/detail/unregister_mode__type_support.cpp
[7.573s] -- Installing: /home/rtos/dev_ws/install/splash_interfaces/include/splash_interfaces/srv/detail/request_mode_change__rosidl_typesupport_introspection_cpp.hpp
[7.573s] -- Installing: /home/rtos/dev_ws/install/splash_interfaces/include/splash_interfaces/srv/detail/unregister_mode__rosidl_typesupport_introspection_cpp.hpp
[7.573s] -- Installing: /home/rtos/dev_ws/install/splash_interfaces/include/splash_interfaces/srv/detail/register_mode__type_support.cpp
[7.573s] -- Installing: /home/rtos/dev_ws/install/splash_interfaces/lib/libsplash_interfaces__rosidl_typesupport_introspection_cpp.so
[7.573s] -- Set runtime path of "/home/rtos/dev_ws/install/splash_interfaces/lib/libsplash_interfaces__rosidl_typesupport_introspection_cpp.so" to ""
[7.573s] -- Installing: /home/rtos/dev_ws/install/splash_interfaces/lib/libsplash_interfaces__rosidl_typesupport_cpp.so
[7.573s] -- Set runtime path of "/home/rtos/dev_ws/install/splash_interfaces/lib/libsplash_interfaces__rosidl_typesupport_cpp.so" to ""
[7.573s] -- Installing: /home/rtos/dev_ws/install/splash_interfaces/share/splash_interfaces/environment/pythonpath.sh
[7.573s] -- Installing: /home/rtos/dev_ws/install/splash_interfaces/share/splash_interfaces/environment/pythonpath.dsv
[7.573s] -- Installing: /home/rtos/dev_ws/install/splash_interfaces/lib/python3.8/site-packages/splash_interfaces/__init__.py
[7.598s] Compiling '/home/rtos/dev_ws/install/splash_interfaces/lib/python3.8/site-packages/splash_interfaces/__init__.py'...
[7.602s] -- Installing: /home/rtos/dev_ws/install/splash_interfaces/lib/python3.8/site-packages/splash_interfaces/srv
[7.602s] -- Installing: /home/rtos/dev_ws/install/splash_interfaces/lib/python3.8/site-packages/splash_interfaces/srv/_register_mode_s.c
[7.603s] -- Installing: /home/rtos/dev_ws/install/splash_interfaces/lib/python3.8/site-packages/splash_interfaces/srv/_request_mode_change_s.c
[7.603s] -- Installing: /home/rtos/dev_ws/install/splash_interfaces/lib/python3.8/site-packages/splash_interfaces/srv/__init__.py
[7.603s] -- Installing: /home/rtos/dev_ws/install/splash_interfaces/lib/python3.8/site-packages/splash_interfaces/srv/_request_mode_change.py
[7.603s] -- Installing: /home/rtos/dev_ws/install/splash_interfaces/lib/python3.8/site-packages/splash_interfaces/srv/_register_mode.py
[7.603s] -- Installing: /home/rtos/dev_ws/install/splash_interfaces/lib/python3.8/site-packages/splash_interfaces/srv/_unregister_mode.py
[7.603s] -- Installing: /home/rtos/dev_ws/install/splash_interfaces/lib/python3.8/site-packages/splash_interfaces/srv/_unregister_mode_s.c
[7.603s] -- Installing: /home/rtos/dev_ws/install/splash_interfaces/lib/python3.8/site-packages/splash_interfaces/msg
[7.603s] -- Installing: /home/rtos/dev_ws/install/splash_interfaces/lib/python3.8/site-packages/splash_interfaces/msg/_splash_message.py
[7.604s] -- Installing: /home/rtos/dev_ws/install/splash_interfaces/lib/python3.8/site-packages/splash_interfaces/msg/__init__.py
[7.604s] -- Installing: /home/rtos/dev_ws/install/splash_interfaces/lib/python3.8/site-packages/splash_interfaces/msg/_splash_message_s.c
[7.604s] -- Installing: /home/rtos/dev_ws/install/splash_interfaces/lib/python3.8/site-packages/splash_interfaces/splash_interfaces_s__rosidl_typesupport_fastrtps_c.cpython-38-x86_64-linux-gnu.so
[7.604s] -- Set runtime path of "/home/rtos/dev_ws/install/splash_interfaces/lib/python3.8/site-packages/splash_interfaces/splash_interfaces_s__rosidl_typesupport_fastrtps_c.cpython-38-x86_64-linux-gnu.so" to ""
[7.604s] -- Installing: /home/rtos/dev_ws/install/splash_interfaces/lib/python3.8/site-packages/splash_interfaces/splash_interfaces_s__rosidl_typesupport_introspection_c.cpython-38-x86_64-linux-gnu.so
[7.605s] -- Set runtime path of "/home/rtos/dev_ws/install/splash_interfaces/lib/python3.8/site-packages/splash_interfaces/splash_interfaces_s__rosidl_typesupport_introspection_c.cpython-38-x86_64-linux-gnu.so" to ""
[7.605s] -- Installing: /home/rtos/dev_ws/install/splash_interfaces/lib/python3.8/site-packages/splash_interfaces/splash_interfaces_s__rosidl_typesupport_c.cpython-38-x86_64-linux-gnu.so
[7.605s] -- Set runtime path of "/home/rtos/dev_ws/install/splash_interfaces/lib/python3.8/site-packages/splash_interfaces/splash_interfaces_s__rosidl_typesupport_c.cpython-38-x86_64-linux-gnu.so" to ""
[7.606s] -- Installing: /home/rtos/dev_ws/install/splash_interfaces/lib/libsplash_interfaces__python.so
[7.606s] -- Set runtime path of "/home/rtos/dev_ws/install/splash_interfaces/lib/libsplash_interfaces__python.so" to ""
[7.606s] -- Installing: /home/rtos/dev_ws/install/splash_interfaces/share/splash_interfaces/srv/RequestModeChange.idl
[7.606s] -- Installing: /home/rtos/dev_ws/install/splash_interfaces/share/splash_interfaces/srv/RegisterMode.idl
[7.606s] -- Installing: /home/rtos/dev_ws/install/splash_interfaces/share/splash_interfaces/srv/UnregisterMode.idl
[7.607s] -- Installing: /home/rtos/dev_ws/install/splash_interfaces/share/splash_interfaces/msg/SplashMessage.idl
[7.607s] -- Installing: /home/rtos/dev_ws/install/splash_interfaces/share/splash_interfaces/srv/RequestModeChange.srv
[7.607s] -- Installing: /home/rtos/dev_ws/install/splash_interfaces/share/splash_interfaces/srv/RequestModeChange_Request.msg
[7.607s] -- Installing: /home/rtos/dev_ws/install/splash_interfaces/share/splash_interfaces/srv/RequestModeChange_Response.msg
[7.607s] -- Installing: /home/rtos/dev_ws/install/splash_interfaces/share/splash_interfaces/srv/RegisterMode.srv
[7.607s] -- Installing: /home/rtos/dev_ws/install/splash_interfaces/share/splash_interfaces/srv/RegisterMode_Request.msg
[7.607s] -- Installing: /home/rtos/dev_ws/install/splash_interfaces/share/splash_interfaces/srv/RegisterMode_Response.msg
[7.608s] -- Installing: /home/rtos/dev_ws/install/splash_interfaces/share/splash_interfaces/srv/UnregisterMode.srv
[7.608s] -- Installing: /home/rtos/dev_ws/install/splash_interfaces/share/splash_interfaces/srv/UnregisterMode_Request.msg
[7.608s] -- Installing: /home/rtos/dev_ws/install/splash_interfaces/share/splash_interfaces/srv/UnregisterMode_Response.msg
[7.608s] -- Installing: /home/rtos/dev_ws/install/splash_interfaces/share/splash_interfaces/msg/SplashMessage.msg
[7.608s] -- Installing: /home/rtos/dev_ws/install/splash_interfaces/share/ament_index/resource_index/package_run_dependencies/splash_interfaces
[7.608s] -- Installing: /home/rtos/dev_ws/install/splash_interfaces/share/ament_index/resource_index/parent_prefix_path/splash_interfaces
[7.608s] -- Installing: /home/rtos/dev_ws/install/splash_interfaces/share/splash_interfaces/environment/ament_prefix_path.sh
[7.609s] -- Installing: /home/rtos/dev_ws/install/splash_interfaces/share/splash_interfaces/environment/ament_prefix_path.dsv
[7.609s] -- Installing: /home/rtos/dev_ws/install/splash_interfaces/share/splash_interfaces/environment/path.sh
[7.609s] -- Installing: /home/rtos/dev_ws/install/splash_interfaces/share/splash_interfaces/environment/path.dsv
[7.609s] -- Installing: /home/rtos/dev_ws/install/splash_interfaces/share/splash_interfaces/local_setup.bash
[7.609s] -- Installing: /home/rtos/dev_ws/install/splash_interfaces/share/splash_interfaces/local_setup.sh
[7.609s] -- Installing: /home/rtos/dev_ws/install/splash_interfaces/share/splash_interfaces/local_setup.zsh
[7.609s] -- Installing: /home/rtos/dev_ws/install/splash_interfaces/share/splash_interfaces/local_setup.dsv
[7.610s] -- Installing: /home/rtos/dev_ws/install/splash_interfaces/share/splash_interfaces/package.dsv
[7.610s] -- Installing: /home/rtos/dev_ws/install/splash_interfaces/share/ament_index/resource_index/packages/splash_interfaces
[7.610s] -- Installing: /home/rtos/dev_ws/install/splash_interfaces/share/splash_interfaces/cmake/splash_interfaces__rosidl_generator_cExport.cmake
[7.610s] -- Installing: /home/rtos/dev_ws/install/splash_interfaces/share/splash_interfaces/cmake/splash_interfaces__rosidl_generator_cExport-noconfig.cmake
[7.610s] -- Installing: /home/rtos/dev_ws/install/splash_interfaces/share/splash_interfaces/cmake/splash_interfaces__rosidl_typesupport_introspection_cExport.cmake
[7.610s] -- Installing: /home/rtos/dev_ws/install/splash_interfaces/share/splash_interfaces/cmake/splash_interfaces__rosidl_typesupport_introspection_cExport-noconfig.cmake
[7.610s] -- Installing: /home/rtos/dev_ws/install/splash_interfaces/share/splash_interfaces/cmake/splash_interfaces__rosidl_typesupport_cExport.cmake
[7.611s] -- Installing: /home/rtos/dev_ws/install/splash_interfaces/share/splash_interfaces/cmake/splash_interfaces__rosidl_typesupport_cExport-noconfig.cmake
[7.611s] -- Installing: /home/rtos/dev_ws/install/splash_interfaces/share/splash_interfaces/cmake/splash_interfaces__rosidl_generator_cppExport.cmake
[7.611s] -- Installing: /home/rtos/dev_ws/install/splash_interfaces/share/splash_interfaces/cmake/splash_interfaces__rosidl_typesupport_introspection_cppExport.cmake
[7.611s] -- Installing: /home/rtos/dev_ws/install/splash_interfaces/share/splash_interfaces/cmake/splash_interfaces__rosidl_typesupport_introspection_cppExport-noconfig.cmake
[7.611s] -- Installing: /home/rtos/dev_ws/install/splash_interfaces/share/splash_interfaces/cmake/splash_interfaces__rosidl_typesupport_cppExport.cmake
[7.611s] -- Installing: /home/rtos/dev_ws/install/splash_interfaces/share/splash_interfaces/cmake/splash_interfaces__rosidl_typesupport_cppExport-noconfig.cmake
[7.612s] -- Installing: /home/rtos/dev_ws/install/splash_interfaces/share/splash_interfaces/cmake/rosidl_cmake-extras.cmake
[7.612s] -- Installing: /home/rtos/dev_ws/install/splash_interfaces/share/splash_interfaces/cmake/ament_cmake_export_dependencies-extras.cmake
[7.612s] -- Installing: /home/rtos/dev_ws/install/splash_interfaces/share/splash_interfaces/cmake/ament_cmake_export_libraries-extras.cmake
[7.612s] -- Installing: /home/rtos/dev_ws/install/splash_interfaces/share/splash_interfaces/cmake/ament_cmake_export_targets-extras.cmake
[7.612s] -- Installing: /home/rtos/dev_ws/install/splash_interfaces/share/splash_interfaces/cmake/ament_cmake_export_include_directories-extras.cmake
[7.612s] -- Installing: /home/rtos/dev_ws/install/splash_interfaces/share/splash_interfaces/cmake/rosidl_cmake_export_typesupport_libraries-extras.cmake
[7.612s] -- Installing: /home/rtos/dev_ws/install/splash_interfaces/share/splash_interfaces/cmake/rosidl_cmake_export_typesupport_targets-extras.cmake
[7.613s] -- Installing: /home/rtos/dev_ws/install/splash_interfaces/share/splash_interfaces/cmake/splash_interfacesConfig.cmake
[7.613s] -- Installing: /home/rtos/dev_ws/install/splash_interfaces/share/splash_interfaces/cmake/splash_interfacesConfig-version.cmake
[7.613s] -- Installing: /home/rtos/dev_ws/install/splash_interfaces/share/splash_interfaces/package.xml
[7.615s] Invoked command in '/home/rtos/dev_ws/build/splash_interfaces' returned '0': CMAKE_PREFIX_PATH=${CMAKE_PREFIX_PATH}:/home/rtos/dev_ws/install/Torcs_5:/home/rtos/dev_ws/install/torcs_client:/home/rtos/dev_ws/install/lkas5:/home/rtos/dev_ws/install/scl:/home/rtos/dev_ws/install/srl:/opt/ros/foxy /usr/bin/cmake --install /home/rtos/dev_ws/build/splash_interfaces
