[0.137s] DEBUG:colcon:Command line arguments: ['/usr/bin/colcon', 'build']
[0.137s] DEBUG:colcon:Parsed command line arguments: Namespace(ament_cmake_args=None, base_paths=['.'], build_base='build', catkin_cmake_args=None, catkin_skip_building_tests=False, cmake_args=None, cmake_clean_cache=False, cmake_clean_first=False, cmake_force_configure=False, cmake_target=None, cmake_target_skip_unavailable=False, continue_on_error=False, event_handlers=None, executor='parallel', ignore_user_meta=False, install_base='install', log_base=None, log_level=None, main=<bound method BuildVerb.main of <colcon_core.verb.build.BuildVerb object at 0x7f6fd77a8850>>, merge_install=False, metas=['./colcon.meta'], packages_above=None, packages_above_and_dependencies=None, packages_above_depth=None, packages_end=None, packages_ignore=None, packages_ignore_regex=None, packages_select=None, packages_select_build_failed=False, packages_select_by_dep=None, packages_select_regex=None, packages_select_test_failures=False, packages_skip=None, packages_skip_build_finished=False, packages_skip_by_dep=None, packages_skip_regex=None, packages_skip_test_passed=False, packages_skip_up_to=None, packages_start=None, packages_up_to=None, packages_up_to_regex=None, parallel_workers=8, paths=None, symlink_install=False, test_result_base=None, verb_extension=<colcon_core.verb.build.BuildVerb object at 0x7f6fd77a8850>, verb_name='build', verb_parser=<colcon_defaults.argument_parser.defaults.DefaultArgumentsDecorator object at 0x7f6fd77a8dc0>)
[0.142s] Level 1:colcon.colcon_core.package_discovery:discover_packages(colcon_meta) check parameters
[0.142s] Level 1:colcon.colcon_core.package_discovery:discover_packages(recursive) check parameters
[0.142s] Level 1:colcon.colcon_core.package_discovery:discover_packages(ignore) check parameters
[0.142s] Level 1:colcon.colcon_core.package_discovery:discover_packages(path) check parameters
[0.142s] Level 1:colcon.colcon_core.package_discovery:discover_packages(colcon_meta) discover
[0.142s] Level 1:colcon.colcon_core.package_discovery:discover_packages(recursive) discover
[0.142s] INFO:colcon.colcon_core.package_discovery:Crawling recursively for packages in '/home/rtos/dev_ws'
[0.142s] Level 1:colcon.colcon_core.package_identification:_identify(.) by extensions ['ignore', 'ignore_ament_install']
[0.142s] Level 1:colcon.colcon_core.package_identification:_identify(.) by extension 'ignore'
[0.142s] Level 1:colcon.colcon_core.package_identification:_identify(.) by extension 'ignore_ament_install'
[0.142s] Level 1:colcon.colcon_core.package_identification:_identify(.) by extensions ['colcon_pkg']
[0.142s] Level 1:colcon.colcon_core.package_identification:_identify(.) by extension 'colcon_pkg'
[0.142s] Level 1:colcon.colcon_core.package_identification:_identify(.) by extensions ['colcon_meta']
[0.142s] Level 1:colcon.colcon_core.package_identification:_identify(.) by extension 'colcon_meta'
[0.142s] Level 1:colcon.colcon_core.package_identification:_identify(.) by extensions ['ros']
[0.142s] Level 1:colcon.colcon_core.package_identification:_identify(.) by extension 'ros'
[0.152s] Level 1:colcon.colcon_core.package_identification:_identify(.) by extensions ['cmake', 'python']
[0.152s] Level 1:colcon.colcon_core.package_identification:_identify(.) by extension 'cmake'
[0.152s] Level 1:colcon.colcon_core.package_identification:_identify(.) by extension 'python'
[0.152s] Level 1:colcon.colcon_core.package_identification:_identify(.) by extensions ['python_setup_py']
[0.152s] Level 1:colcon.colcon_core.package_identification:_identify(.) by extension 'python_setup_py'
[0.152s] Level 1:colcon.colcon_core.package_identification:_identify(build) by extensions ['ignore', 'ignore_ament_install']
[0.152s] Level 1:colcon.colcon_core.package_identification:_identify(build) by extension 'ignore'
[0.152s] Level 1:colcon.colcon_core.package_identification:_identify(build) ignored
[0.153s] Level 1:colcon.colcon_core.package_identification:_identify(install) by extensions ['ignore', 'ignore_ament_install']
[0.153s] Level 1:colcon.colcon_core.package_identification:_identify(install) by extension 'ignore'
[0.153s] Level 1:colcon.colcon_core.package_identification:_identify(install) ignored
[0.153s] Level 1:colcon.colcon_core.package_identification:_identify(log) by extensions ['ignore', 'ignore_ament_install']
[0.153s] Level 1:colcon.colcon_core.package_identification:_identify(log) by extension 'ignore'
[0.153s] Level 1:colcon.colcon_core.package_identification:_identify(log) ignored
[0.153s] Level 1:colcon.colcon_core.package_identification:_identify(src) by extensions ['ignore', 'ignore_ament_install']
[0.153s] Level 1:colcon.colcon_core.package_identification:_identify(src) by extension 'ignore'
[0.153s] Level 1:colcon.colcon_core.package_identification:_identify(src) by extension 'ignore_ament_install'
[0.153s] Level 1:colcon.colcon_core.package_identification:_identify(src) by extensions ['colcon_pkg']
[0.153s] Level 1:colcon.colcon_core.package_identification:_identify(src) by extension 'colcon_pkg'
[0.153s] Level 1:colcon.colcon_core.package_identification:_identify(src) by extensions ['colcon_meta']
[0.153s] Level 1:colcon.colcon_core.package_identification:_identify(src) by extension 'colcon_meta'
[0.153s] Level 1:colcon.colcon_core.package_identification:_identify(src) by extensions ['ros']
[0.153s] Level 1:colcon.colcon_core.package_identification:_identify(src) by extension 'ros'
[0.154s] Level 1:colcon.colcon_core.package_identification:_identify(src) by extensions ['cmake', 'python']
[0.154s] Level 1:colcon.colcon_core.package_identification:_identify(src) by extension 'cmake'
[0.154s] Level 1:colcon.colcon_core.package_identification:_identify(src) by extension 'python'
[0.154s] Level 1:colcon.colcon_core.package_identification:_identify(src) by extensions ['python_setup_py']
[0.154s] Level 1:colcon.colcon_core.package_identification:_identify(src) by extension 'python_setup_py'
[0.154s] Level 1:colcon.colcon_core.package_identification:_identify(src/lkas5) by extensions ['ignore', 'ignore_ament_install']
[0.154s] Level 1:colcon.colcon_core.package_identification:_identify(src/lkas5) by extension 'ignore'
[0.154s] Level 1:colcon.colcon_core.package_identification:_identify(src/lkas5) by extension 'ignore_ament_install'
[0.154s] Level 1:colcon.colcon_core.package_identification:_identify(src/lkas5) by extensions ['colcon_pkg']
[0.154s] Level 1:colcon.colcon_core.package_identification:_identify(src/lkas5) by extension 'colcon_pkg'
[0.154s] Level 1:colcon.colcon_core.package_identification:_identify(src/lkas5) by extensions ['colcon_meta']
[0.154s] Level 1:colcon.colcon_core.package_identification:_identify(src/lkas5) by extension 'colcon_meta'
[0.154s] Level 1:colcon.colcon_core.package_identification:_identify(src/lkas5) by extensions ['ros']
[0.154s] Level 1:colcon.colcon_core.package_identification:_identify(src/lkas5) by extension 'ros'
[0.156s] DEBUG:colcon.colcon_core.package_identification:Package 'src/lkas5' with type 'ros.ament_python' and name 'lkas5'
[0.157s] Level 1:colcon.colcon_core.package_identification:_identify(src/ros2-torcs-client) by extensions ['ignore', 'ignore_ament_install']
[0.157s] Level 1:colcon.colcon_core.package_identification:_identify(src/ros2-torcs-client) by extension 'ignore'
[0.157s] Level 1:colcon.colcon_core.package_identification:_identify(src/ros2-torcs-client) by extension 'ignore_ament_install'
[0.157s] Level 1:colcon.colcon_core.package_identification:_identify(src/ros2-torcs-client) by extensions ['colcon_pkg']
[0.157s] Level 1:colcon.colcon_core.package_identification:_identify(src/ros2-torcs-client) by extension 'colcon_pkg'
[0.157s] Level 1:colcon.colcon_core.package_identification:_identify(src/ros2-torcs-client) by extensions ['colcon_meta']
[0.157s] Level 1:colcon.colcon_core.package_identification:_identify(src/ros2-torcs-client) by extension 'colcon_meta'
[0.157s] Level 1:colcon.colcon_core.package_identification:_identify(src/ros2-torcs-client) by extensions ['ros']
[0.157s] Level 1:colcon.colcon_core.package_identification:_identify(src/ros2-torcs-client) by extension 'ros'
[0.158s] DEBUG:colcon.colcon_core.package_identification:Package 'src/ros2-torcs-client' with type 'ros.ament_python' and name 'torcs_client'
[0.158s] Level 1:colcon.colcon_core.package_identification:_identify(src/scl) by extensions ['ignore', 'ignore_ament_install']
[0.158s] Level 1:colcon.colcon_core.package_identification:_identify(src/scl) by extension 'ignore'
[0.158s] Level 1:colcon.colcon_core.package_identification:_identify(src/scl) by extension 'ignore_ament_install'
[0.158s] Level 1:colcon.colcon_core.package_identification:_identify(src/scl) by extensions ['colcon_pkg']
[0.158s] Level 1:colcon.colcon_core.package_identification:_identify(src/scl) by extension 'colcon_pkg'
[0.158s] Level 1:colcon.colcon_core.package_identification:_identify(src/scl) by extensions ['colcon_meta']
[0.158s] Level 1:colcon.colcon_core.package_identification:_identify(src/scl) by extension 'colcon_meta'
[0.158s] Level 1:colcon.colcon_core.package_identification:_identify(src/scl) by extensions ['ros']
[0.158s] Level 1:colcon.colcon_core.package_identification:_identify(src/scl) by extension 'ros'
[0.159s] DEBUG:colcon.colcon_core.package_identification:Package 'src/scl' with type 'ros.ament_python' and name 'scl'
[0.159s] Level 1:colcon.colcon_core.package_identification:_identify(src/splash_interfaces) by extensions ['ignore', 'ignore_ament_install']
[0.159s] Level 1:colcon.colcon_core.package_identification:_identify(src/splash_interfaces) by extension 'ignore'
[0.159s] Level 1:colcon.colcon_core.package_identification:_identify(src/splash_interfaces) by extension 'ignore_ament_install'
[0.159s] Level 1:colcon.colcon_core.package_identification:_identify(src/splash_interfaces) by extensions ['colcon_pkg']
[0.159s] Level 1:colcon.colcon_core.package_identification:_identify(src/splash_interfaces) by extension 'colcon_pkg'
[0.159s] Level 1:colcon.colcon_core.package_identification:_identify(src/splash_interfaces) by extensions ['colcon_meta']
[0.159s] Level 1:colcon.colcon_core.package_identification:_identify(src/splash_interfaces) by extension 'colcon_meta'
[0.159s] Level 1:colcon.colcon_core.package_identification:_identify(src/splash_interfaces) by extensions ['ros']
[0.159s] Level 1:colcon.colcon_core.package_identification:_identify(src/splash_interfaces) by extension 'ros'
[0.160s] DEBUG:colcon.colcon_core.package_identification:Package 'src/splash_interfaces' with type 'ros.ament_cmake' and name 'splash_interfaces'
[0.160s] Level 1:colcon.colcon_core.package_identification:_identify(src/srl) by extensions ['ignore', 'ignore_ament_install']
[0.160s] Level 1:colcon.colcon_core.package_identification:_identify(src/srl) by extension 'ignore'
[0.160s] Level 1:colcon.colcon_core.package_identification:_identify(src/srl) by extension 'ignore_ament_install'
[0.160s] Level 1:colcon.colcon_core.package_identification:_identify(src/srl) by extensions ['colcon_pkg']
[0.160s] Level 1:colcon.colcon_core.package_identification:_identify(src/srl) by extension 'colcon_pkg'
[0.160s] Level 1:colcon.colcon_core.package_identification:_identify(src/srl) by extensions ['colcon_meta']
[0.160s] Level 1:colcon.colcon_core.package_identification:_identify(src/srl) by extension 'colcon_meta'
[0.160s] Level 1:colcon.colcon_core.package_identification:_identify(src/srl) by extensions ['ros']
[0.160s] Level 1:colcon.colcon_core.package_identification:_identify(src/srl) by extension 'ros'
[0.161s] DEBUG:colcon.colcon_core.package_identification:Package 'src/srl' with type 'ros.ament_python' and name 'srl'
[0.161s] Level 1:colcon.colcon_core.package_identification:_identify(src/torcs_interfaces) by extensions ['ignore', 'ignore_ament_install']
[0.161s] Level 1:colcon.colcon_core.package_identification:_identify(src/torcs_interfaces) by extension 'ignore'
[0.161s] Level 1:colcon.colcon_core.package_identification:_identify(src/torcs_interfaces) by extension 'ignore_ament_install'
[0.161s] Level 1:colcon.colcon_core.package_identification:_identify(src/torcs_interfaces) by extensions ['colcon_pkg']
[0.161s] Level 1:colcon.colcon_core.package_identification:_identify(src/torcs_interfaces) by extension 'colcon_pkg'
[0.161s] Level 1:colcon.colcon_core.package_identification:_identify(src/torcs_interfaces) by extensions ['colcon_meta']
[0.161s] Level 1:colcon.colcon_core.package_identification:_identify(src/torcs_interfaces) by extension 'colcon_meta'
[0.161s] Level 1:colcon.colcon_core.package_identification:_identify(src/torcs_interfaces) by extensions ['ros']
[0.161s] Level 1:colcon.colcon_core.package_identification:_identify(src/torcs_interfaces) by extension 'ros'
[0.162s] DEBUG:colcon.colcon_core.package_identification:Package 'src/torcs_interfaces' with type 'ros.ament_cmake' and name 'torcs_interfaces'
[0.162s] Level 1:colcon.colcon_core.package_discovery:discover_packages(recursive) using defaults
[0.162s] Level 1:colcon.colcon_core.package_discovery:discover_packages(ignore) discover
[0.162s] Level 1:colcon.colcon_core.package_discovery:discover_packages(ignore) using defaults
[0.162s] Level 1:colcon.colcon_core.package_discovery:discover_packages(path) discover
[0.162s] Level 1:colcon.colcon_core.package_discovery:discover_packages(path) using defaults
[0.180s] Level 5:colcon.colcon_core.verb:set package 'splash_interfaces' build argument 'cmake_args' from command line to 'None'
[0.180s] Level 5:colcon.colcon_core.verb:set package 'splash_interfaces' build argument 'cmake_target' from command line to 'None'
[0.180s] Level 5:colcon.colcon_core.verb:set package 'splash_interfaces' build argument 'cmake_target_skip_unavailable' from command line to 'False'
[0.180s] Level 5:colcon.colcon_core.verb:set package 'splash_interfaces' build argument 'cmake_clean_cache' from command line to 'False'
[0.180s] Level 5:colcon.colcon_core.verb:set package 'splash_interfaces' build argument 'cmake_clean_first' from command line to 'False'
[0.180s] Level 5:colcon.colcon_core.verb:set package 'splash_interfaces' build argument 'cmake_force_configure' from command line to 'False'
[0.181s] Level 5:colcon.colcon_core.verb:set package 'splash_interfaces' build argument 'ament_cmake_args' from command line to 'None'
[0.181s] Level 5:colcon.colcon_core.verb:set package 'splash_interfaces' build argument 'catkin_cmake_args' from command line to 'None'
[0.181s] Level 5:colcon.colcon_core.verb:set package 'splash_interfaces' build argument 'catkin_skip_building_tests' from command line to 'False'
[0.181s] DEBUG:colcon.colcon_core.verb:Building package 'splash_interfaces' with the following arguments: {'ament_cmake_args': None, 'build_base': '/home/rtos/dev_ws/build/splash_interfaces', 'catkin_cmake_args': None, 'catkin_skip_building_tests': False, 'cmake_args': None, 'cmake_clean_cache': False, 'cmake_clean_first': False, 'cmake_force_configure': False, 'cmake_target': None, 'cmake_target_skip_unavailable': False, 'install_base': '/home/rtos/dev_ws/install/splash_interfaces', 'merge_install': False, 'path': '/home/rtos/dev_ws/src/splash_interfaces', 'symlink_install': False, 'test_result_base': None}
[0.183s] Level 5:colcon.colcon_core.verb:set package 'torcs_interfaces' build argument 'cmake_args' from command line to 'None'
[0.183s] Level 5:colcon.colcon_core.verb:set package 'torcs_interfaces' build argument 'cmake_target' from command line to 'None'
[0.183s] Level 5:colcon.colcon_core.verb:set package 'torcs_interfaces' build argument 'cmake_target_skip_unavailable' from command line to 'False'
[0.183s] Level 5:colcon.colcon_core.verb:set package 'torcs_interfaces' build argument 'cmake_clean_cache' from command line to 'False'
[0.183s] Level 5:colcon.colcon_core.verb:set package 'torcs_interfaces' build argument 'cmake_clean_first' from command line to 'False'
[0.183s] Level 5:colcon.colcon_core.verb:set package 'torcs_interfaces' build argument 'cmake_force_configure' from command line to 'False'
[0.183s] Level 5:colcon.colcon_core.verb:set package 'torcs_interfaces' build argument 'ament_cmake_args' from command line to 'None'
[0.183s] Level 5:colcon.colcon_core.verb:set package 'torcs_interfaces' build argument 'catkin_cmake_args' from command line to 'None'
[0.183s] Level 5:colcon.colcon_core.verb:set package 'torcs_interfaces' build argument 'catkin_skip_building_tests' from command line to 'False'
[0.183s] DEBUG:colcon.colcon_core.verb:Building package 'torcs_interfaces' with the following arguments: {'ament_cmake_args': None, 'build_base': '/home/rtos/dev_ws/build/torcs_interfaces', 'catkin_cmake_args': None, 'catkin_skip_building_tests': False, 'cmake_args': None, 'cmake_clean_cache': False, 'cmake_clean_first': False, 'cmake_force_configure': False, 'cmake_target': None, 'cmake_target_skip_unavailable': False, 'install_base': '/home/rtos/dev_ws/install/torcs_interfaces', 'merge_install': False, 'path': '/home/rtos/dev_ws/src/torcs_interfaces', 'symlink_install': False, 'test_result_base': None}
[0.185s] Level 5:colcon.colcon_core.verb:set package 'srl' build argument 'cmake_args' from command line to 'None'
[0.185s] Level 5:colcon.colcon_core.verb:set package 'srl' build argument 'cmake_target' from command line to 'None'
[0.185s] Level 5:colcon.colcon_core.verb:set package 'srl' build argument 'cmake_target_skip_unavailable' from command line to 'False'
[0.185s] Level 5:colcon.colcon_core.verb:set package 'srl' build argument 'cmake_clean_cache' from command line to 'False'
[0.185s] Level 5:colcon.colcon_core.verb:set package 'srl' build argument 'cmake_clean_first' from command line to 'False'
[0.185s] Level 5:colcon.colcon_core.verb:set package 'srl' build argument 'cmake_force_configure' from command line to 'False'
[0.185s] Level 5:colcon.colcon_core.verb:set package 'srl' build argument 'ament_cmake_args' from command line to 'None'
[0.185s] Level 5:colcon.colcon_core.verb:set package 'srl' build argument 'catkin_cmake_args' from command line to 'None'
[0.185s] Level 5:colcon.colcon_core.verb:set package 'srl' build argument 'catkin_skip_building_tests' from command line to 'False'
[0.185s] DEBUG:colcon.colcon_core.verb:Building package 'srl' with the following arguments: {'ament_cmake_args': None, 'build_base': '/home/rtos/dev_ws/build/srl', 'catkin_cmake_args': None, 'catkin_skip_building_tests': False, 'cmake_args': None, 'cmake_clean_cache': False, 'cmake_clean_first': False, 'cmake_force_configure': False, 'cmake_target': None, 'cmake_target_skip_unavailable': False, 'install_base': '/home/rtos/dev_ws/install/srl', 'merge_install': False, 'path': '/home/rtos/dev_ws/src/srl', 'symlink_install': False, 'test_result_base': None}
[0.187s] Level 5:colcon.colcon_core.verb:set package 'torcs_client' build argument 'cmake_args' from command line to 'None'
[0.187s] Level 5:colcon.colcon_core.verb:set package 'torcs_client' build argument 'cmake_target' from command line to 'None'
[0.188s] Level 5:colcon.colcon_core.verb:set package 'torcs_client' build argument 'cmake_target_skip_unavailable' from command line to 'False'
[0.188s] Level 5:colcon.colcon_core.verb:set package 'torcs_client' build argument 'cmake_clean_cache' from command line to 'False'
[0.188s] Level 5:colcon.colcon_core.verb:set package 'torcs_client' build argument 'cmake_clean_first' from command line to 'False'
[0.188s] Level 5:colcon.colcon_core.verb:set package 'torcs_client' build argument 'cmake_force_configure' from command line to 'False'
[0.188s] Level 5:colcon.colcon_core.verb:set package 'torcs_client' build argument 'ament_cmake_args' from command line to 'None'
[0.188s] Level 5:colcon.colcon_core.verb:set package 'torcs_client' build argument 'catkin_cmake_args' from command line to 'None'
[0.188s] Level 5:colcon.colcon_core.verb:set package 'torcs_client' build argument 'catkin_skip_building_tests' from command line to 'False'
[0.188s] DEBUG:colcon.colcon_core.verb:Building package 'torcs_client' with the following arguments: {'ament_cmake_args': None, 'build_base': '/home/rtos/dev_ws/build/torcs_client', 'catkin_cmake_args': None, 'catkin_skip_building_tests': False, 'cmake_args': None, 'cmake_clean_cache': False, 'cmake_clean_first': False, 'cmake_force_configure': False, 'cmake_target': None, 'cmake_target_skip_unavailable': False, 'install_base': '/home/rtos/dev_ws/install/torcs_client', 'merge_install': False, 'path': '/home/rtos/dev_ws/src/ros2-torcs-client', 'symlink_install': False, 'test_result_base': None}
[0.190s] Level 5:colcon.colcon_core.verb:set package 'scl' build argument 'cmake_args' from command line to 'None'
[0.190s] Level 5:colcon.colcon_core.verb:set package 'scl' build argument 'cmake_target' from command line to 'None'
[0.190s] Level 5:colcon.colcon_core.verb:set package 'scl' build argument 'cmake_target_skip_unavailable' from command line to 'False'
[0.190s] Level 5:colcon.colcon_core.verb:set package 'scl' build argument 'cmake_clean_cache' from command line to 'False'
[0.190s] Level 5:colcon.colcon_core.verb:set package 'scl' build argument 'cmake_clean_first' from command line to 'False'
[0.190s] Level 5:colcon.colcon_core.verb:set package 'scl' build argument 'cmake_force_configure' from command line to 'False'
[0.190s] Level 5:colcon.colcon_core.verb:set package 'scl' build argument 'ament_cmake_args' from command line to 'None'
[0.190s] Level 5:colcon.colcon_core.verb:set package 'scl' build argument 'catkin_cmake_args' from command line to 'None'
[0.190s] Level 5:colcon.colcon_core.verb:set package 'scl' build argument 'catkin_skip_building_tests' from command line to 'False'
[0.190s] DEBUG:colcon.colcon_core.verb:Building package 'scl' with the following arguments: {'ament_cmake_args': None, 'build_base': '/home/rtos/dev_ws/build/scl', 'catkin_cmake_args': None, 'catkin_skip_building_tests': False, 'cmake_args': None, 'cmake_clean_cache': False, 'cmake_clean_first': False, 'cmake_force_configure': False, 'cmake_target': None, 'cmake_target_skip_unavailable': False, 'install_base': '/home/rtos/dev_ws/install/scl', 'merge_install': False, 'path': '/home/rtos/dev_ws/src/scl', 'symlink_install': False, 'test_result_base': None}
[0.192s] Level 5:colcon.colcon_core.verb:set package 'lkas5' build argument 'cmake_args' from command line to 'None'
[0.192s] Level 5:colcon.colcon_core.verb:set package 'lkas5' build argument 'cmake_target' from command line to 'None'
[0.192s] Level 5:colcon.colcon_core.verb:set package 'lkas5' build argument 'cmake_target_skip_unavailable' from command line to 'False'
[0.192s] Level 5:colcon.colcon_core.verb:set package 'lkas5' build argument 'cmake_clean_cache' from command line to 'False'
[0.192s] Level 5:colcon.colcon_core.verb:set package 'lkas5' build argument 'cmake_clean_first' from command line to 'False'
[0.192s] Level 5:colcon.colcon_core.verb:set package 'lkas5' build argument 'cmake_force_configure' from command line to 'False'
[0.192s] Level 5:colcon.colcon_core.verb:set package 'lkas5' build argument 'ament_cmake_args' from command line to 'None'
[0.192s] Level 5:colcon.colcon_core.verb:set package 'lkas5' build argument 'catkin_cmake_args' from command line to 'None'
[0.192s] Level 5:colcon.colcon_core.verb:set package 'lkas5' build argument 'catkin_skip_building_tests' from command line to 'False'
[0.192s] DEBUG:colcon.colcon_core.verb:Building package 'lkas5' with the following arguments: {'ament_cmake_args': None, 'build_base': '/home/rtos/dev_ws/build/lkas5', 'catkin_cmake_args': None, 'catkin_skip_building_tests': False, 'cmake_args': None, 'cmake_clean_cache': False, 'cmake_clean_first': False, 'cmake_force_configure': False, 'cmake_target': None, 'cmake_target_skip_unavailable': False, 'install_base': '/home/rtos/dev_ws/install/lkas5', 'merge_install': False, 'path': '/home/rtos/dev_ws/src/lkas5', 'symlink_install': False, 'test_result_base': None}
[0.193s] INFO:colcon.colcon_core.executor:Executing jobs using 'parallel' executor
[0.194s] DEBUG:colcon.colcon_parallel_executor.executor.parallel:run_until_complete
[0.195s] INFO:colcon.colcon_ros.task.ament_cmake.build:Building ROS package in '/home/rtos/dev_ws/src/splash_interfaces' with build type 'ament_cmake'
[0.195s] INFO:colcon.colcon_cmake.task.cmake.build:Building CMake package in '/home/rtos/dev_ws/src/splash_interfaces'
[0.198s] INFO:colcon.colcon_core.plugin_system:Skipping extension 'colcon_core.shell.bat': Not used on non-Windows systems
[0.198s] INFO:colcon.colcon_core.shell:Skip shell extension 'powershell' for command environment: Not usable outside of PowerShell
[0.198s] DEBUG:colcon.colcon_core.shell:Skip shell extension 'dsv' for command environment
[0.201s] DEBUG:colcon.colcon_core.shell:Ignoring prefix path '/opt/ros/foxy'
[0.203s] INFO:colcon.colcon_ros.task.ament_cmake.build:Building ROS package in '/home/rtos/dev_ws/src/torcs_interfaces' with build type 'ament_cmake'
[0.203s] INFO:colcon.colcon_cmake.task.cmake.build:Building CMake package in '/home/rtos/dev_ws/src/torcs_interfaces'
[0.204s] INFO:colcon.colcon_core.shell:Skip shell extension 'powershell' for command environment: Not usable outside of PowerShell
[0.204s] DEBUG:colcon.colcon_core.shell:Skip shell extension 'dsv' for command environment
[0.206s] DEBUG:colcon.colcon_core.shell:Ignoring prefix path '/opt/ros/foxy'
[0.213s] DEBUG:colcon.colcon_core.event_handler.log_command:Invoking command in '/home/rtos/dev_ws/build/splash_interfaces': CMAKE_PREFIX_PATH=${CMAKE_PREFIX_PATH}:/home/rtos/dev_ws/install/torcs_client:/home/rtos/dev_ws/install/lkas5:/home/rtos/dev_ws/install/scl:/home/rtos/dev_ws/install/srl:/opt/ros/foxy /usr/bin/cmake --build /home/rtos/dev_ws/build/splash_interfaces -- -j8 -l8
[0.220s] DEBUG:colcon.colcon_core.event_handler.log_command:Invoking command in '/home/rtos/dev_ws/build/torcs_interfaces': CMAKE_PREFIX_PATH=${CMAKE_PREFIX_PATH}:/home/rtos/dev_ws/install/torcs_client:/home/rtos/dev_ws/install/lkas5:/home/rtos/dev_ws/install/scl:/home/rtos/dev_ws/install/srl:/opt/ros/foxy /usr/bin/cmake --build /home/rtos/dev_ws/build/torcs_interfaces -- -j8 -l8
[0.488s] DEBUG:colcon.colcon_core.event_handler.log_command:Invoked command in '/home/rtos/dev_ws/build/torcs_interfaces' returned '0': CMAKE_PREFIX_PATH=${CMAKE_PREFIX_PATH}:/home/rtos/dev_ws/install/torcs_client:/home/rtos/dev_ws/install/lkas5:/home/rtos/dev_ws/install/scl:/home/rtos/dev_ws/install/srl:/opt/ros/foxy /usr/bin/cmake --build /home/rtos/dev_ws/build/torcs_interfaces -- -j8 -l8
[0.494s] DEBUG:colcon.colcon_core.event_handler.log_command:Invoked command in '/home/rtos/dev_ws/build/splash_interfaces' returned '0': CMAKE_PREFIX_PATH=${CMAKE_PREFIX_PATH}:/home/rtos/dev_ws/install/torcs_client:/home/rtos/dev_ws/install/lkas5:/home/rtos/dev_ws/install/scl:/home/rtos/dev_ws/install/srl:/opt/ros/foxy /usr/bin/cmake --build /home/rtos/dev_ws/build/splash_interfaces -- -j8 -l8
[0.557s] DEBUG:colcon.colcon_core.event_handler.log_command:Invoking command in '/home/rtos/dev_ws/build/torcs_interfaces': CMAKE_PREFIX_PATH=${CMAKE_PREFIX_PATH}:/home/rtos/dev_ws/install/torcs_client:/home/rtos/dev_ws/install/lkas5:/home/rtos/dev_ws/install/scl:/home/rtos/dev_ws/install/srl:/opt/ros/foxy /usr/bin/cmake --install /home/rtos/dev_ws/build/torcs_interfaces
[0.580s] DEBUG:colcon.colcon_core.event_handler.log_command:Invoking command in '/home/rtos/dev_ws/build/splash_interfaces': CMAKE_PREFIX_PATH=${CMAKE_PREFIX_PATH}:/home/rtos/dev_ws/install/torcs_client:/home/rtos/dev_ws/install/lkas5:/home/rtos/dev_ws/install/scl:/home/rtos/dev_ws/install/srl:/opt/ros/foxy /usr/bin/cmake --install /home/rtos/dev_ws/build/splash_interfaces
[0.612s] Level 1:colcon.colcon_core.environment:create_environment_scripts_only(torcs_interfaces)
[0.616s] DEBUG:colcon.colcon_core.event_handler.log_command:Invoked command in '/home/rtos/dev_ws/build/torcs_interfaces' returned '0': CMAKE_PREFIX_PATH=${CMAKE_PREFIX_PATH}:/home/rtos/dev_ws/install/torcs_client:/home/rtos/dev_ws/install/lkas5:/home/rtos/dev_ws/install/scl:/home/rtos/dev_ws/install/srl:/opt/ros/foxy /usr/bin/cmake --install /home/rtos/dev_ws/build/torcs_interfaces
[0.618s] Level 1:colcon.colcon_core.environment:checking '/home/rtos/dev_ws/install/torcs_interfaces' for CMake module files
[0.619s] Level 1:colcon.colcon_core.environment:checking '/home/rtos/dev_ws/install/torcs_interfaces' for CMake config files
[0.619s] Level 1:colcon.colcon_core.shell:create_environment_hook('torcs_interfaces', 'cmake_prefix_path')
[0.620s] INFO:colcon.colcon_core.shell:Creating environment hook '/home/rtos/dev_ws/install/torcs_interfaces/share/torcs_interfaces/hook/cmake_prefix_path.ps1'
[0.621s] INFO:colcon.colcon_core.shell:Creating environment descriptor '/home/rtos/dev_ws/install/torcs_interfaces/share/torcs_interfaces/hook/cmake_prefix_path.dsv'
[0.621s] INFO:colcon.colcon_core.shell:Creating environment hook '/home/rtos/dev_ws/install/torcs_interfaces/share/torcs_interfaces/hook/cmake_prefix_path.sh'
[0.622s] Level 1:colcon.colcon_core.environment:checking '/home/rtos/dev_ws/install/torcs_interfaces/lib'
[0.622s] Level 1:colcon.colcon_core.shell:create_environment_hook('torcs_interfaces', 'ld_library_path_lib')
[0.623s] INFO:colcon.colcon_core.shell:Creating environment hook '/home/rtos/dev_ws/install/torcs_interfaces/share/torcs_interfaces/hook/ld_library_path_lib.ps1'
[0.623s] INFO:colcon.colcon_core.shell:Creating environment descriptor '/home/rtos/dev_ws/install/torcs_interfaces/share/torcs_interfaces/hook/ld_library_path_lib.dsv'
[0.624s] INFO:colcon.colcon_core.shell:Creating environment hook '/home/rtos/dev_ws/install/torcs_interfaces/share/torcs_interfaces/hook/ld_library_path_lib.sh'
[0.624s] Level 1:colcon.colcon_core.environment:checking '/home/rtos/dev_ws/install/torcs_interfaces/bin'
[0.624s] Level 1:colcon.colcon_core.environment:checking '/home/rtos/dev_ws/install/torcs_interfaces/lib/pkgconfig/torcs_interfaces.pc'
[0.624s] Level 1:colcon.colcon_core.environment:checking '/home/rtos/dev_ws/install/torcs_interfaces/lib/python3.8/site-packages'
[0.624s] Level 1:colcon.colcon_core.shell:create_environment_hook('torcs_interfaces', 'pythonpath')
[0.625s] INFO:colcon.colcon_core.shell:Creating environment hook '/home/rtos/dev_ws/install/torcs_interfaces/share/torcs_interfaces/hook/pythonpath.ps1'
[0.625s] INFO:colcon.colcon_core.shell:Creating environment descriptor '/home/rtos/dev_ws/install/torcs_interfaces/share/torcs_interfaces/hook/pythonpath.dsv'
[0.625s] INFO:colcon.colcon_core.shell:Creating environment hook '/home/rtos/dev_ws/install/torcs_interfaces/share/torcs_interfaces/hook/pythonpath.sh'
[0.626s] INFO:colcon.colcon_core.shell:Creating package script '/home/rtos/dev_ws/install/torcs_interfaces/share/torcs_interfaces/package.ps1'
[0.627s] INFO:colcon.colcon_core.shell:Creating package descriptor '/home/rtos/dev_ws/install/torcs_interfaces/share/torcs_interfaces/package.dsv'
[0.628s] INFO:colcon.colcon_core.shell:Creating package script '/home/rtos/dev_ws/install/torcs_interfaces/share/torcs_interfaces/package.sh'
[0.629s] INFO:colcon.colcon_core.shell:Creating package script '/home/rtos/dev_ws/install/torcs_interfaces/share/torcs_interfaces/package.bash'
[0.629s] INFO:colcon.colcon_core.shell:Creating package script '/home/rtos/dev_ws/install/torcs_interfaces/share/torcs_interfaces/package.zsh'
[0.630s] Level 1:colcon.colcon_core.environment:create_file_with_runtime_dependencies(/home/rtos/dev_ws/install/torcs_interfaces/share/colcon-core/packages/torcs_interfaces)
[0.641s] Level 1:colcon.colcon_core.environment:create_environment_scripts_only(splash_interfaces)
[0.642s] Level 1:colcon.colcon_core.environment:checking '/home/rtos/dev_ws/install/splash_interfaces' for CMake module files
[0.644s] Level 1:colcon.colcon_core.environment:checking '/home/rtos/dev_ws/install/splash_interfaces' for CMake config files
[0.645s] DEBUG:colcon.colcon_core.event_handler.log_command:Invoked command in '/home/rtos/dev_ws/build/splash_interfaces' returned '0': CMAKE_PREFIX_PATH=${CMAKE_PREFIX_PATH}:/home/rtos/dev_ws/install/torcs_client:/home/rtos/dev_ws/install/lkas5:/home/rtos/dev_ws/install/scl:/home/rtos/dev_ws/install/srl:/opt/ros/foxy /usr/bin/cmake --install /home/rtos/dev_ws/build/splash_interfaces
[0.646s] Level 1:colcon.colcon_core.shell:create_environment_hook('splash_interfaces', 'cmake_prefix_path')
[0.647s] INFO:colcon.colcon_core.shell:Creating environment hook '/home/rtos/dev_ws/install/splash_interfaces/share/splash_interfaces/hook/cmake_prefix_path.ps1'
[0.647s] INFO:colcon.colcon_core.shell:Creating environment descriptor '/home/rtos/dev_ws/install/splash_interfaces/share/splash_interfaces/hook/cmake_prefix_path.dsv'
[0.647s] INFO:colcon.colcon_core.shell:Creating environment hook '/home/rtos/dev_ws/install/splash_interfaces/share/splash_interfaces/hook/cmake_prefix_path.sh'
[0.648s] Level 1:colcon.colcon_core.environment:checking '/home/rtos/dev_ws/install/splash_interfaces/lib'
[0.648s] Level 1:colcon.colcon_core.shell:create_environment_hook('splash_interfaces', 'ld_library_path_lib')
[0.649s] INFO:colcon.colcon_core.shell:Creating environment hook '/home/rtos/dev_ws/install/splash_interfaces/share/splash_interfaces/hook/ld_library_path_lib.ps1'
[0.649s] INFO:colcon.colcon_core.shell:Creating environment descriptor '/home/rtos/dev_ws/install/splash_interfaces/share/splash_interfaces/hook/ld_library_path_lib.dsv'
[0.649s] INFO:colcon.colcon_core.shell:Creating environment hook '/home/rtos/dev_ws/install/splash_interfaces/share/splash_interfaces/hook/ld_library_path_lib.sh'
[0.650s] Level 1:colcon.colcon_core.environment:checking '/home/rtos/dev_ws/install/splash_interfaces/bin'
[0.650s] Level 1:colcon.colcon_core.environment:checking '/home/rtos/dev_ws/install/splash_interfaces/lib/pkgconfig/splash_interfaces.pc'
[0.650s] Level 1:colcon.colcon_core.environment:checking '/home/rtos/dev_ws/install/splash_interfaces/lib/python3.8/site-packages'
[0.650s] Level 1:colcon.colcon_core.shell:create_environment_hook('splash_interfaces', 'pythonpath')
[0.650s] INFO:colcon.colcon_core.shell:Creating environment hook '/home/rtos/dev_ws/install/splash_interfaces/share/splash_interfaces/hook/pythonpath.ps1'
[0.651s] INFO:colcon.colcon_core.shell:Creating environment descriptor '/home/rtos/dev_ws/install/splash_interfaces/share/splash_interfaces/hook/pythonpath.dsv'
[0.651s] INFO:colcon.colcon_core.shell:Creating environment hook '/home/rtos/dev_ws/install/splash_interfaces/share/splash_interfaces/hook/pythonpath.sh'
[0.652s] INFO:colcon.colcon_core.shell:Creating package script '/home/rtos/dev_ws/install/splash_interfaces/share/splash_interfaces/package.ps1'
[0.652s] INFO:colcon.colcon_core.shell:Creating package descriptor '/home/rtos/dev_ws/install/splash_interfaces/share/splash_interfaces/package.dsv'
[0.653s] INFO:colcon.colcon_core.shell:Creating package script '/home/rtos/dev_ws/install/splash_interfaces/share/splash_interfaces/package.sh'
[0.653s] INFO:colcon.colcon_core.shell:Creating package script '/home/rtos/dev_ws/install/splash_interfaces/share/splash_interfaces/package.bash'
[0.653s] INFO:colcon.colcon_core.shell:Creating package script '/home/rtos/dev_ws/install/splash_interfaces/share/splash_interfaces/package.zsh'
[0.654s] Level 1:colcon.colcon_core.environment:create_file_with_runtime_dependencies(/home/rtos/dev_ws/install/splash_interfaces/share/colcon-core/packages/splash_interfaces)
[0.689s] Level 1:colcon.colcon_core.environment:create_environment_scripts_only(torcs_interfaces)
[0.690s] Level 1:colcon.colcon_core.environment:checking '/home/rtos/dev_ws/install/torcs_interfaces' for CMake module files
[0.691s] Level 1:colcon.colcon_core.environment:checking '/home/rtos/dev_ws/install/torcs_interfaces' for CMake config files
[0.691s] Level 1:colcon.colcon_core.shell:create_environment_hook('torcs_interfaces', 'cmake_prefix_path')
[0.692s] INFO:colcon.colcon_core.shell:Creating environment hook '/home/rtos/dev_ws/install/torcs_interfaces/share/torcs_interfaces/hook/cmake_prefix_path.ps1'
[0.692s] INFO:colcon.colcon_core.shell:Creating environment descriptor '/home/rtos/dev_ws/install/torcs_interfaces/share/torcs_interfaces/hook/cmake_prefix_path.dsv'
[0.693s] INFO:colcon.colcon_core.shell:Creating environment hook '/home/rtos/dev_ws/install/torcs_interfaces/share/torcs_interfaces/hook/cmake_prefix_path.sh'
[0.693s] Level 1:colcon.colcon_core.environment:checking '/home/rtos/dev_ws/install/torcs_interfaces/lib'
[0.693s] Level 1:colcon.colcon_core.shell:create_environment_hook('torcs_interfaces', 'ld_library_path_lib')
[0.694s] INFO:colcon.colcon_core.shell:Creating environment hook '/home/rtos/dev_ws/install/torcs_interfaces/share/torcs_interfaces/hook/ld_library_path_lib.ps1'
[0.694s] INFO:colcon.colcon_core.shell:Creating environment descriptor '/home/rtos/dev_ws/install/torcs_interfaces/share/torcs_interfaces/hook/ld_library_path_lib.dsv'
[0.694s] INFO:colcon.colcon_core.shell:Creating environment hook '/home/rtos/dev_ws/install/torcs_interfaces/share/torcs_interfaces/hook/ld_library_path_lib.sh'
[0.695s] Level 1:colcon.colcon_core.environment:checking '/home/rtos/dev_ws/install/torcs_interfaces/bin'
[0.695s] Level 1:colcon.colcon_core.environment:checking '/home/rtos/dev_ws/install/torcs_interfaces/lib/pkgconfig/torcs_interfaces.pc'
[0.695s] Level 1:colcon.colcon_core.environment:checking '/home/rtos/dev_ws/install/torcs_interfaces/lib/python3.8/site-packages'
[0.695s] Level 1:colcon.colcon_core.shell:create_environment_hook('torcs_interfaces', 'pythonpath')
[0.696s] INFO:colcon.colcon_core.shell:Creating environment hook '/home/rtos/dev_ws/install/torcs_interfaces/share/torcs_interfaces/hook/pythonpath.ps1'
[0.696s] INFO:colcon.colcon_core.shell:Creating environment descriptor '/home/rtos/dev_ws/install/torcs_interfaces/share/torcs_interfaces/hook/pythonpath.dsv'
[0.696s] INFO:colcon.colcon_core.shell:Creating environment hook '/home/rtos/dev_ws/install/torcs_interfaces/share/torcs_interfaces/hook/pythonpath.sh'
[0.697s] INFO:colcon.colcon_core.shell:Creating package script '/home/rtos/dev_ws/install/torcs_interfaces/share/torcs_interfaces/package.ps1'
[0.698s] INFO:colcon.colcon_core.shell:Creating package descriptor '/home/rtos/dev_ws/install/torcs_interfaces/share/torcs_interfaces/package.dsv'
[0.698s] INFO:colcon.colcon_core.shell:Creating package script '/home/rtos/dev_ws/install/torcs_interfaces/share/torcs_interfaces/package.sh'
[0.699s] INFO:colcon.colcon_core.shell:Creating package script '/home/rtos/dev_ws/install/torcs_interfaces/share/torcs_interfaces/package.bash'
[0.699s] INFO:colcon.colcon_core.shell:Creating package script '/home/rtos/dev_ws/install/torcs_interfaces/share/torcs_interfaces/package.zsh'
[0.700s] Level 1:colcon.colcon_core.environment:create_file_with_runtime_dependencies(/home/rtos/dev_ws/install/torcs_interfaces/share/colcon-core/packages/torcs_interfaces)
[0.700s] INFO:colcon.colcon_ros.task.ament_python.build:Building ROS package in '/home/rtos/dev_ws/src/ros2-torcs-client' with build type 'ament_python'
[0.700s] Level 1:colcon.colcon_core.shell:create_environment_hook('torcs_client', 'ament_prefix_path')
[0.701s] INFO:colcon.colcon_core.shell:Creating environment hook '/home/rtos/dev_ws/install/torcs_client/share/torcs_client/hook/ament_prefix_path.ps1'
[0.702s] INFO:colcon.colcon_core.shell:Creating environment descriptor '/home/rtos/dev_ws/install/torcs_client/share/torcs_client/hook/ament_prefix_path.dsv'
[0.702s] INFO:colcon.colcon_core.shell:Creating environment hook '/home/rtos/dev_ws/install/torcs_client/share/torcs_client/hook/ament_prefix_path.sh'
[0.703s] INFO:colcon.colcon_core.shell:Skip shell extension 'powershell' for command environment: Not usable outside of PowerShell
[0.703s] DEBUG:colcon.colcon_core.shell:Skip shell extension 'dsv' for command environment
[0.705s] DEBUG:colcon.colcon_core.shell:Ignoring prefix path '/opt/ros/foxy'
[0.916s] INFO:colcon.colcon_core.task.python.build:Building Python package in '/home/rtos/dev_ws/src/ros2-torcs-client'
[0.917s] INFO:colcon.colcon_core.shell:Skip shell extension 'powershell' for command environment: Not usable outside of PowerShell
[0.917s] DEBUG:colcon.colcon_core.shell:Skip shell extension 'dsv' for command environment
[0.919s] DEBUG:colcon.colcon_core.shell:Ignoring prefix path '/opt/ros/foxy'
[0.923s] Level 1:colcon.colcon_core.environment:create_environment_scripts_only(splash_interfaces)
[0.924s] Level 1:colcon.colcon_core.environment:checking '/home/rtos/dev_ws/install/splash_interfaces' for CMake module files
[0.925s] Level 1:colcon.colcon_core.environment:checking '/home/rtos/dev_ws/install/splash_interfaces' for CMake config files
[0.926s] Level 1:colcon.colcon_core.shell:create_environment_hook('splash_interfaces', 'cmake_prefix_path')
[0.927s] INFO:colcon.colcon_core.shell:Creating environment hook '/home/rtos/dev_ws/install/splash_interfaces/share/splash_interfaces/hook/cmake_prefix_path.ps1'
[0.928s] INFO:colcon.colcon_core.shell:Creating environment descriptor '/home/rtos/dev_ws/install/splash_interfaces/share/splash_interfaces/hook/cmake_prefix_path.dsv'
[0.928s] INFO:colcon.colcon_core.shell:Creating environment hook '/home/rtos/dev_ws/install/splash_interfaces/share/splash_interfaces/hook/cmake_prefix_path.sh'
[0.929s] Level 1:colcon.colcon_core.environment:checking '/home/rtos/dev_ws/install/splash_interfaces/lib'
[0.930s] Level 1:colcon.colcon_core.shell:create_environment_hook('splash_interfaces', 'ld_library_path_lib')
[0.930s] INFO:colcon.colcon_core.shell:Creating environment hook '/home/rtos/dev_ws/install/splash_interfaces/share/splash_interfaces/hook/ld_library_path_lib.ps1'
[0.931s] INFO:colcon.colcon_core.shell:Creating environment descriptor '/home/rtos/dev_ws/install/splash_interfaces/share/splash_interfaces/hook/ld_library_path_lib.dsv'
[0.932s] INFO:colcon.colcon_core.shell:Creating environment hook '/home/rtos/dev_ws/install/splash_interfaces/share/splash_interfaces/hook/ld_library_path_lib.sh'
[0.932s] Level 1:colcon.colcon_core.environment:checking '/home/rtos/dev_ws/install/splash_interfaces/bin'
[0.932s] Level 1:colcon.colcon_core.environment:checking '/home/rtos/dev_ws/install/splash_interfaces/lib/pkgconfig/splash_interfaces.pc'
[0.932s] Level 1:colcon.colcon_core.environment:checking '/home/rtos/dev_ws/install/splash_interfaces/lib/python3.8/site-packages'
[0.933s] Level 1:colcon.colcon_core.shell:create_environment_hook('splash_interfaces', 'pythonpath')
[0.934s] INFO:colcon.colcon_core.shell:Creating environment hook '/home/rtos/dev_ws/install/splash_interfaces/share/splash_interfaces/hook/pythonpath.ps1'
[0.934s] INFO:colcon.colcon_core.shell:Creating environment descriptor '/home/rtos/dev_ws/install/splash_interfaces/share/splash_interfaces/hook/pythonpath.dsv'
[0.935s] INFO:colcon.colcon_core.shell:Creating environment hook '/home/rtos/dev_ws/install/splash_interfaces/share/splash_interfaces/hook/pythonpath.sh'
[0.936s] INFO:colcon.colcon_core.shell:Creating package script '/home/rtos/dev_ws/install/splash_interfaces/share/splash_interfaces/package.ps1'
[0.937s] INFO:colcon.colcon_core.shell:Creating package descriptor '/home/rtos/dev_ws/install/splash_interfaces/share/splash_interfaces/package.dsv'
[0.938s] INFO:colcon.colcon_core.shell:Creating package script '/home/rtos/dev_ws/install/splash_interfaces/share/splash_interfaces/package.sh'
[0.938s] INFO:colcon.colcon_core.shell:Creating package script '/home/rtos/dev_ws/install/splash_interfaces/share/splash_interfaces/package.bash'
[0.939s] INFO:colcon.colcon_core.shell:Creating package script '/home/rtos/dev_ws/install/splash_interfaces/share/splash_interfaces/package.zsh'
[0.939s] Level 1:colcon.colcon_core.environment:create_file_with_runtime_dependencies(/home/rtos/dev_ws/install/splash_interfaces/share/colcon-core/packages/splash_interfaces)
[0.941s] INFO:colcon.colcon_ros.task.ament_python.build:Building ROS package in '/home/rtos/dev_ws/src/srl' with build type 'ament_python'
[0.941s] Level 1:colcon.colcon_core.shell:create_environment_hook('srl', 'ament_prefix_path')
[0.942s] INFO:colcon.colcon_core.shell:Creating environment hook '/home/rtos/dev_ws/install/srl/share/srl/hook/ament_prefix_path.ps1'
[0.942s] INFO:colcon.colcon_core.shell:Creating environment descriptor '/home/rtos/dev_ws/install/srl/share/srl/hook/ament_prefix_path.dsv'
[0.943s] INFO:colcon.colcon_core.shell:Creating environment hook '/home/rtos/dev_ws/install/srl/share/srl/hook/ament_prefix_path.sh'
[0.944s] INFO:colcon.colcon_core.shell:Skip shell extension 'powershell' for command environment: Not usable outside of PowerShell
[0.944s] DEBUG:colcon.colcon_core.shell:Skip shell extension 'dsv' for command environment
[0.947s] DEBUG:colcon.colcon_core.shell:Ignoring prefix path '/opt/ros/foxy'
[0.956s] DEBUG:colcon.colcon_core.event_handler.log_command:Invoking command in '/home/rtos/dev_ws/src/ros2-torcs-client': PYTHONPATH=/home/rtos/dev_ws/install/torcs_client/lib/python3.8/site-packages:/home/rtos/dev_ws/install/torcs_interfaces/lib/python3.8/site-packages:/home/rtos/dev_ws/install/torcs_client/lib/python3.8/site-packages:/home/rtos/dev_ws/install/lkas5/lib/python3.8/site-packages:/home/rtos/dev_ws/install/scl/lib/python3.8/site-packages:/home/rtos/dev_ws/install/srl/lib/python3.8/site-packages:/home/rtos/dev_ws/install/splash_interfaces/lib/python3.8/site-packages:/opt/ros/foxy/lib/python3.8/site-packages /usr/bin/python3 setup.py egg_info --egg-base ../../build/torcs_client build --build-base /home/rtos/dev_ws/build/torcs_client/build install --prefix /home/rtos/dev_ws/install/torcs_client --record /home/rtos/dev_ws/build/torcs_client/install.log --single-version-externally-managed
[1.162s] INFO:colcon.colcon_core.task.python.build:Building Python package in '/home/rtos/dev_ws/src/srl'
[1.163s] INFO:colcon.colcon_core.shell:Skip shell extension 'powershell' for command environment: Not usable outside of PowerShell
[1.164s] DEBUG:colcon.colcon_core.shell:Skip shell extension 'dsv' for command environment
[1.167s] DEBUG:colcon.colcon_core.shell:Ignoring prefix path '/opt/ros/foxy'
[1.177s] DEBUG:colcon.colcon_core.event_handler.log_command:Invoking command in '/home/rtos/dev_ws/src/srl': CMAKE_PREFIX_PATH=/home/rtos/dev_ws/install/splash_interfaces:/home/rtos/dev_ws/install/torcs_interfaces LD_LIBRARY_PATH=/home/rtos/dev_ws/install/splash_interfaces/lib:/home/rtos/dev_ws/install/torcs_interfaces/lib:/opt/ros/foxy/opt/yaml_cpp_vendor/lib:/opt/ros/foxy/opt/rviz_ogre_vendor/lib:/opt/ros/foxy/lib/x86_64-linux-gnu:/opt/ros/foxy/lib PYTHONPATH=/home/rtos/dev_ws/install/srl/lib/python3.8/site-packages:/home/rtos/dev_ws/install/splash_interfaces/lib/python3.8/site-packages:/home/rtos/dev_ws/install/torcs_client/lib/python3.8/site-packages:/home/rtos/dev_ws/install/torcs_interfaces/lib/python3.8/site-packages:/home/rtos/dev_ws/install/lkas5/lib/python3.8/site-packages:/home/rtos/dev_ws/install/scl/lib/python3.8/site-packages:/home/rtos/dev_ws/install/srl/lib/python3.8/site-packages:/opt/ros/foxy/lib/python3.8/site-packages /usr/bin/python3 setup.py egg_info --egg-base ../../build/srl build --build-base /home/rtos/dev_ws/build/srl/build install --prefix /home/rtos/dev_ws/install/srl --record /home/rtos/dev_ws/build/srl/install.log --single-version-externally-managed
[1.224s] Level 1:colcon.colcon_core.environment:checking '/home/rtos/dev_ws/install/torcs_client' for CMake module files
[1.224s] DEBUG:colcon.colcon_core.event_handler.log_command:Invoked command in '/home/rtos/dev_ws/src/ros2-torcs-client' returned '0': PYTHONPATH=/home/rtos/dev_ws/install/torcs_client/lib/python3.8/site-packages:/home/rtos/dev_ws/install/torcs_interfaces/lib/python3.8/site-packages:/home/rtos/dev_ws/install/torcs_client/lib/python3.8/site-packages:/home/rtos/dev_ws/install/lkas5/lib/python3.8/site-packages:/home/rtos/dev_ws/install/scl/lib/python3.8/site-packages:/home/rtos/dev_ws/install/srl/lib/python3.8/site-packages:/home/rtos/dev_ws/install/splash_interfaces/lib/python3.8/site-packages:/opt/ros/foxy/lib/python3.8/site-packages /usr/bin/python3 setup.py egg_info --egg-base ../../build/torcs_client build --build-base /home/rtos/dev_ws/build/torcs_client/build install --prefix /home/rtos/dev_ws/install/torcs_client --record /home/rtos/dev_ws/build/torcs_client/install.log --single-version-externally-managed
[1.225s] Level 1:colcon.colcon_core.environment:checking '/home/rtos/dev_ws/install/torcs_client' for CMake config files
[1.226s] Level 1:colcon.colcon_core.environment:checking '/home/rtos/dev_ws/install/torcs_client/lib'
[1.226s] Level 1:colcon.colcon_core.environment:checking '/home/rtos/dev_ws/install/torcs_client/bin'
[1.226s] Level 1:colcon.colcon_core.environment:checking '/home/rtos/dev_ws/install/torcs_client/lib/pkgconfig/torcs_client.pc'
[1.226s] Level 1:colcon.colcon_core.environment:checking '/home/rtos/dev_ws/install/torcs_client/lib/python3.8/site-packages'
[1.226s] Level 1:colcon.colcon_core.shell:create_environment_hook('torcs_client', 'pythonpath')
[1.227s] INFO:colcon.colcon_core.shell:Creating environment hook '/home/rtos/dev_ws/install/torcs_client/share/torcs_client/hook/pythonpath.ps1'
[1.228s] INFO:colcon.colcon_core.shell:Creating environment descriptor '/home/rtos/dev_ws/install/torcs_client/share/torcs_client/hook/pythonpath.dsv'
[1.228s] INFO:colcon.colcon_core.shell:Creating environment hook '/home/rtos/dev_ws/install/torcs_client/share/torcs_client/hook/pythonpath.sh'
[1.229s] Level 1:colcon.colcon_core.environment:create_environment_scripts_only(torcs_client)
[1.230s] INFO:colcon.colcon_core.shell:Creating package script '/home/rtos/dev_ws/install/torcs_client/share/torcs_client/package.ps1'
[1.230s] INFO:colcon.colcon_core.shell:Creating package descriptor '/home/rtos/dev_ws/install/torcs_client/share/torcs_client/package.dsv'
[1.231s] INFO:colcon.colcon_core.shell:Creating package script '/home/rtos/dev_ws/install/torcs_client/share/torcs_client/package.sh'
[1.231s] INFO:colcon.colcon_core.shell:Creating package script '/home/rtos/dev_ws/install/torcs_client/share/torcs_client/package.bash'
[1.232s] INFO:colcon.colcon_core.shell:Creating package script '/home/rtos/dev_ws/install/torcs_client/share/torcs_client/package.zsh'
[1.232s] Level 1:colcon.colcon_core.environment:create_file_with_runtime_dependencies(/home/rtos/dev_ws/install/torcs_client/share/colcon-core/packages/torcs_client)
[1.440s] Level 1:colcon.colcon_core.environment:checking '/home/rtos/dev_ws/install/srl' for CMake module files
[1.441s] DEBUG:colcon.colcon_core.event_handler.log_command:Invoked command in '/home/rtos/dev_ws/src/srl' returned '0': CMAKE_PREFIX_PATH=/home/rtos/dev_ws/install/splash_interfaces:/home/rtos/dev_ws/install/torcs_interfaces LD_LIBRARY_PATH=/home/rtos/dev_ws/install/splash_interfaces/lib:/home/rtos/dev_ws/install/torcs_interfaces/lib:/opt/ros/foxy/opt/yaml_cpp_vendor/lib:/opt/ros/foxy/opt/rviz_ogre_vendor/lib:/opt/ros/foxy/lib/x86_64-linux-gnu:/opt/ros/foxy/lib PYTHONPATH=/home/rtos/dev_ws/install/srl/lib/python3.8/site-packages:/home/rtos/dev_ws/install/splash_interfaces/lib/python3.8/site-packages:/home/rtos/dev_ws/install/torcs_client/lib/python3.8/site-packages:/home/rtos/dev_ws/install/torcs_interfaces/lib/python3.8/site-packages:/home/rtos/dev_ws/install/lkas5/lib/python3.8/site-packages:/home/rtos/dev_ws/install/scl/lib/python3.8/site-packages:/home/rtos/dev_ws/install/srl/lib/python3.8/site-packages:/opt/ros/foxy/lib/python3.8/site-packages /usr/bin/python3 setup.py egg_info --egg-base ../../build/srl build --build-base /home/rtos/dev_ws/build/srl/build install --prefix /home/rtos/dev_ws/install/srl --record /home/rtos/dev_ws/build/srl/install.log --single-version-externally-managed
[1.441s] Level 1:colcon.colcon_core.environment:checking '/home/rtos/dev_ws/install/srl' for CMake config files
[1.442s] Level 1:colcon.colcon_core.environment:checking '/home/rtos/dev_ws/install/srl/lib'
[1.442s] Level 1:colcon.colcon_core.environment:checking '/home/rtos/dev_ws/install/srl/bin'
[1.442s] Level 1:colcon.colcon_core.environment:checking '/home/rtos/dev_ws/install/srl/lib/pkgconfig/srl.pc'
[1.442s] Level 1:colcon.colcon_core.environment:checking '/home/rtos/dev_ws/install/srl/lib/python3.8/site-packages'
[1.442s] Level 1:colcon.colcon_core.shell:create_environment_hook('srl', 'pythonpath')
[1.442s] INFO:colcon.colcon_core.shell:Creating environment hook '/home/rtos/dev_ws/install/srl/share/srl/hook/pythonpath.ps1'
[1.443s] INFO:colcon.colcon_core.shell:Creating environment descriptor '/home/rtos/dev_ws/install/srl/share/srl/hook/pythonpath.dsv'
[1.443s] INFO:colcon.colcon_core.shell:Creating environment hook '/home/rtos/dev_ws/install/srl/share/srl/hook/pythonpath.sh'
[1.444s] Level 1:colcon.colcon_core.environment:create_environment_scripts_only(srl)
[1.444s] INFO:colcon.colcon_core.shell:Creating package script '/home/rtos/dev_ws/install/srl/share/srl/package.ps1'
[1.444s] INFO:colcon.colcon_core.shell:Creating package descriptor '/home/rtos/dev_ws/install/srl/share/srl/package.dsv'
[1.445s] INFO:colcon.colcon_core.shell:Creating package script '/home/rtos/dev_ws/install/srl/share/srl/package.sh'
[1.445s] INFO:colcon.colcon_core.shell:Creating package script '/home/rtos/dev_ws/install/srl/share/srl/package.bash'
[1.446s] INFO:colcon.colcon_core.shell:Creating package script '/home/rtos/dev_ws/install/srl/share/srl/package.zsh'
[1.446s] Level 1:colcon.colcon_core.environment:create_file_with_runtime_dependencies(/home/rtos/dev_ws/install/srl/share/colcon-core/packages/srl)
[1.446s] INFO:colcon.colcon_ros.task.ament_python.build:Building ROS package in '/home/rtos/dev_ws/src/scl' with build type 'ament_python'
[1.446s] Level 1:colcon.colcon_core.shell:create_environment_hook('scl', 'ament_prefix_path')
[1.447s] INFO:colcon.colcon_core.shell:Creating environment hook '/home/rtos/dev_ws/install/scl/share/scl/hook/ament_prefix_path.ps1'
[1.447s] INFO:colcon.colcon_core.shell:Creating environment descriptor '/home/rtos/dev_ws/install/scl/share/scl/hook/ament_prefix_path.dsv'
[1.448s] INFO:colcon.colcon_core.shell:Creating environment hook '/home/rtos/dev_ws/install/scl/share/scl/hook/ament_prefix_path.sh'
[1.449s] INFO:colcon.colcon_core.shell:Skip shell extension 'powershell' for command environment: Not usable outside of PowerShell
[1.449s] DEBUG:colcon.colcon_core.shell:Skip shell extension 'dsv' for command environment
[1.451s] DEBUG:colcon.colcon_core.shell:Ignoring prefix path '/opt/ros/foxy'
[1.657s] INFO:colcon.colcon_core.task.python.build:Building Python package in '/home/rtos/dev_ws/src/scl'
[1.658s] INFO:colcon.colcon_core.shell:Skip shell extension 'powershell' for command environment: Not usable outside of PowerShell
[1.659s] DEBUG:colcon.colcon_core.shell:Skip shell extension 'dsv' for command environment
[1.660s] DEBUG:colcon.colcon_core.shell:Ignoring prefix path '/opt/ros/foxy'
[1.671s] DEBUG:colcon.colcon_core.event_handler.log_command:Invoking command in '/home/rtos/dev_ws/src/scl': AMENT_PREFIX_PATH=/home/rtos/dev_ws/install/srl:/home/rtos/dev_ws/install/torcs_client:/home/rtos/dev_ws/install/torcs_interfaces:/home/rtos/dev_ws/install/lkas5:/home/rtos/dev_ws/install/scl:/home/rtos/dev_ws/install/splash_interfaces:/opt/ros/foxy CMAKE_PREFIX_PATH=/home/rtos/dev_ws/install/splash_interfaces:/home/rtos/dev_ws/install/torcs_interfaces LD_LIBRARY_PATH=/home/rtos/dev_ws/install/splash_interfaces/lib:/home/rtos/dev_ws/install/torcs_interfaces/lib:/opt/ros/foxy/opt/yaml_cpp_vendor/lib:/opt/ros/foxy/opt/rviz_ogre_vendor/lib:/opt/ros/foxy/lib/x86_64-linux-gnu:/opt/ros/foxy/lib PYTHONPATH=/home/rtos/dev_ws/install/scl/lib/python3.8/site-packages:/home/rtos/dev_ws/install/srl/lib/python3.8/site-packages:/home/rtos/dev_ws/install/splash_interfaces/lib/python3.8/site-packages:/home/rtos/dev_ws/install/torcs_client/lib/python3.8/site-packages:/home/rtos/dev_ws/install/torcs_interfaces/lib/python3.8/site-packages:/home/rtos/dev_ws/install/lkas5/lib/python3.8/site-packages:/home/rtos/dev_ws/install/scl/lib/python3.8/site-packages:/opt/ros/foxy/lib/python3.8/site-packages /usr/bin/python3 setup.py egg_info --egg-base ../../build/scl build --build-base /home/rtos/dev_ws/build/scl/build install --prefix /home/rtos/dev_ws/install/scl --record /home/rtos/dev_ws/build/scl/install.log --single-version-externally-managed
[1.937s] Level 1:colcon.colcon_core.environment:checking '/home/rtos/dev_ws/install/scl' for CMake module files
[1.938s] DEBUG:colcon.colcon_core.event_handler.log_command:Invoked command in '/home/rtos/dev_ws/src/scl' returned '0': AMENT_PREFIX_PATH=/home/rtos/dev_ws/install/srl:/home/rtos/dev_ws/install/torcs_client:/home/rtos/dev_ws/install/torcs_interfaces:/home/rtos/dev_ws/install/lkas5:/home/rtos/dev_ws/install/scl:/home/rtos/dev_ws/install/splash_interfaces:/opt/ros/foxy CMAKE_PREFIX_PATH=/home/rtos/dev_ws/install/splash_interfaces:/home/rtos/dev_ws/install/torcs_interfaces LD_LIBRARY_PATH=/home/rtos/dev_ws/install/splash_interfaces/lib:/home/rtos/dev_ws/install/torcs_interfaces/lib:/opt/ros/foxy/opt/yaml_cpp_vendor/lib:/opt/ros/foxy/opt/rviz_ogre_vendor/lib:/opt/ros/foxy/lib/x86_64-linux-gnu:/opt/ros/foxy/lib PYTHONPATH=/home/rtos/dev_ws/install/scl/lib/python3.8/site-packages:/home/rtos/dev_ws/install/srl/lib/python3.8/site-packages:/home/rtos/dev_ws/install/splash_interfaces/lib/python3.8/site-packages:/home/rtos/dev_ws/install/torcs_client/lib/python3.8/site-packages:/home/rtos/dev_ws/install/torcs_interfaces/lib/python3.8/site-packages:/home/rtos/dev_ws/install/lkas5/lib/python3.8/site-packages:/home/rtos/dev_ws/install/scl/lib/python3.8/site-packages:/opt/ros/foxy/lib/python3.8/site-packages /usr/bin/python3 setup.py egg_info --egg-base ../../build/scl build --build-base /home/rtos/dev_ws/build/scl/build install --prefix /home/rtos/dev_ws/install/scl --record /home/rtos/dev_ws/build/scl/install.log --single-version-externally-managed
[1.938s] Level 1:colcon.colcon_core.environment:checking '/home/rtos/dev_ws/install/scl' for CMake config files
[1.939s] Level 1:colcon.colcon_core.environment:checking '/home/rtos/dev_ws/install/scl/lib'
[1.939s] Level 1:colcon.colcon_core.environment:checking '/home/rtos/dev_ws/install/scl/bin'
[1.939s] Level 1:colcon.colcon_core.environment:checking '/home/rtos/dev_ws/install/scl/lib/pkgconfig/scl.pc'
[1.939s] Level 1:colcon.colcon_core.environment:checking '/home/rtos/dev_ws/install/scl/lib/python3.8/site-packages'
[1.939s] Level 1:colcon.colcon_core.shell:create_environment_hook('scl', 'pythonpath')
[1.940s] INFO:colcon.colcon_core.shell:Creating environment hook '/home/rtos/dev_ws/install/scl/share/scl/hook/pythonpath.ps1'
[1.940s] INFO:colcon.colcon_core.shell:Creating environment descriptor '/home/rtos/dev_ws/install/scl/share/scl/hook/pythonpath.dsv'
[1.940s] INFO:colcon.colcon_core.shell:Creating environment hook '/home/rtos/dev_ws/install/scl/share/scl/hook/pythonpath.sh'
[1.941s] Level 1:colcon.colcon_core.environment:create_environment_scripts_only(scl)
[1.941s] INFO:colcon.colcon_core.shell:Creating package script '/home/rtos/dev_ws/install/scl/share/scl/package.ps1'
[1.942s] INFO:colcon.colcon_core.shell:Creating package descriptor '/home/rtos/dev_ws/install/scl/share/scl/package.dsv'
[1.942s] INFO:colcon.colcon_core.shell:Creating package script '/home/rtos/dev_ws/install/scl/share/scl/package.sh'
[1.943s] INFO:colcon.colcon_core.shell:Creating package script '/home/rtos/dev_ws/install/scl/share/scl/package.bash'
[1.943s] INFO:colcon.colcon_core.shell:Creating package script '/home/rtos/dev_ws/install/scl/share/scl/package.zsh'
[1.943s] Level 1:colcon.colcon_core.environment:create_file_with_runtime_dependencies(/home/rtos/dev_ws/install/scl/share/colcon-core/packages/scl)
[1.944s] INFO:colcon.colcon_ros.task.ament_python.build:Building ROS package in '/home/rtos/dev_ws/src/lkas5' with build type 'ament_python'
[1.944s] Level 1:colcon.colcon_core.shell:create_environment_hook('lkas5', 'ament_prefix_path')
[1.944s] INFO:colcon.colcon_core.shell:Creating environment hook '/home/rtos/dev_ws/install/lkas5/share/lkas5/hook/ament_prefix_path.ps1'
[1.945s] INFO:colcon.colcon_core.shell:Creating environment descriptor '/home/rtos/dev_ws/install/lkas5/share/lkas5/hook/ament_prefix_path.dsv'
[1.945s] INFO:colcon.colcon_core.shell:Creating environment hook '/home/rtos/dev_ws/install/lkas5/share/lkas5/hook/ament_prefix_path.sh'
[1.946s] INFO:colcon.colcon_core.shell:Skip shell extension 'powershell' for command environment: Not usable outside of PowerShell
[1.946s] DEBUG:colcon.colcon_core.shell:Skip shell extension 'dsv' for command environment
[1.948s] DEBUG:colcon.colcon_core.shell:Ignoring prefix path '/opt/ros/foxy'
[2.157s] INFO:colcon.colcon_core.task.python.build:Building Python package in '/home/rtos/dev_ws/src/lkas5'
[2.158s] INFO:colcon.colcon_core.shell:Skip shell extension 'powershell' for command environment: Not usable outside of PowerShell
[2.158s] DEBUG:colcon.colcon_core.shell:Skip shell extension 'dsv' for command environment
[2.160s] DEBUG:colcon.colcon_core.shell:Ignoring prefix path '/opt/ros/foxy'
[2.171s] DEBUG:colcon.colcon_core.event_handler.log_command:Invoking command in '/home/rtos/dev_ws/src/lkas5': AMENT_PREFIX_PATH=/home/rtos/dev_ws/install/scl:/home/rtos/dev_ws/install/srl:/home/rtos/dev_ws/install/torcs_client:/home/rtos/dev_ws/install/torcs_interfaces:/home/rtos/dev_ws/install/lkas5:/home/rtos/dev_ws/install/splash_interfaces:/opt/ros/foxy CMAKE_PREFIX_PATH=/home/rtos/dev_ws/install/splash_interfaces:/home/rtos/dev_ws/install/torcs_interfaces LD_LIBRARY_PATH=/home/rtos/dev_ws/install/splash_interfaces/lib:/home/rtos/dev_ws/install/torcs_interfaces/lib:/opt/ros/foxy/opt/yaml_cpp_vendor/lib:/opt/ros/foxy/opt/rviz_ogre_vendor/lib:/opt/ros/foxy/lib/x86_64-linux-gnu:/opt/ros/foxy/lib PYTHONPATH=/home/rtos/dev_ws/install/lkas5/lib/python3.8/site-packages:/home/rtos/dev_ws/install/scl/lib/python3.8/site-packages:/home/rtos/dev_ws/install/srl/lib/python3.8/site-packages:/home/rtos/dev_ws/install/splash_interfaces/lib/python3.8/site-packages:/home/rtos/dev_ws/install/torcs_client/lib/python3.8/site-packages:/home/rtos/dev_ws/install/torcs_interfaces/lib/python3.8/site-packages:/home/rtos/dev_ws/install/lkas5/lib/python3.8/site-packages:/opt/ros/foxy/lib/python3.8/site-packages /usr/bin/python3 setup.py egg_info --egg-base ../../build/lkas5 build --build-base /home/rtos/dev_ws/build/lkas5/build install --prefix /home/rtos/dev_ws/install/lkas5 --record /home/rtos/dev_ws/build/lkas5/install.log --single-version-externally-managed
[2.433s] Level 1:colcon.colcon_core.environment:checking '/home/rtos/dev_ws/install/lkas5' for CMake module files
[2.434s] DEBUG:colcon.colcon_core.event_handler.log_command:Invoked command in '/home/rtos/dev_ws/src/lkas5' returned '0': AMENT_PREFIX_PATH=/home/rtos/dev_ws/install/scl:/home/rtos/dev_ws/install/srl:/home/rtos/dev_ws/install/torcs_client:/home/rtos/dev_ws/install/torcs_interfaces:/home/rtos/dev_ws/install/lkas5:/home/rtos/dev_ws/install/splash_interfaces:/opt/ros/foxy CMAKE_PREFIX_PATH=/home/rtos/dev_ws/install/splash_interfaces:/home/rtos/dev_ws/install/torcs_interfaces LD_LIBRARY_PATH=/home/rtos/dev_ws/install/splash_interfaces/lib:/home/rtos/dev_ws/install/torcs_interfaces/lib:/opt/ros/foxy/opt/yaml_cpp_vendor/lib:/opt/ros/foxy/opt/rviz_ogre_vendor/lib:/opt/ros/foxy/lib/x86_64-linux-gnu:/opt/ros/foxy/lib PYTHONPATH=/home/rtos/dev_ws/install/lkas5/lib/python3.8/site-packages:/home/rtos/dev_ws/install/scl/lib/python3.8/site-packages:/home/rtos/dev_ws/install/srl/lib/python3.8/site-packages:/home/rtos/dev_ws/install/splash_interfaces/lib/python3.8/site-packages:/home/rtos/dev_ws/install/torcs_client/lib/python3.8/site-packages:/home/rtos/dev_ws/install/torcs_interfaces/lib/python3.8/site-packages:/home/rtos/dev_ws/install/lkas5/lib/python3.8/site-packages:/opt/ros/foxy/lib/python3.8/site-packages /usr/bin/python3 setup.py egg_info --egg-base ../../build/lkas5 build --build-base /home/rtos/dev_ws/build/lkas5/build install --prefix /home/rtos/dev_ws/install/lkas5 --record /home/rtos/dev_ws/build/lkas5/install.log --single-version-externally-managed
[2.434s] Level 1:colcon.colcon_core.environment:checking '/home/rtos/dev_ws/install/lkas5' for CMake config files
[2.435s] Level 1:colcon.colcon_core.environment:checking '/home/rtos/dev_ws/install/lkas5/lib'
[2.435s] Level 1:colcon.colcon_core.environment:checking '/home/rtos/dev_ws/install/lkas5/bin'
[2.435s] Level 1:colcon.colcon_core.environment:checking '/home/rtos/dev_ws/install/lkas5/lib/pkgconfig/lkas5.pc'
[2.435s] Level 1:colcon.colcon_core.environment:checking '/home/rtos/dev_ws/install/lkas5/lib/python3.8/site-packages'
[2.435s] Level 1:colcon.colcon_core.shell:create_environment_hook('lkas5', 'pythonpath')
[2.436s] INFO:colcon.colcon_core.shell:Creating environment hook '/home/rtos/dev_ws/install/lkas5/share/lkas5/hook/pythonpath.ps1'
[2.437s] INFO:colcon.colcon_core.shell:Creating environment descriptor '/home/rtos/dev_ws/install/lkas5/share/lkas5/hook/pythonpath.dsv'
[2.437s] INFO:colcon.colcon_core.shell:Creating environment hook '/home/rtos/dev_ws/install/lkas5/share/lkas5/hook/pythonpath.sh'
[2.437s] Level 1:colcon.colcon_core.environment:create_environment_scripts_only(lkas5)
[2.438s] INFO:colcon.colcon_core.shell:Creating package script '/home/rtos/dev_ws/install/lkas5/share/lkas5/package.ps1'
[2.438s] INFO:colcon.colcon_core.shell:Creating package descriptor '/home/rtos/dev_ws/install/lkas5/share/lkas5/package.dsv'
[2.439s] INFO:colcon.colcon_core.shell:Creating package script '/home/rtos/dev_ws/install/lkas5/share/lkas5/package.sh'
[2.439s] INFO:colcon.colcon_core.shell:Creating package script '/home/rtos/dev_ws/install/lkas5/share/lkas5/package.bash'
[2.439s] INFO:colcon.colcon_core.shell:Creating package script '/home/rtos/dev_ws/install/lkas5/share/lkas5/package.zsh'
[2.440s] Level 1:colcon.colcon_core.environment:create_file_with_runtime_dependencies(/home/rtos/dev_ws/install/lkas5/share/colcon-core/packages/lkas5)
[2.440s] DEBUG:colcon.colcon_parallel_executor.executor.parallel:closing loop
[2.440s] DEBUG:colcon.colcon_parallel_executor.executor.parallel:loop closed
[2.440s] DEBUG:colcon.colcon_parallel_executor.executor.parallel:run_until_complete finished with '0'
[2.441s] DEBUG:colcon.colcon_core.event_reactor:joining thread
[2.447s] INFO:colcon.colcon_core.plugin_system:Skipping extension 'colcon_notification.desktop_notification.terminal_notifier': Not used on non-Darwin systems
[2.447s] INFO:colcon.colcon_core.plugin_system:Skipping extension 'colcon_notification.desktop_notification.win32': Not used on non-Windows systems
[2.447s] INFO:colcon.colcon_notification.desktop_notification:Sending desktop notification using 'notify2'
[2.464s] DEBUG:colcon.colcon_core.event_reactor:joined thread
[2.465s] INFO:colcon.colcon_core.shell:Creating prefix script '/home/rtos/dev_ws/install/local_setup.ps1'
[2.466s] INFO:colcon.colcon_core.shell:Creating prefix util module '/home/rtos/dev_ws/install/_local_setup_util_ps1.py'
[2.467s] INFO:colcon.colcon_core.shell:Creating prefix chain script '/home/rtos/dev_ws/install/setup.ps1'
[2.469s] INFO:colcon.colcon_core.shell:Creating prefix script '/home/rtos/dev_ws/install/local_setup.sh'
[2.470s] INFO:colcon.colcon_core.shell:Creating prefix util module '/home/rtos/dev_ws/install/_local_setup_util_sh.py'
[2.470s] INFO:colcon.colcon_core.shell:Creating prefix chain script '/home/rtos/dev_ws/install/setup.sh'
[2.473s] INFO:colcon.colcon_core.shell:Creating prefix script '/home/rtos/dev_ws/install/local_setup.bash'
[2.473s] INFO:colcon.colcon_core.shell:Creating prefix chain script '/home/rtos/dev_ws/install/setup.bash'
[2.475s] INFO:colcon.colcon_core.shell:Creating prefix script '/home/rtos/dev_ws/install/local_setup.zsh'
[2.476s] INFO:colcon.colcon_core.shell:Creating prefix chain script '/home/rtos/dev_ws/install/setup.zsh'
