[0.212s] Invoking command in '/home/rtos/dev_ws/src/scl': AMENT_PREFIX_PATH=/home/rtos/dev_ws/install/srl:/home/rtos/dev_ws/install/splash_interfaces:${AMENT_PREFIX_PATH} CMAKE_PREFIX_PATH=/home/rtos/dev_ws/install/splash_interfaces LD_LIBRARY_PATH=/home/rtos/dev_ws/install/splash_interfaces/lib:${LD_LIBRARY_PATH} PYTHONPATH=/home/rtos/dev_ws/install/scl/lib/python3.8/site-packages:/home/rtos/dev_ws/install/srl/lib/python3.8/site-packages:/home/rtos/dev_ws/install/splash_interfaces/lib/python3.8/site-packages:${PYTHONPATH} /usr/bin/python3 setup.py egg_info --egg-base ../../build/scl build --build-base /home/rtos/dev_ws/build/scl/build install --prefix /home/rtos/dev_ws/install/scl --record /home/rtos/dev_ws/build/scl/install.log --single-version-externally-managed
[0.391s] running egg_info
[0.391s] writing ../../build/scl/scl.egg-info/PKG-INFO
[0.391s] writing dependency_links to ../../build/scl/scl.egg-info/dependency_links.txt
[0.392s] writing entry points to ../../build/scl/scl.egg-info/entry_points.txt
[0.392s] writing requirements to ../../build/scl/scl.egg-info/requires.txt
[0.392s] writing top-level names to ../../build/scl/scl.egg-info/top_level.txt
[0.420s] reading manifest file '../../build/scl/scl.egg-info/SOURCES.txt'
[0.421s] writing manifest file '../../build/scl/scl.egg-info/SOURCES.txt'
[0.421s] running build
[0.421s] running build_py
[0.422s] running install
[0.422s] running install_lib
[0.424s] running install_data
[0.424s] running install_egg_info
[0.426s] removing '/home/rtos/dev_ws/install/scl/lib/python3.8/site-packages/scl-0.0.0-py3.8.egg-info' (and everything under it)
[0.426s] Copying ../../build/scl/scl.egg-info to /home/rtos/dev_ws/install/scl/lib/python3.8/site-packages/scl-0.0.0-py3.8.egg-info
[0.427s] running install_scripts
[0.442s] writing list of installed files to '/home/rtos/dev_ws/build/scl/install.log'
[0.463s] Invoked command in '/home/rtos/dev_ws/src/scl' returned '0': AMENT_PREFIX_PATH=/home/rtos/dev_ws/install/srl:/home/rtos/dev_ws/install/splash_interfaces:${AMENT_PREFIX_PATH} CMAKE_PREFIX_PATH=/home/rtos/dev_ws/install/splash_interfaces LD_LIBRARY_PATH=/home/rtos/dev_ws/install/splash_interfaces/lib:${LD_LIBRARY_PATH} PYTHONPATH=/home/rtos/dev_ws/install/scl/lib/python3.8/site-packages:/home/rtos/dev_ws/install/srl/lib/python3.8/site-packages:/home/rtos/dev_ws/install/splash_interfaces/lib/python3.8/site-packages:${PYTHONPATH} /usr/bin/python3 setup.py egg_info --egg-base ../../build/scl build --build-base /home/rtos/dev_ws/build/scl/build install --prefix /home/rtos/dev_ws/install/scl --record /home/rtos/dev_ws/build/scl/install.log --single-version-externally-managed
