[0.643s] Invoking command in '/home/rtos/dev_ws/src/lkas4': AMENT_PREFIX_PATH=/home/rtos/dev_ws/install/scl:/home/rtos/dev_ws/install/srl:/home/rtos/dev_ws/install/lkas4:/home/rtos/dev_ws/install/Torcs_5:/home/rtos/dev_ws/install/torcs_client:/home/rtos/dev_ws/install/torcs_interfaces:/home/rtos/dev_ws/install/lkas5:/home/rtos/dev_ws/install/splash_interfaces:/opt/ros/foxy CMAKE_PREFIX_PATH=/home/rtos/dev_ws/install/splash_interfaces:/home/rtos/dev_ws/install/torcs_interfaces LD_LIBRARY_PATH=/home/rtos/dev_ws/install/splash_interfaces/lib:/home/rtos/dev_ws/install/torcs_interfaces/lib:/opt/ros/foxy/opt/yaml_cpp_vendor/lib:/opt/ros/foxy/opt/rviz_ogre_vendor/lib:/opt/ros/foxy/lib/x86_64-linux-gnu:/opt/ros/foxy/lib PYTHONPATH=/home/rtos/dev_ws/install/lkas4/lib/python3.8/site-packages:/home/rtos/dev_ws/install/scl/lib/python3.8/site-packages:/home/rtos/dev_ws/install/srl/lib/python3.8/site-packages:/home/rtos/dev_ws/install/splash_interfaces/lib/python3.8/site-packages:/home/rtos/dev_ws/install/lkas4/lib/python3.8/site-packages:/home/rtos/dev_ws/install/Torcs_5/lib/python3.8/site-packages:/home/rtos/dev_ws/install/torcs_client/lib/python3.8/site-packages:/home/rtos/dev_ws/install/torcs_interfaces/lib/python3.8/site-packages:/home/rtos/dev_ws/install/lkas5/lib/python3.8/site-packages:/opt/ros/foxy/lib/python3.8/site-packages /usr/bin/python3 setup.py egg_info --egg-base ../../build/lkas4 build --build-base /home/rtos/dev_ws/build/lkas4/build install --prefix /home/rtos/dev_ws/install/lkas4 --record /home/rtos/dev_ws/build/lkas4/install.log --single-version-externally-managed
[0.836s] running egg_info
[0.837s] writing ../../build/lkas4/lkas4.egg-info/PKG-INFO
[0.838s] writing dependency_links to ../../build/lkas4/lkas4.egg-info/dependency_links.txt
[0.838s] writing entry points to ../../build/lkas4/lkas4.egg-info/entry_points.txt
[0.838s] writing requirements to ../../build/lkas4/lkas4.egg-info/requires.txt
[0.838s] writing top-level names to ../../build/lkas4/lkas4.egg-info/top_level.txt
[0.869s] reading manifest file '../../build/lkas4/lkas4.egg-info/SOURCES.txt'
[0.870s] writing manifest file '../../build/lkas4/lkas4.egg-info/SOURCES.txt'
[0.871s] running build
[0.871s] running build_py
[0.871s] copying lkas4/splash/component/processing_accel.py -> /home/rtos/dev_ws/build/lkas4/build/lib/lkas4/splash/component
[0.873s] running install
[0.873s] running install_lib
[0.874s] copying /home/rtos/dev_ws/build/lkas4/build/lib/lkas4/splash/component/processing_accel.py -> /home/rtos/dev_ws/install/lkas4/lib/python3.8/site-packages/lkas4/splash/component
[0.876s] byte-compiling /home/rtos/dev_ws/install/lkas4/lib/python3.8/site-packages/lkas4/splash/component/processing_accel.py to processing_accel.cpython-38.pyc
[0.877s] running install_data
[0.878s] running install_egg_info
[0.879s] removing '/home/rtos/dev_ws/install/lkas4/lib/python3.8/site-packages/lkas4-0.0.0-py3.8.egg-info' (and everything under it)
[0.879s] Copying ../../build/lkas4/lkas4.egg-info to /home/rtos/dev_ws/install/lkas4/lib/python3.8/site-packages/lkas4-0.0.0-py3.8.egg-info
[0.880s] running install_scripts
[0.897s] Installing default_build_unit script to /home/rtos/dev_ws/install/lkas4/lib/lkas4
[0.897s] Installing splash_server script to /home/rtos/dev_ws/install/lkas4/lib/lkas4
[0.898s] writing list of installed files to '/home/rtos/dev_ws/build/lkas4/install.log'
[0.935s] Invoked command in '/home/rtos/dev_ws/src/lkas4' returned '0': AMENT_PREFIX_PATH=/home/rtos/dev_ws/install/scl:/home/rtos/dev_ws/install/srl:/home/rtos/dev_ws/install/lkas4:/home/rtos/dev_ws/install/Torcs_5:/home/rtos/dev_ws/install/torcs_client:/home/rtos/dev_ws/install/torcs_interfaces:/home/rtos/dev_ws/install/lkas5:/home/rtos/dev_ws/install/splash_interfaces:/opt/ros/foxy CMAKE_PREFIX_PATH=/home/rtos/dev_ws/install/splash_interfaces:/home/rtos/dev_ws/install/torcs_interfaces LD_LIBRARY_PATH=/home/rtos/dev_ws/install/splash_interfaces/lib:/home/rtos/dev_ws/install/torcs_interfaces/lib:/opt/ros/foxy/opt/yaml_cpp_vendor/lib:/opt/ros/foxy/opt/rviz_ogre_vendor/lib:/opt/ros/foxy/lib/x86_64-linux-gnu:/opt/ros/foxy/lib PYTHONPATH=/home/rtos/dev_ws/install/lkas4/lib/python3.8/site-packages:/home/rtos/dev_ws/install/scl/lib/python3.8/site-packages:/home/rtos/dev_ws/install/srl/lib/python3.8/site-packages:/home/rtos/dev_ws/install/splash_interfaces/lib/python3.8/site-packages:/home/rtos/dev_ws/install/lkas4/lib/python3.8/site-packages:/home/rtos/dev_ws/install/Torcs_5/lib/python3.8/site-packages:/home/rtos/dev_ws/install/torcs_client/lib/python3.8/site-packages:/home/rtos/dev_ws/install/torcs_interfaces/lib/python3.8/site-packages:/home/rtos/dev_ws/install/lkas5/lib/python3.8/site-packages:/opt/ros/foxy/lib/python3.8/site-packages /usr/bin/python3 setup.py egg_info --egg-base ../../build/lkas4 build --build-base /home/rtos/dev_ws/build/lkas4/build install --prefix /home/rtos/dev_ws/install/lkas4 --record /home/rtos/dev_ws/build/lkas4/install.log --single-version-externally-managed
