[0.241s] Invoking command in '/home/rtos/dev_ws/src/ros2-torcs-client': PYTHONPATH=/home/rtos/dev_ws/install/torcs_client/lib/python3.8/site-packages:/home/rtos/dev_ws/install/torcs_interfaces/lib/python3.8/site-packages:/home/rtos/dev_ws/install/torcs_client/lib/python3.8/site-packages:/home/rtos/dev_ws/install/lkas5/lib/python3.8/site-packages:/home/rtos/dev_ws/install/lkas4/lib/python3.8/site-packages:/home/rtos/dev_ws/install/Torcs_5/lib/python3.8/site-packages:/home/rtos/dev_ws/install/scl/lib/python3.8/site-packages:/home/rtos/dev_ws/install/srl/lib/python3.8/site-packages:/home/rtos/dev_ws/install/splash_interfaces/lib/python3.8/site-packages:/opt/ros/foxy/lib/python3.8/site-packages /usr/bin/python3 setup.py egg_info --egg-base ../../build/torcs_client build --build-base /home/rtos/dev_ws/build/torcs_client/build install --prefix /home/rtos/dev_ws/install/torcs_client --record /home/rtos/dev_ws/build/torcs_client/install.log --single-version-externally-managed
[0.428s] running egg_info
[0.429s] writing ../../build/torcs_client/torcs_client.egg-info/PKG-INFO
[0.429s] writing dependency_links to ../../build/torcs_client/torcs_client.egg-info/dependency_links.txt
[0.429s] writing entry points to ../../build/torcs_client/torcs_client.egg-info/entry_points.txt
[0.429s] writing requirements to ../../build/torcs_client/torcs_client.egg-info/requires.txt
[0.429s] writing top-level names to ../../build/torcs_client/torcs_client.egg-info/top_level.txt
[0.465s] reading manifest file '../../build/torcs_client/torcs_client.egg-info/SOURCES.txt'
[0.466s] writing manifest file '../../build/torcs_client/torcs_client.egg-info/SOURCES.txt'
[0.466s] running build
[0.466s] running build_py
[0.466s] running install
[0.467s] running install_lib
[0.468s] running install_data
[0.468s] running install_egg_info
[0.470s] removing '/home/rtos/dev_ws/install/torcs_client/lib/python3.8/site-packages/torcs_client-0.0.0-py3.8.egg-info' (and everything under it)
[0.470s] Copying ../../build/torcs_client/torcs_client.egg-info to /home/rtos/dev_ws/install/torcs_client/lib/python3.8/site-packages/torcs_client-0.0.0-py3.8.egg-info
[0.471s] running install_scripts
[0.486s] Installing main script to /home/rtos/dev_ws/install/torcs_client/lib/torcs_client
[0.486s] writing list of installed files to '/home/rtos/dev_ws/build/torcs_client/install.log'
[0.508s] Invoked command in '/home/rtos/dev_ws/src/ros2-torcs-client' returned '0': PYTHONPATH=/home/rtos/dev_ws/install/torcs_client/lib/python3.8/site-packages:/home/rtos/dev_ws/install/torcs_interfaces/lib/python3.8/site-packages:/home/rtos/dev_ws/install/torcs_client/lib/python3.8/site-packages:/home/rtos/dev_ws/install/lkas5/lib/python3.8/site-packages:/home/rtos/dev_ws/install/lkas4/lib/python3.8/site-packages:/home/rtos/dev_ws/install/Torcs_5/lib/python3.8/site-packages:/home/rtos/dev_ws/install/scl/lib/python3.8/site-packages:/home/rtos/dev_ws/install/srl/lib/python3.8/site-packages:/home/rtos/dev_ws/install/splash_interfaces/lib/python3.8/site-packages:/opt/ros/foxy/lib/python3.8/site-packages /usr/bin/python3 setup.py egg_info --egg-base ../../build/torcs_client build --build-base /home/rtos/dev_ws/build/torcs_client/build install --prefix /home/rtos/dev_ws/install/torcs_client --record /home/rtos/dev_ws/build/torcs_client/install.log --single-version-externally-managed
