[0.016s] Invoking command in '/home/rtos/dev_ws/build/splash_interfaces': CMAKE_PREFIX_PATH=${CMAKE_PREFIX_PATH}:/home/rtos/dev_ws/install/torcs_client:/home/rtos/dev_ws/install/lkas5:/home/rtos/dev_ws/install/lkas4:/home/rtos/dev_ws/install/Torcs_5:/home/rtos/dev_ws/install/scl:/home/rtos/dev_ws/install/srl:/opt/ros/foxy /usr/bin/cmake --build /home/rtos/dev_ws/build/splash_interfaces -- -j8 -l8
[0.080s] [  3%] Built target splash_interfaces__cpp
[0.081s] [ 12%] Built target splash_interfaces__rosidl_generator_c
[0.108s] [ 23%] Built target splash_interfaces__rosidl_typesupport_c
[0.113s] [ 34%] Built target splash_interfaces__rosidl_typesupport_introspection_c
[0.116s] [ 45%] Built target splash_interfaces__rosidl_typesupport_cpp
[0.120s] [ 56%] Built target splash_interfaces__rosidl_typesupport_introspection_cpp
[0.122s] [ 67%] Built target splash_interfaces__rosidl_typesupport_fastrtps_cpp
[0.148s] [ 78%] Built target splash_interfaces__rosidl_typesupport_fastrtps_c
[0.168s] [ 78%] Built target splash_interfaces
[0.189s] [ 80%] Built target splash_interfaces__py
[0.215s] [ 89%] Built target splash_interfaces__python
[0.245s] [ 96%] Built target splash_interfaces__rosidl_typesupport_c__pyext
[0.245s] [ 96%] Built target splash_interfaces__rosidl_typesupport_fastrtps_c__pyext
[0.248s] [100%] Built target splash_interfaces__rosidl_typesupport_introspection_c__pyext
[0.261s] Invoked command in '/home/rtos/dev_ws/build/splash_interfaces' returned '0': CMAKE_PREFIX_PATH=${CMAKE_PREFIX_PATH}:/home/rtos/dev_ws/install/torcs_client:/home/rtos/dev_ws/install/lkas5:/home/rtos/dev_ws/install/lkas4:/home/rtos/dev_ws/install/Torcs_5:/home/rtos/dev_ws/install/scl:/home/rtos/dev_ws/install/srl:/opt/ros/foxy /usr/bin/cmake --build /home/rtos/dev_ws/build/splash_interfaces -- -j8 -l8
[0.338s] Invoking command in '/home/rtos/dev_ws/build/splash_interfaces': CMAKE_PREFIX_PATH=${CMAKE_PREFIX_PATH}:/home/rtos/dev_ws/install/torcs_client:/home/rtos/dev_ws/install/lkas5:/home/rtos/dev_ws/install/lkas4:/home/rtos/dev_ws/install/Torcs_5:/home/rtos/dev_ws/install/scl:/home/rtos/dev_ws/install/srl:/opt/ros/foxy /usr/bin/cmake --install /home/rtos/dev_ws/build/splash_interfaces
[0.351s] -- Install configuration: ""
[0.351s] -- Up-to-date: /home/rtos/dev_ws/install/splash_interfaces/share/ament_index/resource_index/rosidl_interfaces/splash_interfaces
[0.351s] -- Up-to-date: /home/rtos/dev_ws/install/splash_interfaces/include/splash_interfaces
[0.351s] -- Up-to-date: /home/rtos/dev_ws/install/splash_interfaces/include/splash_interfaces/msg
[0.351s] -- Up-to-date: /home/rtos/dev_ws/install/splash_interfaces/include/splash_interfaces/msg/detail
[0.351s] -- Up-to-date: /home/rtos/dev_ws/install/splash_interfaces/include/splash_interfaces/msg/detail/splash_message__functions.h
[0.352s] -- Up-to-date: /home/rtos/dev_ws/install/splash_interfaces/include/splash_interfaces/msg/detail/splash_message__struct.h
[0.352s] -- Up-to-date: /home/rtos/dev_ws/install/splash_interfaces/include/splash_interfaces/msg/detail/splash_message__type_support.h
[0.352s] -- Up-to-date: /home/rtos/dev_ws/install/splash_interfaces/include/splash_interfaces/msg/detail/splash_message__functions.c
[0.352s] -- Up-to-date: /home/rtos/dev_ws/install/splash_interfaces/include/splash_interfaces/msg/rosidl_generator_c__visibility_control.h
[0.352s] -- Up-to-date: /home/rtos/dev_ws/install/splash_interfaces/include/splash_interfaces/msg/splash_message.h
[0.352s] -- Up-to-date: /home/rtos/dev_ws/install/splash_interfaces/include/splash_interfaces/srv
[0.352s] -- Up-to-date: /home/rtos/dev_ws/install/splash_interfaces/include/splash_interfaces/srv/detail
[0.352s] -- Up-to-date: /home/rtos/dev_ws/install/splash_interfaces/include/splash_interfaces/srv/detail/unregister_mode__functions.h
[0.352s] -- Up-to-date: /home/rtos/dev_ws/install/splash_interfaces/include/splash_interfaces/srv/detail/register_mode__type_support.h
[0.352s] -- Up-to-date: /home/rtos/dev_ws/install/splash_interfaces/include/splash_interfaces/srv/detail/unregister_mode__functions.c
[0.352s] -- Up-to-date: /home/rtos/dev_ws/install/splash_interfaces/include/splash_interfaces/srv/detail/unregister_mode__type_support.h
[0.352s] -- Up-to-date: /home/rtos/dev_ws/install/splash_interfaces/include/splash_interfaces/srv/detail/request_mode_change__struct.h
[0.352s] -- Up-to-date: /home/rtos/dev_ws/install/splash_interfaces/include/splash_interfaces/srv/detail/request_mode_change__functions.c
[0.352s] -- Up-to-date: /home/rtos/dev_ws/install/splash_interfaces/include/splash_interfaces/srv/detail/request_mode_change__type_support.h
[0.353s] -- Up-to-date: /home/rtos/dev_ws/install/splash_interfaces/include/splash_interfaces/srv/detail/unregister_mode__struct.h
[0.353s] -- Up-to-date: /home/rtos/dev_ws/install/splash_interfaces/include/splash_interfaces/srv/detail/register_mode__struct.h
[0.353s] -- Up-to-date: /home/rtos/dev_ws/install/splash_interfaces/include/splash_interfaces/srv/detail/register_mode__functions.h
[0.353s] -- Up-to-date: /home/rtos/dev_ws/install/splash_interfaces/include/splash_interfaces/srv/detail/request_mode_change__functions.h
[0.353s] -- Up-to-date: /home/rtos/dev_ws/install/splash_interfaces/include/splash_interfaces/srv/detail/register_mode__functions.c
[0.353s] -- Up-to-date: /home/rtos/dev_ws/install/splash_interfaces/include/splash_interfaces/srv/unregister_mode.h
[0.353s] -- Up-to-date: /home/rtos/dev_ws/install/splash_interfaces/include/splash_interfaces/srv/register_mode.h
[0.353s] -- Up-to-date: /home/rtos/dev_ws/install/splash_interfaces/include/splash_interfaces/srv/request_mode_change.h
[0.353s] -- Up-to-date: /home/rtos/dev_ws/install/splash_interfaces/share/splash_interfaces/environment/library_path.sh
[0.353s] -- Up-to-date: /home/rtos/dev_ws/install/splash_interfaces/share/splash_interfaces/environment/library_path.dsv
[0.353s] -- Up-to-date: /home/rtos/dev_ws/install/splash_interfaces/lib/libsplash_interfaces__rosidl_generator_c.so
[0.354s] -- Up-to-date: /home/rtos/dev_ws/install/splash_interfaces/include/splash_interfaces
[0.354s] -- Up-to-date: /home/rtos/dev_ws/install/splash_interfaces/include/splash_interfaces/msg
[0.354s] -- Up-to-date: /home/rtos/dev_ws/install/splash_interfaces/include/splash_interfaces/msg/detail
[0.354s] -- Up-to-date: /home/rtos/dev_ws/install/splash_interfaces/include/splash_interfaces/msg/detail/splash_message__rosidl_typesupport_fastrtps_c.h
[0.354s] -- Up-to-date: /home/rtos/dev_ws/install/splash_interfaces/include/splash_interfaces/msg/rosidl_typesupport_fastrtps_c__visibility_control.h
[0.354s] -- Up-to-date: /home/rtos/dev_ws/install/splash_interfaces/include/splash_interfaces/srv
[0.354s] -- Up-to-date: /home/rtos/dev_ws/install/splash_interfaces/include/splash_interfaces/srv/detail
[0.354s] -- Up-to-date: /home/rtos/dev_ws/install/splash_interfaces/include/splash_interfaces/srv/detail/register_mode__rosidl_typesupport_fastrtps_c.h
[0.354s] -- Up-to-date: /home/rtos/dev_ws/install/splash_interfaces/include/splash_interfaces/srv/detail/unregister_mode__rosidl_typesupport_fastrtps_c.h
[0.355s] -- Up-to-date: /home/rtos/dev_ws/install/splash_interfaces/include/splash_interfaces/srv/detail/request_mode_change__rosidl_typesupport_fastrtps_c.h
[0.355s] -- Up-to-date: /home/rtos/dev_ws/install/splash_interfaces/lib/libsplash_interfaces__rosidl_typesupport_fastrtps_c.so
[0.355s] -- Up-to-date: /home/rtos/dev_ws/install/splash_interfaces/include/splash_interfaces
[0.355s] -- Up-to-date: /home/rtos/dev_ws/install/splash_interfaces/include/splash_interfaces/msg
[0.355s] -- Up-to-date: /home/rtos/dev_ws/install/splash_interfaces/include/splash_interfaces/msg/detail
[0.355s] -- Up-to-date: /home/rtos/dev_ws/install/splash_interfaces/include/splash_interfaces/msg/detail/dds_fastrtps
[0.355s] -- Up-to-date: /home/rtos/dev_ws/install/splash_interfaces/include/splash_interfaces/msg/detail/splash_message__rosidl_typesupport_fastrtps_cpp.hpp
[0.355s] -- Up-to-date: /home/rtos/dev_ws/install/splash_interfaces/include/splash_interfaces/msg/rosidl_typesupport_fastrtps_cpp__visibility_control.h
[0.355s] -- Up-to-date: /home/rtos/dev_ws/install/splash_interfaces/include/splash_interfaces/srv
[0.356s] -- Up-to-date: /home/rtos/dev_ws/install/splash_interfaces/include/splash_interfaces/srv/detail
[0.356s] -- Up-to-date: /home/rtos/dev_ws/install/splash_interfaces/include/splash_interfaces/srv/detail/dds_fastrtps
[0.356s] -- Up-to-date: /home/rtos/dev_ws/install/splash_interfaces/include/splash_interfaces/srv/detail/register_mode__rosidl_typesupport_fastrtps_cpp.hpp
[0.356s] -- Up-to-date: /home/rtos/dev_ws/install/splash_interfaces/include/splash_interfaces/srv/detail/request_mode_change__rosidl_typesupport_fastrtps_cpp.hpp
[0.356s] -- Up-to-date: /home/rtos/dev_ws/install/splash_interfaces/include/splash_interfaces/srv/detail/unregister_mode__rosidl_typesupport_fastrtps_cpp.hpp
[0.356s] -- Up-to-date: /home/rtos/dev_ws/install/splash_interfaces/lib/libsplash_interfaces__rosidl_typesupport_fastrtps_cpp.so
[0.356s] -- Up-to-date: /home/rtos/dev_ws/install/splash_interfaces/include/splash_interfaces
[0.356s] -- Up-to-date: /home/rtos/dev_ws/install/splash_interfaces/include/splash_interfaces/msg
[0.356s] -- Up-to-date: /home/rtos/dev_ws/install/splash_interfaces/include/splash_interfaces/msg/detail
[0.356s] -- Up-to-date: /home/rtos/dev_ws/install/splash_interfaces/include/splash_interfaces/msg/detail/splash_message__rosidl_typesupport_introspection_c.h
[0.356s] -- Up-to-date: /home/rtos/dev_ws/install/splash_interfaces/include/splash_interfaces/msg/detail/splash_message__type_support.c
[0.356s] -- Up-to-date: /home/rtos/dev_ws/install/splash_interfaces/include/splash_interfaces/msg/rosidl_typesupport_introspection_c__visibility_control.h
[0.356s] -- Up-to-date: /home/rtos/dev_ws/install/splash_interfaces/include/splash_interfaces/srv
[0.356s] -- Up-to-date: /home/rtos/dev_ws/install/splash_interfaces/include/splash_interfaces/srv/detail
[0.357s] -- Up-to-date: /home/rtos/dev_ws/install/splash_interfaces/include/splash_interfaces/srv/detail/register_mode__type_support.c
[0.357s] -- Up-to-date: /home/rtos/dev_ws/install/splash_interfaces/include/splash_interfaces/srv/detail/register_mode__rosidl_typesupport_introspection_c.h
[0.357s] -- Up-to-date: /home/rtos/dev_ws/install/splash_interfaces/include/splash_interfaces/srv/detail/request_mode_change__type_support.c
[0.357s] -- Up-to-date: /home/rtos/dev_ws/install/splash_interfaces/include/splash_interfaces/srv/detail/unregister_mode__rosidl_typesupport_introspection_c.h
[0.357s] -- Up-to-date: /home/rtos/dev_ws/install/splash_interfaces/include/splash_interfaces/srv/detail/request_mode_change__rosidl_typesupport_introspection_c.h
[0.357s] -- Up-to-date: /home/rtos/dev_ws/install/splash_interfaces/include/splash_interfaces/srv/detail/unregister_mode__type_support.c
[0.357s] -- Up-to-date: /home/rtos/dev_ws/install/splash_interfaces/lib/libsplash_interfaces__rosidl_typesupport_introspection_c.so
[0.357s] -- Up-to-date: /home/rtos/dev_ws/install/splash_interfaces/lib/libsplash_interfaces__rosidl_typesupport_c.so
[0.357s] -- Up-to-date: /home/rtos/dev_ws/install/splash_interfaces/include/splash_interfaces
[0.357s] -- Up-to-date: /home/rtos/dev_ws/install/splash_interfaces/include/splash_interfaces/msg
[0.357s] -- Up-to-date: /home/rtos/dev_ws/install/splash_interfaces/include/splash_interfaces/msg/detail
[0.357s] -- Up-to-date: /home/rtos/dev_ws/install/splash_interfaces/include/splash_interfaces/msg/detail/splash_message__traits.hpp
[0.357s] -- Up-to-date: /home/rtos/dev_ws/install/splash_interfaces/include/splash_interfaces/msg/detail/splash_message__struct.hpp
[0.357s] -- Up-to-date: /home/rtos/dev_ws/install/splash_interfaces/include/splash_interfaces/msg/detail/splash_message__builder.hpp
[0.357s] -- Up-to-date: /home/rtos/dev_ws/install/splash_interfaces/include/splash_interfaces/msg/splash_message.hpp
[0.358s] -- Up-to-date: /home/rtos/dev_ws/install/splash_interfaces/include/splash_interfaces/srv
[0.358s] -- Up-to-date: /home/rtos/dev_ws/install/splash_interfaces/include/splash_interfaces/srv/detail
[0.358s] -- Up-to-date: /home/rtos/dev_ws/install/splash_interfaces/include/splash_interfaces/srv/detail/unregister_mode__struct.hpp
[0.358s] -- Up-to-date: /home/rtos/dev_ws/install/splash_interfaces/include/splash_interfaces/srv/detail/register_mode__traits.hpp
[0.358s] -- Up-to-date: /home/rtos/dev_ws/install/splash_interfaces/include/splash_interfaces/srv/detail/register_mode__struct.hpp
[0.358s] -- Up-to-date: /home/rtos/dev_ws/install/splash_interfaces/include/splash_interfaces/srv/detail/request_mode_change__traits.hpp
[0.358s] -- Up-to-date: /home/rtos/dev_ws/install/splash_interfaces/include/splash_interfaces/srv/detail/unregister_mode__traits.hpp
[0.358s] -- Up-to-date: /home/rtos/dev_ws/install/splash_interfaces/include/splash_interfaces/srv/detail/request_mode_change__struct.hpp
[0.358s] -- Up-to-date: /home/rtos/dev_ws/install/splash_interfaces/include/splash_interfaces/srv/detail/unregister_mode__builder.hpp
[0.358s] -- Up-to-date: /home/rtos/dev_ws/install/splash_interfaces/include/splash_interfaces/srv/detail/request_mode_change__builder.hpp
[0.358s] -- Up-to-date: /home/rtos/dev_ws/install/splash_interfaces/include/splash_interfaces/srv/detail/register_mode__builder.hpp
[0.358s] -- Up-to-date: /home/rtos/dev_ws/install/splash_interfaces/include/splash_interfaces/srv/request_mode_change.hpp
[0.358s] -- Up-to-date: /home/rtos/dev_ws/install/splash_interfaces/include/splash_interfaces/srv/register_mode.hpp
[0.358s] -- Up-to-date: /home/rtos/dev_ws/install/splash_interfaces/include/splash_interfaces/srv/unregister_mode.hpp
[0.359s] -- Up-to-date: /home/rtos/dev_ws/install/splash_interfaces/include/splash_interfaces
[0.359s] -- Up-to-date: /home/rtos/dev_ws/install/splash_interfaces/include/splash_interfaces/msg
[0.359s] -- Up-to-date: /home/rtos/dev_ws/install/splash_interfaces/include/splash_interfaces/msg/detail
[0.359s] -- Up-to-date: /home/rtos/dev_ws/install/splash_interfaces/include/splash_interfaces/msg/detail/splash_message__type_support.cpp
[0.359s] -- Up-to-date: /home/rtos/dev_ws/install/splash_interfaces/include/splash_interfaces/msg/detail/splash_message__rosidl_typesupport_introspection_cpp.hpp
[0.359s] -- Up-to-date: /home/rtos/dev_ws/install/splash_interfaces/include/splash_interfaces/srv
[0.359s] -- Up-to-date: /home/rtos/dev_ws/install/splash_interfaces/include/splash_interfaces/srv/detail
[0.359s] -- Up-to-date: /home/rtos/dev_ws/install/splash_interfaces/include/splash_interfaces/srv/detail/register_mode__rosidl_typesupport_introspection_cpp.hpp
[0.359s] -- Up-to-date: /home/rtos/dev_ws/install/splash_interfaces/include/splash_interfaces/srv/detail/request_mode_change__type_support.cpp
[0.359s] -- Up-to-date: /home/rtos/dev_ws/install/splash_interfaces/include/splash_interfaces/srv/detail/unregister_mode__type_support.cpp
[0.359s] -- Up-to-date: /home/rtos/dev_ws/install/splash_interfaces/include/splash_interfaces/srv/detail/request_mode_change__rosidl_typesupport_introspection_cpp.hpp
[0.359s] -- Up-to-date: /home/rtos/dev_ws/install/splash_interfaces/include/splash_interfaces/srv/detail/unregister_mode__rosidl_typesupport_introspection_cpp.hpp
[0.359s] -- Up-to-date: /home/rtos/dev_ws/install/splash_interfaces/include/splash_interfaces/srv/detail/register_mode__type_support.cpp
[0.359s] -- Up-to-date: /home/rtos/dev_ws/install/splash_interfaces/lib/libsplash_interfaces__rosidl_typesupport_introspection_cpp.so
[0.359s] -- Up-to-date: /home/rtos/dev_ws/install/splash_interfaces/lib/libsplash_interfaces__rosidl_typesupport_cpp.so
[0.359s] -- Up-to-date: /home/rtos/dev_ws/install/splash_interfaces/share/splash_interfaces/environment/pythonpath.sh
[0.359s] -- Up-to-date: /home/rtos/dev_ws/install/splash_interfaces/share/splash_interfaces/environment/pythonpath.dsv
[0.360s] -- Up-to-date: /home/rtos/dev_ws/install/splash_interfaces/lib/python3.8/site-packages/splash_interfaces/__init__.py
[0.385s] -- Up-to-date: /home/rtos/dev_ws/install/splash_interfaces/lib/python3.8/site-packages/splash_interfaces/srv
[0.385s] -- Up-to-date: /home/rtos/dev_ws/install/splash_interfaces/lib/python3.8/site-packages/splash_interfaces/srv/_register_mode_s.c
[0.385s] -- Up-to-date: /home/rtos/dev_ws/install/splash_interfaces/lib/python3.8/site-packages/splash_interfaces/srv/_request_mode_change_s.c
[0.385s] -- Up-to-date: /home/rtos/dev_ws/install/splash_interfaces/lib/python3.8/site-packages/splash_interfaces/srv/__init__.py
[0.385s] -- Up-to-date: /home/rtos/dev_ws/install/splash_interfaces/lib/python3.8/site-packages/splash_interfaces/srv/_request_mode_change.py
[0.385s] -- Up-to-date: /home/rtos/dev_ws/install/splash_interfaces/lib/python3.8/site-packages/splash_interfaces/srv/_register_mode.py
[0.386s] -- Up-to-date: /home/rtos/dev_ws/install/splash_interfaces/lib/python3.8/site-packages/splash_interfaces/srv/_unregister_mode.py
[0.386s] -- Up-to-date: /home/rtos/dev_ws/install/splash_interfaces/lib/python3.8/site-packages/splash_interfaces/srv/_unregister_mode_s.c
[0.386s] -- Up-to-date: /home/rtos/dev_ws/install/splash_interfaces/lib/python3.8/site-packages/splash_interfaces/msg
[0.386s] -- Up-to-date: /home/rtos/dev_ws/install/splash_interfaces/lib/python3.8/site-packages/splash_interfaces/msg/_splash_message.py
[0.386s] -- Up-to-date: /home/rtos/dev_ws/install/splash_interfaces/lib/python3.8/site-packages/splash_interfaces/msg/__init__.py
[0.386s] -- Up-to-date: /home/rtos/dev_ws/install/splash_interfaces/lib/python3.8/site-packages/splash_interfaces/msg/_splash_message_s.c
[0.386s] -- Up-to-date: /home/rtos/dev_ws/install/splash_interfaces/lib/python3.8/site-packages/splash_interfaces/splash_interfaces_s__rosidl_typesupport_fastrtps_c.cpython-38-x86_64-linux-gnu.so
[0.387s] -- Up-to-date: /home/rtos/dev_ws/install/splash_interfaces/lib/python3.8/site-packages/splash_interfaces/splash_interfaces_s__rosidl_typesupport_introspection_c.cpython-38-x86_64-linux-gnu.so
[0.387s] -- Up-to-date: /home/rtos/dev_ws/install/splash_interfaces/lib/python3.8/site-packages/splash_interfaces/splash_interfaces_s__rosidl_typesupport_c.cpython-38-x86_64-linux-gnu.so
[0.388s] -- Up-to-date: /home/rtos/dev_ws/install/splash_interfaces/lib/libsplash_interfaces__python.so
[0.389s] -- Up-to-date: /home/rtos/dev_ws/install/splash_interfaces/share/splash_interfaces/srv/RequestModeChange.idl
[0.389s] -- Up-to-date: /home/rtos/dev_ws/install/splash_interfaces/share/splash_interfaces/srv/RegisterMode.idl
[0.389s] -- Up-to-date: /home/rtos/dev_ws/install/splash_interfaces/share/splash_interfaces/srv/UnregisterMode.idl
[0.389s] -- Up-to-date: /home/rtos/dev_ws/install/splash_interfaces/share/splash_interfaces/msg/SplashMessage.idl
[0.390s] -- Up-to-date: /home/rtos/dev_ws/install/splash_interfaces/share/splash_interfaces/srv/RequestModeChange.srv
[0.390s] -- Up-to-date: /home/rtos/dev_ws/install/splash_interfaces/share/splash_interfaces/srv/RequestModeChange_Request.msg
[0.390s] -- Up-to-date: /home/rtos/dev_ws/install/splash_interfaces/share/splash_interfaces/srv/RequestModeChange_Response.msg
[0.391s] -- Up-to-date: /home/rtos/dev_ws/install/splash_interfaces/share/splash_interfaces/srv/RegisterMode.srv
[0.391s] -- Up-to-date: /home/rtos/dev_ws/install/splash_interfaces/share/splash_interfaces/srv/RegisterMode_Request.msg
[0.391s] -- Up-to-date: /home/rtos/dev_ws/install/splash_interfaces/share/splash_interfaces/srv/RegisterMode_Response.msg
[0.391s] -- Up-to-date: /home/rtos/dev_ws/install/splash_interfaces/share/splash_interfaces/srv/UnregisterMode.srv
[0.391s] -- Up-to-date: /home/rtos/dev_ws/install/splash_interfaces/share/splash_interfaces/srv/UnregisterMode_Request.msg
[0.392s] -- Up-to-date: /home/rtos/dev_ws/install/splash_interfaces/share/splash_interfaces/srv/UnregisterMode_Response.msg
[0.392s] -- Up-to-date: /home/rtos/dev_ws/install/splash_interfaces/share/splash_interfaces/msg/SplashMessage.msg
[0.393s] -- Up-to-date: /home/rtos/dev_ws/install/splash_interfaces/share/ament_index/resource_index/package_run_dependencies/splash_interfaces
[0.394s] -- Up-to-date: /home/rtos/dev_ws/install/splash_interfaces/share/ament_index/resource_index/parent_prefix_path/splash_interfaces
[0.394s] -- Up-to-date: /home/rtos/dev_ws/install/splash_interfaces/share/splash_interfaces/environment/ament_prefix_path.sh
[0.394s] -- Up-to-date: /home/rtos/dev_ws/install/splash_interfaces/share/splash_interfaces/environment/ament_prefix_path.dsv
[0.394s] -- Up-to-date: /home/rtos/dev_ws/install/splash_interfaces/share/splash_interfaces/environment/path.sh
[0.394s] -- Up-to-date: /home/rtos/dev_ws/install/splash_interfaces/share/splash_interfaces/environment/path.dsv
[0.394s] -- Up-to-date: /home/rtos/dev_ws/install/splash_interfaces/share/splash_interfaces/local_setup.bash
[0.394s] -- Up-to-date: /home/rtos/dev_ws/install/splash_interfaces/share/splash_interfaces/local_setup.sh
[0.395s] -- Up-to-date: /home/rtos/dev_ws/install/splash_interfaces/share/splash_interfaces/local_setup.zsh
[0.395s] -- Up-to-date: /home/rtos/dev_ws/install/splash_interfaces/share/splash_interfaces/local_setup.dsv
[0.395s] -- Installing: /home/rtos/dev_ws/install/splash_interfaces/share/splash_interfaces/package.dsv
[0.395s] -- Up-to-date: /home/rtos/dev_ws/install/splash_interfaces/share/ament_index/resource_index/packages/splash_interfaces
[0.395s] -- Up-to-date: /home/rtos/dev_ws/install/splash_interfaces/share/splash_interfaces/cmake/splash_interfaces__rosidl_generator_cExport.cmake
[0.396s] -- Up-to-date: /home/rtos/dev_ws/install/splash_interfaces/share/splash_interfaces/cmake/splash_interfaces__rosidl_generator_cExport-noconfig.cmake
[0.396s] -- Up-to-date: /home/rtos/dev_ws/install/splash_interfaces/share/splash_interfaces/cmake/splash_interfaces__rosidl_typesupport_introspection_cExport.cmake
[0.396s] -- Up-to-date: /home/rtos/dev_ws/install/splash_interfaces/share/splash_interfaces/cmake/splash_interfaces__rosidl_typesupport_introspection_cExport-noconfig.cmake
[0.396s] -- Up-to-date: /home/rtos/dev_ws/install/splash_interfaces/share/splash_interfaces/cmake/splash_interfaces__rosidl_typesupport_cExport.cmake
[0.396s] -- Up-to-date: /home/rtos/dev_ws/install/splash_interfaces/share/splash_interfaces/cmake/splash_interfaces__rosidl_typesupport_cExport-noconfig.cmake
[0.397s] -- Up-to-date: /home/rtos/dev_ws/install/splash_interfaces/share/splash_interfaces/cmake/splash_interfaces__rosidl_generator_cppExport.cmake
[0.397s] -- Up-to-date: /home/rtos/dev_ws/install/splash_interfaces/share/splash_interfaces/cmake/splash_interfaces__rosidl_typesupport_introspection_cppExport.cmake
[0.397s] -- Up-to-date: /home/rtos/dev_ws/install/splash_interfaces/share/splash_interfaces/cmake/splash_interfaces__rosidl_typesupport_introspection_cppExport-noconfig.cmake
[0.397s] -- Up-to-date: /home/rtos/dev_ws/install/splash_interfaces/share/splash_interfaces/cmake/splash_interfaces__rosidl_typesupport_cppExport.cmake
[0.398s] -- Up-to-date: /home/rtos/dev_ws/install/splash_interfaces/share/splash_interfaces/cmake/splash_interfaces__rosidl_typesupport_cppExport-noconfig.cmake
[0.398s] -- Up-to-date: /home/rtos/dev_ws/install/splash_interfaces/share/splash_interfaces/cmake/rosidl_cmake-extras.cmake
[0.398s] -- Up-to-date: /home/rtos/dev_ws/install/splash_interfaces/share/splash_interfaces/cmake/ament_cmake_export_dependencies-extras.cmake
[0.398s] -- Up-to-date: /home/rtos/dev_ws/install/splash_interfaces/share/splash_interfaces/cmake/ament_cmake_export_libraries-extras.cmake
[0.399s] -- Up-to-date: /home/rtos/dev_ws/install/splash_interfaces/share/splash_interfaces/cmake/ament_cmake_export_targets-extras.cmake
[0.399s] -- Up-to-date: /home/rtos/dev_ws/install/splash_interfaces/share/splash_interfaces/cmake/ament_cmake_export_include_directories-extras.cmake
[0.399s] -- Up-to-date: /home/rtos/dev_ws/install/splash_interfaces/share/splash_interfaces/cmake/rosidl_cmake_export_typesupport_libraries-extras.cmake
[0.400s] -- Up-to-date: /home/rtos/dev_ws/install/splash_interfaces/share/splash_interfaces/cmake/rosidl_cmake_export_typesupport_targets-extras.cmake
[0.400s] -- Up-to-date: /home/rtos/dev_ws/install/splash_interfaces/share/splash_interfaces/cmake/splash_interfacesConfig.cmake
[0.400s] -- Up-to-date: /home/rtos/dev_ws/install/splash_interfaces/share/splash_interfaces/cmake/splash_interfacesConfig-version.cmake
[0.401s] -- Up-to-date: /home/rtos/dev_ws/install/splash_interfaces/share/splash_interfaces/package.xml
[0.402s] Invoked command in '/home/rtos/dev_ws/build/splash_interfaces' returned '0': CMAKE_PREFIX_PATH=${CMAKE_PREFIX_PATH}:/home/rtos/dev_ws/install/torcs_client:/home/rtos/dev_ws/install/lkas5:/home/rtos/dev_ws/install/lkas4:/home/rtos/dev_ws/install/Torcs_5:/home/rtos/dev_ws/install/scl:/home/rtos/dev_ws/install/srl:/opt/ros/foxy /usr/bin/cmake --install /home/rtos/dev_ws/build/splash_interfaces
