-- Found ament_cmake: 0.9.7 (/opt/ros/foxy/share/ament_cmake/cmake)
-- Found PythonInterp: /usr/bin/python3 (found suitable version "3.8.5", minimum required is "3") 
-- Using PYTHON_EXECUTABLE: /usr/bin/python3
-- Found std_msgs: 2.0.3 (/opt/ros/foxy/share/std_msgs/cmake)
-- Using all available rosidl_typesupport_c: rosidl_typesupport_fastrtps_c;rosidl_typesupport_introspection_c
-- Found rosidl_adapter: 1.1.0 (/opt/ros/foxy/share/rosidl_adapter/cmake)
-- Using all available rosidl_typesupport_cpp: rosidl_typesupport_fastrtps_cpp;rosidl_typesupport_introspection_cpp
-- Found rosidl_default_generators: 1.0.0 (/opt/ros/foxy/share/rosidl_default_generators/cmake)
-- Found PythonInterp: /usr/bin/python3 (found version "3.8.5") 
-- Found ament_cmake_ros: 0.9.0 (/opt/ros/foxy/share/ament_cmake_ros/cmake)
-- Using all available rosidl_typesupport_c: rosidl_typesupport_fastrtps_c;rosidl_typesupport_introspection_c
-- Using all available rosidl_typesupport_cpp: rosidl_typesupport_fastrtps_cpp;rosidl_typesupport_introspection_cpp
-- Found PythonInterp: /usr/bin/python3 (found suitable version "3.8.5", minimum required is "3.5") 
-- Found python_cmake_module: 0.8.0 (/opt/ros/foxy/share/python_cmake_module/cmake)
-- Using PYTHON_EXECUTABLE: /usr/bin/python3
-- Using PYTHON_INCLUDE_DIRS: /usr/include/python3.8
-- Using PYTHON_LIBRARIES: /usr/lib/x86_64-linux-gnu/libpython3.8.so
-- Configuring done
-- Generating done
-- Build files have been written to: /home/rtos/dev_ws/build/splash_interfaces
[  1%] Built target splash_interfaces__cpp
[ 12%] Built target splash_interfaces__rosidl_generator_c
[ 23%] Built target splash_interfaces__rosidl_typesupport_introspection_cpp
[ 34%] Built target splash_interfaces__rosidl_typesupport_c
[ 45%] Built target splash_interfaces__rosidl_typesupport_fastrtps_cpp
[ 56%] Built target splash_interfaces__rosidl_typesupport_cpp
[ 67%] Built target splash_interfaces__rosidl_typesupport_introspection_c
[ 78%] Built target splash_interfaces__rosidl_typesupport_fastrtps_c
[ 78%] Built target splash_interfaces
[ 80%] Built target splash_interfaces__py
[ 89%] Built target splash_interfaces__python
[ 92%] Built target splash_interfaces__rosidl_typesupport_c__pyext
[ 96%] Built target splash_interfaces__rosidl_typesupport_introspection_c__pyext
[100%] Built target splash_interfaces__rosidl_typesupport_fastrtps_c__pyext
-- Install configuration: ""
-- Up-to-date: /home/rtos/dev_ws/install/splash_interfaces/share/ament_index/resource_index/rosidl_interfaces/splash_interfaces
-- Up-to-date: /home/rtos/dev_ws/install/splash_interfaces/include/splash_interfaces
-- Up-to-date: /home/rtos/dev_ws/install/splash_interfaces/include/splash_interfaces/msg
-- Up-to-date: /home/rtos/dev_ws/install/splash_interfaces/include/splash_interfaces/msg/detail
-- Up-to-date: /home/rtos/dev_ws/install/splash_interfaces/include/splash_interfaces/msg/detail/splash_message__functions.h
-- Up-to-date: /home/rtos/dev_ws/install/splash_interfaces/include/splash_interfaces/msg/detail/splash_message__struct.h
-- Up-to-date: /home/rtos/dev_ws/install/splash_interfaces/include/splash_interfaces/msg/detail/splash_message__type_support.h
-- Up-to-date: /home/rtos/dev_ws/install/splash_interfaces/include/splash_interfaces/msg/detail/splash_message__functions.c
-- Up-to-date: /home/rtos/dev_ws/install/splash_interfaces/include/splash_interfaces/msg/rosidl_generator_c__visibility_control.h
-- Up-to-date: /home/rtos/dev_ws/install/splash_interfaces/include/splash_interfaces/msg/splash_message.h
-- Up-to-date: /home/rtos/dev_ws/install/splash_interfaces/include/splash_interfaces/srv
-- Up-to-date: /home/rtos/dev_ws/install/splash_interfaces/include/splash_interfaces/srv/detail
-- Up-to-date: /home/rtos/dev_ws/install/splash_interfaces/include/splash_interfaces/srv/detail/unregister_mode__functions.h
-- Up-to-date: /home/rtos/dev_ws/install/splash_interfaces/include/splash_interfaces/srv/detail/register_mode__type_support.h
-- Up-to-date: /home/rtos/dev_ws/install/splash_interfaces/include/splash_interfaces/srv/detail/unregister_mode__functions.c
-- Up-to-date: /home/rtos/dev_ws/install/splash_interfaces/include/splash_interfaces/srv/detail/unregister_mode__type_support.h
-- Up-to-date: /home/rtos/dev_ws/install/splash_interfaces/include/splash_interfaces/srv/detail/request_mode_change__struct.h
-- Up-to-date: /home/rtos/dev_ws/install/splash_interfaces/include/splash_interfaces/srv/detail/request_mode_change__functions.c
-- Up-to-date: /home/rtos/dev_ws/install/splash_interfaces/include/splash_interfaces/srv/detail/request_mode_change__type_support.h
-- Up-to-date: /home/rtos/dev_ws/install/splash_interfaces/include/splash_interfaces/srv/detail/unregister_mode__struct.h
-- Up-to-date: /home/rtos/dev_ws/install/splash_interfaces/include/splash_interfaces/srv/detail/register_mode__struct.h
-- Up-to-date: /home/rtos/dev_ws/install/splash_interfaces/include/splash_interfaces/srv/detail/register_mode__functions.h
-- Up-to-date: /home/rtos/dev_ws/install/splash_interfaces/include/splash_interfaces/srv/detail/request_mode_change__functions.h
-- Up-to-date: /home/rtos/dev_ws/install/splash_interfaces/include/splash_interfaces/srv/detail/register_mode__functions.c
-- Up-to-date: /home/rtos/dev_ws/install/splash_interfaces/include/splash_interfaces/srv/unregister_mode.h
-- Up-to-date: /home/rtos/dev_ws/install/splash_interfaces/include/splash_interfaces/srv/register_mode.h
-- Up-to-date: /home/rtos/dev_ws/install/splash_interfaces/include/splash_interfaces/srv/request_mode_change.h
-- Up-to-date: /home/rtos/dev_ws/install/splash_interfaces/share/splash_interfaces/environment/library_path.sh
-- Installing: /home/rtos/dev_ws/install/splash_interfaces/share/splash_interfaces/environment/library_path.dsv
-- Up-to-date: /home/rtos/dev_ws/install/splash_interfaces/lib/libsplash_interfaces__rosidl_generator_c.so
-- Up-to-date: /home/rtos/dev_ws/install/splash_interfaces/include/splash_interfaces
-- Up-to-date: /home/rtos/dev_ws/install/splash_interfaces/include/splash_interfaces/msg
-- Up-to-date: /home/rtos/dev_ws/install/splash_interfaces/include/splash_interfaces/msg/detail
-- Up-to-date: /home/rtos/dev_ws/install/splash_interfaces/include/splash_interfaces/msg/detail/splash_message__rosidl_typesupport_fastrtps_c.h
-- Up-to-date: /home/rtos/dev_ws/install/splash_interfaces/include/splash_interfaces/msg/rosidl_typesupport_fastrtps_c__visibility_control.h
-- Up-to-date: /home/rtos/dev_ws/install/splash_interfaces/include/splash_interfaces/srv
-- Up-to-date: /home/rtos/dev_ws/install/splash_interfaces/include/splash_interfaces/srv/detail
-- Up-to-date: /home/rtos/dev_ws/install/splash_interfaces/include/splash_interfaces/srv/detail/register_mode__rosidl_typesupport_fastrtps_c.h
-- Up-to-date: /home/rtos/dev_ws/install/splash_interfaces/include/splash_interfaces/srv/detail/unregister_mode__rosidl_typesupport_fastrtps_c.h
-- Up-to-date: /home/rtos/dev_ws/install/splash_interfaces/include/splash_interfaces/srv/detail/request_mode_change__rosidl_typesupport_fastrtps_c.h
-- Up-to-date: /home/rtos/dev_ws/install/splash_interfaces/lib/libsplash_interfaces__rosidl_typesupport_fastrtps_c.so
-- Up-to-date: /home/rtos/dev_ws/install/splash_interfaces/include/splash_interfaces
-- Up-to-date: /home/rtos/dev_ws/install/splash_interfaces/include/splash_interfaces/msg
-- Up-to-date: /home/rtos/dev_ws/install/splash_interfaces/include/splash_interfaces/msg/detail
-- Up-to-date: /home/rtos/dev_ws/install/splash_interfaces/include/splash_interfaces/msg/detail/dds_fastrtps
-- Up-to-date: /home/rtos/dev_ws/install/splash_interfaces/include/splash_interfaces/msg/detail/splash_message__rosidl_typesupport_fastrtps_cpp.hpp
-- Up-to-date: /home/rtos/dev_ws/install/splash_interfaces/include/splash_interfaces/msg/rosidl_typesupport_fastrtps_cpp__visibility_control.h
-- Up-to-date: /home/rtos/dev_ws/install/splash_interfaces/include/splash_interfaces/srv
-- Up-to-date: /home/rtos/dev_ws/install/splash_interfaces/include/splash_interfaces/srv/detail
-- Up-to-date: /home/rtos/dev_ws/install/splash_interfaces/include/splash_interfaces/srv/detail/dds_fastrtps
-- Up-to-date: /home/rtos/dev_ws/install/splash_interfaces/include/splash_interfaces/srv/detail/register_mode__rosidl_typesupport_fastrtps_cpp.hpp
-- Up-to-date: /home/rtos/dev_ws/install/splash_interfaces/include/splash_interfaces/srv/detail/request_mode_change__rosidl_typesupport_fastrtps_cpp.hpp
-- Up-to-date: /home/rtos/dev_ws/install/splash_interfaces/include/splash_interfaces/srv/detail/unregister_mode__rosidl_typesupport_fastrtps_cpp.hpp
-- Up-to-date: /home/rtos/dev_ws/install/splash_interfaces/lib/libsplash_interfaces__rosidl_typesupport_fastrtps_cpp.so
-- Up-to-date: /home/rtos/dev_ws/install/splash_interfaces/include/splash_interfaces
-- Up-to-date: /home/rtos/dev_ws/install/splash_interfaces/include/splash_interfaces/msg
-- Up-to-date: /home/rtos/dev_ws/install/splash_interfaces/include/splash_interfaces/msg/detail
-- Up-to-date: /home/rtos/dev_ws/install/splash_interfaces/include/splash_interfaces/msg/detail/splash_message__rosidl_typesupport_introspection_c.h
-- Up-to-date: /home/rtos/dev_ws/install/splash_interfaces/include/splash_interfaces/msg/detail/splash_message__type_support.c
-- Up-to-date: /home/rtos/dev_ws/install/splash_interfaces/include/splash_interfaces/msg/rosidl_typesupport_introspection_c__visibility_control.h
-- Up-to-date: /home/rtos/dev_ws/install/splash_interfaces/include/splash_interfaces/srv
-- Up-to-date: /home/rtos/dev_ws/install/splash_interfaces/include/splash_interfaces/srv/detail
-- Up-to-date: /home/rtos/dev_ws/install/splash_interfaces/include/splash_interfaces/srv/detail/register_mode__type_support.c
-- Up-to-date: /home/rtos/dev_ws/install/splash_interfaces/include/splash_interfaces/srv/detail/register_mode__rosidl_typesupport_introspection_c.h
-- Up-to-date: /home/rtos/dev_ws/install/splash_interfaces/include/splash_interfaces/srv/detail/request_mode_change__type_support.c
-- Up-to-date: /home/rtos/dev_ws/install/splash_interfaces/include/splash_interfaces/srv/detail/unregister_mode__rosidl_typesupport_introspection_c.h
-- Up-to-date: /home/rtos/dev_ws/install/splash_interfaces/include/splash_interfaces/srv/detail/request_mode_change__rosidl_typesupport_introspection_c.h
-- Up-to-date: /home/rtos/dev_ws/install/splash_interfaces/include/splash_interfaces/srv/detail/unregister_mode__type_support.c
-- Up-to-date: /home/rtos/dev_ws/install/splash_interfaces/lib/libsplash_interfaces__rosidl_typesupport_introspection_c.so
-- Up-to-date: /home/rtos/dev_ws/install/splash_interfaces/lib/libsplash_interfaces__rosidl_typesupport_c.so
-- Up-to-date: /home/rtos/dev_ws/install/splash_interfaces/include/splash_interfaces
-- Up-to-date: /home/rtos/dev_ws/install/splash_interfaces/include/splash_interfaces/msg
-- Up-to-date: /home/rtos/dev_ws/install/splash_interfaces/include/splash_interfaces/msg/detail
-- Up-to-date: /home/rtos/dev_ws/install/splash_interfaces/include/splash_interfaces/msg/detail/splash_message__traits.hpp
-- Up-to-date: /home/rtos/dev_ws/install/splash_interfaces/include/splash_interfaces/msg/detail/splash_message__struct.hpp
-- Up-to-date: /home/rtos/dev_ws/install/splash_interfaces/include/splash_interfaces/msg/detail/splash_message__builder.hpp
-- Up-to-date: /home/rtos/dev_ws/install/splash_interfaces/include/splash_interfaces/msg/splash_message.hpp
-- Up-to-date: /home/rtos/dev_ws/install/splash_interfaces/include/splash_interfaces/srv
-- Up-to-date: /home/rtos/dev_ws/install/splash_interfaces/include/splash_interfaces/srv/detail
-- Up-to-date: /home/rtos/dev_ws/install/splash_interfaces/include/splash_interfaces/srv/detail/unregister_mode__struct.hpp
-- Up-to-date: /home/rtos/dev_ws/install/splash_interfaces/include/splash_interfaces/srv/detail/register_mode__traits.hpp
-- Up-to-date: /home/rtos/dev_ws/install/splash_interfaces/include/splash_interfaces/srv/detail/register_mode__struct.hpp
-- Up-to-date: /home/rtos/dev_ws/install/splash_interfaces/include/splash_interfaces/srv/detail/request_mode_change__traits.hpp
-- Up-to-date: /home/rtos/dev_ws/install/splash_interfaces/include/splash_interfaces/srv/detail/unregister_mode__traits.hpp
-- Up-to-date: /home/rtos/dev_ws/install/splash_interfaces/include/splash_interfaces/srv/detail/request_mode_change__struct.hpp
-- Up-to-date: /home/rtos/dev_ws/install/splash_interfaces/include/splash_interfaces/srv/detail/unregister_mode__builder.hpp
-- Up-to-date: /home/rtos/dev_ws/install/splash_interfaces/include/splash_interfaces/srv/detail/request_mode_change__builder.hpp
-- Up-to-date: /home/rtos/dev_ws/install/splash_interfaces/include/splash_interfaces/srv/detail/register_mode__builder.hpp
-- Up-to-date: /home/rtos/dev_ws/install/splash_interfaces/include/splash_interfaces/srv/request_mode_change.hpp
-- Up-to-date: /home/rtos/dev_ws/install/splash_interfaces/include/splash_interfaces/srv/register_mode.hpp
-- Up-to-date: /home/rtos/dev_ws/install/splash_interfaces/include/splash_interfaces/srv/unregister_mode.hpp
-- Up-to-date: /home/rtos/dev_ws/install/splash_interfaces/include/splash_interfaces
-- Up-to-date: /home/rtos/dev_ws/install/splash_interfaces/include/splash_interfaces/msg
-- Up-to-date: /home/rtos/dev_ws/install/splash_interfaces/include/splash_interfaces/msg/detail
-- Up-to-date: /home/rtos/dev_ws/install/splash_interfaces/include/splash_interfaces/msg/detail/splash_message__type_support.cpp
-- Up-to-date: /home/rtos/dev_ws/install/splash_interfaces/include/splash_interfaces/msg/detail/splash_message__rosidl_typesupport_introspection_cpp.hpp
-- Up-to-date: /home/rtos/dev_ws/install/splash_interfaces/include/splash_interfaces/srv
-- Up-to-date: /home/rtos/dev_ws/install/splash_interfaces/include/splash_interfaces/srv/detail
-- Up-to-date: /home/rtos/dev_ws/install/splash_interfaces/include/splash_interfaces/srv/detail/register_mode__rosidl_typesupport_introspection_cpp.hpp
-- Up-to-date: /home/rtos/dev_ws/install/splash_interfaces/include/splash_interfaces/srv/detail/request_mode_change__type_support.cpp
-- Up-to-date: /home/rtos/dev_ws/install/splash_interfaces/include/splash_interfaces/srv/detail/unregister_mode__type_support.cpp
-- Up-to-date: /home/rtos/dev_ws/install/splash_interfaces/include/splash_interfaces/srv/detail/request_mode_change__rosidl_typesupport_introspection_cpp.hpp
-- Up-to-date: /home/rtos/dev_ws/install/splash_interfaces/include/splash_interfaces/srv/detail/unregister_mode__rosidl_typesupport_introspection_cpp.hpp
-- Up-to-date: /home/rtos/dev_ws/install/splash_interfaces/include/splash_interfaces/srv/detail/register_mode__type_support.cpp
-- Up-to-date: /home/rtos/dev_ws/install/splash_interfaces/lib/libsplash_interfaces__rosidl_typesupport_introspection_cpp.so
-- Up-to-date: /home/rtos/dev_ws/install/splash_interfaces/lib/libsplash_interfaces__rosidl_typesupport_cpp.so
-- Up-to-date: /home/rtos/dev_ws/install/splash_interfaces/share/splash_interfaces/environment/pythonpath.sh
-- Installing: /home/rtos/dev_ws/install/splash_interfaces/share/splash_interfaces/environment/pythonpath.dsv
-- Installing: /home/rtos/dev_ws/install/splash_interfaces/lib/python3.8/site-packages/splash_interfaces/__init__.py
Compiling '/home/rtos/dev_ws/install/splash_interfaces/lib/python3.8/site-packages/splash_interfaces/__init__.py'...
-- Up-to-date: /home/rtos/dev_ws/install/splash_interfaces/lib/python3.8/site-packages/splash_interfaces/srv
-- Up-to-date: /home/rtos/dev_ws/install/splash_interfaces/lib/python3.8/site-packages/splash_interfaces/srv/_register_mode_s.c
-- Up-to-date: /home/rtos/dev_ws/install/splash_interfaces/lib/python3.8/site-packages/splash_interfaces/srv/_request_mode_change_s.c
-- Up-to-date: /home/rtos/dev_ws/install/splash_interfaces/lib/python3.8/site-packages/splash_interfaces/srv/__init__.py
-- Up-to-date: /home/rtos/dev_ws/install/splash_interfaces/lib/python3.8/site-packages/splash_interfaces/srv/_request_mode_change.py
-- Up-to-date: /home/rtos/dev_ws/install/splash_interfaces/lib/python3.8/site-packages/splash_interfaces/srv/_register_mode.py
-- Up-to-date: /home/rtos/dev_ws/install/splash_interfaces/lib/python3.8/site-packages/splash_interfaces/srv/_unregister_mode.py
-- Up-to-date: /home/rtos/dev_ws/install/splash_interfaces/lib/python3.8/site-packages/splash_interfaces/srv/_unregister_mode_s.c
-- Up-to-date: /home/rtos/dev_ws/install/splash_interfaces/lib/python3.8/site-packages/splash_interfaces/msg
-- Up-to-date: /home/rtos/dev_ws/install/splash_interfaces/lib/python3.8/site-packages/splash_interfaces/msg/_splash_message.py
-- Up-to-date: /home/rtos/dev_ws/install/splash_interfaces/lib/python3.8/site-packages/splash_interfaces/msg/__init__.py
-- Up-to-date: /home/rtos/dev_ws/install/splash_interfaces/lib/python3.8/site-packages/splash_interfaces/msg/_splash_message_s.c
-- Up-to-date: /home/rtos/dev_ws/install/splash_interfaces/lib/python3.8/site-packages/splash_interfaces/splash_interfaces_s__rosidl_typesupport_fastrtps_c.cpython-38-x86_64-linux-gnu.so
-- Up-to-date: /home/rtos/dev_ws/install/splash_interfaces/lib/python3.8/site-packages/splash_interfaces/splash_interfaces_s__rosidl_typesupport_introspection_c.cpython-38-x86_64-linux-gnu.so
-- Up-to-date: /home/rtos/dev_ws/install/splash_interfaces/lib/python3.8/site-packages/splash_interfaces/splash_interfaces_s__rosidl_typesupport_c.cpython-38-x86_64-linux-gnu.so
-- Up-to-date: /home/rtos/dev_ws/install/splash_interfaces/lib/libsplash_interfaces__python.so
-- Up-to-date: /home/rtos/dev_ws/install/splash_interfaces/share/splash_interfaces/srv/RequestModeChange.idl
-- Up-to-date: /home/rtos/dev_ws/install/splash_interfaces/share/splash_interfaces/srv/RegisterMode.idl
-- Up-to-date: /home/rtos/dev_ws/install/splash_interfaces/share/splash_interfaces/srv/UnregisterMode.idl
-- Up-to-date: /home/rtos/dev_ws/install/splash_interfaces/share/splash_interfaces/msg/SplashMessage.idl
-- Installing: /home/rtos/dev_ws/install/splash_interfaces/share/splash_interfaces/srv/RequestModeChange.srv
-- Up-to-date: /home/rtos/dev_ws/install/splash_interfaces/share/splash_interfaces/srv/RequestModeChange_Request.msg
-- Up-to-date: /home/rtos/dev_ws/install/splash_interfaces/share/splash_interfaces/srv/RequestModeChange_Response.msg
-- Installing: /home/rtos/dev_ws/install/splash_interfaces/share/splash_interfaces/srv/RegisterMode.srv
-- Up-to-date: /home/rtos/dev_ws/install/splash_interfaces/share/splash_interfaces/srv/RegisterMode_Request.msg
-- Up-to-date: /home/rtos/dev_ws/install/splash_interfaces/share/splash_interfaces/srv/RegisterMode_Response.msg
-- Installing: /home/rtos/dev_ws/install/splash_interfaces/share/splash_interfaces/srv/UnregisterMode.srv
-- Up-to-date: /home/rtos/dev_ws/install/splash_interfaces/share/splash_interfaces/srv/UnregisterMode_Request.msg
-- Up-to-date: /home/rtos/dev_ws/install/splash_interfaces/share/splash_interfaces/srv/UnregisterMode_Response.msg
-- Installing: /home/rtos/dev_ws/install/splash_interfaces/share/splash_interfaces/msg/SplashMessage.msg
-- Up-to-date: /home/rtos/dev_ws/install/splash_interfaces/share/ament_index/resource_index/package_run_dependencies/splash_interfaces
-- Installing: /home/rtos/dev_ws/install/splash_interfaces/share/ament_index/resource_index/parent_prefix_path/splash_interfaces
-- Up-to-date: /home/rtos/dev_ws/install/splash_interfaces/share/splash_interfaces/environment/ament_prefix_path.sh
-- Installing: /home/rtos/dev_ws/install/splash_interfaces/share/splash_interfaces/environment/ament_prefix_path.dsv
-- Up-to-date: /home/rtos/dev_ws/install/splash_interfaces/share/splash_interfaces/environment/path.sh
-- Installing: /home/rtos/dev_ws/install/splash_interfaces/share/splash_interfaces/environment/path.dsv
-- Up-to-date: /home/rtos/dev_ws/install/splash_interfaces/share/splash_interfaces/local_setup.bash
-- Up-to-date: /home/rtos/dev_ws/install/splash_interfaces/share/splash_interfaces/local_setup.sh
-- Up-to-date: /home/rtos/dev_ws/install/splash_interfaces/share/splash_interfaces/local_setup.zsh
-- Installing: /home/rtos/dev_ws/install/splash_interfaces/share/splash_interfaces/local_setup.dsv
-- Installing: /home/rtos/dev_ws/install/splash_interfaces/share/splash_interfaces/package.dsv
-- Up-to-date: /home/rtos/dev_ws/install/splash_interfaces/share/ament_index/resource_index/packages/splash_interfaces
-- Up-to-date: /home/rtos/dev_ws/install/splash_interfaces/share/splash_interfaces/cmake/splash_interfaces__rosidl_generator_cExport.cmake
-- Installing: /home/rtos/dev_ws/install/splash_interfaces/share/splash_interfaces/cmake/splash_interfaces__rosidl_generator_cExport-noconfig.cmake
-- Up-to-date: /home/rtos/dev_ws/install/splash_interfaces/share/splash_interfaces/cmake/splash_interfaces__rosidl_typesupport_introspection_cExport.cmake
-- Installing: /home/rtos/dev_ws/install/splash_interfaces/share/splash_interfaces/cmake/splash_interfaces__rosidl_typesupport_introspection_cExport-noconfig.cmake
-- Up-to-date: /home/rtos/dev_ws/install/splash_interfaces/share/splash_interfaces/cmake/splash_interfaces__rosidl_typesupport_cExport.cmake
-- Installing: /home/rtos/dev_ws/install/splash_interfaces/share/splash_interfaces/cmake/splash_interfaces__rosidl_typesupport_cExport-noconfig.cmake
-- Up-to-date: /home/rtos/dev_ws/install/splash_interfaces/share/splash_interfaces/cmake/splash_interfaces__rosidl_generator_cppExport.cmake
-- Up-to-date: /home/rtos/dev_ws/install/splash_interfaces/share/splash_interfaces/cmake/splash_interfaces__rosidl_typesupport_introspection_cppExport.cmake
-- Installing: /home/rtos/dev_ws/install/splash_interfaces/share/splash_interfaces/cmake/splash_interfaces__rosidl_typesupport_introspection_cppExport-noconfig.cmake
-- Up-to-date: /home/rtos/dev_ws/install/splash_interfaces/share/splash_interfaces/cmake/splash_interfaces__rosidl_typesupport_cppExport.cmake
-- Installing: /home/rtos/dev_ws/install/splash_interfaces/share/splash_interfaces/cmake/splash_interfaces__rosidl_typesupport_cppExport-noconfig.cmake
-- Up-to-date: /home/rtos/dev_ws/install/splash_interfaces/share/splash_interfaces/cmake/rosidl_cmake-extras.cmake
-- Up-to-date: /home/rtos/dev_ws/install/splash_interfaces/share/splash_interfaces/cmake/ament_cmake_export_dependencies-extras.cmake
-- Up-to-date: /home/rtos/dev_ws/install/splash_interfaces/share/splash_interfaces/cmake/ament_cmake_export_libraries-extras.cmake
-- Up-to-date: /home/rtos/dev_ws/install/splash_interfaces/share/splash_interfaces/cmake/ament_cmake_export_targets-extras.cmake
-- Up-to-date: /home/rtos/dev_ws/install/splash_interfaces/share/splash_interfaces/cmake/ament_cmake_export_include_directories-extras.cmake
-- Up-to-date: /home/rtos/dev_ws/install/splash_interfaces/share/splash_interfaces/cmake/rosidl_cmake_export_typesupport_libraries-extras.cmake
-- Up-to-date: /home/rtos/dev_ws/install/splash_interfaces/share/splash_interfaces/cmake/rosidl_cmake_export_typesupport_targets-extras.cmake
-- Up-to-date: /home/rtos/dev_ws/install/splash_interfaces/share/splash_interfaces/cmake/splash_interfacesConfig.cmake
-- Up-to-date: /home/rtos/dev_ws/install/splash_interfaces/share/splash_interfaces/cmake/splash_interfacesConfig-version.cmake
-- Installing: /home/rtos/dev_ws/install/splash_interfaces/share/splash_interfaces/package.xml
