[0.646s] Invoking command in '/home/rtos/dev_ws/src/Torcs_5': AMENT_PREFIX_PATH=/home/rtos/dev_ws/install/scl:/home/rtos/dev_ws/install/srl:/home/rtos/dev_ws/install/lkas4:/home/rtos/dev_ws/install/Torcs_5:/home/rtos/dev_ws/install/torcs_client:/home/rtos/dev_ws/install/torcs_interfaces:/home/rtos/dev_ws/install/lkas5:/home/rtos/dev_ws/install/splash_interfaces:/opt/ros/foxy CMAKE_PREFIX_PATH=/home/rtos/dev_ws/install/splash_interfaces:/home/rtos/dev_ws/install/torcs_interfaces LD_LIBRARY_PATH=/home/rtos/dev_ws/install/splash_interfaces/lib:/home/rtos/dev_ws/install/torcs_interfaces/lib:/opt/ros/foxy/opt/yaml_cpp_vendor/lib:/opt/ros/foxy/opt/rviz_ogre_vendor/lib:/opt/ros/foxy/lib/x86_64-linux-gnu:/opt/ros/foxy/lib PYTHONPATH=/home/rtos/dev_ws/install/Torcs_5/lib/python3.8/site-packages:/home/rtos/dev_ws/install/scl/lib/python3.8/site-packages:/home/rtos/dev_ws/install/srl/lib/python3.8/site-packages:/home/rtos/dev_ws/install/splash_interfaces/lib/python3.8/site-packages:/home/rtos/dev_ws/install/lkas4/lib/python3.8/site-packages:/home/rtos/dev_ws/install/Torcs_5/lib/python3.8/site-packages:/home/rtos/dev_ws/install/torcs_client/lib/python3.8/site-packages:/home/rtos/dev_ws/install/torcs_interfaces/lib/python3.8/site-packages:/home/rtos/dev_ws/install/lkas5/lib/python3.8/site-packages:/opt/ros/foxy/lib/python3.8/site-packages /usr/bin/python3 setup.py egg_info --egg-base ../../build/Torcs_5 build --build-base /home/rtos/dev_ws/build/Torcs_5/build install --prefix /home/rtos/dev_ws/install/Torcs_5 --record /home/rtos/dev_ws/build/Torcs_5/install.log --single-version-externally-managed
[0.836s] running egg_info
[0.836s] writing ../../build/Torcs_5/Torcs_5.egg-info/PKG-INFO
[0.836s] writing dependency_links to ../../build/Torcs_5/Torcs_5.egg-info/dependency_links.txt
[0.837s] writing entry points to ../../build/Torcs_5/Torcs_5.egg-info/entry_points.txt
[0.837s] writing requirements to ../../build/Torcs_5/Torcs_5.egg-info/requires.txt
[0.837s] writing top-level names to ../../build/Torcs_5/Torcs_5.egg-info/top_level.txt
[0.867s] reading manifest file '../../build/Torcs_5/Torcs_5.egg-info/SOURCES.txt'
[0.868s] writing manifest file '../../build/Torcs_5/Torcs_5.egg-info/SOURCES.txt'
[0.868s] running build
[0.868s] running build_py
[0.868s] copying Torcs_5/splash/component/source_angle_z.py -> /home/rtos/dev_ws/build/Torcs_5/build/lib/Torcs_5/splash/component
[0.869s] copying Torcs_5/splash/component/source_linear_x.py -> /home/rtos/dev_ws/build/Torcs_5/build/lib/Torcs_5/splash/component
[0.869s] copying Torcs_5/splash/component/source_distance_mid.py -> /home/rtos/dev_ws/build/Torcs_5/build/lib/Torcs_5/splash/component
[0.870s] running install
[0.870s] running install_lib
[0.871s] copying /home/rtos/dev_ws/build/Torcs_5/build/lib/Torcs_5/splash/component/source_angle_z.py -> /home/rtos/dev_ws/install/Torcs_5/lib/python3.8/site-packages/Torcs_5/splash/component
[0.872s] copying /home/rtos/dev_ws/build/Torcs_5/build/lib/Torcs_5/splash/component/source_linear_x.py -> /home/rtos/dev_ws/install/Torcs_5/lib/python3.8/site-packages/Torcs_5/splash/component
[0.872s] copying /home/rtos/dev_ws/build/Torcs_5/build/lib/Torcs_5/splash/component/source_distance_mid.py -> /home/rtos/dev_ws/install/Torcs_5/lib/python3.8/site-packages/Torcs_5/splash/component
[0.872s] byte-compiling /home/rtos/dev_ws/install/Torcs_5/lib/python3.8/site-packages/Torcs_5/splash/component/source_angle_z.py to source_angle_z.cpython-38.pyc
[0.874s] byte-compiling /home/rtos/dev_ws/install/Torcs_5/lib/python3.8/site-packages/Torcs_5/splash/component/source_linear_x.py to source_linear_x.cpython-38.pyc
[0.874s] byte-compiling /home/rtos/dev_ws/install/Torcs_5/lib/python3.8/site-packages/Torcs_5/splash/component/source_distance_mid.py to source_distance_mid.cpython-38.pyc
[0.875s] running install_data
[0.875s] running install_egg_info
[0.877s] removing '/home/rtos/dev_ws/install/Torcs_5/lib/python3.8/site-packages/Torcs_5-0.0.0-py3.8.egg-info' (and everything under it)
[0.877s] Copying ../../build/Torcs_5/Torcs_5.egg-info to /home/rtos/dev_ws/install/Torcs_5/lib/python3.8/site-packages/Torcs_5-0.0.0-py3.8.egg-info
[0.877s] running install_scripts
[0.894s] Installing default_build_unit script to /home/rtos/dev_ws/install/Torcs_5/lib/Torcs_5
[0.894s] Installing splash_server script to /home/rtos/dev_ws/install/Torcs_5/lib/Torcs_5
[0.895s] writing list of installed files to '/home/rtos/dev_ws/build/Torcs_5/install.log'
[0.924s] Invoked command in '/home/rtos/dev_ws/src/Torcs_5' returned '0': AMENT_PREFIX_PATH=/home/rtos/dev_ws/install/scl:/home/rtos/dev_ws/install/srl:/home/rtos/dev_ws/install/lkas4:/home/rtos/dev_ws/install/Torcs_5:/home/rtos/dev_ws/install/torcs_client:/home/rtos/dev_ws/install/torcs_interfaces:/home/rtos/dev_ws/install/lkas5:/home/rtos/dev_ws/install/splash_interfaces:/opt/ros/foxy CMAKE_PREFIX_PATH=/home/rtos/dev_ws/install/splash_interfaces:/home/rtos/dev_ws/install/torcs_interfaces LD_LIBRARY_PATH=/home/rtos/dev_ws/install/splash_interfaces/lib:/home/rtos/dev_ws/install/torcs_interfaces/lib:/opt/ros/foxy/opt/yaml_cpp_vendor/lib:/opt/ros/foxy/opt/rviz_ogre_vendor/lib:/opt/ros/foxy/lib/x86_64-linux-gnu:/opt/ros/foxy/lib PYTHONPATH=/home/rtos/dev_ws/install/Torcs_5/lib/python3.8/site-packages:/home/rtos/dev_ws/install/scl/lib/python3.8/site-packages:/home/rtos/dev_ws/install/srl/lib/python3.8/site-packages:/home/rtos/dev_ws/install/splash_interfaces/lib/python3.8/site-packages:/home/rtos/dev_ws/install/lkas4/lib/python3.8/site-packages:/home/rtos/dev_ws/install/Torcs_5/lib/python3.8/site-packages:/home/rtos/dev_ws/install/torcs_client/lib/python3.8/site-packages:/home/rtos/dev_ws/install/torcs_interfaces/lib/python3.8/site-packages:/home/rtos/dev_ws/install/lkas5/lib/python3.8/site-packages:/opt/ros/foxy/lib/python3.8/site-packages /usr/bin/python3 setup.py egg_info --egg-base ../../build/Torcs_5 build --build-base /home/rtos/dev_ws/build/Torcs_5/build install --prefix /home/rtos/dev_ws/install/Torcs_5 --record /home/rtos/dev_ws/build/Torcs_5/install.log --single-version-externally-managed
