[0.202s] Invoking command in '/home/rtos/dev_ws/src/srl': PYTHONPATH=/home/rtos/dev_ws/install/srl/lib/python3.8/site-packages:${PYTHONPATH} /usr/bin/python3 setup.py egg_info --egg-base ../../build/srl build --build-base /home/rtos/dev_ws/build/srl/build install --prefix /home/rtos/dev_ws/install/srl --record /home/rtos/dev_ws/build/srl/install.log --single-version-externally-managed
[0.386s] running egg_info
[0.386s] creating ../../build/srl/srl.egg-info
[0.386s] writing ../../build/srl/srl.egg-info/PKG-INFO
[0.386s] writing dependency_links to ../../build/srl/srl.egg-info/dependency_links.txt
[0.386s] writing entry points to ../../build/srl/srl.egg-info/entry_points.txt
[0.386s] writing requirements to ../../build/srl/srl.egg-info/requires.txt
[0.386s] writing top-level names to ../../build/srl/srl.egg-info/top_level.txt
[0.387s] writing manifest file '../../build/srl/srl.egg-info/SOURCES.txt'
[0.418s] reading manifest file '../../build/srl/srl.egg-info/SOURCES.txt'
[0.419s] writing manifest file '../../build/srl/srl.egg-info/SOURCES.txt'
[0.419s] running build
[0.419s] running build_py
[0.419s] creating /home/rtos/dev_ws/build/srl/build
[0.419s] creating /home/rtos/dev_ws/build/srl/build/lib
[0.419s] creating /home/rtos/dev_ws/build/srl/build/lib/srl
[0.419s] copying srl/__init__.py -> /home/rtos/dev_ws/build/srl/build/lib/srl
[0.419s] copying srl/mode_manager.py -> /home/rtos/dev_ws/build/srl/build/lib/srl
[0.419s] copying srl/rate_controller.py -> /home/rtos/dev_ws/build/srl/build/lib/srl
[0.419s] running install
[0.420s] running install_lib
[0.421s] creating /home/rtos/dev_ws/install/srl/lib/python3.8/site-packages/srl
[0.421s] copying /home/rtos/dev_ws/build/srl/build/lib/srl/__init__.py -> /home/rtos/dev_ws/install/srl/lib/python3.8/site-packages/srl
[0.421s] copying /home/rtos/dev_ws/build/srl/build/lib/srl/mode_manager.py -> /home/rtos/dev_ws/install/srl/lib/python3.8/site-packages/srl
[0.421s] copying /home/rtos/dev_ws/build/srl/build/lib/srl/rate_controller.py -> /home/rtos/dev_ws/install/srl/lib/python3.8/site-packages/srl
[0.421s] byte-compiling /home/rtos/dev_ws/install/srl/lib/python3.8/site-packages/srl/__init__.py to __init__.cpython-38.pyc
[0.422s] byte-compiling /home/rtos/dev_ws/install/srl/lib/python3.8/site-packages/srl/mode_manager.py to mode_manager.cpython-38.pyc
[0.423s] byte-compiling /home/rtos/dev_ws/install/srl/lib/python3.8/site-packages/srl/rate_controller.py to rate_controller.cpython-38.pyc
[0.423s] running install_data
[0.424s] creating /home/rtos/dev_ws/install/srl/share/ament_index
[0.424s] creating /home/rtos/dev_ws/install/srl/share/ament_index/resource_index
[0.424s] creating /home/rtos/dev_ws/install/srl/share/ament_index/resource_index/packages
[0.424s] copying resource/srl -> /home/rtos/dev_ws/install/srl/share/ament_index/resource_index/packages
[0.424s] copying package.xml -> /home/rtos/dev_ws/install/srl/share/srl
[0.424s] running install_egg_info
[0.426s] Copying ../../build/srl/srl.egg-info to /home/rtos/dev_ws/install/srl/lib/python3.8/site-packages/srl-0.0.0-py3.8.egg-info
[0.426s] running install_scripts
[0.443s] writing list of installed files to '/home/rtos/dev_ws/build/srl/install.log'
[0.461s] Invoked command in '/home/rtos/dev_ws/src/srl' returned '0': PYTHONPATH=/home/rtos/dev_ws/install/srl/lib/python3.8/site-packages:${PYTHONPATH} /usr/bin/python3 setup.py egg_info --egg-base ../../build/srl build --build-base /home/rtos/dev_ws/build/srl/build install --prefix /home/rtos/dev_ws/install/srl --record /home/rtos/dev_ws/build/srl/install.log --single-version-externally-managed
