[0.638s] Invoking command in '/home/rtos/dev_ws/src/Torcs_5': AMENT_PREFIX_PATH=/home/rtos/dev_ws/install/scl:/home/rtos/dev_ws/install/srl:/home/rtos/dev_ws/install/torcs_client:/home/rtos/dev_ws/install/torcs_interfaces:/home/rtos/dev_ws/install/lkas5:/home/rtos/dev_ws/install/lkas4:/home/rtos/dev_ws/install/Torcs_5:/home/rtos/dev_ws/install/splash_interfaces:/opt/ros/foxy CMAKE_PREFIX_PATH=/home/rtos/dev_ws/install/splash_interfaces:/home/rtos/dev_ws/install/torcs_interfaces LD_LIBRARY_PATH=/home/rtos/dev_ws/install/splash_interfaces/lib:/home/rtos/dev_ws/install/torcs_interfaces/lib:/opt/ros/foxy/opt/yaml_cpp_vendor/lib:/opt/ros/foxy/opt/rviz_ogre_vendor/lib:/opt/ros/foxy/lib/x86_64-linux-gnu:/opt/ros/foxy/lib PYTHONPATH=/home/rtos/dev_ws/install/Torcs_5/lib/python3.8/site-packages:/home/rtos/dev_ws/install/scl/lib/python3.8/site-packages:/home/rtos/dev_ws/install/srl/lib/python3.8/site-packages:/home/rtos/dev_ws/install/splash_interfaces/lib/python3.8/site-packages:/home/rtos/dev_ws/install/torcs_client/lib/python3.8/site-packages:/home/rtos/dev_ws/install/torcs_interfaces/lib/python3.8/site-packages:/home/rtos/dev_ws/install/lkas5/lib/python3.8/site-packages:/home/rtos/dev_ws/install/lkas4/lib/python3.8/site-packages:/home/rtos/dev_ws/install/Torcs_5/lib/python3.8/site-packages:/opt/ros/foxy/lib/python3.8/site-packages /usr/bin/python3 setup.py egg_info --egg-base ../../build/Torcs_5 build --build-base /home/rtos/dev_ws/build/Torcs_5/build install --prefix /home/rtos/dev_ws/install/Torcs_5 --record /home/rtos/dev_ws/build/Torcs_5/install.log --single-version-externally-managed
[0.827s] running egg_info
[0.827s] writing ../../build/Torcs_5/Torcs_5.egg-info/PKG-INFO
[0.827s] writing dependency_links to ../../build/Torcs_5/Torcs_5.egg-info/dependency_links.txt
[0.827s] writing entry points to ../../build/Torcs_5/Torcs_5.egg-info/entry_points.txt
[0.828s] writing requirements to ../../build/Torcs_5/Torcs_5.egg-info/requires.txt
[0.828s] writing top-level names to ../../build/Torcs_5/Torcs_5.egg-info/top_level.txt
[0.858s] reading manifest file '../../build/Torcs_5/Torcs_5.egg-info/SOURCES.txt'
[0.859s] writing manifest file '../../build/Torcs_5/Torcs_5.egg-info/SOURCES.txt'
[0.859s] running build
[0.859s] running build_py
[0.859s] copying Torcs_5/splash/component/processing_component_1.py -> /home/rtos/dev_ws/build/Torcs_5/build/lib/Torcs_5/splash/component
[0.860s] running install
[0.861s] running install_lib
[0.862s] copying /home/rtos/dev_ws/build/Torcs_5/build/lib/Torcs_5/splash/component/processing_component_1.py -> /home/rtos/dev_ws/install/Torcs_5/lib/python3.8/site-packages/Torcs_5/splash/component
[0.863s] byte-compiling /home/rtos/dev_ws/install/Torcs_5/lib/python3.8/site-packages/Torcs_5/splash/component/processing_component_1.py to processing_component_1.cpython-38.pyc
[0.864s] running install_data
[0.865s] running install_egg_info
[0.866s] removing '/home/rtos/dev_ws/install/Torcs_5/lib/python3.8/site-packages/Torcs_5-0.0.0-py3.8.egg-info' (and everything under it)
[0.867s] Copying ../../build/Torcs_5/Torcs_5.egg-info to /home/rtos/dev_ws/install/Torcs_5/lib/python3.8/site-packages/Torcs_5-0.0.0-py3.8.egg-info
[0.867s] running install_scripts
[0.883s] Installing default_build_unit script to /home/rtos/dev_ws/install/Torcs_5/lib/Torcs_5
[0.884s] Installing splash_server script to /home/rtos/dev_ws/install/Torcs_5/lib/Torcs_5
[0.884s] writing list of installed files to '/home/rtos/dev_ws/build/Torcs_5/install.log'
[0.912s] Invoked command in '/home/rtos/dev_ws/src/Torcs_5' returned '0': AMENT_PREFIX_PATH=/home/rtos/dev_ws/install/scl:/home/rtos/dev_ws/install/srl:/home/rtos/dev_ws/install/torcs_client:/home/rtos/dev_ws/install/torcs_interfaces:/home/rtos/dev_ws/install/lkas5:/home/rtos/dev_ws/install/lkas4:/home/rtos/dev_ws/install/Torcs_5:/home/rtos/dev_ws/install/splash_interfaces:/opt/ros/foxy CMAKE_PREFIX_PATH=/home/rtos/dev_ws/install/splash_interfaces:/home/rtos/dev_ws/install/torcs_interfaces LD_LIBRARY_PATH=/home/rtos/dev_ws/install/splash_interfaces/lib:/home/rtos/dev_ws/install/torcs_interfaces/lib:/opt/ros/foxy/opt/yaml_cpp_vendor/lib:/opt/ros/foxy/opt/rviz_ogre_vendor/lib:/opt/ros/foxy/lib/x86_64-linux-gnu:/opt/ros/foxy/lib PYTHONPATH=/home/rtos/dev_ws/install/Torcs_5/lib/python3.8/site-packages:/home/rtos/dev_ws/install/scl/lib/python3.8/site-packages:/home/rtos/dev_ws/install/srl/lib/python3.8/site-packages:/home/rtos/dev_ws/install/splash_interfaces/lib/python3.8/site-packages:/home/rtos/dev_ws/install/torcs_client/lib/python3.8/site-packages:/home/rtos/dev_ws/install/torcs_interfaces/lib/python3.8/site-packages:/home/rtos/dev_ws/install/lkas5/lib/python3.8/site-packages:/home/rtos/dev_ws/install/lkas4/lib/python3.8/site-packages:/home/rtos/dev_ws/install/Torcs_5/lib/python3.8/site-packages:/opt/ros/foxy/lib/python3.8/site-packages /usr/bin/python3 setup.py egg_info --egg-base ../../build/Torcs_5 build --build-base /home/rtos/dev_ws/build/Torcs_5/build install --prefix /home/rtos/dev_ws/install/Torcs_5 --record /home/rtos/dev_ws/build/Torcs_5/install.log --single-version-externally-managed
