[0.670s] Invoking command in '/home/rtos/dev_ws/src/lkas4': AMENT_PREFIX_PATH=/home/rtos/dev_ws/install/scl:/home/rtos/dev_ws/install/srl:/home/rtos/dev_ws/install/Torcs_5:/home/rtos/dev_ws/install/torcs_client:/home/rtos/dev_ws/install/torcs_interfaces:/home/rtos/dev_ws/install/lkas5:/home/rtos/dev_ws/install/splash_interfaces:/opt/ros/foxy CMAKE_PREFIX_PATH=/home/rtos/dev_ws/install/splash_interfaces:/home/rtos/dev_ws/install/torcs_interfaces LD_LIBRARY_PATH=/home/rtos/dev_ws/install/splash_interfaces/lib:/home/rtos/dev_ws/install/torcs_interfaces/lib:/opt/ros/foxy/opt/yaml_cpp_vendor/lib:/opt/ros/foxy/opt/rviz_ogre_vendor/lib:/opt/ros/foxy/lib/x86_64-linux-gnu:/opt/ros/foxy/lib PYTHONPATH=/home/rtos/dev_ws/install/lkas4/lib/python3.8/site-packages:/home/rtos/dev_ws/install/scl/lib/python3.8/site-packages:/home/rtos/dev_ws/install/srl/lib/python3.8/site-packages:/home/rtos/dev_ws/install/splash_interfaces/lib/python3.8/site-packages:/home/rtos/dev_ws/install/Torcs_5/lib/python3.8/site-packages:/home/rtos/dev_ws/install/torcs_client/lib/python3.8/site-packages:/home/rtos/dev_ws/install/torcs_interfaces/lib/python3.8/site-packages:/home/rtos/dev_ws/install/lkas5/lib/python3.8/site-packages:/opt/ros/foxy/lib/python3.8/site-packages /usr/bin/python3 setup.py egg_info --egg-base ../../build/lkas4 build --build-base /home/rtos/dev_ws/build/lkas4/build install --prefix /home/rtos/dev_ws/install/lkas4 --record /home/rtos/dev_ws/build/lkas4/install.log --single-version-externally-managed
[0.870s] running egg_info
[0.870s] creating ../../build/lkas4/lkas4.egg-info
[0.870s] writing ../../build/lkas4/lkas4.egg-info/PKG-INFO
[0.870s] writing dependency_links to ../../build/lkas4/lkas4.egg-info/dependency_links.txt
[0.871s] writing entry points to ../../build/lkas4/lkas4.egg-info/entry_points.txt
[0.871s] writing requirements to ../../build/lkas4/lkas4.egg-info/requires.txt
[0.871s] writing top-level names to ../../build/lkas4/lkas4.egg-info/top_level.txt
[0.872s] writing manifest file '../../build/lkas4/lkas4.egg-info/SOURCES.txt'
[0.902s] reading manifest file '../../build/lkas4/lkas4.egg-info/SOURCES.txt'
[0.903s] writing manifest file '../../build/lkas4/lkas4.egg-info/SOURCES.txt'
[0.903s] running build
[0.903s] running build_py
[0.904s] creating /home/rtos/dev_ws/build/lkas4/build
[0.904s] creating /home/rtos/dev_ws/build/lkas4/build/lib
[0.904s] creating /home/rtos/dev_ws/build/lkas4/build/lib/lkas4
[0.904s] copying lkas4/__init__.py -> /home/rtos/dev_ws/build/lkas4/build/lib/lkas4
[0.904s] copying lkas4/default_build_unit_exec.py -> /home/rtos/dev_ws/build/lkas4/build/lib/lkas4
[0.904s] creating /home/rtos/dev_ws/build/lkas4/build/lib/lkas4/splash
[0.904s] copying lkas4/splash/__init__.py -> /home/rtos/dev_ws/build/lkas4/build/lib/lkas4/splash
[0.904s] creating /home/rtos/dev_ws/build/lkas4/build/lib/lkas4/splash/component
[0.904s] copying lkas4/splash/component/source_angle_z.py -> /home/rtos/dev_ws/build/lkas4/build/lib/lkas4/splash/component
[0.905s] copying lkas4/splash/component/processing_accel.py -> /home/rtos/dev_ws/build/lkas4/build/lib/lkas4/splash/component
[0.905s] copying lkas4/splash/component/__init__.py -> /home/rtos/dev_ws/build/lkas4/build/lib/lkas4/splash/component
[0.905s] copying lkas4/splash/component/source_linear_x.py -> /home/rtos/dev_ws/build/lkas4/build/lib/lkas4/splash/component
[0.905s] copying lkas4/splash/component/sink_steering.py -> /home/rtos/dev_ws/build/lkas4/build/lib/lkas4/splash/component
[0.905s] copying lkas4/splash/component/source_distance_mid.py -> /home/rtos/dev_ws/build/lkas4/build/lib/lkas4/splash/component
[0.906s] copying lkas4/splash/component/fusion_operator_1.py -> /home/rtos/dev_ws/build/lkas4/build/lib/lkas4/splash/component
[0.906s] copying lkas4/splash/component/processing_steering.py -> /home/rtos/dev_ws/build/lkas4/build/lib/lkas4/splash/component
[0.906s] copying lkas4/splash/component/sink_accel.py -> /home/rtos/dev_ws/build/lkas4/build/lib/lkas4/splash/component
[0.906s] creating /home/rtos/dev_ws/build/lkas4/build/lib/lkas4/splash/stream_port
[0.906s] copying lkas4/splash/stream_port/__init__.py -> /home/rtos/dev_ws/build/lkas4/build/lib/lkas4/splash/stream_port
[0.907s] creating /home/rtos/dev_ws/build/lkas4/build/lib/lkas4/splash/factory
[0.907s] copying lkas4/splash/factory/__init__.py -> /home/rtos/dev_ws/build/lkas4/build/lib/lkas4/splash/factory
[0.907s] creating /home/rtos/dev_ws/build/lkas4/build/lib/lkas4/splash/build_unit
[0.907s] copying lkas4/splash/build_unit/default_build_unit.py -> /home/rtos/dev_ws/build/lkas4/build/lib/lkas4/splash/build_unit
[0.907s] copying lkas4/splash/build_unit/__init__.py -> /home/rtos/dev_ws/build/lkas4/build/lib/lkas4/splash/build_unit
[0.908s] running install
[0.908s] running install_lib
[0.909s] creating /home/rtos/dev_ws/install/lkas4/lib/python3.8/site-packages/lkas4
[0.910s] copying /home/rtos/dev_ws/build/lkas4/build/lib/lkas4/__init__.py -> /home/rtos/dev_ws/install/lkas4/lib/python3.8/site-packages/lkas4
[0.910s] copying /home/rtos/dev_ws/build/lkas4/build/lib/lkas4/default_build_unit_exec.py -> /home/rtos/dev_ws/install/lkas4/lib/python3.8/site-packages/lkas4
[0.910s] creating /home/rtos/dev_ws/install/lkas4/lib/python3.8/site-packages/lkas4/splash
[0.910s] creating /home/rtos/dev_ws/install/lkas4/lib/python3.8/site-packages/lkas4/splash/component
[0.910s] copying /home/rtos/dev_ws/build/lkas4/build/lib/lkas4/splash/component/source_angle_z.py -> /home/rtos/dev_ws/install/lkas4/lib/python3.8/site-packages/lkas4/splash/component
[0.910s] copying /home/rtos/dev_ws/build/lkas4/build/lib/lkas4/splash/component/processing_accel.py -> /home/rtos/dev_ws/install/lkas4/lib/python3.8/site-packages/lkas4/splash/component
[0.910s] copying /home/rtos/dev_ws/build/lkas4/build/lib/lkas4/splash/component/__init__.py -> /home/rtos/dev_ws/install/lkas4/lib/python3.8/site-packages/lkas4/splash/component
[0.910s] copying /home/rtos/dev_ws/build/lkas4/build/lib/lkas4/splash/component/source_linear_x.py -> /home/rtos/dev_ws/install/lkas4/lib/python3.8/site-packages/lkas4/splash/component
[0.911s] copying /home/rtos/dev_ws/build/lkas4/build/lib/lkas4/splash/component/sink_steering.py -> /home/rtos/dev_ws/install/lkas4/lib/python3.8/site-packages/lkas4/splash/component
[0.911s] copying /home/rtos/dev_ws/build/lkas4/build/lib/lkas4/splash/component/source_distance_mid.py -> /home/rtos/dev_ws/install/lkas4/lib/python3.8/site-packages/lkas4/splash/component
[0.911s] copying /home/rtos/dev_ws/build/lkas4/build/lib/lkas4/splash/component/fusion_operator_1.py -> /home/rtos/dev_ws/install/lkas4/lib/python3.8/site-packages/lkas4/splash/component
[0.911s] copying /home/rtos/dev_ws/build/lkas4/build/lib/lkas4/splash/component/processing_steering.py -> /home/rtos/dev_ws/install/lkas4/lib/python3.8/site-packages/lkas4/splash/component
[0.911s] copying /home/rtos/dev_ws/build/lkas4/build/lib/lkas4/splash/component/sink_accel.py -> /home/rtos/dev_ws/install/lkas4/lib/python3.8/site-packages/lkas4/splash/component
[0.911s] copying /home/rtos/dev_ws/build/lkas4/build/lib/lkas4/splash/__init__.py -> /home/rtos/dev_ws/install/lkas4/lib/python3.8/site-packages/lkas4/splash
[0.911s] creating /home/rtos/dev_ws/install/lkas4/lib/python3.8/site-packages/lkas4/splash/stream_port
[0.911s] copying /home/rtos/dev_ws/build/lkas4/build/lib/lkas4/splash/stream_port/__init__.py -> /home/rtos/dev_ws/install/lkas4/lib/python3.8/site-packages/lkas4/splash/stream_port
[0.911s] creating /home/rtos/dev_ws/install/lkas4/lib/python3.8/site-packages/lkas4/splash/factory
[0.911s] copying /home/rtos/dev_ws/build/lkas4/build/lib/lkas4/splash/factory/__init__.py -> /home/rtos/dev_ws/install/lkas4/lib/python3.8/site-packages/lkas4/splash/factory
[0.912s] creating /home/rtos/dev_ws/install/lkas4/lib/python3.8/site-packages/lkas4/splash/build_unit
[0.912s] copying /home/rtos/dev_ws/build/lkas4/build/lib/lkas4/splash/build_unit/default_build_unit.py -> /home/rtos/dev_ws/install/lkas4/lib/python3.8/site-packages/lkas4/splash/build_unit
[0.912s] copying /home/rtos/dev_ws/build/lkas4/build/lib/lkas4/splash/build_unit/__init__.py -> /home/rtos/dev_ws/install/lkas4/lib/python3.8/site-packages/lkas4/splash/build_unit
[0.912s] byte-compiling /home/rtos/dev_ws/install/lkas4/lib/python3.8/site-packages/lkas4/__init__.py to __init__.cpython-38.pyc
[0.913s] byte-compiling /home/rtos/dev_ws/install/lkas4/lib/python3.8/site-packages/lkas4/default_build_unit_exec.py to default_build_unit_exec.cpython-38.pyc
[0.913s] byte-compiling /home/rtos/dev_ws/install/lkas4/lib/python3.8/site-packages/lkas4/splash/component/source_angle_z.py to source_angle_z.cpython-38.pyc
[0.914s] byte-compiling /home/rtos/dev_ws/install/lkas4/lib/python3.8/site-packages/lkas4/splash/component/processing_accel.py to processing_accel.cpython-38.pyc
[0.914s] byte-compiling /home/rtos/dev_ws/install/lkas4/lib/python3.8/site-packages/lkas4/splash/component/__init__.py to __init__.cpython-38.pyc
[0.914s] byte-compiling /home/rtos/dev_ws/install/lkas4/lib/python3.8/site-packages/lkas4/splash/component/source_linear_x.py to source_linear_x.cpython-38.pyc
[0.915s] byte-compiling /home/rtos/dev_ws/install/lkas4/lib/python3.8/site-packages/lkas4/splash/component/sink_steering.py to sink_steering.cpython-38.pyc
[0.915s] byte-compiling /home/rtos/dev_ws/install/lkas4/lib/python3.8/site-packages/lkas4/splash/component/source_distance_mid.py to source_distance_mid.cpython-38.pyc
[0.916s] byte-compiling /home/rtos/dev_ws/install/lkas4/lib/python3.8/site-packages/lkas4/splash/component/fusion_operator_1.py to fusion_operator_1.cpython-38.pyc
[0.916s] byte-compiling /home/rtos/dev_ws/install/lkas4/lib/python3.8/site-packages/lkas4/splash/component/processing_steering.py to processing_steering.cpython-38.pyc
[0.916s] byte-compiling /home/rtos/dev_ws/install/lkas4/lib/python3.8/site-packages/lkas4/splash/component/sink_accel.py to sink_accel.cpython-38.pyc
[0.917s] byte-compiling /home/rtos/dev_ws/install/lkas4/lib/python3.8/site-packages/lkas4/splash/__init__.py to __init__.cpython-38.pyc
[0.917s] byte-compiling /home/rtos/dev_ws/install/lkas4/lib/python3.8/site-packages/lkas4/splash/stream_port/__init__.py to __init__.cpython-38.pyc
[0.918s] byte-compiling /home/rtos/dev_ws/install/lkas4/lib/python3.8/site-packages/lkas4/splash/factory/__init__.py to __init__.cpython-38.pyc
[0.918s] byte-compiling /home/rtos/dev_ws/install/lkas4/lib/python3.8/site-packages/lkas4/splash/build_unit/default_build_unit.py to default_build_unit.cpython-38.pyc
[0.919s] byte-compiling /home/rtos/dev_ws/install/lkas4/lib/python3.8/site-packages/lkas4/splash/build_unit/__init__.py to __init__.cpython-38.pyc
[0.919s] running install_data
[0.919s] creating /home/rtos/dev_ws/install/lkas4/share/ament_index
[0.919s] creating /home/rtos/dev_ws/install/lkas4/share/ament_index/resource_index
[0.920s] creating /home/rtos/dev_ws/install/lkas4/share/ament_index/resource_index/packages
[0.920s] copying resource/lkas4 -> /home/rtos/dev_ws/install/lkas4/share/ament_index/resource_index/packages
[0.920s] copying package.xml -> /home/rtos/dev_ws/install/lkas4/share/lkas4
[0.920s] copying launch/splash.launch.py -> /home/rtos/dev_ws/install/lkas4/share/lkas4
[0.921s] running install_egg_info
[0.923s] Copying ../../build/lkas4/lkas4.egg-info to /home/rtos/dev_ws/install/lkas4/lib/python3.8/site-packages/lkas4-0.0.0-py3.8.egg-info
[0.923s] running install_scripts
[0.942s] Installing default_build_unit script to /home/rtos/dev_ws/install/lkas4/lib/lkas4
[0.942s] Installing splash_server script to /home/rtos/dev_ws/install/lkas4/lib/lkas4
[0.943s] writing list of installed files to '/home/rtos/dev_ws/build/lkas4/install.log'
[0.986s] Invoked command in '/home/rtos/dev_ws/src/lkas4' returned '0': AMENT_PREFIX_PATH=/home/rtos/dev_ws/install/scl:/home/rtos/dev_ws/install/srl:/home/rtos/dev_ws/install/Torcs_5:/home/rtos/dev_ws/install/torcs_client:/home/rtos/dev_ws/install/torcs_interfaces:/home/rtos/dev_ws/install/lkas5:/home/rtos/dev_ws/install/splash_interfaces:/opt/ros/foxy CMAKE_PREFIX_PATH=/home/rtos/dev_ws/install/splash_interfaces:/home/rtos/dev_ws/install/torcs_interfaces LD_LIBRARY_PATH=/home/rtos/dev_ws/install/splash_interfaces/lib:/home/rtos/dev_ws/install/torcs_interfaces/lib:/opt/ros/foxy/opt/yaml_cpp_vendor/lib:/opt/ros/foxy/opt/rviz_ogre_vendor/lib:/opt/ros/foxy/lib/x86_64-linux-gnu:/opt/ros/foxy/lib PYTHONPATH=/home/rtos/dev_ws/install/lkas4/lib/python3.8/site-packages:/home/rtos/dev_ws/install/scl/lib/python3.8/site-packages:/home/rtos/dev_ws/install/srl/lib/python3.8/site-packages:/home/rtos/dev_ws/install/splash_interfaces/lib/python3.8/site-packages:/home/rtos/dev_ws/install/Torcs_5/lib/python3.8/site-packages:/home/rtos/dev_ws/install/torcs_client/lib/python3.8/site-packages:/home/rtos/dev_ws/install/torcs_interfaces/lib/python3.8/site-packages:/home/rtos/dev_ws/install/lkas5/lib/python3.8/site-packages:/opt/ros/foxy/lib/python3.8/site-packages /usr/bin/python3 setup.py egg_info --egg-base ../../build/lkas4 build --build-base /home/rtos/dev_ws/build/lkas4/build install --prefix /home/rtos/dev_ws/install/lkas4 --record /home/rtos/dev_ws/build/lkas4/install.log --single-version-externally-managed
