/home/rtos/dev_ws/install/scl/lib/python3.8/site-packages/scl/channel.py
/home/rtos/dev_ws/install/scl/lib/python3.8/site-packages/scl/link.py
/home/rtos/dev_ws/install/scl/lib/python3.8/site-packages/scl/exceptions.py
/home/rtos/dev_ws/install/scl/lib/python3.8/site-packages/scl/sthread.py
/home/rtos/dev_ws/install/scl/lib/python3.8/site-packages/scl/build_unit.py
/home/rtos/dev_ws/install/scl/lib/python3.8/site-packages/scl/__init__.py
/home/rtos/dev_ws/install/scl/lib/python3.8/site-packages/scl/components.py
/home/rtos/dev_ws/install/scl/lib/python3.8/site-packages/scl/clink.py
/home/rtos/dev_ws/install/scl/lib/python3.8/site-packages/scl/executor.py
/home/rtos/dev_ws/install/scl/lib/python3.8/site-packages/scl/factory.py
/home/rtos/dev_ws/install/scl/lib/python3.8/site-packages/scl/impl/msg_converter.py
/home/rtos/dev_ws/install/scl/lib/python3.8/site-packages/scl/impl/__init__.py
/home/rtos/dev_ws/install/scl/lib/python3.8/site-packages/scl/impl/singleton.py
/home/rtos/dev_ws/install/scl/lib/python3.8/site-packages/scl/__pycache__/channel.cpython-38.pyc
/home/rtos/dev_ws/install/scl/lib/python3.8/site-packages/scl/__pycache__/link.cpython-38.pyc
/home/rtos/dev_ws/install/scl/lib/python3.8/site-packages/scl/__pycache__/exceptions.cpython-38.pyc
/home/rtos/dev_ws/install/scl/lib/python3.8/site-packages/scl/__pycache__/sthread.cpython-38.pyc
/home/rtos/dev_ws/install/scl/lib/python3.8/site-packages/scl/__pycache__/build_unit.cpython-38.pyc
/home/rtos/dev_ws/install/scl/lib/python3.8/site-packages/scl/__pycache__/__init__.cpython-38.pyc
/home/rtos/dev_ws/install/scl/lib/python3.8/site-packages/scl/__pycache__/components.cpython-38.pyc
/home/rtos/dev_ws/install/scl/lib/python3.8/site-packages/scl/__pycache__/clink.cpython-38.pyc
/home/rtos/dev_ws/install/scl/lib/python3.8/site-packages/scl/__pycache__/executor.cpython-38.pyc
/home/rtos/dev_ws/install/scl/lib/python3.8/site-packages/scl/__pycache__/factory.cpython-38.pyc
/home/rtos/dev_ws/install/scl/lib/python3.8/site-packages/scl/impl/__pycache__/msg_converter.cpython-38.pyc
/home/rtos/dev_ws/install/scl/lib/python3.8/site-packages/scl/impl/__pycache__/__init__.cpython-38.pyc
/home/rtos/dev_ws/install/scl/lib/python3.8/site-packages/scl/impl/__pycache__/singleton.cpython-38.pyc
/home/rtos/dev_ws/install/scl/share/ament_index/resource_index/packages/scl
/home/rtos/dev_ws/install/scl/share/scl/package.xml
/home/rtos/dev_ws/install/scl/lib/python3.8/site-packages/scl-0.0.0-py3.8.egg-info/requires.txt
/home/rtos/dev_ws/install/scl/lib/python3.8/site-packages/scl-0.0.0-py3.8.egg-info/top_level.txt
/home/rtos/dev_ws/install/scl/lib/python3.8/site-packages/scl-0.0.0-py3.8.egg-info/entry_points.txt
/home/rtos/dev_ws/install/scl/lib/python3.8/site-packages/scl-0.0.0-py3.8.egg-info/zip-safe
/home/rtos/dev_ws/install/scl/lib/python3.8/site-packages/scl-0.0.0-py3.8.egg-info/dependency_links.txt
/home/rtos/dev_ws/install/scl/lib/python3.8/site-packages/scl-0.0.0-py3.8.egg-info/SOURCES.txt
/home/rtos/dev_ws/install/scl/lib/python3.8/site-packages/scl-0.0.0-py3.8.egg-info/PKG-INFO
