[0.217s] Invoking command in '/home/rtos/dev_ws/src/srl': CMAKE_PREFIX_PATH=/home/rtos/dev_ws/install/splash_interfaces:/home/rtos/dev_ws/install/torcs_interfaces LD_LIBRARY_PATH=/home/rtos/dev_ws/install/splash_interfaces/lib:/home/rtos/dev_ws/install/torcs_interfaces/lib:/opt/ros/foxy/opt/yaml_cpp_vendor/lib:/opt/ros/foxy/opt/rviz_ogre_vendor/lib:/opt/ros/foxy/lib/x86_64-linux-gnu:/opt/ros/foxy/lib PYTHONPATH=/home/rtos/dev_ws/install/srl/lib/python3.8/site-packages:/home/rtos/dev_ws/install/splash_interfaces/lib/python3.8/site-packages:/home/rtos/dev_ws/install/Torcs_5/lib/python3.8/site-packages:/home/rtos/dev_ws/install/torcs_client/lib/python3.8/site-packages:/home/rtos/dev_ws/install/torcs_interfaces/lib/python3.8/site-packages:/home/rtos/dev_ws/install/lkas5/lib/python3.8/site-packages:/home/rtos/dev_ws/install/scl/lib/python3.8/site-packages:/home/rtos/dev_ws/install/srl/lib/python3.8/site-packages:/opt/ros/foxy/lib/python3.8/site-packages /usr/bin/python3 setup.py egg_info --egg-base ../../build/srl build --build-base /home/rtos/dev_ws/build/srl/build install --prefix /home/rtos/dev_ws/install/srl --record /home/rtos/dev_ws/build/srl/install.log --single-version-externally-managed
[0.436s] running egg_info
[0.436s] creating ../../build/srl/srl.egg-info
[0.436s] writing ../../build/srl/srl.egg-info/PKG-INFO
[0.436s] writing dependency_links to ../../build/srl/srl.egg-info/dependency_links.txt
[0.436s] writing entry points to ../../build/srl/srl.egg-info/entry_points.txt
[0.436s] writing requirements to ../../build/srl/srl.egg-info/requires.txt
[0.437s] writing top-level names to ../../build/srl/srl.egg-info/top_level.txt
[0.437s] writing manifest file '../../build/srl/srl.egg-info/SOURCES.txt'
[0.466s] reading manifest file '../../build/srl/srl.egg-info/SOURCES.txt'
[0.466s] writing manifest file '../../build/srl/srl.egg-info/SOURCES.txt'
[0.466s] running build
[0.467s] running build_py
[0.467s] creating /home/rtos/dev_ws/build/srl/build
[0.467s] creating /home/rtos/dev_ws/build/srl/build/lib
[0.467s] creating /home/rtos/dev_ws/build/srl/build/lib/srl
[0.467s] copying srl/__init__.py -> /home/rtos/dev_ws/build/srl/build/lib/srl
[0.467s] copying srl/mode_manager.py -> /home/rtos/dev_ws/build/srl/build/lib/srl
[0.467s] copying srl/rate_controller.py -> /home/rtos/dev_ws/build/srl/build/lib/srl
[0.468s] running install
[0.468s] running install_lib
[0.468s] creating /home/rtos/dev_ws/install/srl/lib/python3.8/site-packages/srl
[0.469s] copying /home/rtos/dev_ws/build/srl/build/lib/srl/__init__.py -> /home/rtos/dev_ws/install/srl/lib/python3.8/site-packages/srl
[0.469s] copying /home/rtos/dev_ws/build/srl/build/lib/srl/mode_manager.py -> /home/rtos/dev_ws/install/srl/lib/python3.8/site-packages/srl
[0.469s] copying /home/rtos/dev_ws/build/srl/build/lib/srl/rate_controller.py -> /home/rtos/dev_ws/install/srl/lib/python3.8/site-packages/srl
[0.469s] byte-compiling /home/rtos/dev_ws/install/srl/lib/python3.8/site-packages/srl/__init__.py to __init__.cpython-38.pyc
[0.470s] byte-compiling /home/rtos/dev_ws/install/srl/lib/python3.8/site-packages/srl/mode_manager.py to mode_manager.cpython-38.pyc
[0.471s] byte-compiling /home/rtos/dev_ws/install/srl/lib/python3.8/site-packages/srl/rate_controller.py to rate_controller.cpython-38.pyc
[0.471s] running install_data
[0.472s] creating /home/rtos/dev_ws/install/srl/share/ament_index
[0.472s] creating /home/rtos/dev_ws/install/srl/share/ament_index/resource_index
[0.472s] creating /home/rtos/dev_ws/install/srl/share/ament_index/resource_index/packages
[0.472s] copying resource/srl -> /home/rtos/dev_ws/install/srl/share/ament_index/resource_index/packages
[0.472s] copying package.xml -> /home/rtos/dev_ws/install/srl/share/srl
[0.472s] running install_egg_info
[0.473s] Copying ../../build/srl/srl.egg-info to /home/rtos/dev_ws/install/srl/lib/python3.8/site-packages/srl-0.0.0-py3.8.egg-info
[0.474s] running install_scripts
[0.489s] writing list of installed files to '/home/rtos/dev_ws/build/srl/install.log'
[0.630s] Invoked command in '/home/rtos/dev_ws/src/srl' returned '0': CMAKE_PREFIX_PATH=/home/rtos/dev_ws/install/splash_interfaces:/home/rtos/dev_ws/install/torcs_interfaces LD_LIBRARY_PATH=/home/rtos/dev_ws/install/splash_interfaces/lib:/home/rtos/dev_ws/install/torcs_interfaces/lib:/opt/ros/foxy/opt/yaml_cpp_vendor/lib:/opt/ros/foxy/opt/rviz_ogre_vendor/lib:/opt/ros/foxy/lib/x86_64-linux-gnu:/opt/ros/foxy/lib PYTHONPATH=/home/rtos/dev_ws/install/srl/lib/python3.8/site-packages:/home/rtos/dev_ws/install/splash_interfaces/lib/python3.8/site-packages:/home/rtos/dev_ws/install/Torcs_5/lib/python3.8/site-packages:/home/rtos/dev_ws/install/torcs_client/lib/python3.8/site-packages:/home/rtos/dev_ws/install/torcs_interfaces/lib/python3.8/site-packages:/home/rtos/dev_ws/install/lkas5/lib/python3.8/site-packages:/home/rtos/dev_ws/install/scl/lib/python3.8/site-packages:/home/rtos/dev_ws/install/srl/lib/python3.8/site-packages:/opt/ros/foxy/lib/python3.8/site-packages /usr/bin/python3 setup.py egg_info --egg-base ../../build/srl build --build-base /home/rtos/dev_ws/build/srl/build install --prefix /home/rtos/dev_ws/install/srl --record /home/rtos/dev_ws/build/srl/install.log --single-version-externally-managed
