running egg_info
creating ../../build/Torcs_5/Torcs_5.egg-info
writing ../../build/Torcs_5/Torcs_5.egg-info/PKG-INFO
writing dependency_links to ../../build/Torcs_5/Torcs_5.egg-info/dependency_links.txt
writing entry points to ../../build/Torcs_5/Torcs_5.egg-info/entry_points.txt
writing requirements to ../../build/Torcs_5/Torcs_5.egg-info/requires.txt
writing top-level names to ../../build/Torcs_5/Torcs_5.egg-info/top_level.txt
writing manifest file '../../build/Torcs_5/Torcs_5.egg-info/SOURCES.txt'
reading manifest file '../../build/Torcs_5/Torcs_5.egg-info/SOURCES.txt'
writing manifest file '../../build/Torcs_5/Torcs_5.egg-info/SOURCES.txt'
running build
running build_py
creating /home/rtos/dev_ws/build/Torcs_5/build
creating /home/rtos/dev_ws/build/Torcs_5/build/lib
creating /home/rtos/dev_ws/build/Torcs_5/build/lib/Torcs_5
copying Torcs_5/__init__.py -> /home/rtos/dev_ws/build/Torcs_5/build/lib/Torcs_5
copying Torcs_5/default_build_unit_exec.py -> /home/rtos/dev_ws/build/Torcs_5/build/lib/Torcs_5
creating /home/rtos/dev_ws/build/Torcs_5/build/lib/Torcs_5/splash
copying Torcs_5/splash/__init__.py -> /home/rtos/dev_ws/build/Torcs_5/build/lib/Torcs_5/splash
creating /home/rtos/dev_ws/build/Torcs_5/build/lib/Torcs_5/splash/component
copying Torcs_5/splash/component/processing_component_2.py -> /home/rtos/dev_ws/build/Torcs_5/build/lib/Torcs_5/splash/component
copying Torcs_5/splash/component/processing_component_1.py -> /home/rtos/dev_ws/build/Torcs_5/build/lib/Torcs_5/splash/component
copying Torcs_5/splash/component/source_angle_z.py -> /home/rtos/dev_ws/build/Torcs_5/build/lib/Torcs_5/splash/component
copying Torcs_5/splash/component/fusion_1.py -> /home/rtos/dev_ws/build/Torcs_5/build/lib/Torcs_5/splash/component
copying Torcs_5/splash/component/sink_steer.py -> /home/rtos/dev_ws/build/Torcs_5/build/lib/Torcs_5/splash/component
copying Torcs_5/splash/component/__init__.py -> /home/rtos/dev_ws/build/Torcs_5/build/lib/Torcs_5/splash/component
copying Torcs_5/splash/component/source_linear_x.py -> /home/rtos/dev_ws/build/Torcs_5/build/lib/Torcs_5/splash/component
copying Torcs_5/splash/component/processing_key.py -> /home/rtos/dev_ws/build/Torcs_5/build/lib/Torcs_5/splash/component
copying Torcs_5/splash/component/processing_pass.py -> /home/rtos/dev_ws/build/Torcs_5/build/lib/Torcs_5/splash/component
copying Torcs_5/splash/component/source_distance_mid.py -> /home/rtos/dev_ws/build/Torcs_5/build/lib/Torcs_5/splash/component
copying Torcs_5/splash/component/sink_accel.py -> /home/rtos/dev_ws/build/Torcs_5/build/lib/Torcs_5/splash/component
creating /home/rtos/dev_ws/build/Torcs_5/build/lib/Torcs_5/splash/stream_port
copying Torcs_5/splash/stream_port/__init__.py -> /home/rtos/dev_ws/build/Torcs_5/build/lib/Torcs_5/splash/stream_port
creating /home/rtos/dev_ws/build/Torcs_5/build/lib/Torcs_5/splash/factory
copying Torcs_5/splash/factory/__init__.py -> /home/rtos/dev_ws/build/Torcs_5/build/lib/Torcs_5/splash/factory
copying Torcs_5/splash/factory/factory_0.py -> /home/rtos/dev_ws/build/Torcs_5/build/lib/Torcs_5/splash/factory
creating /home/rtos/dev_ws/build/Torcs_5/build/lib/Torcs_5/splash/build_unit
copying Torcs_5/splash/build_unit/default_build_unit.py -> /home/rtos/dev_ws/build/Torcs_5/build/lib/Torcs_5/splash/build_unit
copying Torcs_5/splash/build_unit/__init__.py -> /home/rtos/dev_ws/build/Torcs_5/build/lib/Torcs_5/splash/build_unit
running install
running install_lib
creating /home/rtos/dev_ws/install/Torcs_5/lib/python3.8/site-packages/Torcs_5
copying /home/rtos/dev_ws/build/Torcs_5/build/lib/Torcs_5/__init__.py -> /home/rtos/dev_ws/install/Torcs_5/lib/python3.8/site-packages/Torcs_5
copying /home/rtos/dev_ws/build/Torcs_5/build/lib/Torcs_5/default_build_unit_exec.py -> /home/rtos/dev_ws/install/Torcs_5/lib/python3.8/site-packages/Torcs_5
creating /home/rtos/dev_ws/install/Torcs_5/lib/python3.8/site-packages/Torcs_5/splash
creating /home/rtos/dev_ws/install/Torcs_5/lib/python3.8/site-packages/Torcs_5/splash/component
copying /home/rtos/dev_ws/build/Torcs_5/build/lib/Torcs_5/splash/component/processing_component_2.py -> /home/rtos/dev_ws/install/Torcs_5/lib/python3.8/site-packages/Torcs_5/splash/component
copying /home/rtos/dev_ws/build/Torcs_5/build/lib/Torcs_5/splash/component/processing_component_1.py -> /home/rtos/dev_ws/install/Torcs_5/lib/python3.8/site-packages/Torcs_5/splash/component
copying /home/rtos/dev_ws/build/Torcs_5/build/lib/Torcs_5/splash/component/source_angle_z.py -> /home/rtos/dev_ws/install/Torcs_5/lib/python3.8/site-packages/Torcs_5/splash/component
copying /home/rtos/dev_ws/build/Torcs_5/build/lib/Torcs_5/splash/component/fusion_1.py -> /home/rtos/dev_ws/install/Torcs_5/lib/python3.8/site-packages/Torcs_5/splash/component
copying /home/rtos/dev_ws/build/Torcs_5/build/lib/Torcs_5/splash/component/sink_steer.py -> /home/rtos/dev_ws/install/Torcs_5/lib/python3.8/site-packages/Torcs_5/splash/component
copying /home/rtos/dev_ws/build/Torcs_5/build/lib/Torcs_5/splash/component/__init__.py -> /home/rtos/dev_ws/install/Torcs_5/lib/python3.8/site-packages/Torcs_5/splash/component
copying /home/rtos/dev_ws/build/Torcs_5/build/lib/Torcs_5/splash/component/source_linear_x.py -> /home/rtos/dev_ws/install/Torcs_5/lib/python3.8/site-packages/Torcs_5/splash/component
copying /home/rtos/dev_ws/build/Torcs_5/build/lib/Torcs_5/splash/component/processing_key.py -> /home/rtos/dev_ws/install/Torcs_5/lib/python3.8/site-packages/Torcs_5/splash/component
copying /home/rtos/dev_ws/build/Torcs_5/build/lib/Torcs_5/splash/component/processing_pass.py -> /home/rtos/dev_ws/install/Torcs_5/lib/python3.8/site-packages/Torcs_5/splash/component
copying /home/rtos/dev_ws/build/Torcs_5/build/lib/Torcs_5/splash/component/source_distance_mid.py -> /home/rtos/dev_ws/install/Torcs_5/lib/python3.8/site-packages/Torcs_5/splash/component
copying /home/rtos/dev_ws/build/Torcs_5/build/lib/Torcs_5/splash/component/sink_accel.py -> /home/rtos/dev_ws/install/Torcs_5/lib/python3.8/site-packages/Torcs_5/splash/component
copying /home/rtos/dev_ws/build/Torcs_5/build/lib/Torcs_5/splash/__init__.py -> /home/rtos/dev_ws/install/Torcs_5/lib/python3.8/site-packages/Torcs_5/splash
creating /home/rtos/dev_ws/install/Torcs_5/lib/python3.8/site-packages/Torcs_5/splash/stream_port
copying /home/rtos/dev_ws/build/Torcs_5/build/lib/Torcs_5/splash/stream_port/__init__.py -> /home/rtos/dev_ws/install/Torcs_5/lib/python3.8/site-packages/Torcs_5/splash/stream_port
creating /home/rtos/dev_ws/install/Torcs_5/lib/python3.8/site-packages/Torcs_5/splash/factory
copying /home/rtos/dev_ws/build/Torcs_5/build/lib/Torcs_5/splash/factory/__init__.py -> /home/rtos/dev_ws/install/Torcs_5/lib/python3.8/site-packages/Torcs_5/splash/factory
copying /home/rtos/dev_ws/build/Torcs_5/build/lib/Torcs_5/splash/factory/factory_0.py -> /home/rtos/dev_ws/install/Torcs_5/lib/python3.8/site-packages/Torcs_5/splash/factory
creating /home/rtos/dev_ws/install/Torcs_5/lib/python3.8/site-packages/Torcs_5/splash/build_unit
copying /home/rtos/dev_ws/build/Torcs_5/build/lib/Torcs_5/splash/build_unit/default_build_unit.py -> /home/rtos/dev_ws/install/Torcs_5/lib/python3.8/site-packages/Torcs_5/splash/build_unit
copying /home/rtos/dev_ws/build/Torcs_5/build/lib/Torcs_5/splash/build_unit/__init__.py -> /home/rtos/dev_ws/install/Torcs_5/lib/python3.8/site-packages/Torcs_5/splash/build_unit
byte-compiling /home/rtos/dev_ws/install/Torcs_5/lib/python3.8/site-packages/Torcs_5/__init__.py to __init__.cpython-38.pyc
byte-compiling /home/rtos/dev_ws/install/Torcs_5/lib/python3.8/site-packages/Torcs_5/default_build_unit_exec.py to default_build_unit_exec.cpython-38.pyc
byte-compiling /home/rtos/dev_ws/install/Torcs_5/lib/python3.8/site-packages/Torcs_5/splash/component/processing_component_2.py to processing_component_2.cpython-38.pyc
byte-compiling /home/rtos/dev_ws/install/Torcs_5/lib/python3.8/site-packages/Torcs_5/splash/component/processing_component_1.py to processing_component_1.cpython-38.pyc
byte-compiling /home/rtos/dev_ws/install/Torcs_5/lib/python3.8/site-packages/Torcs_5/splash/component/source_angle_z.py to source_angle_z.cpython-38.pyc
byte-compiling /home/rtos/dev_ws/install/Torcs_5/lib/python3.8/site-packages/Torcs_5/splash/component/fusion_1.py to fusion_1.cpython-38.pyc
byte-compiling /home/rtos/dev_ws/install/Torcs_5/lib/python3.8/site-packages/Torcs_5/splash/component/sink_steer.py to sink_steer.cpython-38.pyc
  File "/home/rtos/dev_ws/install/Torcs_5/lib/python3.8/site-packages/Torcs_5/splash/component/sink_steer.py", line 4
    from std_msgs.msg import
                            ^
SyntaxError: invalid syntax

byte-compiling /home/rtos/dev_ws/install/Torcs_5/lib/python3.8/site-packages/Torcs_5/splash/component/__init__.py to __init__.cpython-38.pyc
byte-compiling /home/rtos/dev_ws/install/Torcs_5/lib/python3.8/site-packages/Torcs_5/splash/component/source_linear_x.py to source_linear_x.cpython-38.pyc
byte-compiling /home/rtos/dev_ws/install/Torcs_5/lib/python3.8/site-packages/Torcs_5/splash/component/processing_key.py to processing_key.cpython-38.pyc
byte-compiling /home/rtos/dev_ws/install/Torcs_5/lib/python3.8/site-packages/Torcs_5/splash/component/processing_pass.py to processing_pass.cpython-38.pyc
byte-compiling /home/rtos/dev_ws/install/Torcs_5/lib/python3.8/site-packages/Torcs_5/splash/component/source_distance_mid.py to source_distance_mid.cpython-38.pyc
byte-compiling /home/rtos/dev_ws/install/Torcs_5/lib/python3.8/site-packages/Torcs_5/splash/component/sink_accel.py to sink_accel.cpython-38.pyc
byte-compiling /home/rtos/dev_ws/install/Torcs_5/lib/python3.8/site-packages/Torcs_5/splash/__init__.py to __init__.cpython-38.pyc
byte-compiling /home/rtos/dev_ws/install/Torcs_5/lib/python3.8/site-packages/Torcs_5/splash/stream_port/__init__.py to __init__.cpython-38.pyc
byte-compiling /home/rtos/dev_ws/install/Torcs_5/lib/python3.8/site-packages/Torcs_5/splash/factory/__init__.py to __init__.cpython-38.pyc
byte-compiling /home/rtos/dev_ws/install/Torcs_5/lib/python3.8/site-packages/Torcs_5/splash/factory/factory_0.py to factory_0.cpython-38.pyc
byte-compiling /home/rtos/dev_ws/install/Torcs_5/lib/python3.8/site-packages/Torcs_5/splash/build_unit/default_build_unit.py to default_build_unit.cpython-38.pyc
byte-compiling /home/rtos/dev_ws/install/Torcs_5/lib/python3.8/site-packages/Torcs_5/splash/build_unit/__init__.py to __init__.cpython-38.pyc
running install_data
creating /home/rtos/dev_ws/install/Torcs_5/share/ament_index
creating /home/rtos/dev_ws/install/Torcs_5/share/ament_index/resource_index
creating /home/rtos/dev_ws/install/Torcs_5/share/ament_index/resource_index/packages
copying resource/Torcs_5 -> /home/rtos/dev_ws/install/Torcs_5/share/ament_index/resource_index/packages
copying package.xml -> /home/rtos/dev_ws/install/Torcs_5/share/Torcs_5
copying launch/splash.launch.py -> /home/rtos/dev_ws/install/Torcs_5/share/Torcs_5
running install_egg_info
Copying ../../build/Torcs_5/Torcs_5.egg-info to /home/rtos/dev_ws/install/Torcs_5/lib/python3.8/site-packages/Torcs_5-0.0.0-py3.8.egg-info
running install_scripts
Installing default_build_unit script to /home/rtos/dev_ws/install/Torcs_5/lib/Torcs_5
Installing splash_server script to /home/rtos/dev_ws/install/Torcs_5/lib/Torcs_5
writing list of installed files to '/home/rtos/dev_ws/build/Torcs_5/install.log'
