[0.015s] Invoking command in '/home/rtos/dev_ws/build/torcs_interfaces': CMAKE_PREFIX_PATH=${CMAKE_PREFIX_PATH}:/home/rtos/dev_ws/install/torcs_client:/home/rtos/dev_ws/install/lkas5:/home/rtos/dev_ws/install/scl:/home/rtos/dev_ws/install/srl:/opt/ros/foxy /usr/bin/cmake --build /home/rtos/dev_ws/build/torcs_interfaces -- -j8 -l8
[0.041s] -- Found ament_cmake: 0.9.7 (/opt/ros/foxy/share/ament_cmake/cmake)
[0.066s] -- Found PythonInterp: /usr/bin/python3 (found suitable version "3.8.5", minimum required is "3") 
[0.066s] -- Using PYTHON_EXECUTABLE: /usr/bin/python3
[0.259s] -- Found rosidl_default_generators: 1.0.0 (/opt/ros/foxy/share/rosidl_default_generators/cmake)
[0.263s] -- Using all available rosidl_typesupport_c: rosidl_typesupport_fastrtps_c;rosidl_typesupport_introspection_c
[0.268s] -- Found rosidl_adapter: 1.1.0 (/opt/ros/foxy/share/rosidl_adapter/cmake)
[0.404s] -- Using all available rosidl_typesupport_cpp: rosidl_typesupport_fastrtps_cpp;rosidl_typesupport_introspection_cpp
[0.434s] -- Found std_msgs: 2.0.3 (/opt/ros/foxy/share/std_msgs/cmake)
[0.495s] -- Found PythonInterp: /usr/bin/python3 (found version "3.8.5") 
[0.655s] -- Found ament_cmake_ros: 0.9.0 (/opt/ros/foxy/share/ament_cmake_ros/cmake)
[0.821s] -- Using all available rosidl_typesupport_c: rosidl_typesupport_fastrtps_c;rosidl_typesupport_introspection_c
[0.882s] -- Using all available rosidl_typesupport_cpp: rosidl_typesupport_fastrtps_cpp;rosidl_typesupport_introspection_cpp
[0.906s] -- Found PythonInterp: /usr/bin/python3 (found suitable version "3.8.5", minimum required is "3.5") 
[0.906s] -- Found python_cmake_module: 0.8.0 (/opt/ros/foxy/share/python_cmake_module/cmake)
[0.929s] -- Using PYTHON_EXECUTABLE: /usr/bin/python3
[0.929s] -- Using PYTHON_INCLUDE_DIRS: /usr/include/python3.8
[0.929s] -- Using PYTHON_LIBRARIES: /usr/lib/x86_64-linux-gnu/libpython3.8.so
[0.966s] -- Found ament_lint_auto: 0.9.5 (/opt/ros/foxy/share/ament_lint_auto/cmake)
[0.976s] -- Added test 'copyright' to check source files copyright and LICENSE
[0.983s] -- Added test 'lint_cmake' to check CMake code style
[0.986s] -- Added test 'xmllint' to check XML markup files
[0.990s] -- Configuring done
[1.054s] -- Generating done
[1.059s] -- Build files have been written to: /home/rtos/dev_ws/build/torcs_interfaces
[1.085s] [  2%] [34m[1mGenerating C code for ROS interfaces[0m
[1.096s] [  5%] [34m[1mGenerating C++ code for ROS interfaces[0m
[1.649s] [  5%] Built target torcs_interfaces__cpp
[1.660s] [  7%] [34m[1mGenerating C++ type support for eProsima Fast-RTPS[0m
[1.663s] [35m[1mScanning dependencies of target torcs_interfaces__rosidl_generator_c[0m
[1.663s] [ 12%] [34m[1mGenerating C++ introspection for ROS interfaces[0m
[1.663s] [ 12%] [34m[1mGenerating C++ type support dispatch for ROS interfaces[0m
[1.678s] [ 15%] [32mBuilding C object CMakeFiles/torcs_interfaces__rosidl_generator_c.dir/rosidl_generator_c/torcs_interfaces/msg/detail/torcs_ctrl__functions.c.o[0m
[1.684s] [ 17%] [32mBuilding C object CMakeFiles/torcs_interfaces__rosidl_generator_c.dir/rosidl_generator_c/torcs_interfaces/msg/detail/torcs_sensors__functions.c.o[0m
[1.816s] [ 20%] [32m[1mLinking C shared library libtorcs_interfaces__rosidl_generator_c.so[0m
[1.868s] [ 20%] Built target torcs_interfaces__rosidl_generator_c
[1.880s] [ 23%] [34m[1mGenerating C introspection for ROS interfaces[0m
[1.881s] [ 25%] [34m[1mGenerating C type support dispatch for ROS interfaces[0m
[2.217s] [35m[1mScanning dependencies of target torcs_interfaces__rosidl_typesupport_cpp[0m
[2.236s] [ 28%] [32mBuilding CXX object CMakeFiles/torcs_interfaces__rosidl_typesupport_cpp.dir/rosidl_typesupport_cpp/torcs_interfaces/msg/torcs_sensors__type_support.cpp.o[0m
[2.248s] [ 30%] [32mBuilding CXX object CMakeFiles/torcs_interfaces__rosidl_typesupport_cpp.dir/rosidl_typesupport_cpp/torcs_interfaces/msg/torcs_ctrl__type_support.cpp.o[0m
[2.406s] [35m[1mScanning dependencies of target torcs_interfaces__rosidl_typesupport_c[0m
[2.422s] [ 35%] [32mBuilding CXX object CMakeFiles/torcs_interfaces__rosidl_typesupport_c.dir/rosidl_typesupport_c/torcs_interfaces/msg/torcs_sensors__type_support.cpp.o[0m
[2.422s] [ 35%] [32mBuilding CXX object CMakeFiles/torcs_interfaces__rosidl_typesupport_c.dir/rosidl_typesupport_c/torcs_interfaces/msg/torcs_ctrl__type_support.cpp.o[0m
[2.475s] [ 38%] [32m[1mLinking CXX shared library libtorcs_interfaces__rosidl_typesupport_c.so[0m
[2.495s] [35m[1mScanning dependencies of target torcs_interfaces__rosidl_typesupport_introspection_cpp[0m
[2.518s] [ 41%] [32mBuilding CXX object CMakeFiles/torcs_interfaces__rosidl_typesupport_introspection_cpp.dir/rosidl_typesupport_introspection_cpp/torcs_interfaces/msg/detail/torcs_sensors__type_support.cpp.o[0m
[2.522s] [ 43%] [32mBuilding CXX object CMakeFiles/torcs_interfaces__rosidl_typesupport_introspection_cpp.dir/rosidl_typesupport_introspection_cpp/torcs_interfaces/msg/detail/torcs_ctrl__type_support.cpp.o[0m
[2.549s] [ 43%] Built target torcs_interfaces__rosidl_typesupport_c
[2.559s] [35m[1mScanning dependencies of target torcs_interfaces__rosidl_typesupport_fastrtps_cpp[0m
[2.582s] [ 46%] [32mBuilding CXX object CMakeFiles/torcs_interfaces__rosidl_typesupport_fastrtps_cpp.dir/rosidl_typesupport_fastrtps_cpp/torcs_interfaces/msg/detail/dds_fastrtps/torcs_sensors__type_support.cpp.o[0m
[2.585s] [ 48%] [32mBuilding CXX object CMakeFiles/torcs_interfaces__rosidl_typesupport_fastrtps_cpp.dir/rosidl_typesupport_fastrtps_cpp/torcs_interfaces/msg/detail/dds_fastrtps/torcs_ctrl__type_support.cpp.o[0m
[2.723s] [ 51%] [32m[1mLinking CXX shared library libtorcs_interfaces__rosidl_typesupport_cpp.so[0m
[2.778s] [ 51%] Built target torcs_interfaces__rosidl_typesupport_cpp
[2.804s] [35m[1mScanning dependencies of target torcs_interfaces__rosidl_typesupport_introspection_c[0m
[2.819s] [ 53%] [32mBuilding C object CMakeFiles/torcs_interfaces__rosidl_typesupport_introspection_c.dir/rosidl_typesupport_introspection_c/torcs_interfaces/msg/detail/torcs_ctrl__type_support.c.o[0m
[2.827s] [ 56%] [32mBuilding C object CMakeFiles/torcs_interfaces__rosidl_typesupport_introspection_c.dir/rosidl_typesupport_introspection_c/torcs_interfaces/msg/detail/torcs_sensors__type_support.c.o[0m
[2.868s] [ 58%] [32m[1mLinking C shared library libtorcs_interfaces__rosidl_typesupport_introspection_c.so[0m
[2.900s] [ 58%] Built target torcs_interfaces__rosidl_typesupport_introspection_c
[3.022s] [ 61%] [32m[1mLinking CXX shared library libtorcs_interfaces__rosidl_typesupport_introspection_cpp.so[0m
[3.098s] [ 61%] Built target torcs_interfaces__rosidl_typesupport_introspection_cpp
[3.186s] [ 64%] [32m[1mLinking CXX shared library libtorcs_interfaces__rosidl_typesupport_fastrtps_cpp.so[0m
[3.273s] [ 64%] Built target torcs_interfaces__rosidl_typesupport_fastrtps_cpp
[3.282s] [ 66%] [34m[1mGenerating C type support for eProsima Fast-RTPS[0m
[3.783s] [35m[1mScanning dependencies of target torcs_interfaces__rosidl_typesupport_fastrtps_c[0m
[3.797s] [ 69%] [32mBuilding CXX object CMakeFiles/torcs_interfaces__rosidl_typesupport_fastrtps_c.dir/rosidl_typesupport_fastrtps_c/torcs_interfaces/msg/detail/torcs_ctrl__type_support_c.cpp.o[0m
[3.799s] [ 71%] [32mBuilding CXX object CMakeFiles/torcs_interfaces__rosidl_typesupport_fastrtps_c.dir/rosidl_typesupport_fastrtps_c/torcs_interfaces/msg/detail/torcs_sensors__type_support_c.cpp.o[0m
[4.132s] [ 74%] [32m[1mLinking CXX shared library libtorcs_interfaces__rosidl_typesupport_fastrtps_c.so[0m
[4.221s] [ 74%] Built target torcs_interfaces__rosidl_typesupport_fastrtps_c
[4.244s] [ 74%] Built target torcs_interfaces
[4.263s] [ 76%] [34m[1mGenerating Python code for ROS interfaces[0m
[5.240s] [ 76%] Built target torcs_interfaces__py
[5.250s] [35m[1mScanning dependencies of target torcs_interfaces__python[0m
[5.269s] [ 79%] [32mBuilding C object CMakeFiles/torcs_interfaces__python.dir/rosidl_generator_py/torcs_interfaces/msg/_torcs_ctrl_s.c.o[0m
[5.271s] [ 82%] [32mBuilding C object CMakeFiles/torcs_interfaces__python.dir/rosidl_generator_py/torcs_interfaces/msg/_torcs_sensors_s.c.o[0m
[5.385s] [ 84%] [32m[1mLinking C shared library rosidl_generator_py/torcs_interfaces/libtorcs_interfaces__python.so[0m
[5.428s] [ 84%] Built target torcs_interfaces__python
[5.440s] [35m[1mScanning dependencies of target torcs_interfaces__rosidl_typesupport_fastrtps_c__pyext[0m
[5.443s] [35m[1mScanning dependencies of target torcs_interfaces__rosidl_typesupport_introspection_c__pyext[0m
[5.443s] [35m[1mScanning dependencies of target torcs_interfaces__rosidl_typesupport_c__pyext[0m
[5.458s] [ 87%] [32mBuilding C object CMakeFiles/torcs_interfaces__rosidl_typesupport_fastrtps_c__pyext.dir/rosidl_generator_py/torcs_interfaces/_torcs_interfaces_s.ep.rosidl_typesupport_fastrtps_c.c.o[0m
[5.461s] [ 89%] [32mBuilding C object CMakeFiles/torcs_interfaces__rosidl_typesupport_c__pyext.dir/rosidl_generator_py/torcs_interfaces/_torcs_interfaces_s.ep.rosidl_typesupport_c.c.o[0m
[5.466s] [ 92%] [32mBuilding C object CMakeFiles/torcs_interfaces__rosidl_typesupport_introspection_c__pyext.dir/rosidl_generator_py/torcs_interfaces/_torcs_interfaces_s.ep.rosidl_typesupport_introspection_c.c.o[0m
[5.538s] [ 97%] [32m[1mLinking C shared library rosidl_generator_py/torcs_interfaces/torcs_interfaces_s__rosidl_typesupport_c.cpython-38-x86_64-linux-gnu.so[0m
[5.539s] [ 97%] [32m[1mLinking CXX shared library rosidl_generator_py/torcs_interfaces/torcs_interfaces_s__rosidl_typesupport_fastrtps_c.cpython-38-x86_64-linux-gnu.so[0m
[5.566s] [100%] [32m[1mLinking C shared library rosidl_generator_py/torcs_interfaces/torcs_interfaces_s__rosidl_typesupport_introspection_c.cpython-38-x86_64-linux-gnu.so[0m
[5.576s] [100%] Built target torcs_interfaces__rosidl_typesupport_c__pyext
[5.602s] [100%] Built target torcs_interfaces__rosidl_typesupport_fastrtps_c__pyext
[5.604s] [100%] Built target torcs_interfaces__rosidl_typesupport_introspection_c__pyext
[5.616s] Invoked command in '/home/rtos/dev_ws/build/torcs_interfaces' returned '0': CMAKE_PREFIX_PATH=${CMAKE_PREFIX_PATH}:/home/rtos/dev_ws/install/torcs_client:/home/rtos/dev_ws/install/lkas5:/home/rtos/dev_ws/install/scl:/home/rtos/dev_ws/install/srl:/opt/ros/foxy /usr/bin/cmake --build /home/rtos/dev_ws/build/torcs_interfaces -- -j8 -l8
[5.675s] Invoking command in '/home/rtos/dev_ws/build/torcs_interfaces': CMAKE_PREFIX_PATH=${CMAKE_PREFIX_PATH}:/home/rtos/dev_ws/install/torcs_client:/home/rtos/dev_ws/install/lkas5:/home/rtos/dev_ws/install/scl:/home/rtos/dev_ws/install/srl:/opt/ros/foxy /usr/bin/cmake --install /home/rtos/dev_ws/build/torcs_interfaces
[5.688s] -- Install configuration: ""
[5.688s] -- Up-to-date: /home/rtos/dev_ws/install/torcs_interfaces/share/ament_index/resource_index/rosidl_interfaces/torcs_interfaces
[5.688s] -- Up-to-date: /home/rtos/dev_ws/install/torcs_interfaces/include/torcs_interfaces
[5.688s] -- Up-to-date: /home/rtos/dev_ws/install/torcs_interfaces/include/torcs_interfaces/msg
[5.688s] -- Up-to-date: /home/rtos/dev_ws/install/torcs_interfaces/include/torcs_interfaces/msg/detail
[5.688s] -- Installing: /home/rtos/dev_ws/install/torcs_interfaces/include/torcs_interfaces/msg/detail/torcs_sensors__struct.h
[5.689s] -- Installing: /home/rtos/dev_ws/install/torcs_interfaces/include/torcs_interfaces/msg/detail/torcs_ctrl__struct.h
[5.689s] -- Installing: /home/rtos/dev_ws/install/torcs_interfaces/include/torcs_interfaces/msg/detail/torcs_ctrl__type_support.h
[5.689s] -- Installing: /home/rtos/dev_ws/install/torcs_interfaces/include/torcs_interfaces/msg/detail/torcs_sensors__functions.h
[5.689s] -- Installing: /home/rtos/dev_ws/install/torcs_interfaces/include/torcs_interfaces/msg/detail/torcs_sensors__type_support.h
[5.689s] -- Installing: /home/rtos/dev_ws/install/torcs_interfaces/include/torcs_interfaces/msg/detail/torcs_sensors__functions.c
[5.689s] -- Installing: /home/rtos/dev_ws/install/torcs_interfaces/include/torcs_interfaces/msg/detail/torcs_ctrl__functions.c
[5.689s] -- Installing: /home/rtos/dev_ws/install/torcs_interfaces/include/torcs_interfaces/msg/detail/torcs_ctrl__functions.h
[5.689s] -- Up-to-date: /home/rtos/dev_ws/install/torcs_interfaces/include/torcs_interfaces/msg/rosidl_generator_c__visibility_control.h
[5.689s] -- Installing: /home/rtos/dev_ws/install/torcs_interfaces/include/torcs_interfaces/msg/torcs_ctrl.h
[5.689s] -- Installing: /home/rtos/dev_ws/install/torcs_interfaces/include/torcs_interfaces/msg/torcs_sensors.h
[5.689s] -- Up-to-date: /home/rtos/dev_ws/install/torcs_interfaces/share/torcs_interfaces/environment/library_path.sh
[5.689s] -- Installing: /home/rtos/dev_ws/install/torcs_interfaces/share/torcs_interfaces/environment/library_path.dsv
[5.689s] -- Installing: /home/rtos/dev_ws/install/torcs_interfaces/lib/libtorcs_interfaces__rosidl_generator_c.so
[5.690s] -- Set runtime path of "/home/rtos/dev_ws/install/torcs_interfaces/lib/libtorcs_interfaces__rosidl_generator_c.so" to ""
[5.690s] -- Up-to-date: /home/rtos/dev_ws/install/torcs_interfaces/include/torcs_interfaces
[5.690s] -- Up-to-date: /home/rtos/dev_ws/install/torcs_interfaces/include/torcs_interfaces/msg
[5.690s] -- Up-to-date: /home/rtos/dev_ws/install/torcs_interfaces/include/torcs_interfaces/msg/detail
[5.690s] -- Installing: /home/rtos/dev_ws/install/torcs_interfaces/include/torcs_interfaces/msg/detail/torcs_ctrl__rosidl_typesupport_fastrtps_c.h
[5.690s] -- Installing: /home/rtos/dev_ws/install/torcs_interfaces/include/torcs_interfaces/msg/detail/torcs_sensors__rosidl_typesupport_fastrtps_c.h
[5.690s] -- Up-to-date: /home/rtos/dev_ws/install/torcs_interfaces/include/torcs_interfaces/msg/rosidl_typesupport_fastrtps_c__visibility_control.h
[5.690s] -- Installing: /home/rtos/dev_ws/install/torcs_interfaces/lib/libtorcs_interfaces__rosidl_typesupport_fastrtps_c.so
[5.691s] -- Set runtime path of "/home/rtos/dev_ws/install/torcs_interfaces/lib/libtorcs_interfaces__rosidl_typesupport_fastrtps_c.so" to ""
[5.691s] -- Up-to-date: /home/rtos/dev_ws/install/torcs_interfaces/include/torcs_interfaces
[5.691s] -- Up-to-date: /home/rtos/dev_ws/install/torcs_interfaces/include/torcs_interfaces/msg
[5.691s] -- Up-to-date: /home/rtos/dev_ws/install/torcs_interfaces/include/torcs_interfaces/msg/detail
[5.691s] -- Up-to-date: /home/rtos/dev_ws/install/torcs_interfaces/include/torcs_interfaces/msg/detail/dds_fastrtps
[5.691s] -- Installing: /home/rtos/dev_ws/install/torcs_interfaces/include/torcs_interfaces/msg/detail/torcs_ctrl__rosidl_typesupport_fastrtps_cpp.hpp
[5.691s] -- Installing: /home/rtos/dev_ws/install/torcs_interfaces/include/torcs_interfaces/msg/detail/torcs_sensors__rosidl_typesupport_fastrtps_cpp.hpp
[5.691s] -- Up-to-date: /home/rtos/dev_ws/install/torcs_interfaces/include/torcs_interfaces/msg/rosidl_typesupport_fastrtps_cpp__visibility_control.h
[5.691s] -- Installing: /home/rtos/dev_ws/install/torcs_interfaces/lib/libtorcs_interfaces__rosidl_typesupport_fastrtps_cpp.so
[5.692s] -- Set runtime path of "/home/rtos/dev_ws/install/torcs_interfaces/lib/libtorcs_interfaces__rosidl_typesupport_fastrtps_cpp.so" to ""
[5.692s] -- Up-to-date: /home/rtos/dev_ws/install/torcs_interfaces/include/torcs_interfaces
[5.692s] -- Up-to-date: /home/rtos/dev_ws/install/torcs_interfaces/include/torcs_interfaces/msg
[5.692s] -- Up-to-date: /home/rtos/dev_ws/install/torcs_interfaces/include/torcs_interfaces/msg/detail
[5.692s] -- Installing: /home/rtos/dev_ws/install/torcs_interfaces/include/torcs_interfaces/msg/detail/torcs_sensors__type_support.c
[5.692s] -- Installing: /home/rtos/dev_ws/install/torcs_interfaces/include/torcs_interfaces/msg/detail/torcs_sensors__rosidl_typesupport_introspection_c.h
[5.692s] -- Installing: /home/rtos/dev_ws/install/torcs_interfaces/include/torcs_interfaces/msg/detail/torcs_ctrl__rosidl_typesupport_introspection_c.h
[5.692s] -- Installing: /home/rtos/dev_ws/install/torcs_interfaces/include/torcs_interfaces/msg/detail/torcs_ctrl__type_support.c
[5.692s] -- Up-to-date: /home/rtos/dev_ws/install/torcs_interfaces/include/torcs_interfaces/msg/rosidl_typesupport_introspection_c__visibility_control.h
[5.692s] -- Installing: /home/rtos/dev_ws/install/torcs_interfaces/lib/libtorcs_interfaces__rosidl_typesupport_introspection_c.so
[5.693s] -- Set runtime path of "/home/rtos/dev_ws/install/torcs_interfaces/lib/libtorcs_interfaces__rosidl_typesupport_introspection_c.so" to ""
[5.693s] -- Installing: /home/rtos/dev_ws/install/torcs_interfaces/lib/libtorcs_interfaces__rosidl_typesupport_c.so
[5.693s] -- Set runtime path of "/home/rtos/dev_ws/install/torcs_interfaces/lib/libtorcs_interfaces__rosidl_typesupport_c.so" to ""
[5.694s] -- Up-to-date: /home/rtos/dev_ws/install/torcs_interfaces/include/torcs_interfaces
[5.694s] -- Up-to-date: /home/rtos/dev_ws/install/torcs_interfaces/include/torcs_interfaces/msg
[5.694s] -- Up-to-date: /home/rtos/dev_ws/install/torcs_interfaces/include/torcs_interfaces/msg/detail
[5.694s] -- Installing: /home/rtos/dev_ws/install/torcs_interfaces/include/torcs_interfaces/msg/detail/torcs_sensors__traits.hpp
[5.694s] -- Installing: /home/rtos/dev_ws/install/torcs_interfaces/include/torcs_interfaces/msg/detail/torcs_sensors__builder.hpp
[5.694s] -- Installing: /home/rtos/dev_ws/install/torcs_interfaces/include/torcs_interfaces/msg/detail/torcs_ctrl__traits.hpp
[5.694s] -- Installing: /home/rtos/dev_ws/install/torcs_interfaces/include/torcs_interfaces/msg/detail/torcs_ctrl__struct.hpp
[5.694s] -- Installing: /home/rtos/dev_ws/install/torcs_interfaces/include/torcs_interfaces/msg/detail/torcs_sensors__struct.hpp
[5.694s] -- Installing: /home/rtos/dev_ws/install/torcs_interfaces/include/torcs_interfaces/msg/detail/torcs_ctrl__builder.hpp
[5.695s] -- Installing: /home/rtos/dev_ws/install/torcs_interfaces/include/torcs_interfaces/msg/torcs_sensors.hpp
[5.695s] -- Installing: /home/rtos/dev_ws/install/torcs_interfaces/include/torcs_interfaces/msg/torcs_ctrl.hpp
[5.695s] -- Up-to-date: /home/rtos/dev_ws/install/torcs_interfaces/include/torcs_interfaces
[5.695s] -- Up-to-date: /home/rtos/dev_ws/install/torcs_interfaces/include/torcs_interfaces/msg
[5.695s] -- Up-to-date: /home/rtos/dev_ws/install/torcs_interfaces/include/torcs_interfaces/msg/detail
[5.695s] -- Installing: /home/rtos/dev_ws/install/torcs_interfaces/include/torcs_interfaces/msg/detail/torcs_ctrl__type_support.cpp
[5.695s] -- Installing: /home/rtos/dev_ws/install/torcs_interfaces/include/torcs_interfaces/msg/detail/torcs_sensors__rosidl_typesupport_introspection_cpp.hpp
[5.695s] -- Installing: /home/rtos/dev_ws/install/torcs_interfaces/include/torcs_interfaces/msg/detail/torcs_ctrl__rosidl_typesupport_introspection_cpp.hpp
[5.695s] -- Installing: /home/rtos/dev_ws/install/torcs_interfaces/include/torcs_interfaces/msg/detail/torcs_sensors__type_support.cpp
[5.695s] -- Installing: /home/rtos/dev_ws/install/torcs_interfaces/lib/libtorcs_interfaces__rosidl_typesupport_introspection_cpp.so
[5.695s] -- Set runtime path of "/home/rtos/dev_ws/install/torcs_interfaces/lib/libtorcs_interfaces__rosidl_typesupport_introspection_cpp.so" to ""
[5.696s] -- Installing: /home/rtos/dev_ws/install/torcs_interfaces/lib/libtorcs_interfaces__rosidl_typesupport_cpp.so
[5.696s] -- Set runtime path of "/home/rtos/dev_ws/install/torcs_interfaces/lib/libtorcs_interfaces__rosidl_typesupport_cpp.so" to ""
[5.696s] -- Up-to-date: /home/rtos/dev_ws/install/torcs_interfaces/share/torcs_interfaces/environment/pythonpath.sh
[5.696s] -- Installing: /home/rtos/dev_ws/install/torcs_interfaces/share/torcs_interfaces/environment/pythonpath.dsv
[5.696s] -- Installing: /home/rtos/dev_ws/install/torcs_interfaces/lib/python3.8/site-packages/torcs_interfaces/__init__.py
[5.725s] Compiling '/home/rtos/dev_ws/install/torcs_interfaces/lib/python3.8/site-packages/torcs_interfaces/__init__.py'...
[5.729s] -- Up-to-date: /home/rtos/dev_ws/install/torcs_interfaces/lib/python3.8/site-packages/torcs_interfaces/msg
[5.730s] -- Installing: /home/rtos/dev_ws/install/torcs_interfaces/lib/python3.8/site-packages/torcs_interfaces/msg/_torcs_sensors_s.c
[5.730s] -- Installing: /home/rtos/dev_ws/install/torcs_interfaces/lib/python3.8/site-packages/torcs_interfaces/msg/_torcs_ctrl_s.c
[5.730s] -- Installing: /home/rtos/dev_ws/install/torcs_interfaces/lib/python3.8/site-packages/torcs_interfaces/msg/__init__.py
[5.730s] -- Installing: /home/rtos/dev_ws/install/torcs_interfaces/lib/python3.8/site-packages/torcs_interfaces/msg/_torcs_sensors.py
[5.730s] -- Installing: /home/rtos/dev_ws/install/torcs_interfaces/lib/python3.8/site-packages/torcs_interfaces/msg/_torcs_ctrl.py
[5.730s] -- Installing: /home/rtos/dev_ws/install/torcs_interfaces/lib/python3.8/site-packages/torcs_interfaces/torcs_interfaces_s__rosidl_typesupport_fastrtps_c.cpython-38-x86_64-linux-gnu.so
[5.731s] -- Set runtime path of "/home/rtos/dev_ws/install/torcs_interfaces/lib/python3.8/site-packages/torcs_interfaces/torcs_interfaces_s__rosidl_typesupport_fastrtps_c.cpython-38-x86_64-linux-gnu.so" to ""
[5.731s] -- Installing: /home/rtos/dev_ws/install/torcs_interfaces/lib/python3.8/site-packages/torcs_interfaces/torcs_interfaces_s__rosidl_typesupport_introspection_c.cpython-38-x86_64-linux-gnu.so
[5.732s] -- Set runtime path of "/home/rtos/dev_ws/install/torcs_interfaces/lib/python3.8/site-packages/torcs_interfaces/torcs_interfaces_s__rosidl_typesupport_introspection_c.cpython-38-x86_64-linux-gnu.so" to ""
[5.732s] -- Installing: /home/rtos/dev_ws/install/torcs_interfaces/lib/python3.8/site-packages/torcs_interfaces/torcs_interfaces_s__rosidl_typesupport_c.cpython-38-x86_64-linux-gnu.so
[5.733s] -- Set runtime path of "/home/rtos/dev_ws/install/torcs_interfaces/lib/python3.8/site-packages/torcs_interfaces/torcs_interfaces_s__rosidl_typesupport_c.cpython-38-x86_64-linux-gnu.so" to ""
[5.733s] -- Installing: /home/rtos/dev_ws/install/torcs_interfaces/lib/libtorcs_interfaces__python.so
[5.733s] -- Set runtime path of "/home/rtos/dev_ws/install/torcs_interfaces/lib/libtorcs_interfaces__python.so" to ""
[5.734s] -- Installing: /home/rtos/dev_ws/install/torcs_interfaces/share/torcs_interfaces/msg/TORCSSensors.idl
[5.734s] -- Installing: /home/rtos/dev_ws/install/torcs_interfaces/share/torcs_interfaces/msg/TORCSCtrl.idl
[5.734s] -- Installing: /home/rtos/dev_ws/install/torcs_interfaces/share/torcs_interfaces/msg/TORCSSensors.msg
[5.734s] -- Installing: /home/rtos/dev_ws/install/torcs_interfaces/share/torcs_interfaces/msg/TORCSCtrl.msg
[5.734s] -- Up-to-date: /home/rtos/dev_ws/install/torcs_interfaces/share/ament_index/resource_index/package_run_dependencies/torcs_interfaces
[5.734s] -- Up-to-date: /home/rtos/dev_ws/install/torcs_interfaces/share/ament_index/resource_index/parent_prefix_path/torcs_interfaces
[5.734s] -- Up-to-date: /home/rtos/dev_ws/install/torcs_interfaces/share/torcs_interfaces/environment/ament_prefix_path.sh
[5.734s] -- Installing: /home/rtos/dev_ws/install/torcs_interfaces/share/torcs_interfaces/environment/ament_prefix_path.dsv
[5.735s] -- Up-to-date: /home/rtos/dev_ws/install/torcs_interfaces/share/torcs_interfaces/environment/path.sh
[5.735s] -- Installing: /home/rtos/dev_ws/install/torcs_interfaces/share/torcs_interfaces/environment/path.dsv
[5.735s] -- Up-to-date: /home/rtos/dev_ws/install/torcs_interfaces/share/torcs_interfaces/local_setup.bash
[5.735s] -- Up-to-date: /home/rtos/dev_ws/install/torcs_interfaces/share/torcs_interfaces/local_setup.sh
[5.735s] -- Up-to-date: /home/rtos/dev_ws/install/torcs_interfaces/share/torcs_interfaces/local_setup.zsh
[5.735s] -- Installing: /home/rtos/dev_ws/install/torcs_interfaces/share/torcs_interfaces/local_setup.dsv
[5.735s] -- Installing: /home/rtos/dev_ws/install/torcs_interfaces/share/torcs_interfaces/package.dsv
[5.735s] -- Up-to-date: /home/rtos/dev_ws/install/torcs_interfaces/share/ament_index/resource_index/packages/torcs_interfaces
[5.735s] -- Up-to-date: /home/rtos/dev_ws/install/torcs_interfaces/share/torcs_interfaces/cmake/torcs_interfaces__rosidl_generator_cExport.cmake
[5.735s] -- Installing: /home/rtos/dev_ws/install/torcs_interfaces/share/torcs_interfaces/cmake/torcs_interfaces__rosidl_generator_cExport-noconfig.cmake
[5.736s] -- Up-to-date: /home/rtos/dev_ws/install/torcs_interfaces/share/torcs_interfaces/cmake/torcs_interfaces__rosidl_typesupport_introspection_cExport.cmake
[5.736s] -- Installing: /home/rtos/dev_ws/install/torcs_interfaces/share/torcs_interfaces/cmake/torcs_interfaces__rosidl_typesupport_introspection_cExport-noconfig.cmake
[5.736s] -- Up-to-date: /home/rtos/dev_ws/install/torcs_interfaces/share/torcs_interfaces/cmake/torcs_interfaces__rosidl_typesupport_cExport.cmake
[5.736s] -- Installing: /home/rtos/dev_ws/install/torcs_interfaces/share/torcs_interfaces/cmake/torcs_interfaces__rosidl_typesupport_cExport-noconfig.cmake
[5.736s] -- Up-to-date: /home/rtos/dev_ws/install/torcs_interfaces/share/torcs_interfaces/cmake/torcs_interfaces__rosidl_generator_cppExport.cmake
[5.736s] -- Up-to-date: /home/rtos/dev_ws/install/torcs_interfaces/share/torcs_interfaces/cmake/torcs_interfaces__rosidl_typesupport_introspection_cppExport.cmake
[5.736s] -- Installing: /home/rtos/dev_ws/install/torcs_interfaces/share/torcs_interfaces/cmake/torcs_interfaces__rosidl_typesupport_introspection_cppExport-noconfig.cmake
[5.737s] -- Up-to-date: /home/rtos/dev_ws/install/torcs_interfaces/share/torcs_interfaces/cmake/torcs_interfaces__rosidl_typesupport_cppExport.cmake
[5.737s] -- Installing: /home/rtos/dev_ws/install/torcs_interfaces/share/torcs_interfaces/cmake/torcs_interfaces__rosidl_typesupport_cppExport-noconfig.cmake
[5.737s] -- Up-to-date: /home/rtos/dev_ws/install/torcs_interfaces/share/torcs_interfaces/cmake/rosidl_cmake-extras.cmake
[5.737s] -- Up-to-date: /home/rtos/dev_ws/install/torcs_interfaces/share/torcs_interfaces/cmake/ament_cmake_export_dependencies-extras.cmake
[5.737s] -- Up-to-date: /home/rtos/dev_ws/install/torcs_interfaces/share/torcs_interfaces/cmake/ament_cmake_export_libraries-extras.cmake
[5.737s] -- Up-to-date: /home/rtos/dev_ws/install/torcs_interfaces/share/torcs_interfaces/cmake/ament_cmake_export_targets-extras.cmake
[5.737s] -- Up-to-date: /home/rtos/dev_ws/install/torcs_interfaces/share/torcs_interfaces/cmake/ament_cmake_export_include_directories-extras.cmake
[5.738s] -- Up-to-date: /home/rtos/dev_ws/install/torcs_interfaces/share/torcs_interfaces/cmake/rosidl_cmake_export_typesupport_libraries-extras.cmake
[5.738s] -- Up-to-date: /home/rtos/dev_ws/install/torcs_interfaces/share/torcs_interfaces/cmake/rosidl_cmake_export_typesupport_targets-extras.cmake
[5.738s] -- Up-to-date: /home/rtos/dev_ws/install/torcs_interfaces/share/torcs_interfaces/cmake/torcs_interfacesConfig.cmake
[5.738s] -- Up-to-date: /home/rtos/dev_ws/install/torcs_interfaces/share/torcs_interfaces/cmake/torcs_interfacesConfig-version.cmake
[5.738s] -- Up-to-date: /home/rtos/dev_ws/install/torcs_interfaces/share/torcs_interfaces/package.xml
[5.742s] Invoked command in '/home/rtos/dev_ws/build/torcs_interfaces' returned '0': CMAKE_PREFIX_PATH=${CMAKE_PREFIX_PATH}:/home/rtos/dev_ws/install/torcs_client:/home/rtos/dev_ws/install/lkas5:/home/rtos/dev_ws/install/scl:/home/rtos/dev_ws/install/srl:/opt/ros/foxy /usr/bin/cmake --install /home/rtos/dev_ws/build/torcs_interfaces
