[0.017s] Invoking command in '/home/rtos/dev_ws/build/torcs_interfaces': CMAKE_PREFIX_PATH=${CMAKE_PREFIX_PATH}:/home/rtos/dev_ws/install/torcs_client:/home/rtos/dev_ws/install/lkas5:/home/rtos/dev_ws/install/lkas4:/home/rtos/dev_ws/install/Torcs_5:/home/rtos/dev_ws/install/scl:/home/rtos/dev_ws/install/srl:/opt/ros/foxy /usr/bin/cmake --build /home/rtos/dev_ws/build/torcs_interfaces -- -j8 -l8
[0.068s] [  2%] Built target torcs_interfaces__cpp
[0.071s] [ 12%] Built target torcs_interfaces__rosidl_generator_c
[0.099s] [ 23%] Built target torcs_interfaces__rosidl_typesupport_introspection_cpp
[0.103s] [ 43%] Built target torcs_interfaces__rosidl_typesupport_cpp
[0.104s] [ 43%] Built target torcs_interfaces__rosidl_typesupport_fastrtps_cpp
[0.108s] [ 53%] Built target torcs_interfaces__rosidl_typesupport_introspection_c
[0.111s] [ 64%] Built target torcs_interfaces__rosidl_typesupport_c
[0.135s] [ 74%] Built target torcs_interfaces__rosidl_typesupport_fastrtps_c
[0.154s] [ 74%] Built target torcs_interfaces
[0.174s] [ 76%] Built target torcs_interfaces__py
[0.201s] [ 84%] Built target torcs_interfaces__python
[0.232s] [ 89%] Built target torcs_interfaces__rosidl_typesupport_fastrtps_c__pyext
[0.235s] [ 94%] Built target torcs_interfaces__rosidl_typesupport_introspection_c__pyext
[0.236s] [100%] Built target torcs_interfaces__rosidl_typesupport_c__pyext
[0.248s] Invoked command in '/home/rtos/dev_ws/build/torcs_interfaces' returned '0': CMAKE_PREFIX_PATH=${CMAKE_PREFIX_PATH}:/home/rtos/dev_ws/install/torcs_client:/home/rtos/dev_ws/install/lkas5:/home/rtos/dev_ws/install/lkas4:/home/rtos/dev_ws/install/Torcs_5:/home/rtos/dev_ws/install/scl:/home/rtos/dev_ws/install/srl:/opt/ros/foxy /usr/bin/cmake --build /home/rtos/dev_ws/build/torcs_interfaces -- -j8 -l8
[0.309s] Invoking command in '/home/rtos/dev_ws/build/torcs_interfaces': CMAKE_PREFIX_PATH=${CMAKE_PREFIX_PATH}:/home/rtos/dev_ws/install/torcs_client:/home/rtos/dev_ws/install/lkas5:/home/rtos/dev_ws/install/lkas4:/home/rtos/dev_ws/install/Torcs_5:/home/rtos/dev_ws/install/scl:/home/rtos/dev_ws/install/srl:/opt/ros/foxy /usr/bin/cmake --install /home/rtos/dev_ws/build/torcs_interfaces
[0.319s] -- Install configuration: ""
[0.319s] -- Up-to-date: /home/rtos/dev_ws/install/torcs_interfaces/share/ament_index/resource_index/rosidl_interfaces/torcs_interfaces
[0.319s] -- Up-to-date: /home/rtos/dev_ws/install/torcs_interfaces/include/torcs_interfaces
[0.321s] -- Up-to-date: /home/rtos/dev_ws/install/torcs_interfaces/include/torcs_interfaces/msg
[0.322s] -- Up-to-date: /home/rtos/dev_ws/install/torcs_interfaces/include/torcs_interfaces/msg/detail
[0.323s] -- Up-to-date: /home/rtos/dev_ws/install/torcs_interfaces/include/torcs_interfaces/msg/detail/torcs_sensors__struct.h
[0.323s] -- Up-to-date: /home/rtos/dev_ws/install/torcs_interfaces/include/torcs_interfaces/msg/detail/torcs_ctrl__struct.h
[0.323s] -- Up-to-date: /home/rtos/dev_ws/install/torcs_interfaces/include/torcs_interfaces/msg/detail/torcs_ctrl__type_support.h
[0.323s] -- Up-to-date: /home/rtos/dev_ws/install/torcs_interfaces/include/torcs_interfaces/msg/detail/torcs_sensors__functions.h
[0.323s] -- Up-to-date: /home/rtos/dev_ws/install/torcs_interfaces/include/torcs_interfaces/msg/detail/torcs_sensors__type_support.h
[0.323s] -- Up-to-date: /home/rtos/dev_ws/install/torcs_interfaces/include/torcs_interfaces/msg/detail/torcs_sensors__functions.c
[0.323s] -- Up-to-date: /home/rtos/dev_ws/install/torcs_interfaces/include/torcs_interfaces/msg/detail/torcs_ctrl__functions.c
[0.323s] -- Up-to-date: /home/rtos/dev_ws/install/torcs_interfaces/include/torcs_interfaces/msg/detail/torcs_ctrl__functions.h
[0.323s] -- Up-to-date: /home/rtos/dev_ws/install/torcs_interfaces/include/torcs_interfaces/msg/rosidl_generator_c__visibility_control.h
[0.323s] -- Up-to-date: /home/rtos/dev_ws/install/torcs_interfaces/include/torcs_interfaces/msg/torcs_ctrl.h
[0.323s] -- Up-to-date: /home/rtos/dev_ws/install/torcs_interfaces/include/torcs_interfaces/msg/torcs_sensors.h
[0.323s] -- Up-to-date: /home/rtos/dev_ws/install/torcs_interfaces/share/torcs_interfaces/environment/library_path.sh
[0.323s] -- Up-to-date: /home/rtos/dev_ws/install/torcs_interfaces/share/torcs_interfaces/environment/library_path.dsv
[0.324s] -- Up-to-date: /home/rtos/dev_ws/install/torcs_interfaces/lib/libtorcs_interfaces__rosidl_generator_c.so
[0.324s] -- Up-to-date: /home/rtos/dev_ws/install/torcs_interfaces/include/torcs_interfaces
[0.324s] -- Up-to-date: /home/rtos/dev_ws/install/torcs_interfaces/include/torcs_interfaces/msg
[0.324s] -- Up-to-date: /home/rtos/dev_ws/install/torcs_interfaces/include/torcs_interfaces/msg/detail
[0.324s] -- Up-to-date: /home/rtos/dev_ws/install/torcs_interfaces/include/torcs_interfaces/msg/detail/torcs_ctrl__rosidl_typesupport_fastrtps_c.h
[0.324s] -- Up-to-date: /home/rtos/dev_ws/install/torcs_interfaces/include/torcs_interfaces/msg/detail/torcs_sensors__rosidl_typesupport_fastrtps_c.h
[0.324s] -- Up-to-date: /home/rtos/dev_ws/install/torcs_interfaces/include/torcs_interfaces/msg/rosidl_typesupport_fastrtps_c__visibility_control.h
[0.325s] -- Up-to-date: /home/rtos/dev_ws/install/torcs_interfaces/lib/libtorcs_interfaces__rosidl_typesupport_fastrtps_c.so
[0.325s] -- Up-to-date: /home/rtos/dev_ws/install/torcs_interfaces/include/torcs_interfaces
[0.325s] -- Up-to-date: /home/rtos/dev_ws/install/torcs_interfaces/include/torcs_interfaces/msg
[0.325s] -- Up-to-date: /home/rtos/dev_ws/install/torcs_interfaces/include/torcs_interfaces/msg/detail
[0.325s] -- Up-to-date: /home/rtos/dev_ws/install/torcs_interfaces/include/torcs_interfaces/msg/detail/dds_fastrtps
[0.325s] -- Up-to-date: /home/rtos/dev_ws/install/torcs_interfaces/include/torcs_interfaces/msg/detail/torcs_ctrl__rosidl_typesupport_fastrtps_cpp.hpp
[0.325s] -- Up-to-date: /home/rtos/dev_ws/install/torcs_interfaces/include/torcs_interfaces/msg/detail/torcs_sensors__rosidl_typesupport_fastrtps_cpp.hpp
[0.325s] -- Up-to-date: /home/rtos/dev_ws/install/torcs_interfaces/include/torcs_interfaces/msg/rosidl_typesupport_fastrtps_cpp__visibility_control.h
[0.325s] -- Up-to-date: /home/rtos/dev_ws/install/torcs_interfaces/lib/libtorcs_interfaces__rosidl_typesupport_fastrtps_cpp.so
[0.325s] -- Up-to-date: /home/rtos/dev_ws/install/torcs_interfaces/include/torcs_interfaces
[0.325s] -- Up-to-date: /home/rtos/dev_ws/install/torcs_interfaces/include/torcs_interfaces/msg
[0.325s] -- Up-to-date: /home/rtos/dev_ws/install/torcs_interfaces/include/torcs_interfaces/msg/detail
[0.325s] -- Up-to-date: /home/rtos/dev_ws/install/torcs_interfaces/include/torcs_interfaces/msg/detail/torcs_sensors__type_support.c
[0.325s] -- Up-to-date: /home/rtos/dev_ws/install/torcs_interfaces/include/torcs_interfaces/msg/detail/torcs_sensors__rosidl_typesupport_introspection_c.h
[0.325s] -- Up-to-date: /home/rtos/dev_ws/install/torcs_interfaces/include/torcs_interfaces/msg/detail/torcs_ctrl__rosidl_typesupport_introspection_c.h
[0.325s] -- Up-to-date: /home/rtos/dev_ws/install/torcs_interfaces/include/torcs_interfaces/msg/detail/torcs_ctrl__type_support.c
[0.325s] -- Up-to-date: /home/rtos/dev_ws/install/torcs_interfaces/include/torcs_interfaces/msg/rosidl_typesupport_introspection_c__visibility_control.h
[0.326s] -- Up-to-date: /home/rtos/dev_ws/install/torcs_interfaces/lib/libtorcs_interfaces__rosidl_typesupport_introspection_c.so
[0.326s] -- Up-to-date: /home/rtos/dev_ws/install/torcs_interfaces/lib/libtorcs_interfaces__rosidl_typesupport_c.so
[0.326s] -- Up-to-date: /home/rtos/dev_ws/install/torcs_interfaces/include/torcs_interfaces
[0.326s] -- Up-to-date: /home/rtos/dev_ws/install/torcs_interfaces/include/torcs_interfaces/msg
[0.326s] -- Up-to-date: /home/rtos/dev_ws/install/torcs_interfaces/include/torcs_interfaces/msg/detail
[0.326s] -- Up-to-date: /home/rtos/dev_ws/install/torcs_interfaces/include/torcs_interfaces/msg/detail/torcs_sensors__traits.hpp
[0.326s] -- Up-to-date: /home/rtos/dev_ws/install/torcs_interfaces/include/torcs_interfaces/msg/detail/torcs_sensors__builder.hpp
[0.326s] -- Up-to-date: /home/rtos/dev_ws/install/torcs_interfaces/include/torcs_interfaces/msg/detail/torcs_ctrl__traits.hpp
[0.326s] -- Up-to-date: /home/rtos/dev_ws/install/torcs_interfaces/include/torcs_interfaces/msg/detail/torcs_ctrl__struct.hpp
[0.326s] -- Up-to-date: /home/rtos/dev_ws/install/torcs_interfaces/include/torcs_interfaces/msg/detail/torcs_sensors__struct.hpp
[0.326s] -- Up-to-date: /home/rtos/dev_ws/install/torcs_interfaces/include/torcs_interfaces/msg/detail/torcs_ctrl__builder.hpp
[0.326s] -- Up-to-date: /home/rtos/dev_ws/install/torcs_interfaces/include/torcs_interfaces/msg/torcs_sensors.hpp
[0.326s] -- Up-to-date: /home/rtos/dev_ws/install/torcs_interfaces/include/torcs_interfaces/msg/torcs_ctrl.hpp
[0.326s] -- Up-to-date: /home/rtos/dev_ws/install/torcs_interfaces/include/torcs_interfaces
[0.326s] -- Up-to-date: /home/rtos/dev_ws/install/torcs_interfaces/include/torcs_interfaces/msg
[0.326s] -- Up-to-date: /home/rtos/dev_ws/install/torcs_interfaces/include/torcs_interfaces/msg/detail
[0.327s] -- Up-to-date: /home/rtos/dev_ws/install/torcs_interfaces/include/torcs_interfaces/msg/detail/torcs_ctrl__type_support.cpp
[0.327s] -- Up-to-date: /home/rtos/dev_ws/install/torcs_interfaces/include/torcs_interfaces/msg/detail/torcs_sensors__rosidl_typesupport_introspection_cpp.hpp
[0.327s] -- Up-to-date: /home/rtos/dev_ws/install/torcs_interfaces/include/torcs_interfaces/msg/detail/torcs_ctrl__rosidl_typesupport_introspection_cpp.hpp
[0.327s] -- Up-to-date: /home/rtos/dev_ws/install/torcs_interfaces/include/torcs_interfaces/msg/detail/torcs_sensors__type_support.cpp
[0.327s] -- Up-to-date: /home/rtos/dev_ws/install/torcs_interfaces/lib/libtorcs_interfaces__rosidl_typesupport_introspection_cpp.so
[0.327s] -- Up-to-date: /home/rtos/dev_ws/install/torcs_interfaces/lib/libtorcs_interfaces__rosidl_typesupport_cpp.so
[0.327s] -- Up-to-date: /home/rtos/dev_ws/install/torcs_interfaces/share/torcs_interfaces/environment/pythonpath.sh
[0.327s] -- Up-to-date: /home/rtos/dev_ws/install/torcs_interfaces/share/torcs_interfaces/environment/pythonpath.dsv
[0.327s] -- Up-to-date: /home/rtos/dev_ws/install/torcs_interfaces/lib/python3.8/site-packages/torcs_interfaces/__init__.py
[0.356s] -- Up-to-date: /home/rtos/dev_ws/install/torcs_interfaces/lib/python3.8/site-packages/torcs_interfaces/msg
[0.356s] -- Up-to-date: /home/rtos/dev_ws/install/torcs_interfaces/lib/python3.8/site-packages/torcs_interfaces/msg/_torcs_sensors_s.c
[0.356s] -- Up-to-date: /home/rtos/dev_ws/install/torcs_interfaces/lib/python3.8/site-packages/torcs_interfaces/msg/_torcs_ctrl_s.c
[0.357s] -- Up-to-date: /home/rtos/dev_ws/install/torcs_interfaces/lib/python3.8/site-packages/torcs_interfaces/msg/__init__.py
[0.357s] -- Up-to-date: /home/rtos/dev_ws/install/torcs_interfaces/lib/python3.8/site-packages/torcs_interfaces/msg/_torcs_sensors.py
[0.357s] -- Up-to-date: /home/rtos/dev_ws/install/torcs_interfaces/lib/python3.8/site-packages/torcs_interfaces/msg/_torcs_ctrl.py
[0.357s] -- Up-to-date: /home/rtos/dev_ws/install/torcs_interfaces/lib/python3.8/site-packages/torcs_interfaces/torcs_interfaces_s__rosidl_typesupport_fastrtps_c.cpython-38-x86_64-linux-gnu.so
[0.357s] -- Up-to-date: /home/rtos/dev_ws/install/torcs_interfaces/lib/python3.8/site-packages/torcs_interfaces/torcs_interfaces_s__rosidl_typesupport_introspection_c.cpython-38-x86_64-linux-gnu.so
[0.358s] -- Up-to-date: /home/rtos/dev_ws/install/torcs_interfaces/lib/python3.8/site-packages/torcs_interfaces/torcs_interfaces_s__rosidl_typesupport_c.cpython-38-x86_64-linux-gnu.so
[0.358s] -- Up-to-date: /home/rtos/dev_ws/install/torcs_interfaces/lib/libtorcs_interfaces__python.so
[0.359s] -- Up-to-date: /home/rtos/dev_ws/install/torcs_interfaces/share/torcs_interfaces/msg/TORCSSensors.idl
[0.359s] -- Up-to-date: /home/rtos/dev_ws/install/torcs_interfaces/share/torcs_interfaces/msg/TORCSCtrl.idl
[0.359s] -- Up-to-date: /home/rtos/dev_ws/install/torcs_interfaces/share/torcs_interfaces/msg/TORCSSensors.msg
[0.359s] -- Up-to-date: /home/rtos/dev_ws/install/torcs_interfaces/share/torcs_interfaces/msg/TORCSCtrl.msg
[0.359s] -- Up-to-date: /home/rtos/dev_ws/install/torcs_interfaces/share/ament_index/resource_index/package_run_dependencies/torcs_interfaces
[0.359s] -- Up-to-date: /home/rtos/dev_ws/install/torcs_interfaces/share/ament_index/resource_index/parent_prefix_path/torcs_interfaces
[0.359s] -- Up-to-date: /home/rtos/dev_ws/install/torcs_interfaces/share/torcs_interfaces/environment/ament_prefix_path.sh
[0.359s] -- Up-to-date: /home/rtos/dev_ws/install/torcs_interfaces/share/torcs_interfaces/environment/ament_prefix_path.dsv
[0.359s] -- Up-to-date: /home/rtos/dev_ws/install/torcs_interfaces/share/torcs_interfaces/environment/path.sh
[0.359s] -- Up-to-date: /home/rtos/dev_ws/install/torcs_interfaces/share/torcs_interfaces/environment/path.dsv
[0.360s] -- Up-to-date: /home/rtos/dev_ws/install/torcs_interfaces/share/torcs_interfaces/local_setup.bash
[0.360s] -- Up-to-date: /home/rtos/dev_ws/install/torcs_interfaces/share/torcs_interfaces/local_setup.sh
[0.360s] -- Up-to-date: /home/rtos/dev_ws/install/torcs_interfaces/share/torcs_interfaces/local_setup.zsh
[0.360s] -- Up-to-date: /home/rtos/dev_ws/install/torcs_interfaces/share/torcs_interfaces/local_setup.dsv
[0.360s] -- Installing: /home/rtos/dev_ws/install/torcs_interfaces/share/torcs_interfaces/package.dsv
[0.360s] -- Up-to-date: /home/rtos/dev_ws/install/torcs_interfaces/share/ament_index/resource_index/packages/torcs_interfaces
[0.360s] -- Up-to-date: /home/rtos/dev_ws/install/torcs_interfaces/share/torcs_interfaces/cmake/torcs_interfaces__rosidl_generator_cExport.cmake
[0.360s] -- Up-to-date: /home/rtos/dev_ws/install/torcs_interfaces/share/torcs_interfaces/cmake/torcs_interfaces__rosidl_generator_cExport-noconfig.cmake
[0.360s] -- Up-to-date: /home/rtos/dev_ws/install/torcs_interfaces/share/torcs_interfaces/cmake/torcs_interfaces__rosidl_typesupport_introspection_cExport.cmake
[0.360s] -- Up-to-date: /home/rtos/dev_ws/install/torcs_interfaces/share/torcs_interfaces/cmake/torcs_interfaces__rosidl_typesupport_introspection_cExport-noconfig.cmake
[0.360s] -- Up-to-date: /home/rtos/dev_ws/install/torcs_interfaces/share/torcs_interfaces/cmake/torcs_interfaces__rosidl_typesupport_cExport.cmake
[0.360s] -- Up-to-date: /home/rtos/dev_ws/install/torcs_interfaces/share/torcs_interfaces/cmake/torcs_interfaces__rosidl_typesupport_cExport-noconfig.cmake
[0.360s] -- Up-to-date: /home/rtos/dev_ws/install/torcs_interfaces/share/torcs_interfaces/cmake/torcs_interfaces__rosidl_generator_cppExport.cmake
[0.361s] -- Up-to-date: /home/rtos/dev_ws/install/torcs_interfaces/share/torcs_interfaces/cmake/torcs_interfaces__rosidl_typesupport_introspection_cppExport.cmake
[0.361s] -- Up-to-date: /home/rtos/dev_ws/install/torcs_interfaces/share/torcs_interfaces/cmake/torcs_interfaces__rosidl_typesupport_introspection_cppExport-noconfig.cmake
[0.361s] -- Up-to-date: /home/rtos/dev_ws/install/torcs_interfaces/share/torcs_interfaces/cmake/torcs_interfaces__rosidl_typesupport_cppExport.cmake
[0.361s] -- Up-to-date: /home/rtos/dev_ws/install/torcs_interfaces/share/torcs_interfaces/cmake/torcs_interfaces__rosidl_typesupport_cppExport-noconfig.cmake
[0.361s] -- Up-to-date: /home/rtos/dev_ws/install/torcs_interfaces/share/torcs_interfaces/cmake/rosidl_cmake-extras.cmake
[0.361s] -- Up-to-date: /home/rtos/dev_ws/install/torcs_interfaces/share/torcs_interfaces/cmake/ament_cmake_export_dependencies-extras.cmake
[0.361s] -- Up-to-date: /home/rtos/dev_ws/install/torcs_interfaces/share/torcs_interfaces/cmake/ament_cmake_export_libraries-extras.cmake
[0.361s] -- Up-to-date: /home/rtos/dev_ws/install/torcs_interfaces/share/torcs_interfaces/cmake/ament_cmake_export_targets-extras.cmake
[0.361s] -- Up-to-date: /home/rtos/dev_ws/install/torcs_interfaces/share/torcs_interfaces/cmake/ament_cmake_export_include_directories-extras.cmake
[0.361s] -- Up-to-date: /home/rtos/dev_ws/install/torcs_interfaces/share/torcs_interfaces/cmake/rosidl_cmake_export_typesupport_libraries-extras.cmake
[0.361s] -- Up-to-date: /home/rtos/dev_ws/install/torcs_interfaces/share/torcs_interfaces/cmake/rosidl_cmake_export_typesupport_targets-extras.cmake
[0.361s] -- Up-to-date: /home/rtos/dev_ws/install/torcs_interfaces/share/torcs_interfaces/cmake/torcs_interfacesConfig.cmake
[0.361s] -- Up-to-date: /home/rtos/dev_ws/install/torcs_interfaces/share/torcs_interfaces/cmake/torcs_interfacesConfig-version.cmake
[0.361s] -- Up-to-date: /home/rtos/dev_ws/install/torcs_interfaces/share/torcs_interfaces/package.xml
[0.364s] Invoked command in '/home/rtos/dev_ws/build/torcs_interfaces' returned '0': CMAKE_PREFIX_PATH=${CMAKE_PREFIX_PATH}:/home/rtos/dev_ws/install/torcs_client:/home/rtos/dev_ws/install/lkas5:/home/rtos/dev_ws/install/lkas4:/home/rtos/dev_ws/install/Torcs_5:/home/rtos/dev_ws/install/scl:/home/rtos/dev_ws/install/srl:/opt/ros/foxy /usr/bin/cmake --install /home/rtos/dev_ws/build/torcs_interfaces
