/home/rtos/dev_ws/install/Torcs_5/lib/python3.8/site-packages/Torcs_5/__init__.py
/home/rtos/dev_ws/install/Torcs_5/lib/python3.8/site-packages/Torcs_5/default_build_unit_exec.py
/home/rtos/dev_ws/install/Torcs_5/lib/python3.8/site-packages/Torcs_5/splash/__init__.py
/home/rtos/dev_ws/install/Torcs_5/lib/python3.8/site-packages/Torcs_5/splash/component/processing_component_2.py
/home/rtos/dev_ws/install/Torcs_5/lib/python3.8/site-packages/Torcs_5/splash/component/processing_component_1.py
/home/rtos/dev_ws/install/Torcs_5/lib/python3.8/site-packages/Torcs_5/splash/component/source_angle_z.py
/home/rtos/dev_ws/install/Torcs_5/lib/python3.8/site-packages/Torcs_5/splash/component/fusion_1.py
/home/rtos/dev_ws/install/Torcs_5/lib/python3.8/site-packages/Torcs_5/splash/component/sink_steer.py
/home/rtos/dev_ws/install/Torcs_5/lib/python3.8/site-packages/Torcs_5/splash/component/__init__.py
/home/rtos/dev_ws/install/Torcs_5/lib/python3.8/site-packages/Torcs_5/splash/component/source_linear_x.py
/home/rtos/dev_ws/install/Torcs_5/lib/python3.8/site-packages/Torcs_5/splash/component/processing_key.py
/home/rtos/dev_ws/install/Torcs_5/lib/python3.8/site-packages/Torcs_5/splash/component/processing_pass.py
/home/rtos/dev_ws/install/Torcs_5/lib/python3.8/site-packages/Torcs_5/splash/component/source_distance_mid.py
/home/rtos/dev_ws/install/Torcs_5/lib/python3.8/site-packages/Torcs_5/splash/component/sink_accel.py
/home/rtos/dev_ws/install/Torcs_5/lib/python3.8/site-packages/Torcs_5/splash/stream_port/__init__.py
/home/rtos/dev_ws/install/Torcs_5/lib/python3.8/site-packages/Torcs_5/splash/factory/__init__.py
/home/rtos/dev_ws/install/Torcs_5/lib/python3.8/site-packages/Torcs_5/splash/factory/factory_0.py
/home/rtos/dev_ws/install/Torcs_5/lib/python3.8/site-packages/Torcs_5/splash/build_unit/default_build_unit.py
/home/rtos/dev_ws/install/Torcs_5/lib/python3.8/site-packages/Torcs_5/splash/build_unit/__init__.py
/home/rtos/dev_ws/install/Torcs_5/lib/python3.8/site-packages/Torcs_5/__pycache__/__init__.cpython-38.pyc
/home/rtos/dev_ws/install/Torcs_5/lib/python3.8/site-packages/Torcs_5/__pycache__/default_build_unit_exec.cpython-38.pyc
/home/rtos/dev_ws/install/Torcs_5/lib/python3.8/site-packages/Torcs_5/splash/__pycache__/__init__.cpython-38.pyc
/home/rtos/dev_ws/install/Torcs_5/lib/python3.8/site-packages/Torcs_5/splash/component/__pycache__/processing_component_2.cpython-38.pyc
/home/rtos/dev_ws/install/Torcs_5/lib/python3.8/site-packages/Torcs_5/splash/component/__pycache__/processing_component_1.cpython-38.pyc
/home/rtos/dev_ws/install/Torcs_5/lib/python3.8/site-packages/Torcs_5/splash/component/__pycache__/source_angle_z.cpython-38.pyc
/home/rtos/dev_ws/install/Torcs_5/lib/python3.8/site-packages/Torcs_5/splash/component/__pycache__/fusion_1.cpython-38.pyc
/home/rtos/dev_ws/install/Torcs_5/lib/python3.8/site-packages/Torcs_5/splash/component/__pycache__/sink_steer.cpython-38.pyc
/home/rtos/dev_ws/install/Torcs_5/lib/python3.8/site-packages/Torcs_5/splash/component/__pycache__/__init__.cpython-38.pyc
/home/rtos/dev_ws/install/Torcs_5/lib/python3.8/site-packages/Torcs_5/splash/component/__pycache__/source_linear_x.cpython-38.pyc
/home/rtos/dev_ws/install/Torcs_5/lib/python3.8/site-packages/Torcs_5/splash/component/__pycache__/processing_key.cpython-38.pyc
/home/rtos/dev_ws/install/Torcs_5/lib/python3.8/site-packages/Torcs_5/splash/component/__pycache__/processing_pass.cpython-38.pyc
/home/rtos/dev_ws/install/Torcs_5/lib/python3.8/site-packages/Torcs_5/splash/component/__pycache__/source_distance_mid.cpython-38.pyc
/home/rtos/dev_ws/install/Torcs_5/lib/python3.8/site-packages/Torcs_5/splash/component/__pycache__/sink_accel.cpython-38.pyc
/home/rtos/dev_ws/install/Torcs_5/lib/python3.8/site-packages/Torcs_5/splash/stream_port/__pycache__/__init__.cpython-38.pyc
/home/rtos/dev_ws/install/Torcs_5/lib/python3.8/site-packages/Torcs_5/splash/factory/__pycache__/__init__.cpython-38.pyc
/home/rtos/dev_ws/install/Torcs_5/lib/python3.8/site-packages/Torcs_5/splash/factory/__pycache__/factory_0.cpython-38.pyc
/home/rtos/dev_ws/install/Torcs_5/lib/python3.8/site-packages/Torcs_5/splash/build_unit/__pycache__/default_build_unit.cpython-38.pyc
/home/rtos/dev_ws/install/Torcs_5/lib/python3.8/site-packages/Torcs_5/splash/build_unit/__pycache__/__init__.cpython-38.pyc
/home/rtos/dev_ws/install/Torcs_5/share/ament_index/resource_index/packages/Torcs_5
/home/rtos/dev_ws/install/Torcs_5/share/Torcs_5/package.xml
/home/rtos/dev_ws/install/Torcs_5/share/Torcs_5/splash.launch.py
/home/rtos/dev_ws/install/Torcs_5/lib/python3.8/site-packages/Torcs_5-0.0.0-py3.8.egg-info/requires.txt
/home/rtos/dev_ws/install/Torcs_5/lib/python3.8/site-packages/Torcs_5-0.0.0-py3.8.egg-info/top_level.txt
/home/rtos/dev_ws/install/Torcs_5/lib/python3.8/site-packages/Torcs_5-0.0.0-py3.8.egg-info/entry_points.txt
/home/rtos/dev_ws/install/Torcs_5/lib/python3.8/site-packages/Torcs_5-0.0.0-py3.8.egg-info/zip-safe
/home/rtos/dev_ws/install/Torcs_5/lib/python3.8/site-packages/Torcs_5-0.0.0-py3.8.egg-info/dependency_links.txt
/home/rtos/dev_ws/install/Torcs_5/lib/python3.8/site-packages/Torcs_5-0.0.0-py3.8.egg-info/SOURCES.txt
/home/rtos/dev_ws/install/Torcs_5/lib/python3.8/site-packages/Torcs_5-0.0.0-py3.8.egg-info/PKG-INFO
/home/rtos/dev_ws/install/Torcs_5/lib/Torcs_5/default_build_unit
/home/rtos/dev_ws/install/Torcs_5/lib/Torcs_5/splash_server
